ddccontrol version 0.4.2
Copyright 2004-2005 Oleg I. Vdovikin (oleg@cs.msu.su)
Copyright 2004-2006 Nicolas Boichat (nicolas@boichat.ch)
This program comes with ABSOLUTELY NO WARRANTY.
You may redistribute copies of this program under the terms of the GNU General Public License.

Probing for available monitors.....I/O warning : failed to load external entity "/usr/share/ddccontrol-db/monitor/DELA055.xml"
Document not parsed successfully.
..Invalid response, first byte is 0x00, should be 0x6e
0000: 00 00 00 00 00 00 00 00 00 00 00 00 00 00 00 00 | ................
0010: 00 00 00 00 00 00 00 00 00 00 00 00 00 00 00 00 | ................
0020: 00 00 00 00 00 00 00 00 00 00 00 00 00 00 00 00 | ................
0030: 00 00 00 00 00 00 00 00 00 00 00 00 00 00 00 00 | ................
0040: 00 00 00                                        | ...             
Invalid response, first byte is 0x00, should be 0x6e
0000: 00 00 00 00 00 00 00 00 00 00 00 00 00 00 00 00 | ................
0010: 00 00 00 00 00 00 00 00 00 00 00 00 00 00 00 00 | ................
0020: 00 00 00 00 00 00 00 00 00 00 00 00 00 00 00 00 | ................
0030: 00 00 00 00 00 00 00 00 00 00 00 00 00 00 00 00 | ................
0040: 00 00 00                                        | ...             
Invalid response, first byte is 0x00, should be 0x6e
0000: 00 00 00 00 00 00 00 00 00 00 00 00 00 00 00 00 | ................
0010: 00 00 00 00 00 00 00 00 00 00 00 00 00 00 00 00 | ................
0020: 00 00 00 00 00 00 00 00 00 00 00 00 00 00 00 00 | ................
0030: 00 00 00 00 00 00 00 00 00 00 00 00 00 00 00 00 | ................
0040: 00 00 00                                        | ...             
I/O warning : failed to load external entity "/usr/share/ddccontrol-db/monitor/DELA055.xml"
Document not parsed successfully.
Invalid response, first byte is 0x00, should be 0x6e
0000: 00 00 00 00 00 00 00 00 00 00 00 00 00 00 00 00 | ................
0010: 00 00 00 00 00 00 00 00 00 00 00 00 00 00 00 00 | ................
0020: 00 00 00 00 00 00 00 00 00 00 00 00 00 00 00 00 | ................
0030: 00 00 00 00 00 00 00 00 00 00 00 00 00 00 00 00 | ................
0040: 00 00 00                                        | ...             
Invalid response, first byte is 0x00, should be 0x6e
0000: 00 00 00 00 00 00 00 00 00 00 00 00 00 00 00 00 | ................
0010: 00 00 00 00 00 00 00 00 00 00 00 00 00 00 00 00 | ................
0020: 00 00 00 00 00 00 00 00 00 00 00 00 00 00 00 00 | ................
0030: 00 00 00 00 00 00 00 00 00 00 00 00 00 00 00 00 | ................
0040: 00 00 00                                        | ...             
Invalid response, first byte is 0x00, should be 0x6e
0000: 00 00 00 00 00 00 00 00 00 00 00 00 00 00 00 00 | ................
0010: 00 00 00 00 00 00 00 00 00 00 00 00 00 00 00 00 | ................
0020: 00 00 00 00 00 00 00 00 00 00 00 00 00 00 00 00 | ................
0030: 00 00 00 00 00 00 00 00 00 00 00 00 00 00 00 00 | ................
0040: 00 00 00                                        | ...             
Invalid response, first byte is 0x00, should be 0x6e
0000: 00 00 00 00 00 00 00 00 00 00 00 00 00 00 00 00 | ................
0010: 00 00 00 00 00 00 00 00 00 00 00 00 00 00 00 00 | ................
0020: 00 00 00 00 00 00 00 00 00 00 00 00 00 00 00 00 | ................
0030: 00 00 00 00 00 00 00 00 00 00 00 00 00 00 00 00 | ................
0040: 00 00 00                                        | ...             
Invalid response, first byte is 0x00, should be 0x6e
0000: 00 00 00 00 00 00 00 00 00 00 00 00 00 00 00 00 | ................
0010: 00 00 00 00 00 00 00 00 00 00 00 00 00 00 00 00 | ................
0020: 00 00 00 00 00 00 00 00 00 00 00 00 00 00 00 00 | ................
0030: 00 00 00 00 00 00 00 00 00 00 00 00 00 00 00 00 | ................
0040: 00 00 00                                        | ...             
Invalid response, first byte is 0x00, should be 0x6e
0000: 00 00 00 00 00 00 00 00 00 00 00 00 00 00 00 00 | ................
0010: 00 00 00 00 00 00 00 00 00 00 00 00 00 00 00 00 | ................
0020: 00 00 00 00 00 00 00 00 00 00 00 00 00 00 00 00 | ................
0030: 00 00 00 00 00 00 00 00 00 00 00 00 00 00 00 00 | ................
0040: 00 00 00                                        | ...             
Invalid response, first byte is 0x00, should be 0x6e
0000: 00 00 00 00 00 00 00 00 00 00 00 00 00 00 00 00 | ................
0010: 00 00 00 00 00 00 00 00 00 00 00 00 00 00 00 00 | ................
0020: 00 00 00 00 00 00 00 00 00 00 00 00 00 00 00 00 | ................
0030: 00 00 00 00 00 00 00 00 00 00 00 00 00 00 00 00 | ................
0040: 00 00 00                                        | ...             
Invalid response, first byte is 0x00, should be 0x6e
0000: 00 00 00 00 00 00 00 00 00 00 00 00 00 00 00 00 | ................
0010: 00 00 00 00 00 00 00 00 00 00 00 00 00 00 00 00 | ................
0020: 00 00 00 00 00 00 00 00 00 00 00 00 00 00 00 00 | ................
0030: 00 00 00 00 00 00 00 00 00 00 00 00 00 00 00 00 | ................
0040: 00 00 00                                        | ...             
Non-fatal error: Invalid response, magic is 0x6e
Invalid response, length is 110, should be 64 at most
Capabilities read fail.
Invalid response, first byte is 0x00, should be 0x6e
00 00 00 00 00 00 00 00 00 00 00                | ...........     
Invalid response, first byte is 0x00, should be 0x6e
00 00 00 00 00 00 00 00 00 00 00                | ...........     
Invalid response, first byte is 0x00, should be 0x6e
00 00 00 00 00 00 00 00 00 00 00                | ...........     
Invalid response, first byte is 0x00, should be 0x6e
00 00 00 00 00 00 00 00 00 00 00                | ...........     
Invalid response, first byte is 0x00, should be 0x6e
00 00 00 00 00 00 00 00 00 00 00                | ...........     
Invalid response, first byte is 0x00, should be 0x6e
00 00 00 00 00 00 00 00 00 00 00                | ...........     
Non-fatal error: Invalid response, magic is 0x6e
Invalid response, length is 110, should be 8 at most
Non-fatal error: Invalid response, magic is 0x6e
Invalid response, length is 110, should be 8 at most
Non-fatal error: Invalid response, magic is 0x6e
Invalid response, length is 110, should be 8 at most
Non-fatal error: Invalid response, magic is 0x6e
Invalid response, length is 110, should be 8 at most
Non-fatal error: Invalid response, magic is 0x6e
Invalid response, length is 110, should be 8 at most
Non-fatal error: Invalid response, magic is 0x6e
Invalid response, length is 110, should be 8 at most
Invalid response, corrupted data - xor is 0xc6, length 0x08
6e 88 88 02 00 04 01 00 ff 00 00                | n..........     
Invalid response, first byte is 0x4e, should be 0x6e
4e 4e 00 00 00 00 00 00 00 00 00                | NN.........     
Invalid response, first byte is 0x00, should be 0x6e
00 00 00 00 00 00 00 00 00 00 00                | ...........     
Invalid response, first byte is 0x00, should be 0x6e
00 00 00 00 00 00 00 00 00 00 00                | ...........     
Invalid response, first byte is 0x00, should be 0x6e
00 00 00 00 00 00 00 00 00 00 00                | ...........     
Non-fatal error: Invalid response, magic is 0x6e
Invalid response, length is 110, should be 8 at most
Non-fatal error: Invalid response, magic is 0x6e
Invalid response, length is 110, should be 8 at most
Non-fatal error: Invalid response, magic is 0x6e
Invalid response, length is 110, should be 8 at most
Non-fatal error: Invalid response, magic is 0x6e
Invalid response, length is 110, should be 8 at most
Invalid response, first byte is 0x4c, should be 0x6e
4c 00 00 00 00 00 00 00 00 00 00                | L..........     
Invalid response, first byte is 0x00, should be 0x6e
00 00 00 00 00 00 00 00 00 00 00                | ...........     
Invalid response, first byte is 0x00, should be 0x6e
00 00 00 00 00 00 00 00 00 00 00                | ...........     
Invalid response, first byte is 0x00, should be 0x6e
00 00 00 00 00 00 00 00 00 00 00                | ...........     
Non-fatal error: Invalid response, magic is 0x6e
Invalid response, length is 110, should be 8 at most
Non-fatal error: Invalid response, magic is 0x6e
Invalid response, length is 110, should be 8 at most
Non-fatal error: Invalid response, magic is 0x6e
Invalid response, length is 110, should be 8 at most
Non-fatal error: Invalid response, magic is 0x6e
Invalid response, length is 110, should be 8 at most
Invalid response, first byte is 0xbd, should be 0x6e
bd bd 00 00 00 00 00 00 00 00 00                | ...........     
Invalid response, first byte is 0x00, should be 0x6e
00 00 00 00 00 00 00 00 00 00 00                | ...........     
Invalid response, first byte is 0x00, should be 0x6e
00 00 00 00 00 00 00 00 00 00 00                | ...........     
Invalid response, first byte is 0x00, should be 0x6e
00 00 00 00 00 00 00 00 00 00 00                | ...........     
Invalid response, first byte is 0x00, should be 0x6e
00 00 00 00 00 00 00 00 00 00 00                | ...........     
Invalid response, first byte is 0x00, should be 0x6e
00 00 00 00 00 00 00 00 00 00 00                | ...........     
Invalid response, first byte is 0x00, should be 0x6e
00 00 00 00 00 00 00 00 00 00 00                | ...........     
Invalid response, first byte is 0x00, should be 0x6e
00 00 00 00 00 00 00 00 00 00 00                | ...........     
Invalid response, first byte is 0x00, should be 0x6e
00 00 00 00 00 00 00 00 00 00 00                | ...........     
Invalid response, first byte is 0x00, should be 0x6e
00 00 00 00 00 00 00 00 00 00 00                | ...........     
Invalid response, first byte is 0x00, should be 0x6e
00 00 00 00 00 00 00 00 00 00 00                | ...........     
Invalid response, first byte is 0x00, should be 0x6e
00 00 00 00 00 00 00 00 00 00 00                | ...........     
Invalid response, first byte is 0x00, should be 0x6e
00 00 00 00 00 00 00 00 00 00 00                | ...........     
Invalid response, first byte is 0x00, should be 0x6e
00 00 00 00 00 00 00 00 00 00 00                | ...........     
Invalid response, first byte is 0x00, should be 0x6e
00 00 00 00 00 00 00 00 00 00 00                | ...........     
Invalid response, first byte is 0x00, should be 0x6e
00 00 00 00 00 00 00 00 00 00 00                | ...........     
Invalid response, first byte is 0x00, should be 0x6e
00 00 00 00 00 00 00 00 00 00 00                | ...........     
Invalid response, first byte is 0x00, should be 0x6e
00 00 00 00 00 00 00 00 00 00 00                | ...........     
Invalid response, first byte is 0x00, should be 0x6e
00 00 00 00 00 00 00 00 00 00 00                | ...........     
Invalid response, first byte is 0x00, should be 0x6e
00 00 00 00 00 00 00 00 00 00 00                | ...........     
Non-fatal error: Invalid response, magic is 0x6e
Invalid response, length is 110, should be 8 at most
Invalid response, first byte is 0xe8, should be 0x6e
e8 e8 00 00 00 00 00 00 00 00 00                | ...........     
Invalid response, first byte is 0x00, should be 0x6e
00 00 00 00 00 00 00 00 00 00 00                | ...........     
Non-fatal error: Invalid response, magic is 0x6e
Invalid response, length is 110, should be 8 at most
Invalid response, corrupted data - xor is 0x2d, length 0x08
6e 88 88 02 01 11 01 ff ff 00 00                | n..........     
Invalid response, first byte is 0xa5, should be 0x6e
a5 a5 00 00 00 00 00 00 00 00 00                | ...........     
Invalid response, first byte is 0x00, should be 0x6e
00 00 00 00 00 00 00 00 00 00 00                | ...........     
Invalid response, first byte is 0x00, should be 0x6e
00 00 00 00 00 00 00 00 00 00 00                | ...........     
Invalid response, first byte is 0x00, should be 0x6e
00 00 00 00 00 00 00 00 00 00 00                | ...........     
Invalid response, first byte is 0x00, should be 0x6e
00 00 00 00 00 00 00 00 00 00 00                | ...........     
Invalid response, first byte is 0x00, should be 0x6e
00 00 00 00 00 00 00 00 00 00 00                | ...........     
Invalid response, first byte is 0x00, should be 0x6e
00 00 00 00 00 00 00 00 00 00 00                | ...........     
Invalid response, first byte is 0x00, should be 0x6e
00 00 00 00 00 00 00 00 00 00 00                | ...........     
Invalid response, first byte is 0x00, should be 0x6e
00 00 00 00 00 00 00 00 00 00 00                | ...........     
Invalid response, first byte is 0x00, should be 0x6e
00 00 00 00 00 00 00 00 00 00 00                | ...........     
Invalid response, first byte is 0x00, should be 0x6e
00 00 00 00 00 00 00 00 00 00 00                | ...........     
Invalid response, first byte is 0x00, should be 0x6e
00 00 00 00 00 00 00 00 00 00 00                | ...........     
Non-fatal error: Invalid response, magic is 0x6e
Invalid response, length is 110, should be 8 at most
Non-fatal error: Invalid response, magic is 0x6e
Invalid response, length is 110, should be 8 at most
Non-fatal error: Invalid response, magic is 0x6e
Invalid response, length is 110, should be 8 at most
Non-fatal error: Invalid response, magic is 0x6e
Invalid response, length is 110, should be 8 at most
Non-fatal error: Invalid response, magic is 0x6e
Invalid response, length is 110, should be 8 at most
Non-fatal error: Invalid response, magic is 0x6e
Invalid response, length is 110, should be 8 at most
Non-fatal error: Invalid response, magic is 0x6e
Invalid response, length is 110, should be 8 at most
Non-fatal error: Invalid response, magic is 0x6e
Invalid response, length is 110, should be 8 at most
Invalid response, first byte is 0xac, should be 0x6e
ac ac 00 00 00 00 00 00 00 00 00                | ...........     
Invalid response, first byte is 0x00, should be 0x6e
00 00 00 00 00 00 00 00 00 00 00                | ...........     
Invalid response, first byte is 0x00, should be 0x6e
00 00 00 00 00 00 00 00 00 00 00                | ...........     
Invalid response, first byte is 0x00, should be 0x6e
00 00 00 00 00 00 00 00 00 00 00                | ...........     
Invalid response, first byte is 0x00, should be 0x6e
00 00 00 00 00 00 00 00 00 00 00                | ...........     
Invalid response, first byte is 0x00, should be 0x6e
00 00 00 00 00 00 00 00 00 00 00                | ...........     
Invalid response, first byte is 0x00, should be 0x6e
00 00 00 00 00 00 00 00 00 00 00                | ...........     
Invalid response, first byte is 0x00, should be 0x6e
00 00 00 00 00 00 00 00 00 00 00                | ...........     
Invalid response, first byte is 0x00, should be 0x6e
00 00 00 00 00 00 00 00 00 00 00                | ...........     
Invalid response, first byte is 0x00, should be 0x6e
00 00 00 00 00 00 00 00 00 00 00                | ...........     
Invalid response, first byte is 0x00, should be 0x6e
00 00 00 00 00 00 00 00 00 00 00                | ...........     
Invalid response, first byte is 0x00, should be 0x6e
00 00 00 00 00 00 00 00 00 00 00                | ...........     
Invalid response, first byte is 0x00, should be 0x6e
00 00 00 00 00 00 00 00 00 00 00                | ...........     
Invalid response, first byte is 0x00, should be 0x6e
00 00 00 00 00 00 00 00 00 00 00                | ...........     
Invalid response, first byte is 0x00, should be 0x6e
00 00 00 00 00 00 00 00 00 00 00                | ...........     
Invalid response, first byte is 0x00, should be 0x6e
00 00 00 00 00 00 00 00 00 00 00                | ...........     
Invalid response, first byte is 0x00, should be 0x6e
00 00 00 00 00 00 00 00 00 00 00                | ...........     
Invalid response, first byte is 0x00, should be 0x6e
00 00 00 00 00 00 00 00 00 00 00                | ...........     
Invalid response, first byte is 0x00, should be 0x6e
00 00 00 00 00 00 00 00 00 00 00                | ...........     
Invalid response, first byte is 0x00, should be 0x6e
00 00 00 00 00 00 00 00 00 00 00                | ...........     
Invalid response, first byte is 0x00, should be 0x6e
00 00 00 00 00 00 00 00 00 00 00                | ...........     
Invalid response, first byte is 0x00, should be 0x6e
00 00 00 00 00 00 00 00 00 00 00                | ...........     
Invalid response, first byte is 0x00, should be 0x6e
00 00 00 00 00 00 00 00 00 00 00                | ...........     
Invalid response, first byte is 0x00, should be 0x6e
00 00 00 00 00 00 00 00 00 00 00                | ...........     
Invalid response, first byte is 0x00, should be 0x6e
00 00 00 00 00 00 00 00 00 00 00                | ...........     
Invalid response, first byte is 0x00, should be 0x6e
00 00 00 00 00 00 00 00 00 00 00                | ...........     
Invalid response, first byte is 0x00, should be 0x6e
00 00 00 00 00 00 00 00 00 00 00                | ...........     
Invalid response, first byte is 0x00, should be 0x6e
00 00 00 00 00 00 00 00 00 00 00                | ...........     
Invalid response, first byte is 0x00, should be 0x6e
00 00 00 00 00 00 00 00 00 00 00                | ...........     
Invalid response, first byte is 0x00, should be 0x6e
00 00 00 00 00 00 00 00 00 00 00                | ...........     
Invalid response, first byte is 0x00, should be 0x6e
00 00 00 00 00 00 00 00 00 00 00                | ...........     
Invalid response, first byte is 0x00, should be 0x6e
00 00 00 00 00 00 00 00 00 00 00                | ...........     
Invalid response, first byte is 0x00, should be 0x6e
00 00 00 00 00 00 00 00 00 00 00                | ...........     
Invalid response, first byte is 0x00, should be 0x6e
00 00 00 00 00 00 00 00 00 00 00                | ...........     
Invalid response, first byte is 0x00, should be 0x6e
00 00 00 00 00 00 00 00 00 00 00                | ...........     
Invalid response, first byte is 0x00, should be 0x6e
00 00 00 00 00 00 00 00 00 00 00                | ...........     
Invalid response, first byte is 0x00, should be 0x6e
00 00 00 00 00 00 00 00 00 00 00                | ...........     
Invalid response, first byte is 0x00, should be 0x6e
00 00 00 00 00 00 00 00 00 00 00                | ...........     
Invalid response, first byte is 0x00, should be 0x6e
00 00 00 00 00 00 00 00 00 00 00                | ...........     
Invalid response, first byte is 0x00, should be 0x6e
00 00 00 00 00 00 00 00 00 00 00                | ...........     
Invalid response, first byte is 0x00, should be 0x6e
00 00 00 00 00 00 00 00 00 00 00                | ...........     
Invalid response, first byte is 0x00, should be 0x6e
00 00 00 00 00 00 00 00 00 00 00                | ...........     
Invalid response, first byte is 0x00, should be 0x6e
00 00 00 00 00 00 00 00 00 00 00                | ...........     
Invalid response, first byte is 0x00, should be 0x6e
00 00 00 00 00 00 00 00 00 00 00                | ...........     
Invalid response, first byte is 0x00, should be 0x6e
00 00 00 00 00 00 00 00 00 00 00                | ...........     
Invalid response, first byte is 0x00, should be 0x6e
00 00 00 00 00 00 00 00 00 00 00                | ...........     
Invalid response, first byte is 0x00, should be 0x6e
00 00 00 00 00 00 00 00 00 00 00                | ...........     
Invalid response, first byte is 0x00, should be 0x6e
00 00 00 00 00 00 00 00 00 00 00                | ...........     
Invalid response, corrupted data - xor is 0x14, length 0x08
6e 88 88 02 01 28 01 ff ff 00 00                | n....(.....     
Non-fatal error: Invalid response, magic is 0x6e
Invalid response, length is 110, should be 8 at most
Non-fatal error: Invalid response, magic is 0x6e
Invalid response, length is 110, should be 8 at most
Non-fatal error: Invalid response, magic is 0x6e
Invalid response, length is 110, should be 8 at most
Non-fatal error: Invalid response, magic is 0x6e
Invalid response, length is 110, should be 8 at most
Non-fatal error: Invalid response, magic is 0x6e
Invalid response, length is 110, should be 8 at most
Non-fatal error: Invalid response, magic is 0x6e
Invalid response, length is 110, should be 8 at most
Invalid response, first byte is 0x9e, should be 0x6e
9e 9e 00 00 00 00 00 00 00 00 00                | ...........     
Invalid response, first byte is 0x00, should be 0x6e
00 00 00 00 00 00 00 00 00 00 00                | ...........     
Invalid response, first byte is 0x00, should be 0x6e
00 00 00 00 00 00 00 00 00 00 00                | ...........     
Invalid response, first byte is 0x00, should be 0x6e
00 00 00 00 00 00 00 00 00 00 00                | ...........     
Invalid response, first byte is 0x00, should be 0x6e
00 00 00 00 00 00 00 00 00 00 00                | ...........     
Invalid response, first byte is 0x00, should be 0x6e
00 00 00 00 00 00 00 00 00 00 00                | ...........     
Invalid response, first byte is 0x00, should be 0x6e
00 00 00 00 00 00 00 00 00 00 00                | ...........     
Invalid response, first byte is 0x00, should be 0x6e
00 00 00 00 00 00 00 00 00 00 00                | ...........     
Invalid response, first byte is 0x00, should be 0x6e
00 00 00 00 00 00 00 00 00 00 00                | ...........     
Invalid response, first byte is 0x00, should be 0x6e
00 00 00 00 00 00 00 00 00 00 00                | ...........     
Invalid response, first byte is 0x00, should be 0x6e
00 00 00 00 00 00 00 00 00 00 00                | ...........     
Invalid response, first byte is 0x00, should be 0x6e
00 00 00 00 00 00 00 00 00 00 00                | ...........     
Non-fatal error: Invalid response, magic is 0x6e
Invalid response, length is 110, should be 8 at most
Non-fatal error: Invalid response, magic is 0x6e
Invalid response, length is 110, should be 8 at most
Non-fatal error: Invalid response, magic is 0x6e
Invalid response, length is 110, should be 8 at most
Non-fatal error: Invalid response, magic is 0x6e
Invalid response, length is 110, should be 8 at most
Non-fatal error: Invalid response, magic is 0x6e
Invalid response, length is 110, should be 8 at most
Invalid response, first byte is 0xd2, should be 0x6e
d2 d2 00 00 00 00 00 00 00 00 00                | ...........     
Invalid response, first byte is 0x00, should be 0x6e
00 00 00 00 00 00 00 00 00 00 00                | ...........     
Invalid response, first byte is 0x00, should be 0x6e
00 00 00 00 00 00 00 00 00 00 00                | ...........     
Invalid response, first byte is 0x00, should be 0x6e
00 00 00 00 00 00 00 00 00 00 00                | ...........     
Invalid response, first byte is 0x00, should be 0x6e
00 00 00 00 00 00 00 00 00 00 00                | ...........     
Invalid response, first byte is 0x00, should be 0x6e
00 00 00 00 00 00 00 00 00 00 00                | ...........     
Invalid response, first byte is 0x00, should be 0x6e
00 00 00 00 00 00 00 00 00 00 00                | ...........     
Invalid response, first byte is 0x00, should be 0x6e
00 00 00 00 00 00 00 00 00 00 00                | ...........     
Invalid response, first byte is 0x00, should be 0x6e
00 00 00 00 00 00 00 00 00 00 00                | ...........     
Invalid response, first byte is 0x00, should be 0x6e
00 00 00 00 00 00 00 00 00 00 00                | ...........     
Invalid response, first byte is 0x00, should be 0x6e
00 00 00 00 00 00 00 00 00 00 00                | ...........     
Invalid response, first byte is 0x00, should be 0x6e
00 00 00 00 00 00 00 00 00 00 00                | ...........     
Non-fatal error: Invalid response, magic is 0x6e
Invalid response, length is 110, should be 8 at most
Non-fatal error: Invalid response, magic is 0x6e
Invalid response, length is 110, should be 8 at most
Non-fatal error: Invalid response, magic is 0x6e
Invalid response, length is 110, should be 8 at most
Non-fatal error: Invalid response, magic is 0x6e
Invalid response, length is 110, should be 8 at most
Non-fatal error: Invalid response, magic is 0x6e
Invalid response, length is 110, should be 8 at most
Invalid response, corrupted data - xor is 0x0a, length 0x08
6e 88 88 02 01 36 01 ff ff 00 00                | n....6.....     
Non-fatal error: Invalid response, magic is 0x6e
Invalid response, length is 110, should be 8 at most
Non-fatal error: Invalid response, magic is 0x6e
Invalid response, length is 110, should be 8 at most
Non-fatal error: Invalid response, magic is 0x6e
Invalid response, length is 110, should be 8 at most
Non-fatal error: Invalid response, magic is 0x6e
Invalid response, length is 110, should be 8 at most
Non-fatal error: Invalid response, magic is 0x6e
Invalid response, length is 110, should be 8 at most
Non-fatal error: Invalid response, magic is 0x6e
Invalid response, length is 110, should be 8 at most
Non-fatal error: Invalid response, magic is 0x6e
Invalid response, length is 110, should be 8 at most
Non-fatal error: Invalid response, magic is 0x6e
Invalid response, length is 110, should be 8 at most
Non-fatal error: Invalid response, magic is 0x6e
Invalid response, length is 110, should be 8 at most
Invalid response, first byte is 0x8d, should be 0x6e
8d 8d 00 00 00 00 00 00 00 00 00                | ...........     
Invalid response, first byte is 0x00, should be 0x6e
00 00 00 00 00 00 00 00 00 00 00                | ...........     
Invalid response, first byte is 0x00, should be 0x6e
00 00 00 00 00 00 00 00 00 00 00                | ...........     
Invalid response, first byte is 0x00, should be 0x6e
00 00 00 00 00 00 00 00 00 00 00                | ...........     
Non-fatal error: Invalid response, magic is 0x6e
Invalid response, length is 110, should be 8 at most
Non-fatal error: Invalid response, magic is 0x6e
Invalid response, length is 110, should be 8 at most
Non-fatal error: Invalid response, magic is 0x6e
Invalid response, length is 110, should be 8 at most
Non-fatal error: Invalid response, magic is 0x6e
Invalid response, length is 110, should be 8 at most
Non-fatal error: Invalid response, magic is 0x6e
Invalid response, length is 110, should be 8 at most
Non-fatal error: Invalid response, magic is 0x6e
Invalid response, length is 110, should be 8 at most
Non-fatal error: Invalid response, magic is 0x6e
Invalid response, length is 110, should be 8 at most
Non-fatal error: Invalid response, magic is 0x6e
Invalid response, length is 110, should be 8 at most
Invalid response, first byte is 0x89, should be 0x6e
89 89 00 00 00 00 00 00 00 00 00                | ...........     
Invalid response, first byte is 0x00, should be 0x6e
00 00 00 00 00 00 00 00 00 00 00                | ...........     
Invalid response, first byte is 0x00, should be 0x6e
00 00 00 00 00 00 00 00 00 00 00                | ...........     
Invalid response, first byte is 0x00, should be 0x6e
00 00 00 00 00 00 00 00 00 00 00                | ...........     
Invalid response, first byte is 0x00, should be 0x6e
00 00 00 00 00 00 00 00 00 00 00                | ...........     
Invalid response, first byte is 0x00, should be 0x6e
00 00 00 00 00 00 00 00 00 00 00                | ...........     
Invalid response, first byte is 0x00, should be 0x6e
00 00 00 00 00 00 00 00 00 00 00                | ...........     
Invalid response, first byte is 0x00, should be 0x6e
00 00 00 00 00 00 00 00 00 00 00                | ...........     
Invalid response, first byte is 0x00, should be 0x6e
00 00 00 00 00 00 00 00 00 00 00                | ...........     
Invalid response, first byte is 0x00, should be 0x6e
00 00 00 00 00 00 00 00 00 00 00                | ...........     
Non-fatal error: Invalid response, magic is 0x6e
Invalid response, length is 110, should be 8 at most
Invalid response, corrupted data - xor is 0x7d, length 0x08
6e 88 88 02 01 41 01 ff ff 00 00                | n....A.....     
Invalid response, first byte is 0xf5, should be 0x6e
f5 f5 00 00 00 00 00 00 00 00 00                | ...........     
Invalid response, first byte is 0x00, should be 0x6e
00 00 00 00 00 00 00 00 00 00 00                | ...........     
Invalid response, first byte is 0x00, should be 0x6e
00 00 00 00 00 00 00 00 00 00 00                | ...........     
Invalid response, first byte is 0x00, should be 0x6e
00 00 00 00 00 00 00 00 00 00 00                | ...........     
Invalid response, first byte is 0x00, should be 0x6e
00 00 00 00 00 00 00 00 00 00 00                | ...........     
Invalid response, first byte is 0x00, should be 0x6e
00 00 00 00 00 00 00 00 00 00 00                | ...........     
Invalid response, first byte is 0x00, should be 0x6e
00 00 00 00 00 00 00 00 00 00 00                | ...........     
Invalid response, first byte is 0x00, should be 0x6e
00 00 00 00 00 00 00 00 00 00 00                | ...........     
Invalid response, first byte is 0x00, should be 0x6e
00 00 00 00 00 00 00 00 00 00 00                | ...........     
Invalid response, first byte is 0x00, should be 0x6e
00 00 00 00 00 00 00 00 00 00 00                | ...........     
Invalid response, first byte is 0x00, should be 0x6e
00 00 00 00 00 00 00 00 00 00 00                | ...........     
Invalid response, first byte is 0x00, should be 0x6e
00 00 00 00 00 00 00 00 00 00 00                | ...........     
Non-fatal error: Invalid response, magic is 0x6e
Invalid response, length is 110, should be 8 at most
Non-fatal error: Invalid response, magic is 0x6e
Invalid response, length is 110, should be 8 at most
Non-fatal error: Invalid response, magic is 0x6e
Invalid response, length is 110, should be 8 at most
Invalid response, first byte is 0xf2, should be 0x6e
f2 f2 00 00 00 00 00 00 00 00 00                | ...........     
Invalid response, first byte is 0x00, should be 0x6e
00 00 00 00 00 00 00 00 00 00 00                | ...........     
Invalid response, first byte is 0x00, should be 0x6e
00 00 00 00 00 00 00 00 00 00 00                | ...........     
Invalid response, first byte is 0x00, should be 0x6e
00 00 00 00 00 00 00 00 00 00 00                | ...........     
Invalid response, first byte is 0x00, should be 0x6e
00 00 00 00 00 00 00 00 00 00 00                | ...........     
Invalid response, first byte is 0x00, should be 0x6e
00 00 00 00 00 00 00 00 00 00 00                | ...........     
Invalid response, first byte is 0x00, should be 0x6e
00 00 00 00 00 00 00 00 00 00 00                | ...........     
Invalid response, first byte is 0x00, should be 0x6e
00 00 00 00 00 00 00 00 00 00 00                | ...........     
Invalid response, first byte is 0x00, should be 0x6e
00 00 00 00 00 00 00 00 00 00 00                | ...........     
Invalid response, first byte is 0x00, should be 0x6e
00 00 00 00 00 00 00 00 00 00 00                | ...........     
Invalid response, first byte is 0x00, should be 0x6e
00 00 00 00 00 00 00 00 00 00 00                | ...........     
Invalid response, first byte is 0x00, should be 0x6e
00 00 00 00 00 00 00 00 00 00 00                | ...........     
Invalid response, first byte is 0x00, should be 0x6e
00 00 00 00 00 00 00 00 00 00 00                | ...........     
Invalid response, first byte is 0x00, should be 0x6e
00 00 00 00 00 00 00 00 00 00 00                | ...........     
Invalid response, first byte is 0x00, should be 0x6e
00 00 00 00 00 00 00 00 00 00 00                | ...........     
Invalid response, first byte is 0x00, should be 0x6e
00 00 00 00 00 00 00 00 00 00 00                | ...........     
Invalid response, first byte is 0x00, should be 0x6e
00 00 00 00 00 00 00 00 00 00 00                | ...........     
Invalid response, first byte is 0x00, should be 0x6e
00 00 00 00 00 00 00 00 00 00 00                | ...........     
Invalid response, first byte is 0x00, should be 0x6e
00 00 00 00 00 00 00 00 00 00 00                | ...........     
Invalid response, first byte is 0x00, should be 0x6e
00 00 00 00 00 00 00 00 00 00 00                | ...........     
Invalid response, first byte is 0x00, should be 0x6e
00 00 00 00 00 00 00 00 00 00 00                | ...........     
Invalid response, first byte is 0x00, should be 0x6e
00 00 00 00 00 00 00 00 00 00 00                | ...........     
Invalid response, first byte is 0x00, should be 0x6e
00 00 00 00 00 00 00 00 00 00 00                | ...........     
Invalid response, first byte is 0x00, should be 0x6e
00 00 00 00 00 00 00 00 00 00 00                | ...........     
Non-fatal error: Invalid response, magic is 0x6e
Invalid response, length is 110, should be 8 at most
Non-fatal error: Invalid response, magic is 0x6e
Invalid response, length is 110, should be 8 at most
Invalid response, corrupted data - xor is 0x6c, length 0x08
6e 88 88 02 01 50 01 ff ff 00 00                | n....P.....     
Invalid response, first byte is 0xe4, should be 0x6e
e4 e4 00 00 00 00 00 00 00 00 00                | ...........     
Invalid response, first byte is 0x00, should be 0x6e
00 00 00 00 00 00 00 00 00 00 00                | ...........     
Non-fatal error: Invalid response, magic is 0x6e
Invalid response, length is 110, should be 8 at most
Non-fatal error: Invalid response, magic is 0x6e
Invalid response, length is 110, should be 8 at most
Non-fatal error: Invalid response, magic is 0x6e
Invalid response, length is 110, should be 8 at most
Non-fatal error: Invalid response, magic is 0x6e
Invalid response, length is 110, should be 8 at most
Non-fatal error: Invalid response, magic is 0x6e
Invalid response, length is 110, should be 8 at most
Non-fatal error: Invalid response, magic is 0x6e
Invalid response, length is 110, should be 8 at most
Non-fatal error: Invalid response, magic is 0x6e
Invalid response, length is 110, should be 8 at most
Non-fatal error: Invalid response, magic is 0x6e
Invalid response, length is 110, should be 8 at most
Non-fatal error: Invalid response, magic is 0x6e
Invalid response, length is 110, should be 8 at most
Non-fatal error: Invalid response, magic is 0x6e
Invalid response, length is 110, should be 8 at most
Non-fatal error: Invalid response, magic is 0x6e
Invalid response, length is 110, should be 8 at most
Non-fatal error: Invalid response, magic is 0x6e
Invalid response, length is 110, should be 8 at most
Non-fatal error: Invalid response, magic is 0x6e
Invalid response, length is 110, should be 8 at most
Non-fatal error: Invalid response, magic is 0x6e
Invalid response, length is 110, should be 8 at most
Non-fatal error: Invalid response, magic is 0x6e
Invalid response, length is 110, should be 8 at most
Non-fatal error: Invalid response, magic is 0x6e
Invalid response, length is 110, should be 8 at most
Non-fatal error: Invalid response, magic is 0x6e
Invalid response, length is 110, should be 8 at most
Non-fatal error: Invalid response, magic is 0x6e
Invalid response, length is 110, should be 8 at most
Non-fatal error: Invalid response, magic is 0x6e
Invalid response, length is 110, should be 8 at most
Non-fatal error: Invalid response, magic is 0x6e
Invalid response, length is 110, should be 8 at most
Non-fatal error: Invalid response, magic is 0x6e
Invalid response, length is 110, should be 8 at most
Non-fatal error: Invalid response, magic is 0x6e
Invalid response, length is 110, should be 8 at most
Non-fatal error: Invalid response, magic is 0x6e
Invalid response, length is 110, should be 8 at most
Invalid response, first byte is 0xec, should be 0x6e
ec ec 00 00 00 00 00 00 00 00 00                | ...........     
Invalid response, first byte is 0x00, should be 0x6e
00 00 00 00 00 00 00 00 00 00 00                | ...........     
Invalid response, first byte is 0x00, should be 0x6e
00 00 00 00 00 00 00 00 00 00 00                | ...........     
Invalid response, first byte is 0x00, should be 0x6e
00 00 00 00 00 00 00 00 00 00 00                | ...........     
Invalid response, first byte is 0x00, should be 0x6e
00 00 00 00 00 00 00 00 00 00 00                | ...........     
Invalid response, first byte is 0x00, should be 0x6e
00 00 00 00 00 00 00 00 00 00 00                | ...........     
Non-fatal error: Invalid response, magic is 0x6e
Invalid response, length is 110, should be 8 at most
Invalid response, first byte is 0xef, should be 0x6e
ef ef 00 00 00 00 00 00 00 00 00                | ...........     
Invalid response, first byte is 0x00, should be 0x6e
00 00 00 00 00 00 00 00 00 00 00                | ...........     
Non-fatal error: Invalid response, magic is 0x6e
Invalid response, length is 110, should be 8 at most
Non-fatal error: Invalid response, magic is 0x6e
Invalid response, length is 110, should be 8 at most
Non-fatal error: Invalid response, magic is 0x6e
Invalid response, length is 110, should be 8 at most
Non-fatal error: Invalid response, magic is 0x6e
Invalid response, length is 110, should be 8 at most
Non-fatal error: Invalid response, magic is 0x6e
Invalid response, length is 110, should be 8 at most
Non-fatal error: Invalid response, magic is 0x6e
Invalid response, length is 110, should be 8 at most
Non-fatal error: Invalid response, magic is 0x6e
Invalid response, length is 110, should be 8 at most
Non-fatal error: Invalid response, magic is 0x6e
Invalid response, length is 110, should be 8 at most
Non-fatal error: Invalid response, magic is 0x6e
Invalid response, length is 110, should be 8 at most
Non-fatal error: Invalid response, magic is 0x6e
Invalid response, length is 110, should be 8 at most
Non-fatal error: Invalid response, magic is 0x6e
Invalid response, length is 110, should be 8 at most
Non-fatal error: Invalid response, magic is 0x6e
Invalid response, length is 110, should be 8 at most
Invalid response, first byte is 0xeb, should be 0x6e
eb 00 00 00 00 00 00 00 00 00 00                | ...........     
Invalid response, first byte is 0x00, should be 0x6e
00 00 00 00 00 00 00 00 00 00 00                | ...........     
Non-fatal error: Invalid response, magic is 0x6e
Invalid response, length is 110, should be 8 at most
Invalid response, first byte is 0xd9, should be 0x6e
d9 d9 00 00 00 00 00 00 00 00 00                | ...........     
Invalid response, first byte is 0x00, should be 0x6e
00 00 00 00 00 00 00 00 00 00 00                | ...........     
Invalid response, first byte is 0x00, should be 0x6e
00 00 00 00 00 00 00 00 00 00 00                | ...........     
Invalid response, first byte is 0x00, should be 0x6e
00 00 00 00 00 00 00 00 00 00 00                | ...........     
Invalid response, first byte is 0x00, should be 0x6e
00 00 00 00 00 00 00 00 00 00 00                | ...........     
Invalid response, first byte is 0x00, should be 0x6e
00 00 00 00 00 00 00 00 00 00 00                | ...........     
Invalid response, first byte is 0x00, should be 0x6e
00 00 00 00 00 00 00 00 00 00 00                | ...........     
Invalid response, first byte is 0x00, should be 0x6e
00 00 00 00 00 00 00 00 00 00 00                | ...........     
Non-fatal error: Invalid response, magic is 0x6e
Invalid response, length is 110, should be 8 at most
Non-fatal error: Invalid response, magic is 0x6e
Invalid response, length is 110, should be 8 at most
Invalid response, corrupted data - xor is 0x58, length 0x08
6e 88 88 02 01 64 01 ff ff 00 00                | n....d.....     
Invalid response, first byte is 0xd0, should be 0x6e
d0 00 00 00 00 00 00 00 00 00 00                | ...........     
Invalid response, first byte is 0x00, should be 0x6e
00 00 00 00 00 00 00 00 00 00 00                | ...........     
Invalid response, first byte is 0x00, should be 0x6e
00 00 00 00 00 00 00 00 00 00 00                | ...........     
Invalid response, first byte is 0x00, should be 0x6e
00 00 00 00 00 00 00 00 00 00 00                | ...........     
Invalid response, first byte is 0x00, should be 0x6e
00 00 00 00 00 00 00 00 00 00 00                | ...........     
Invalid response, first byte is 0x00, should be 0x6e
00 00 00 00 00 00 00 00 00 00 00                | ...........     
Invalid response, first byte is 0x00, should be 0x6e
00 00 00 00 00 00 00 00 00 00 00                | ...........     
Invalid response, first byte is 0x00, should be 0x6e
00 00 00 00 00 00 00 00 00 00 00                | ...........     
Invalid response, first byte is 0x00, should be 0x6e
00 00 00 00 00 00 00 00 00 00 00                | ...........     
Invalid response, first byte is 0x00, should be 0x6e
00 00 00 00 00 00 00 00 00 00 00                | ...........     
Invalid response, first byte is 0x00, should be 0x6e
00 00 00 00 00 00 00 00 00 00 00                | ...........     
Invalid response, first byte is 0x00, should be 0x6e
00 00 00 00 00 00 00 00 00 00 00                | ...........     
Non-fatal error: Invalid response, magic is 0x6e
Invalid response, length is 110, should be 8 at most
Non-fatal error: Invalid response, magic is 0x6e
Invalid response, length is 110, should be 8 at most
Non-fatal error: Invalid response, magic is 0x6e
Invalid response, length is 110, should be 8 at most
Non-fatal error: Invalid response, magic is 0x6e
Invalid response, length is 110, should be 8 at most
Non-fatal error: Invalid response, magic is 0x6e
Invalid response, length is 110, should be 8 at most
Invalid response, first byte is 0xde, should be 0x6e
de de 00 00 00 00 00 00 00 00 00                | ...........     
Invalid response, first byte is 0x00, should be 0x6e
00 00 00 00 00 00 00 00 00 00 00                | ...........     
Non-fatal error: Invalid response, magic is 0x6e
Invalid response, length is 110, should be 8 at most
Invalid response, first byte is 0xdf, should be 0x6e
df df 00 00 00 00 00 00 00 00 00                | ...........     
Invalid response, first byte is 0x00, should be 0x6e
00 00 00 00 00 00 00 00 00 00 00                | ...........     
Invalid response, first byte is 0x00, should be 0x6e
00 00 00 00 00 00 00 00 00 00 00                | ...........     
Invalid response, first byte is 0x00, should be 0x6e
00 00 00 00 00 00 00 00 00 00 00                | ...........     
Invalid response, first byte is 0x00, should be 0x6e
00 00 00 00 00 00 00 00 00 00 00                | ...........     
Invalid response, first byte is 0x00, should be 0x6e
00 00 00 00 00 00 00 00 00 00 00                | ...........     
Non-fatal error: Invalid response, magic is 0x6e
Invalid response, length is 110, should be 8 at most
Invalid response, first byte is 0xd9, should be 0x6e
d9 d9 00 00 00 00 00 00 00 00 00                | ...........     
Invalid response, first byte is 0x00, should be 0x6e
00 00 00 00 00 00 00 00 00 00 00                | ...........     
Invalid response, first byte is 0x00, should be 0x6e
00 00 00 00 00 00 00 00 00 00 00                | ...........     
Invalid response, first byte is 0x00, should be 0x6e
00 00 00 00 00 00 00 00 00 00 00                | ...........     
Invalid response, first byte is 0x00, should be 0x6e
00 00 00 00 00 00 00 00 00 00 00                | ...........     
Invalid response, first byte is 0x00, should be 0x6e
00 00 00 00 00 00 00 00 00 00 00                | ...........     
Invalid response, first byte is 0x00, should be 0x6e
00 00 00 00 00 00 00 00 00 00 00                | ...........     
Invalid response, first byte is 0x00, should be 0x6e
00 00 00 00 00 00 00 00 00 00 00                | ...........     
Invalid response, first byte is 0x00, should be 0x6e
00 00 00 00 00 00 00 00 00 00 00                | ...........     
Invalid response, first byte is 0x00, should be 0x6e
00 00 00 00 00 00 00 00 00 00 00                | ...........     
Non-fatal error: Invalid response, magic is 0x6e
Invalid response, length is 110, should be 8 at most
Non-fatal error: Invalid response, magic is 0x6e
Invalid response, length is 110, should be 8 at most
Non-fatal error: Invalid response, magic is 0x6e
Invalid response, length is 110, should be 8 at most
Invalid response, first byte is 0xc5, should be 0x6e
c5 c5 00 00 00 00 00 00 00 00 00                | ...........     
Invalid response, first byte is 0x00, should be 0x6e
00 00 00 00 00 00 00 00 00 00 00                | ...........     
Non-fatal error: Invalid response, magic is 0x6e
Invalid response, length is 110, should be 8 at most
Non-fatal error: Invalid response, magic is 0x6e
Invalid response, length is 110, should be 8 at most
Non-fatal error: Invalid response, magic is 0x6e
Invalid response, length is 110, should be 8 at most
Non-fatal error: Invalid response, magic is 0x6e
Invalid response, length is 110, should be 8 at most
Non-fatal error: Invalid response, magic is 0x6e
Invalid response, length is 110, should be 8 at most
Non-fatal error: Invalid response, magic is 0x6e
Invalid response, length is 110, should be 8 at most
Non-fatal error: Invalid response, magic is 0x6e
Invalid response, length is 110, should be 8 at most
Non-fatal error: Invalid response, magic is 0x6e
Invalid response, length is 110, should be 8 at most
Non-fatal error: Invalid response, magic is 0x6e
Invalid response, length is 110, should be 8 at most
Non-fatal error: Invalid response, magic is 0x6e
Invalid response, length is 110, should be 8 at most
Non-fatal error: Invalid response, magic is 0x6e
Invalid response, length is 110, should be 8 at most
Non-fatal error: Invalid response, magic is 0x6e
Invalid response, length is 110, should be 8 at most
Non-fatal error: Invalid response, magic is 0x6e
Invalid response, length is 110, should be 8 at most
Invalid response, corrupted data - xor is 0x4b, length 0x08
6e 88 88 02 01 77 01 ff ff 00 00                | n....w.....     
Invalid response, first byte is 0xc3, should be 0x6e
c3 c3 00 00 00 00 00 00 00 00 00                | ...........     
Invalid response, first byte is 0x00, should be 0x6e
00 00 00 00 00 00 00 00 00 00 00                | ...........     
Invalid response, first byte is 0x00, should be 0x6e
00 00 00 00 00 00 00 00 00 00 00                | ...........     
Invalid response, first byte is 0x00, should be 0x6e
00 00 00 00 00 00 00 00 00 00 00                | ...........     
Invalid response, first byte is 0x00, should be 0x6e
00 00 00 00 00 00 00 00 00 00 00                | ...........     
Invalid response, first byte is 0x00, should be 0x6e
00 00 00 00 00 00 00 00 00 00 00                | ...........     
Invalid response, first byte is 0x00, should be 0x6e
00 00 00 00 00 00 00 00 00 00 00                | ...........     
Invalid response, first byte is 0x00, should be 0x6e
00 00 00 00 00 00 00 00 00 00 00                | ...........     
Invalid response, first byte is 0x00, should be 0x6e
00 00 00 00 00 00 00 00 00 00 00                | ...........     
Invalid response, first byte is 0x00, should be 0x6e
00 00 00 00 00 00 00 00 00 00 00                | ...........     
Invalid response, first byte is 0x00, should be 0x6e
00 00 00 00 00 00 00 00 00 00 00                | ...........     
Invalid response, first byte is 0x00, should be 0x6e
00 00 00 00 00 00 00 00 00 00 00                | ...........     
Non-fatal error: Invalid response, magic is 0x6e
Invalid response, length is 110, should be 8 at most
Invalid response, corrupted data - xor is 0x47, length 0x08
6e 88 88 02 01 7b 01 ff ff 00 00                | n....{.....     
Non-fatal error: Invalid response, magic is 0x6e
Invalid response, length is 110, should be 8 at most
Non-fatal error: Invalid response, magic is 0x6e
Invalid response, length is 110, should be 8 at most
Non-fatal error: Invalid response, magic is 0x6e
Invalid response, length is 110, should be 8 at most
Invalid response, first byte is 0xc8, should be 0x6e
c8 c8 00 00 00 00 00 00 00 00 00                | ...........     
Invalid response, first byte is 0x00, should be 0x6e
00 00 00 00 00 00 00 00 00 00 00                | ...........     
Invalid response, corrupted data - xor is 0x41, length 0x08
6e 88 88 02 01 7d 01 ff ff 00 00                | n....}.....     
Non-fatal error: Invalid response, magic is 0x6e
Invalid response, length is 110, should be 8 at most
Non-fatal error: Invalid response, magic is 0x6e
Invalid response, length is 110, should be 8 at most
Non-fatal error: Invalid response, magic is 0x6e
Invalid response, length is 110, should be 8 at most
Non-fatal error: Invalid response, magic is 0x6e
Invalid response, length is 110, should be 8 at most
Non-fatal error: Invalid response, magic is 0x6e
Invalid response, length is 110, should be 8 at most
Non-fatal error: Invalid response, magic is 0x6e
Invalid response, length is 110, should be 8 at most
Non-fatal error: Invalid response, magic is 0x6e
Invalid response, length is 110, should be 8 at most
Non-fatal error: Invalid response, magic is 0x6e
Invalid response, length is 110, should be 8 at most
Non-fatal error: Invalid response, magic is 0x6e
Invalid response, length is 110, should be 8 at most
Non-fatal error: Invalid response, magic is 0x6e
Invalid response, length is 110, should be 8 at most
Non-fatal error: Invalid response, magic is 0x6e
Invalid response, length is 110, should be 8 at most
Non-fatal error: Invalid response, magic is 0x6e
Invalid response, length is 110, should be 8 at most
Invalid response, first byte is 0x35, should be 0x6e
35 00 00 00 00 00 00 00 00 00 00                | 5..........     
Invalid response, first byte is 0x00, should be 0x6e
00 00 00 00 00 00 00 00 00 00 00                | ...........     
Invalid response, first byte is 0x00, should be 0x6e
00 00 00 00 00 00 00 00 00 00 00                | ...........     
Invalid response, first byte is 0x00, should be 0x6e
00 00 00 00 00 00 00 00 00 00 00                | ...........     
Invalid response, first byte is 0x00, should be 0x6e
00 00 00 00 00 00 00 00 00 00 00                | ...........     
Invalid response, first byte is 0x00, should be 0x6e
00 00 00 00 00 00 00 00 00 00 00                | ...........     
Invalid response, first byte is 0x00, should be 0x6e
00 00 00 00 00 00 00 00 00 00 00                | ...........     
Invalid response, first byte is 0x00, should be 0x6e
00 00 00 00 00 00 00 00 00 00 00                | ...........     
Invalid response, first byte is 0x00, should be 0x6e
00 00 00 00 00 00 00 00 00 00 00                | ...........     
Invalid response, first byte is 0x00, should be 0x6e
00 00 00 00 00 00 00 00 00 00 00                | ...........     
Invalid response, first byte is 0x00, should be 0x6e
00 00 00 00 00 00 00 00 00 00 00                | ...........     
Invalid response, first byte is 0x00, should be 0x6e
00 00 00 00 00 00 00 00 00 00 00                | ...........     
Invalid response, first byte is 0x00, should be 0x6e
00 00 00 00 00 00 00 00 00 00 00                | ...........     
Invalid response, first byte is 0x00, should be 0x6e
00 00 00 00 00 00 00 00 00 00 00                | ...........     
Non-fatal error: Invalid response, magic is 0x6e
Invalid response, length is 110, should be 8 at most
Invalid response, corrupted data - xor is 0xbb, length 0x08
6e 88 88 02 01 87 01 ff ff 00 00                | n..........     
Non-fatal error: Invalid response, magic is 0x6e
Invalid response, length is 110, should be 8 at most
Non-fatal error: Invalid response, magic is 0x6e
Invalid response, length is 110, should be 8 at most
Non-fatal error: Invalid response, magic is 0x6e
Invalid response, length is 110, should be 8 at most
Invalid response, first byte is 0x3c, should be 0x6e
3c 3c 00 00 00 00 00 00 00 00 00                | <<.........     
Invalid response, first byte is 0x00, should be 0x6e
00 00 00 00 00 00 00 00 00 00 00                | ...........     
Invalid response, first byte is 0x00, should be 0x6e
00 00 00 00 00 00 00 00 00 00 00                | ...........     
Invalid response, first byte is 0x00, should be 0x6e
00 00 00 00 00 00 00 00 00 00 00                | ...........     
Invalid response, first byte is 0x00, should be 0x6e
00 00 00 00 00 00 00 00 00 00 00                | ...........     
Invalid response, first byte is 0x00, should be 0x6e
00 00 00 00 00 00 00 00 00 00 00                | ...........     
Invalid response, first byte is 0x00, should be 0x6e
00 00 00 00 00 00 00 00 00 00 00                | ...........     
Invalid response, first byte is 0x00, should be 0x6e
00 00 00 00 00 00 00 00 00 00 00                | ...........     
Invalid response, first byte is 0x00, should be 0x6e
00 00 00 00 00 00 00 00 00 00 00                | ...........     
Invalid response, first byte is 0x00, should be 0x6e
00 00 00 00 00 00 00 00 00 00 00                | ...........     
Non-fatal error: Invalid response, magic is 0x6e
Invalid response, length is 110, should be 8 at most
Non-fatal error: Invalid response, magic is 0x6e
Invalid response, length is 110, should be 8 at most
Non-fatal error: Invalid response, magic is 0x6e
Invalid response, length is 110, should be 8 at most
Non-fatal error: Invalid response, magic is 0x6e
Invalid response, length is 110, should be 8 at most
Non-fatal error: Invalid response, magic is 0x6e
Invalid response, length is 110, should be 8 at most
Non-fatal error: Invalid response, magic is 0x6e
Invalid response, length is 110, should be 8 at most
Non-fatal error: Invalid response, magic is 0x6e
Invalid response, length is 110, should be 8 at most
Invalid response, first byte is 0x39, should be 0x6e
39 39 00 00 00 00 00 00 00 00 00                | 99.........     
Invalid response, first byte is 0x00, should be 0x6e
00 00 00 00 00 00 00 00 00 00 00                | ...........     
Invalid response, first byte is 0x00, should be 0x6e
00 00 00 00 00 00 00 00 00 00 00                | ...........     
Invalid response, first byte is 0x00, should be 0x6e
00 00 00 00 00 00 00 00 00 00 00                | ...........     
Invalid response, first byte is 0x00, should be 0x6e
00 00 00 00 00 00 00 00 00 00 00                | ...........     
Invalid response, first byte is 0x00, should be 0x6e
00 00 00 00 00 00 00 00 00 00 00                | ...........     
Invalid response, first byte is 0x00, should be 0x6e
00 00 00 00 00 00 00 00 00 00 00                | ...........     
Invalid response, first byte is 0x00, should be 0x6e
00 00 00 00 00 00 00 00 00 00 00                | ...........     
Invalid response, first byte is 0x00, should be 0x6e
00 00 00 00 00 00 00 00 00 00 00                | ...........     
Invalid response, first byte is 0x00, should be 0x6e
00 00 00 00 00 00 00 00 00 00 00                | ...........     
Invalid response, first byte is 0x00, should be 0x6e
00 00 00 00 00 00 00 00 00 00 00                | ...........     
Invalid response, first byte is 0x00, should be 0x6e
00 00 00 00 00 00 00 00 00 00 00                | ...........     
Invalid response, first byte is 0x00, should be 0x6e
00 00 00 00 00 00 00 00 00 00 00                | ...........     
Invalid response, first byte is 0x00, should be 0x6e
00 00 00 00 00 00 00 00 00 00 00                | ...........     
Invalid response, first byte is 0x00, should be 0x6e
00 00 00 00 00 00 00 00 00 00 00                | ...........     
Invalid response, first byte is 0x00, should be 0x6e
00 00 00 00 00 00 00 00 00 00 00                | ...........     
Invalid response, first byte is 0x00, should be 0x6e
00 00 00 00 00 00 00 00 00 00 00                | ...........     
Invalid response, first byte is 0x00, should be 0x6e
00 00 00 00 00 00 00 00 00 00 00                | ...........     
Non-fatal error: Invalid response, magic is 0x6e
Invalid response, length is 110, should be 8 at most
Non-fatal error: Invalid response, magic is 0x6e
Invalid response, length is 110, should be 8 at most
Non-fatal error: Invalid response, magic is 0x6e
Invalid response, length is 110, should be 8 at most
Invalid response, first byte is 0x20, should be 0x6e
20 20 00 00 00 00 00 00 00 00 00                |   .........     
Invalid response, first byte is 0x00, should be 0x6e
00 00 00 00 00 00 00 00 00 00 00                | ...........     
Invalid response, first byte is 0x00, should be 0x6e
00 00 00 00 00 00 00 00 00 00 00                | ...........     
Invalid response, first byte is 0x00, should be 0x6e
00 00 00 00 00 00 00 00 00 00 00                | ...........     
Invalid response, first byte is 0x00, should be 0x6e
00 00 00 00 00 00 00 00 00 00 00                | ...........     
Invalid response, first byte is 0x00, should be 0x6e
00 00 00 00 00 00 00 00 00 00 00                | ...........     
Invalid response, first byte is 0x00, should be 0x6e
00 00 00 00 00 00 00 00 00 00 00                | ...........     
Invalid response, first byte is 0x00, should be 0x6e
00 00 00 00 00 00 00 00 00 00 00                | ...........     
Invalid response, first byte is 0x00, should be 0x6e
00 00 00 00 00 00 00 00 00 00 00                | ...........     
Invalid response, first byte is 0x00, should be 0x6e
00 00 00 00 00 00 00 00 00 00 00                | ...........     
Non-fatal error: Invalid response, magic is 0x6e
Invalid response, length is 110, should be 8 at most
Non-fatal error: Invalid response, magic is 0x6e
Invalid response, length is 110, should be 8 at most
Non-fatal error: Invalid response, magic is 0x6e
Invalid response, length is 110, should be 8 at most
Invalid response, corrupted data - xor is 0xa5, length 0x08
6e 88 88 02 01 99 01 ff ff 00 00                | n..........     
Invalid response, first byte is 0x2d, should be 0x6e
2d 2d 00 00 00 00 00 00 00 00 00                | --.........     
Invalid response, first byte is 0x00, should be 0x6e
00 00 00 00 00 00 00 00 00 00 00                | ...........     
Non-fatal error: Invalid response, magic is 0x6e
Invalid response, length is 110, should be 8 at most
Non-fatal error: Invalid response, magic is 0x6e
Invalid response, length is 110, should be 8 at most
Non-fatal error: Invalid response, magic is 0x6e
Invalid response, length is 110, should be 8 at most
Non-fatal error: Invalid response, magic is 0x6e
Invalid response, length is 110, should be 8 at most
Non-fatal error: Invalid response, magic is 0x6e
Invalid response, length is 110, should be 8 at most
Non-fatal error: Invalid response, magic is 0x6e
Invalid response, length is 110, should be 8 at most
Non-fatal error: Invalid response, magic is 0x6e
Invalid response, length is 110, should be 8 at most
Non-fatal error: Invalid response, magic is 0x6e
Invalid response, length is 110, should be 8 at most
Non-fatal error: Invalid response, magic is 0x6e
Invalid response, length is 110, should be 8 at most
Non-fatal error: Invalid response, magic is 0x6e
Invalid response, length is 110, should be 8 at most
Non-fatal error: Invalid response, magic is 0x6e
Invalid response, length is 110, should be 8 at most
Non-fatal error: Invalid response, magic is 0x6e
Invalid response, length is 110, should be 8 at most
Non-fatal error: Invalid response, magic is 0x6e
Invalid response, length is 110, should be 8 at most
Non-fatal error: Invalid response, magic is 0x6e
Invalid response, length is 110, should be 8 at most
Invalid response, first byte is 0x2a, should be 0x6e
2a 00 00 00 00 00 00 00 00 00 00                | *..........     
Invalid response, first byte is 0x00, should be 0x6e
00 00 00 00 00 00 00 00 00 00 00                | ...........     
Invalid response, first byte is 0x00, should be 0x6e
00 00 00 00 00 00 00 00 00 00 00                | ...........     
Invalid response, first byte is 0x00, should be 0x6e
00 00 00 00 00 00 00 00 00 00 00                | ...........     
Non-fatal error: Invalid response, magic is 0x6e
Invalid response, length is 110, should be 8 at most
Invalid response, first byte is 0x14, should be 0x6e
14 14 00 00 00 00 00 00 00 00 00                | ...........     
Invalid response, first byte is 0x00, should be 0x6e
00 00 00 00 00 00 00 00 00 00 00                | ...........     
Non-fatal error: Invalid response, magic is 0x6e
Invalid response, length is 110, should be 8 at most
Non-fatal error: Invalid response, magic is 0x6e
Invalid response, length is 110, should be 8 at most
Non-fatal error: Invalid response, magic is 0x6e
Invalid response, length is 110, should be 8 at most
Non-fatal error: Invalid response, magic is 0x6e
Invalid response, length is 110, should be 8 at most
Non-fatal error: Invalid response, magic is 0x6e
Invalid response, length is 110, should be 8 at most
Non-fatal error: Invalid response, magic is 0x6e
Invalid response, length is 110, should be 8 at most
Non-fatal error: Invalid response, magic is 0x6e
Invalid response, length is 110, should be 8 at most
Non-fatal error: Invalid response, magic is 0x6e
Invalid response, length is 110, should be 8 at most
Invalid response, first byte is 0x17, should be 0x6e
17 17 00 00 00 00 00 00 00 00 00                | ...........     
Invalid response, first byte is 0x00, should be 0x6e
00 00 00 00 00 00 00 00 00 00 00                | ...........     
Invalid response, first byte is 0x00, should be 0x6e
00 00 00 00 00 00 00 00 00 00 00                | ...........     
Invalid response, first byte is 0x00, should be 0x6e
00 00 00 00 00 00 00 00 00 00 00                | ...........     
Invalid response, first byte is 0x00, should be 0x6e
00 00 00 00 00 00 00 00 00 00 00                | ...........     
Invalid response, first byte is 0x00, should be 0x6e
00 00 00 00 00 00 00 00 00 00 00                | ...........     
Invalid response, first byte is 0x00, should be 0x6e
00 00 00 00 00 00 00 00 00 00 00                | ...........     
Invalid response, first byte is 0x00, should be 0x6e
00 00 00 00 00 00 00 00 00 00 00                | ...........     
Non-fatal error: Invalid response, magic is 0x6e
Invalid response, length is 110, should be 8 at most
Invalid response, first byte is 0x12, should be 0x6e
12 12 00 00 00 00 00 00 00 00 00                | ...........     
Invalid response, first byte is 0x00, should be 0x6e
00 00 00 00 00 00 00 00 00 00 00                | ...........     
Invalid response, first byte is 0x00, should be 0x6e
00 00 00 00 00 00 00 00 00 00 00                | ...........     
Invalid response, first byte is 0x00, should be 0x6e
00 00 00 00 00 00 00 00 00 00 00                | ...........     
Non-fatal error: Invalid response, magic is 0x6e
Invalid response, length is 110, should be 8 at most
Non-fatal error: Invalid response, magic is 0x6e
Invalid response, length is 110, should be 8 at most
Non-fatal error: Invalid response, magic is 0x6e
Invalid response, length is 110, should be 8 at most
Non-fatal error: Invalid response, magic is 0x6e
Invalid response, length is 110, should be 8 at most
Invalid response, corrupted data - xor is 0x95, length 0x08
6e 88 88 02 01 a9 01 ff ff 00 00                | n..........     
Invalid response, first byte is 0x1d, should be 0x6e
1d 1d 00 00 00 00 00 00 00 00 00                | ...........     
Invalid response, first byte is 0x00, should be 0x6e
00 00 00 00 00 00 00 00 00 00 00                | ...........     
Non-fatal error: Invalid response, magic is 0x6e
Invalid response, length is 110, should be 8 at most
Non-fatal error: Invalid response, magic is 0x6e
Invalid response, length is 110, should be 8 at most
Non-fatal error: Invalid response, magic is 0x6e
Invalid response, length is 110, should be 8 at most
Invalid response, first byte is 0x1f, should be 0x6e
1f 1f 00 00 00 00 00 00 00 00 00                | ...........     
Invalid response, first byte is 0x00, should be 0x6e
00 00 00 00 00 00 00 00 00 00 00                | ...........     
Invalid response, first byte is 0x00, should be 0x6e
00 00 00 00 00 00 00 00 00 00 00                | ...........     
Invalid response, first byte is 0x00, should be 0x6e
00 00 00 00 00 00 00 00 00 00 00                | ...........     
Non-fatal error: Invalid response, magic is 0x6e
Invalid response, length is 110, should be 8 at most
Non-fatal error: Invalid response, magic is 0x6e
Invalid response, length is 110, should be 8 at most
Non-fatal error: Invalid response, magic is 0x6e
Invalid response, length is 110, should be 8 at most
Invalid response, first byte is 0x19, should be 0x6e
19 19 00 00 00 00 00 00 00 00 00                | ...........     
Invalid response, first byte is 0x00, should be 0x6e
00 00 00 00 00 00 00 00 00 00 00                | ...........     
Invalid response, first byte is 0x00, should be 0x6e
00 00 00 00 00 00 00 00 00 00 00                | ...........     
Invalid response, first byte is 0x00, should be 0x6e
00 00 00 00 00 00 00 00 00 00 00                | ...........     
Invalid response, first byte is 0x00, should be 0x6e
00 00 00 00 00 00 00 00 00 00 00                | ...........     
Invalid response, first byte is 0x00, should be 0x6e
00 00 00 00 00 00 00 00 00 00 00                | ...........     
Invalid response, first byte is 0x00, should be 0x6e
00 00 00 00 00 00 00 00 00 00 00                | ...........     
Invalid response, first byte is 0x00, should be 0x6e
00 00 00 00 00 00 00 00 00 00 00                | ...........     
Invalid response, first byte is 0x00, should be 0x6e
00 00 00 00 00 00 00 00 00 00 00                | ...........     
Invalid response, first byte is 0x00, should be 0x6e
00 00 00 00 00 00 00 00 00 00 00                | ...........     
Invalid response, first byte is 0x00, should be 0x6e
00 00 00 00 00 00 00 00 00 00 00                | ...........     
Invalid response, first byte is 0x00, should be 0x6e
00 00 00 00 00 00 00 00 00 00 00                | ...........     
Invalid response, first byte is 0x00, should be 0x6e
00 00 00 00 00 00 00 00 00 00 00                | ...........     
Invalid response, first byte is 0x00, should be 0x6e
00 00 00 00 00 00 00 00 00 00 00                | ...........     
Invalid response, first byte is 0x00, should be 0x6e
00 00 00 00 00 00 00 00 00 00 00                | ...........     
Invalid response, first byte is 0x00, should be 0x6e
00 00 00 00 00 00 00 00 00 00 00                | ...........     
Invalid response, first byte is 0x00, should be 0x6e
00 00 00 00 00 00 00 00 00 00 00                | ...........     
Invalid response, first byte is 0x00, should be 0x6e
00 00 00 00 00 00 00 00 00 00 00                | ...........     
Invalid response, first byte is 0x00, should be 0x6e
00 00 00 00 00 00 00 00 00 00 00                | ...........     
Invalid response, first byte is 0x00, should be 0x6e
00 00 00 00 00 00 00 00 00 00 00                | ...........     
Invalid response, first byte is 0x00, should be 0x6e
00 00 00 00 00 00 00 00 00 00 00                | ...........     
Invalid response, first byte is 0x00, should be 0x6e
00 00 00 00 00 00 00 00 00 00 00                | ...........     
Invalid response, first byte is 0x00, should be 0x6e
00 00 00 00 00 00 00 00 00 00 00                | ...........     
Invalid response, first byte is 0x00, should be 0x6e
00 00 00 00 00 00 00 00 00 00 00                | ...........     
Invalid response, first byte is 0x00, should be 0x6e
00 00 00 00 00 00 00 00 00 00 00                | ...........     
Invalid response, first byte is 0x00, should be 0x6e
00 00 00 00 00 00 00 00 00 00 00                | ...........     
Invalid response, first byte is 0x00, should be 0x6e
00 00 00 00 00 00 00 00 00 00 00                | ...........     
Invalid response, first byte is 0x00, should be 0x6e
00 00 00 00 00 00 00 00 00 00 00                | ...........     
Invalid response, first byte is 0x00, should be 0x6e
00 00 00 00 00 00 00 00 00 00 00                | ...........     
Invalid response, first byte is 0x00, should be 0x6e
00 00 00 00 00 00 00 00 00 00 00                | ...........     
Invalid response, first byte is 0x00, should be 0x6e
00 00 00 00 00 00 00 00 00 00 00                | ...........     
Invalid response, first byte is 0x00, should be 0x6e
00 00 00 00 00 00 00 00 00 00 00                | ...........     
Invalid response, first byte is 0x00, should be 0x6e
00 00 00 00 00 00 00 00 00 00 00                | ...........     
Invalid response, first byte is 0x00, should be 0x6e
00 00 00 00 00 00 00 00 00 00 00                | ...........     
Invalid response, first byte is 0x00, should be 0x6e
00 00 00 00 00 00 00 00 00 00 00                | ...........     
Invalid response, first byte is 0x00, should be 0x6e
00 00 00 00 00 00 00 00 00 00 00                | ...........     
Invalid response, first byte is 0x00, should be 0x6e
00 00 00 00 00 00 00 00 00 00 00                | ...........     
Invalid response, first byte is 0x00, should be 0x6e
00 00 00 00 00 00 00 00 00 00 00                | ...........     
Invalid response, first byte is 0x00, should be 0x6e
00 00 00 00 00 00 00 00 00 00 00                | ...........     
Invalid response, first byte is 0x00, should be 0x6e
00 00 00 00 00 00 00 00 00 00 00                | ...........     
Invalid response, first byte is 0x00, should be 0x6e
00 00 00 00 00 00 00 00 00 00 00                | ...........     
Invalid response, first byte is 0x00, should be 0x6e
00 00 00 00 00 00 00 00 00 00 00                | ...........     
Invalid response, first byte is 0x00, should be 0x6e
00 00 00 00 00 00 00 00 00 00 00                | ...........     
Invalid response, first byte is 0x00, should be 0x6e
00 00 00 00 00 00 00 00 00 00 00                | ...........     
Non-fatal error: Invalid response, magic is 0x6e
Invalid response, length is 110, should be 8 at most
Non-fatal error: Invalid response, magic is 0x6e
Invalid response, length is 110, should be 8 at most
Invalid response, first byte is 0x09, should be 0x6e
09 09 00 00 00 00 00 00 00 00 00                | ...........     
Invalid response, first byte is 0x00, should be 0x6e
00 00 00 00 00 00 00 00 00 00 00                | ...........     
Invalid response, first byte is 0x00, should be 0x6e
00 00 00 00 00 00 00 00 00 00 00                | ...........     
Invalid response, first byte is 0x00, should be 0x6e
00 00 00 00 00 00 00 00 00 00 00                | ...........     
Invalid response, first byte is 0x00, should be 0x6e
00 00 00 00 00 00 00 00 00 00 00                | ...........     
Invalid response, first byte is 0x00, should be 0x6e
00 00 00 00 00 00 00 00 00 00 00                | ...........     
Invalid response, first byte is 0x00, should be 0x6e
00 00 00 00 00 00 00 00 00 00 00                | ...........     
Invalid response, first byte is 0x00, should be 0x6e
00 00 00 00 00 00 00 00 00 00 00                | ...........     
Invalid response, first byte is 0x00, should be 0x6e
00 00 00 00 00 00 00 00 00 00 00                | ...........     
Invalid response, first byte is 0x00, should be 0x6e
00 00 00 00 00 00 00 00 00 00 00                | ...........     
Invalid response, first byte is 0x00, should be 0x6e
00 00 00 00 00 00 00 00 00 00 00                | ...........     
Invalid response, first byte is 0x00, should be 0x6e
00 00 00 00 00 00 00 00 00 00 00                | ...........     
Invalid response, first byte is 0x00, should be 0x6e
00 00 00 00 00 00 00 00 00 00 00                | ...........     
Invalid response, first byte is 0x00, should be 0x6e
00 00 00 00 00 00 00 00 00 00 00                | ...........     
Invalid response, first byte is 0x00, should be 0x6e
00 00 00 00 00 00 00 00 00 00 00                | ...........     
Invalid response, first byte is 0x00, should be 0x6e
00 00 00 00 00 00 00 00 00 00 00                | ...........     
Non-fatal error: Invalid response, magic is 0x6e
Invalid response, length is 110, should be 8 at most
Non-fatal error: Invalid response, magic is 0x6e
Invalid response, length is 110, should be 8 at most
Non-fatal error: Invalid response, magic is 0x6e
Invalid response, length is 110, should be 8 at most
Non-fatal error: Invalid response, magic is 0x6e
Invalid response, length is 110, should be 8 at most
Non-fatal error: Invalid response, magic is 0x6e
Invalid response, length is 110, should be 8 at most
Non-fatal error: Invalid response, magic is 0x6e
Invalid response, length is 110, should be 8 at most
Non-fatal error: Invalid response, magic is 0x6e
Invalid response, length is 110, should be 8 at most
Non-fatal error: Invalid response, magic is 0x6e
Invalid response, length is 110, should be 8 at most
Non-fatal error: Invalid response, magic is 0x6e
Invalid response, length is 110, should be 8 at most
Non-fatal error: Invalid response, magic is 0x6e
Invalid response, length is 110, should be 8 at most
Non-fatal error: Invalid response, magic is 0x6e
Invalid response, length is 110, should be 8 at most
Non-fatal error: Invalid response, magic is 0x6e
Invalid response, length is 110, should be 8 at most
Non-fatal error: Invalid response, magic is 0x6e
Invalid response, length is 110, should be 8 at most
Invalid response, first byte is 0xfa, should be 0x6e
fa fa 00 00 00 00 00 00 00 00 00                | ...........     
Invalid response, first byte is 0x00, should be 0x6e
00 00 00 00 00 00 00 00 00 00 00                | ...........     
Invalid response, first byte is 0x00, should be 0x6e
00 00 00 00 00 00 00 00 00 00 00                | ...........     
Invalid response, first byte is 0x00, should be 0x6e
00 00 00 00 00 00 00 00 00 00 00                | ...........     
Invalid response, first byte is 0x00, should be 0x6e
00 00 00 00 00 00 00 00 00 00 00                | ...........     
Invalid response, first byte is 0x00, should be 0x6e
00 00 00 00 00 00 00 00 00 00 00                | ...........     
Invalid response, first byte is 0x00, should be 0x6e
00 00 00 00 00 00 00 00 00 00 00                | ...........     
Invalid response, first byte is 0x00, should be 0x6e
00 00 00 00 00 00 00 00 00 00 00                | ...........     
Invalid response, first byte is 0x00, should be 0x6e
00 00 00 00 00 00 00 00 00 00 00                | ...........     
Invalid response, first byte is 0x00, should be 0x6e
00 00 00 00 00 00 00 00 00 00 00                | ...........     
Invalid response, first byte is 0x00, should be 0x6e
00 00 00 00 00 00 00 00 00 00 00                | ...........     
Invalid response, first byte is 0x00, should be 0x6e
00 00 00 00 00 00 00 00 00 00 00                | ...........     
Invalid response, first byte is 0x00, should be 0x6e
00 00 00 00 00 00 00 00 00 00 00                | ...........     
Invalid response, first byte is 0x00, should be 0x6e
00 00 00 00 00 00 00 00 00 00 00                | ...........     
Invalid response, first byte is 0x00, should be 0x6e
00 00 00 00 00 00 00 00 00 00 00                | ...........     
Invalid response, first byte is 0x00, should be 0x6e
00 00 00 00 00 00 00 00 00 00 00                | ...........     
Invalid response, first byte is 0x00, should be 0x6e
00 00 00 00 00 00 00 00 00 00 00                | ...........     
Invalid response, first byte is 0x00, should be 0x6e
00 00 00 00 00 00 00 00 00 00 00                | ...........     
Invalid response, first byte is 0x00, should be 0x6e
00 00 00 00 00 00 00 00 00 00 00                | ...........     
Invalid response, first byte is 0x00, should be 0x6e
00 00 00 00 00 00 00 00 00 00 00                | ...........     
Invalid response, first byte is 0x00, should be 0x6e
00 00 00 00 00 00 00 00 00 00 00                | ...........     
Invalid response, first byte is 0x00, should be 0x6e
00 00 00 00 00 00 00 00 00 00 00                | ...........     
Invalid response, first byte is 0x00, should be 0x6e
00 00 00 00 00 00 00 00 00 00 00                | ...........     
Invalid response, first byte is 0x00, should be 0x6e
00 00 00 00 00 00 00 00 00 00 00                | ...........     
Invalid response, first byte is 0x00, should be 0x6e
00 00 00 00 00 00 00 00 00 00 00                | ...........     
Invalid response, first byte is 0x00, should be 0x6e
00 00 00 00 00 00 00 00 00 00 00                | ...........     
Invalid response, first byte is 0x00, should be 0x6e
00 00 00 00 00 00 00 00 00 00 00                | ...........     
Invalid response, first byte is 0x00, should be 0x6e
00 00 00 00 00 00 00 00 00 00 00                | ...........     
Invalid response, first byte is 0x00, should be 0x6e
00 00 00 00 00 00 00 00 00 00 00                | ...........     
Invalid response, first byte is 0x00, should be 0x6e
00 00 00 00 00 00 00 00 00 00 00                | ...........     
Non-fatal error: Invalid response, magic is 0x6e
Invalid response, length is 110, should be 8 at most
Non-fatal error: Invalid response, magic is 0x6e
Invalid response, length is 110, should be 8 at most
Non-fatal error: Invalid response, magic is 0x6e
Invalid response, length is 110, should be 8 at most
Non-fatal error: Invalid response, magic is 0x6e
Invalid response, length is 110, should be 8 at most
Non-fatal error: Invalid response, magic is 0x6e
Invalid response, length is 110, should be 8 at most
Invalid response, first byte is 0x66, should be 0x6e
66 66 00 00 00 00 00 00 00 00 00                | ff.........     
Invalid response, first byte is 0x00, should be 0x6e
00 00 00 00 00 00 00 00 00 00 00                | ...........     
Invalid response, first byte is 0x00, should be 0x6e
00 00 00 00 00 00 00 00 00 00 00                | ...........     
Invalid response, first byte is 0x00, should be 0x6e
00 00 00 00 00 00 00 00 00 00 00                | ...........     
Invalid response, first byte is 0x00, should be 0x6e
00 00 00 00 00 00 00 00 00 00 00                | ...........     
Invalid response, first byte is 0x00, should be 0x6e
00 00 00 00 00 00 00 00 00 00 00                | ...........     
Invalid response, first byte is 0x00, should be 0x6e
00 00 00 00 00 00 00 00 00 00 00                | ...........     
Invalid response, first byte is 0x00, should be 0x6e
00 00 00 00 00 00 00 00 00 00 00                | ...........     
Invalid response, first byte is 0x00, should be 0x6e
00 00 00 00 00 00 00 00 00 00 00                | ...........     
Invalid response, first byte is 0x00, should be 0x6e
00 00 00 00 00 00 00 00 00 00 00                | ...........     
Non-fatal error: Invalid response, magic is 0x6e
Invalid response, length is 110, should be 8 at most
Non-fatal error: Invalid response, magic is 0x6e
Invalid response, length is 110, should be 8 at most
Non-fatal error: Invalid response, magic is 0x6e
Invalid response, length is 110, should be 8 at most
Non-fatal error: Invalid response, magic is 0x6e
Invalid response, length is 110, should be 8 at most
Non-fatal error: Invalid response, magic is 0x6e
Invalid response, length is 110, should be 8 at most
Invalid response, corrupted data - xor is 0xeb, length 0x08
6e 88 88 02 01 d7 01 ff ff 00 00                | n..........     
Invalid response, first byte is 0x63, should be 0x6e
63 63 00 00 00 00 00 00 00 00 00                | cc.........     
Invalid response, first byte is 0x00, should be 0x6e
00 00 00 00 00 00 00 00 00 00 00                | ...........     
Invalid response, first byte is 0x00, should be 0x6e
00 00 00 00 00 00 00 00 00 00 00                | ...........     
Invalid response, first byte is 0x00, should be 0x6e
00 00 00 00 00 00 00 00 00 00 00                | ...........     
Invalid response, first byte is 0x00, should be 0x6e
00 00 00 00 00 00 00 00 00 00 00                | ...........     
Invalid response, first byte is 0x00, should be 0x6e
00 00 00 00 00 00 00 00 00 00 00                | ...........     
Invalid response, first byte is 0x00, should be 0x6e
00 00 00 00 00 00 00 00 00 00 00                | ...........     
Invalid response, first byte is 0x00, should be 0x6e
00 00 00 00 00 00 00 00 00 00 00                | ...........     
Invalid response, first byte is 0x00, should be 0x6e
00 00 00 00 00 00 00 00 00 00 00                | ...........     
Invalid response, first byte is 0x00, should be 0x6e
00 00 00 00 00 00 00 00 00 00 00                | ...........     
Invalid response, first byte is 0x00, should be 0x6e
00 00 00 00 00 00 00 00 00 00 00                | ...........     
Invalid response, first byte is 0x00, should be 0x6e
00 00 00 00 00 00 00 00 00 00 00                | ...........     
Invalid response, first byte is 0x00, should be 0x6e
00 00 00 00 00 00 00 00 00 00 00                | ...........     
Invalid response, first byte is 0x00, should be 0x6e
00 00 00 00 00 00 00 00 00 00 00                | ...........     
Invalid response, first byte is 0x00, should be 0x6e
00 00 00 00 00 00 00 00 00 00 00                | ...........     
Invalid response, first byte is 0x00, should be 0x6e
00 00 00 00 00 00 00 00 00 00 00                | ...........     
Invalid response, first byte is 0x00, should be 0x6e
00 00 00 00 00 00 00 00 00 00 00                | ...........     
Invalid response, first byte is 0x00, should be 0x6e
00 00 00 00 00 00 00 00 00 00 00                | ...........     
Invalid response, first byte is 0x00, should be 0x6e
00 00 00 00 00 00 00 00 00 00 00                | ...........     
Invalid response, first byte is 0x00, should be 0x6e
00 00 00 00 00 00 00 00 00 00 00                | ...........     
Non-fatal error: Invalid response, magic is 0x6e
Invalid response, length is 110, should be 8 at most
Non-fatal error: Invalid response, magic is 0x6e
Invalid response, length is 110, should be 8 at most
Non-fatal error: Invalid response, magic is 0x6e
Invalid response, length is 110, should be 8 at most
Invalid response, first byte is 0x96, should be 0x6e
96 00 00 00 00 00 00 00 00 00 00                | ...........     
Invalid response, first byte is 0x00, should be 0x6e
00 00 00 00 00 00 00 00 00 00 00                | ...........     
Invalid response, first byte is 0x00, should be 0x6e
00 00 00 00 00 00 00 00 00 00 00                | ...........     
Invalid response, first byte is 0x00, should be 0x6e
00 00 00 00 00 00 00 00 00 00 00                | ...........     
Invalid response, first byte is 0x00, should be 0x6e
00 00 00 00 00 00 00 00 00 00 00                | ...........     
Invalid response, first byte is 0x00, should be 0x6e
00 00 00 00 00 00 00 00 00 00 00                | ...........     
Invalid response, first byte is 0x00, should be 0x6e
00 00 00 00 00 00 00 00 00 00 00                | ...........     
Invalid response, first byte is 0x00, should be 0x6e
00 00 00 00 00 00 00 00 00 00 00                | ...........     
Non-fatal error: Invalid response, magic is 0x6e
Invalid response, length is 110, should be 8 at most
Invalid response, first byte is 0x56, should be 0x6e
56 56 00 00 00 00 00 00 00 00 00                | VV.........     
Invalid response, first byte is 0x00, should be 0x6e
00 00 00 00 00 00 00 00 00 00 00                | ...........     
Invalid response, first byte is 0x00, should be 0x6e
00 00 00 00 00 00 00 00 00 00 00                | ...........     
Invalid response, first byte is 0x00, should be 0x6e
00 00 00 00 00 00 00 00 00 00 00                | ...........     
Invalid response, first byte is 0x00, should be 0x6e
00 00 00 00 00 00 00 00 00 00 00                | ...........     
Invalid response, first byte is 0x00, should be 0x6e
00 00 00 00 00 00 00 00 00 00 00                | ...........     
Non-fatal error: Invalid response, magic is 0x6e
Invalid response, length is 110, should be 8 at most
Non-fatal error: Invalid response, magic is 0x6e
Invalid response, length is 110, should be 8 at most
Non-fatal error: Invalid response, magic is 0x6e
Invalid response, length is 110, should be 8 at most
Non-fatal error: Invalid response, magic is 0x6e
Invalid response, length is 110, should be 8 at most
Invalid response, first byte is 0x51, should be 0x6e
51 51 00 00 00 00 00 00 00 00 00                | QQ.........     
Invalid response, first byte is 0x00, should be 0x6e
00 00 00 00 00 00 00 00 00 00 00                | ...........     
Invalid response, first byte is 0x00, should be 0x6e
00 00 00 00 00 00 00 00 00 00 00                | ...........     
Invalid response, first byte is 0x00, should be 0x6e
00 00 00 00 00 00 00 00 00 00 00                | ...........     
Invalid response, first byte is 0x00, should be 0x6e
00 00 00 00 00 00 00 00 00 00 00                | ...........     
Invalid response, first byte is 0x00, should be 0x6e
00 00 00 00 00 00 00 00 00 00 00                | ...........     
Invalid response, first byte is 0x00, should be 0x6e
00 00 00 00 00 00 00 00 00 00 00                | ...........     
Invalid response, first byte is 0x00, should be 0x6e
00 00 00 00 00 00 00 00 00 00 00                | ...........     
Invalid response, first byte is 0x00, should be 0x6e
00 00 00 00 00 00 00 00 00 00 00                | ...........     
Invalid response, first byte is 0x00, should be 0x6e
00 00 00 00 00 00 00 00 00 00 00                | ...........     
Non-fatal error: Invalid response, magic is 0x6e
Invalid response, length is 110, should be 8 at most
Non-fatal error: Invalid response, magic is 0x6e
Invalid response, length is 110, should be 8 at most
Non-fatal error: Invalid response, magic is 0x6e
Invalid response, length is 110, should be 8 at most
Invalid response, first byte is 0x5e, should be 0x6e
5e 5e 00 00 00 00 00 00 00 00 00                | ^^.........     
Invalid response, first byte is 0x00, should be 0x6e
00 00 00 00 00 00 00 00 00 00 00                | ...........     
Invalid response, first byte is 0x00, should be 0x6e
00 00 00 00 00 00 00 00 00 00 00                | ...........     
Invalid response, first byte is 0x00, should be 0x6e
00 00 00 00 00 00 00 00 00 00 00                | ...........     
Non-fatal error: Invalid response, magic is 0x6e
Invalid response, length is 110, should be 8 at most
Invalid response, first byte is 0x5f, should be 0x6e
5f 00 00 00 00 00 00 00 00 00 00                | _..........     
Invalid response, first byte is 0x00, should be 0x6e
00 00 00 00 00 00 00 00 00 00 00                | ...........     
Invalid response, first byte is 0x00, should be 0x6e
00 00 00 00 00 00 00 00 00 00 00                | ...........     
Invalid response, first byte is 0x00, should be 0x6e
00 00 00 00 00 00 00 00 00 00 00                | ...........     
Invalid response, first byte is 0x00, should be 0x6e
00 00 00 00 00 00 00 00 00 00 00                | ...........     
Invalid response, first byte is 0x00, should be 0x6e
00 00 00 00 00 00 00 00 00 00 00                | ...........     
Invalid response, first byte is 0x00, should be 0x6e
00 00 00 00 00 00 00 00 00 00 00                | ...........     
Invalid response, first byte is 0x00, should be 0x6e
00 00 00 00 00 00 00 00 00 00 00                | ...........     
Non-fatal error: Invalid response, magic is 0x6e
Invalid response, length is 110, should be 8 at most
Invalid response, first byte is 0x5a, should be 0x6e
5a 5a 00 00 00 00 00 00 00 00 00                | ZZ.........     
Invalid response, first byte is 0x00, should be 0x6e
00 00 00 00 00 00 00 00 00 00 00                | ...........     
Invalid response, first byte is 0x00, should be 0x6e
00 00 00 00 00 00 00 00 00 00 00                | ...........     
Invalid response, first byte is 0x00, should be 0x6e
00 00 00 00 00 00 00 00 00 00 00                | ...........     
Non-fatal error: Invalid response, magic is 0x6e
Invalid response, length is 110, should be 8 at most
Non-fatal error: Invalid response, magic is 0x6e
Invalid response, length is 110, should be 8 at most
Non-fatal error: Invalid response, magic is 0x6e
Invalid response, length is 110, should be 8 at most
Non-fatal error: Invalid response, magic is 0x6e
Invalid response, length is 110, should be 8 at most
Invalid response, corrupted data - xor is 0xcd, length 0x08
6e 88 88 02 01 f1 01 ff ff 00 00                | n..........     
Invalid response, first byte is 0x45, should be 0x6e
45 45 00 00 00 00 00 00 00 00 00                | EE.........     
Invalid response, first byte is 0x00, should be 0x6e
00 00 00 00 00 00 00 00 00 00 00                | ...........     
Invalid response, first byte is 0x00, should be 0x6e
00 00 00 00 00 00 00 00 00 00 00                | ...........     
Invalid response, first byte is 0x00, should be 0x6e
00 00 00 00 00 00 00 00 00 00 00                | ...........     
Invalid response, first byte is 0x00, should be 0x6e
00 00 00 00 00 00 00 00 00 00 00                | ...........     
Invalid response, first byte is 0x00, should be 0x6e
00 00 00 00 00 00 00 00 00 00 00                | ...........     
Invalid response, first byte is 0x00, should be 0x6e
00 00 00 00 00 00 00 00 00 00 00                | ...........     
Invalid response, first byte is 0x00, should be 0x6e
00 00 00 00 00 00 00 00 00 00 00                | ...........     
Invalid response, first byte is 0x00, should be 0x6e
00 00 00 00 00 00 00 00 00 00 00                | ...........     
Invalid response, first byte is 0x00, should be 0x6e
00 00 00 00 00 00 00 00 00 00 00                | ...........     
Invalid response, first byte is 0x00, should be 0x6e
00 00 00 00 00 00 00 00 00 00 00                | ...........     
Invalid response, first byte is 0x00, should be 0x6e
00 00 00 00 00 00 00 00 00 00 00                | ...........     
Invalid response, first byte is 0x00, should be 0x6e
00 00 00 00 00 00 00 00 00 00 00                | ...........     
Invalid response, first byte is 0x00, should be 0x6e
00 00 00 00 00 00 00 00 00 00 00                | ...........     
Non-fatal error: Invalid response, magic is 0x6e
Invalid response, length is 110, should be 8 at most
Non-fatal error: Invalid response, magic is 0x6e
Invalid response, length is 110, should be 8 at most
Non-fatal error: Invalid response, magic is 0x6e
Invalid response, length is 110, should be 8 at most
Non-fatal error: Invalid response, magic is 0x6e
Invalid response, length is 110, should be 8 at most
Non-fatal error: Invalid response, magic is 0x6e
Invalid response, length is 110, should be 8 at most
Non-fatal error: Invalid response, magic is 0x6e
Invalid response, length is 110, should be 8 at most
Non-fatal error: Invalid response, magic is 0x6e
Invalid response, length is 110, should be 8 at most
Non-fatal error: Invalid response, magic is 0x6e
Invalid response, length is 110, should be 8 at most
Non-fatal error: Invalid response, magic is 0x6e
Invalid response, length is 110, should be 8 at most
Non-fatal error: Invalid response, magic is 0x6e
Invalid response, length is 110, should be 8 at most
Non-fatal error: Invalid response, magic is 0x6e
Invalid response, length is 110, should be 8 at most
Non-fatal error: Invalid response, magic is 0x6e
Invalid response, length is 110, should be 8 at most
Non-fatal error: Invalid response, magic is 0x6e
Invalid response, length is 110, should be 8 at most
Invalid response, corrupted data - xor is 0xc7, length 0x08
6e 88 88 02 01 fb 01 ff ff 00 00                | n..........     
Invalid response, first byte is 0x4f, should be 0x6e
4f 4f 00 00 00 00 00 00 00 00 00                | OO.........     
Invalid response, first byte is 0x00, should be 0x6e
00 00 00 00 00 00 00 00 00 00 00                | ...........     
Invalid response, first byte is 0x00, should be 0x6e
00 00 00 00 00 00 00 00 00 00 00                | ...........     
Invalid response, first byte is 0x00, should be 0x6e
00 00 00 00 00 00 00 00 00 00 00                | ...........     
Invalid response, first byte is 0x00, should be 0x6e
00 00 00 00 00 00 00 00 00 00 00                | ...........     
Invalid response, first byte is 0x00, should be 0x6e
00 00 00 00 00 00 00 00 00 00 00                | ...........     
Invalid response, first byte is 0x00, should be 0x6e
00 00 00 00 00 00 00 00 00 00 00                | ...........     
Invalid response, first byte is 0x00, should be 0x6e
00 00 00 00 00 00 00 00 00 00 00                | ...........     
Invalid response, first byte is 0x00, should be 0x6e
00 00 00 00 00 00 00 00 00 00 00                | ...........     
Invalid response, first byte is 0x00, should be 0x6e
00 00 00 00 00 00 00 00 00 00 00                | ...........     
Invalid response, first byte is 0x00, should be 0x6e
00 00 00 00 00 00 00 00 00 00 00                | ...........     
Invalid response, first byte is 0x00, should be 0x6e
00 00 00 00 00 00 00 00 00 00 00                | ...........     
Invalid response, first byte is 0x00, should be 0x6e
00 00 00 00 00 00 00 00 00 00 00                | ...........     
Invalid response, first byte is 0x00, should be 0x6e
00 00 00 00 00 00 00 00 00 00 00                | ...........     

Detected monitors :
 - Device: dev:/dev/i2c-1
   DDC/CI supported: Yes
   Monitor Name: VESA standard monitor
   Input type: Digital
  (Automatically selected)
Reading EDID and initializing DDC/CI at bus dev:/dev/i2c-1...

EDID readings:
	Plug and Play ID: DELA055 [VESA standard monitor]
	Input type: Digital
=============================== WARNING ===============================
There is no support for your monitor in the database, but ddccontrol is
using a basic generic profile. Many controls will not be supported, and
some controls may not work as expected.
Please update ddccontrol-db, or, if you are already using the latest
version, please send the output of the following command to
ddccontrol-users@lists.sourceforge.net:

LANG= LC_ALL= ddccontrol -p -c -d

Thank you.
=============================== WARNING ===============================

Capabilities:

Controls (valid/current/max) [Description - Value name]:
