ddccontrol version 0.4.4
Copyright 2004-2005 Oleg I. Vdovikin (oleg@cs.msu.su)
Copyright 2004-2006 Nicolas Boichat (nicolas@boichat.ch)
This program comes with ABSOLUTELY NO WARRANTY.
You may redistribute copies of this program under the terms of the GNU General Public License.

Probing for available monitors.........
Detected monitors :
 - Device: dev:/dev/i2c-8
   DDC/CI supported: Yes
   Monitor Name: VESA standard monitor
   Input type: Digital
  (Automatically selected)
 - Device: dev:/dev/i2c-7
   DDC/CI supported: Yes
   Monitor Name: VESA standard monitor
   Input type: Digital
 - Device: dev:/dev/i2c-6
   DDC/CI supported: No
   Monitor Name: VESA standard monitor
   Input type: Digital
 - Device: dev:/dev/i2c-4
   DDC/CI supported: No
   Monitor Name: VESA standard monitor
   Input type: Digital
Reading EDID and initializing DDC/CI at bus dev:/dev/i2c-8...

EDID readings:
	Plug and Play ID: ACR0507 [VESA standard monitor]
	Input type: Digital
=============================== WARNING ===============================
There is no support for your monitor in the database, but ddccontrol is
using a basic generic profile. Many controls will not be supported, and
some controls may not work as expected.
Please update ddccontrol-db, or, if you are already using the latest
version, please send the output of the following command to
ddccontrol-users@lists.sourceforge.net:

LANG= LC_ALL= ddccontrol -p -c -d

Thank you.
=============================== WARNING ===============================

Capabilities:
Raw output: (prot(monitor)type(lcd)model(EB321HQU)cmds(01 02 03 07 0C E3 F3)vcp(02 04 05 08 0B 0C 10 12 14(01 05 08 0B) 16 18 1A 52 60( 03 11 0F) 62 6C 6E 70 86(01 02 04 08) 8D(01 02) AC AE B6 C0 C6 C8 C9 CC(02 03 04 05 08 09 0A 0C 0D 01 06 0E 14 16 1E) D6(01 04 05) DF FF)mswhql(1)asset_eep(40)mccs_ver(2.2))
Parsed output: 
	VCP: 02 04 05 08 0b 0c 10 12 14 16 18 1a 52 60 62 6c 6e 70 86 8d ac ae b6 c0 c6 c8 c9 cc d6 df ff 
	Type: LCD

Controls (valid/current/max) [Description - Value name]:
Control 0x02: +/1/2 C [Secondary Degauss - Secondary Degauss]
Control 0x0b: +/100/100 C [???]
Control 0x0c: +/35/85 C [???]
Control 0x10: +/100/100 C [Brightness]
Control 0x12: +/39/100 C [Contrast]
Control 0x14: +/11/11 C [???]
Control 0x16: +/50/100 C [Red maximum level]
Control 0x18: +/50/100 C [Green maximum level]
Control 0x1a: +/50/100 C [Blue maximum level]
Control 0x1e: +/0/1   [???]
Control 0x20: +/0/100   [???]
Control 0x30: +/0/100   [???]
Control 0x52: +/0/255 C [???]
Control 0x60: +/15/1 C [Input Source Select (Main)]
Control 0x62: +/70/100 C [Audio Speaker Volume Adjust]
Control 0x68: +/0/5   [???]
Control 0x6c: +/50/100 C [Red minimum level]
Control 0x6e: +/50/100 C [Green minimum level]
Control 0x70: +/50/100 C [Blue minimum level]
Control 0x86: +/1/8 C [???]
Control 0x8d: +/2/2 C [???]
Control 0xa8: +/0/3   [???]
Control 0xaa: +/1/5   [???]
Control 0xac: +/23364/1 C [???]
Control 0xae: +/6003/0 C [???]
Control 0xb4: +/1/2   [???]
Control 0xb6: +/3/8 C [???]
Control 0xc0: +/9467/65535 C [???]
Control 0xc6: +/120/65535 C [???]
Control 0xc8: +/5/65302 C [???]
Control 0xc9: +/2/65535 C [???]
Control 0xca: +/2/2   [???]
Control 0xcc: +/0/36 C [???]
Control 0xd6: +/1/4 C [DPMS Control - On]
Control 0xda: +/0/2   [???]
Control 0xdc: +/0/8   [???]
Control 0xdf: +/513/255 C [???]
Control 0xe9: +/0/2   [???]
Control 0xf0: +/0/1   [???]
