ddccontrol version 0.4.2
Copyright 2004-2005 Oleg I. Vdovikin (oleg@...13...)
Copyright 2004-2006 Nicolas Boichat (nicolas@...3...)
This program comes with ABSOLUTELY NO WARRANTY.
You may redistribute copies of this program under the terms of the GNU General Public License.

Probing for available monitors...
Detected monitors :
 - Device: pci:01:00.0-1
   DDC/CI supported: Yes
   Monitor Name: VESA standard monitor
   Input type: Digital
  (Automatically selected)
Reading EDID and initializing DDC/CI at bus pci:01:00.0-1...

EDID readings:
	Plug and Play ID: VSCE41B [VESA standard monitor]
	Input type: Digital
=============================== WARNING ===============================
There is no support for your monitor in the database, but ddccontrol is
using a basic generic profile. Many controls will not be supported, and
some controls may not work as expected.
Please update ddccontrol-db, or, if you are already using the latest
version, please send the output of the following command to
ddccontrol-users@lists.sourceforge.net:

LANG= LC_ALL= ddccontrol -p -c -d

Thank you.
=============================== WARNING ===============================

Capabilities:
Raw output: vcp(02 04 05 08 0B 0C 10 12 14(01 04 05 06 08 0B 0C)16 18 1A 60(01 02 03) 87 AA AC AE B6 C0 C6 C8 C9 CA D6(01 04) DF E5 FA FB FC FD FE)
Parsed output: 
	VCP: 
	Type: Unknown

Controls (valid/current/max) [Description - Value name]:
Control 0x02: +/1/2   [???]
Control 0x04: +/0/1   [???]
Control 0x05: +/0/1   [???]
Control 0x06: +/0/1   [???]
Control 0x08: +/0/1   [???]
Control 0x0b: +/50/65535   [???]
Control 0x0c: +/30/255   [???]
Control 0x0e: +/60/120   [???]
Control 0x10: +/192/250   [???]
Control 0x12: +/64/100   [???]
Control 0x14: +/6/12   [???]
Control 0x16: +/36/63   [???]
Control 0x18: +/48/63   [???]
Control 0x1a: +/43/63   [???]
Control 0x1e: +/0/1   [???]
Control 0x20: +/88/495   [???]
Control 0x30: +/31/74   [???]
Control 0x3e: +/19/100   [???]
Control 0x60: +/3/3   [???]
Control 0x68: +/2/6   [???]
Control 0x87: +/0/5   [???]
Control 0xa8: +/0/3   [???]
Control 0xaa: +/1/2   [???]
Control 0xac: +/63/65535   [???]
Control 0xae: +/5/65535   [???]
Control 0xb2: +/1/8   [???]
Control 0xb4: +/1/2   [???]
Control 0xb6: +/3/5   [???]
Control 0xc0: +/881/65535   [???]
Control 0xc6: +/100/65535   [???]
Control 0xc8: +/5/65535   [???]
Control 0xc9: +/256/65535   [???]
Control 0xca: +/2/2   [???]
Control 0xd6: +/1/4   [???]
Control 0xdf: +/512/65535   [???]
Control 0xe3: +/0/1   [???]
Control 0xe4: +/0/1   [???]
Control 0xe5: +/0/1   [???]
Control 0xfa: +/0/2   [???]
Control 0xfb: +/5/65535   [???]
Control 0xfc: +/24910/65535   [???]
Control 0xfd: +/188/65535   [???]
Control 0xfe: +/1/4   [???]
Control 0xff: +/1/65535   [???]
