This file contains any messages produced by compilers while
running configure, to aid debugging if configure makes a mistake.

It was created by DDC/CI control tool configure 0.1.1, which was
generated by GNU Autoconf 2.59.  Invocation command line was

  $ ./configure --disable-nls

## --------- ##
## Platform. ##
## --------- ##

hostname = krw.timesys.com
uname -m = i686
uname -r = 2.6.11-1.27_FC3
uname -s = Linux
uname -v = #1 Tue May 17 20:27:37 EDT 2005

/usr/bin/uname -p = unknown
/bin/uname -X     = unknown

/bin/arch              = i686
/usr/bin/arch -k       = unknown
/usr/convex/getsysinfo = unknown
hostinfo               = unknown
/bin/machine           = unknown
/usr/bin/oslevel       = unknown
/bin/universe          = unknown

PATH: /usr/kerberos/bin
PATH: /usr/local/bin
PATH: /usr/bin
PATH: /bin
PATH: /usr/X11R6/bin
PATH: /home/kwall/bin


## ----------- ##
## Core tests. ##
## ----------- ##

configure:1378: checking for a BSD-compatible install
configure:1433: result: /usr/bin/install -c
configure:1444: checking whether build environment is sane
configure:1487: result: yes
configure:1544: checking for gawk
configure:1560: found /usr/bin/gawk
configure:1570: result: gawk
configure:1580: checking whether make sets $(MAKE)
configure:1600: result: yes
configure:1766: checking whether to enable maintainer-specific portions of Makefiles
configure:1775: result: no
configure:1805: checking whether NLS is requested
configure:1814: result: no
configure:1852: checking for msgfmt
configure:1883: result: /usr/bin/msgfmt
configure:1892: checking for gmsgfmt
configure:1923: result: /usr/bin/msgfmt
configure:1962: checking for xgettext
configure:1993: result: /usr/bin/xgettext
configure:2033: checking for msgmerge
configure:2063: result: /usr/bin/msgmerge
configure:2126: checking for style of include used by make
configure:2154: result: GNU
configure:2225: checking for gcc
configure:2241: found /usr/bin/gcc
configure:2251: result: gcc
configure:2495: checking for C compiler version
configure:2498: gcc --version </dev/null >&5
gcc (GCC) 3.4.3 20050227 (Red Hat 3.4.3-22.fc3)
Copyright (C) 2004 Free Software Foundation, Inc.
This is free software; see the source for copying conditions.  There is NO
warranty; not even for MERCHANTABILITY or FITNESS FOR A PARTICULAR PURPOSE.

configure:2501: $? = 0
configure:2503: gcc -v </dev/null >&5
Reading specs from /usr/lib/gcc/i386-redhat-linux/3.4.3/specs
Configured with: ../configure --prefix=/usr --mandir=/usr/share/man --infodir=/usr/share/info --enable-shared --enable-threads=posix --disable-checking --with-system-zlib --enable-__cxa_atexit --disable-libunwind-exceptions --enable-java-awt=gtk --host=i386-redhat-linux
Thread model: posix
gcc version 3.4.3 20050227 (Red Hat 3.4.3-22.fc3)
configure:2506: $? = 0
configure:2508: gcc -V </dev/null >&5
gcc: `-V' option must have argument
configure:2511: $? = 1
configure:2534: checking for C compiler default output file name
configure:2537: gcc    conftest.c  >&5
configure:2540: $? = 0
configure:2586: result: a.out
configure:2591: checking whether the C compiler works
configure:2597: ./a.out
configure:2600: $? = 0
configure:2617: result: yes
configure:2624: checking whether we are cross compiling
configure:2626: result: no
configure:2629: checking for suffix of executables
configure:2631: gcc -o conftest    conftest.c  >&5
configure:2634: $? = 0
configure:2659: result: 
configure:2665: checking for suffix of object files
configure:2686: gcc -c   conftest.c >&5
configure:2689: $? = 0
configure:2711: result: o
configure:2715: checking whether we are using the GNU C compiler
configure:2739: gcc -c   conftest.c >&5
configure:2745: $? = 0
configure:2749: test -z 
			 || test ! -s conftest.err
configure:2752: $? = 0
configure:2755: test -s conftest.o
configure:2758: $? = 0
configure:2771: result: yes
configure:2777: checking whether gcc accepts -g
configure:2798: gcc -c -g  conftest.c >&5
configure:2804: $? = 0
configure:2808: test -z 
			 || test ! -s conftest.err
configure:2811: $? = 0
configure:2814: test -s conftest.o
configure:2817: $? = 0
configure:2828: result: yes
configure:2845: checking for gcc option to accept ANSI C
configure:2915: gcc  -c -g -O2  conftest.c >&5
configure:2921: $? = 0
configure:2925: test -z 
			 || test ! -s conftest.err
configure:2928: $? = 0
configure:2931: test -s conftest.o
configure:2934: $? = 0
configure:2952: result: none needed
configure:2970: gcc -c -g -O2  conftest.c >&5
conftest.c:2: error: syntax error before "me"
configure:2976: $? = 1
configure: failed program was:
| #ifndef __cplusplus
|   choke me
| #endif
configure:3111: checking dependency style of gcc
configure:3201: result: gcc3
configure:3224: checking build system type
configure:3242: result: i686-pc-linux-gnu
configure:3250: checking host system type
configure:3264: result: i686-pc-linux-gnu
configure:3296: checking for ld used by GCC
configure:3360: result: /usr/bin/ld
configure:3369: checking if the linker (/usr/bin/ld) is GNU ld
configure:3382: result: yes
configure:3388: checking for shared library run path origin
configure:3401: result: done
configure:3818: checking whether NLS is requested
configure:3827: result: no
configure:4599: checking whether to use NLS
configure:4601: result: no
configure:4718: checking for ranlib
configure:4734: found /usr/bin/ranlib
configure:4745: result: ranlib
configure:4803: checking for gcc
configure:4829: result: gcc
configure:5073: checking for C compiler version
configure:5076: gcc --version </dev/null >&5
gcc (GCC) 3.4.3 20050227 (Red Hat 3.4.3-22.fc3)
Copyright (C) 2004 Free Software Foundation, Inc.
This is free software; see the source for copying conditions.  There is NO
warranty; not even for MERCHANTABILITY or FITNESS FOR A PARTICULAR PURPOSE.

configure:5079: $? = 0
configure:5081: gcc -v </dev/null >&5
Reading specs from /usr/lib/gcc/i386-redhat-linux/3.4.3/specs
Configured with: ../configure --prefix=/usr --mandir=/usr/share/man --infodir=/usr/share/info --enable-shared --enable-threads=posix --disable-checking --with-system-zlib --enable-__cxa_atexit --disable-libunwind-exceptions --enable-java-awt=gtk --host=i386-redhat-linux
Thread model: posix
gcc version 3.4.3 20050227 (Red Hat 3.4.3-22.fc3)
configure:5084: $? = 0
configure:5086: gcc -V </dev/null >&5
gcc: `-V' option must have argument
configure:5089: $? = 1
configure:5092: checking whether we are using the GNU C compiler
configure:5148: result: yes
configure:5154: checking whether gcc accepts -g
configure:5205: result: yes
configure:5222: checking for gcc option to accept ANSI C
configure:5329: result: none needed
configure:5347: gcc -c -g -O2  conftest.c >&5
conftest.c:2: error: syntax error before "me"
configure:5353: $? = 1
configure: failed program was:
| #ifndef __cplusplus
|   choke me
| #endif
configure:5488: checking dependency style of gcc
configure:5578: result: gcc3
configure:5608: checking for a BSD-compatible install
configure:5663: result: /usr/bin/install -c
configure:5687: checking how to run the C preprocessor
configure:5722: gcc -E  conftest.c
configure:5728: $? = 0
configure:5760: gcc -E  conftest.c
conftest.c:11:28: ac_nonexistent.h: No such file or directory
configure:5766: $? = 1
configure: failed program was:
| /* confdefs.h.  */
| 
| #define PACKAGE_NAME "DDC/CI control tool"
| #define PACKAGE_TARNAME "ddccontrol"
| #define PACKAGE_VERSION "0.1.1"
| #define PACKAGE_STRING "DDC/CI control tool 0.1.1"
| #define PACKAGE_BUGREPORT "Nicolas Boichat <nicolas@boichat.ch>"
| #define PACKAGE "ddccontrol"
| #define VERSION "0.1.1"
| /* end confdefs.h.  */
| #include <ac_nonexistent.h>
configure:5805: result: gcc -E
configure:5829: gcc -E  conftest.c
configure:5835: $? = 0
configure:5867: gcc -E  conftest.c
conftest.c:11:28: ac_nonexistent.h: No such file or directory
configure:5873: $? = 1
configure: failed program was:
| /* confdefs.h.  */
| 
| #define PACKAGE_NAME "DDC/CI control tool"
| #define PACKAGE_TARNAME "ddccontrol"
| #define PACKAGE_VERSION "0.1.1"
| #define PACKAGE_STRING "DDC/CI control tool 0.1.1"
| #define PACKAGE_BUGREPORT "Nicolas Boichat <nicolas@boichat.ch>"
| #define PACKAGE "ddccontrol"
| #define VERSION "0.1.1"
| /* end confdefs.h.  */
| #include <ac_nonexistent.h>
configure:5917: checking for egrep
configure:5927: result: grep -E
configure:5932: checking for ANSI C header files
configure:5957: gcc -c -g -O2  conftest.c >&5
configure:5963: $? = 0
configure:5967: test -z 
			 || test ! -s conftest.err
configure:5970: $? = 0
configure:5973: test -s conftest.o
configure:5976: $? = 0
configure:6065: gcc -o conftest -g -O2   conftest.c  >&5
configure:6068: $? = 0
configure:6070: ./conftest
configure:6073: $? = 0
configure:6088: result: yes
configure:6112: checking for sys/types.h
configure:6128: gcc -c -g -O2  conftest.c >&5
configure:6134: $? = 0
configure:6138: test -z 
			 || test ! -s conftest.err
configure:6141: $? = 0
configure:6144: test -s conftest.o
configure:6147: $? = 0
configure:6158: result: yes
configure:6112: checking for sys/stat.h
configure:6128: gcc -c -g -O2  conftest.c >&5
configure:6134: $? = 0
configure:6138: test -z 
			 || test ! -s conftest.err
configure:6141: $? = 0
configure:6144: test -s conftest.o
configure:6147: $? = 0
configure:6158: result: yes
configure:6112: checking for stdlib.h
configure:6128: gcc -c -g -O2  conftest.c >&5
configure:6134: $? = 0
configure:6138: test -z 
			 || test ! -s conftest.err
configure:6141: $? = 0
configure:6144: test -s conftest.o
configure:6147: $? = 0
configure:6158: result: yes
configure:6112: checking for string.h
configure:6128: gcc -c -g -O2  conftest.c >&5
configure:6134: $? = 0
configure:6138: test -z 
			 || test ! -s conftest.err
configure:6141: $? = 0
configure:6144: test -s conftest.o
configure:6147: $? = 0
configure:6158: result: yes
configure:6112: checking for memory.h
configure:6128: gcc -c -g -O2  conftest.c >&5
configure:6134: $? = 0
configure:6138: test -z 
			 || test ! -s conftest.err
configure:6141: $? = 0
configure:6144: test -s conftest.o
configure:6147: $? = 0
configure:6158: result: yes
configure:6112: checking for strings.h
configure:6128: gcc -c -g -O2  conftest.c >&5
configure:6134: $? = 0
configure:6138: test -z 
			 || test ! -s conftest.err
configure:6141: $? = 0
configure:6144: test -s conftest.o
configure:6147: $? = 0
configure:6158: result: yes
configure:6112: checking for inttypes.h
configure:6128: gcc -c -g -O2  conftest.c >&5
configure:6134: $? = 0
configure:6138: test -z 
			 || test ! -s conftest.err
configure:6141: $? = 0
configure:6144: test -s conftest.o
configure:6147: $? = 0
configure:6158: result: yes
configure:6112: checking for stdint.h
configure:6128: gcc -c -g -O2  conftest.c >&5
configure:6134: $? = 0
configure:6138: test -z 
			 || test ! -s conftest.err
configure:6141: $? = 0
configure:6144: test -s conftest.o
configure:6147: $? = 0
configure:6158: result: yes
configure:6112: checking for unistd.h
configure:6128: gcc -c -g -O2  conftest.c >&5
configure:6134: $? = 0
configure:6138: test -z 
			 || test ! -s conftest.err
configure:6141: $? = 0
configure:6144: test -s conftest.o
configure:6147: $? = 0
configure:6158: result: yes
configure:6195: checking stdio.h usability
configure:6207: gcc -c -g -O2  conftest.c >&5
configure:6213: $? = 0
configure:6217: test -z 
			 || test ! -s conftest.err
configure:6220: $? = 0
configure:6223: test -s conftest.o
configure:6226: $? = 0
configure:6236: result: yes
configure:6240: checking stdio.h presence
configure:6250: gcc -E  conftest.c
configure:6256: $? = 0
configure:6276: result: yes
configure:6311: checking for stdio.h
configure:6318: result: yes
configure:6186: checking for unistd.h
configure:6191: result: yes
configure:6195: checking sys/time.h usability
configure:6207: gcc -c -g -O2  conftest.c >&5
configure:6213: $? = 0
configure:6217: test -z 
			 || test ! -s conftest.err
configure:6220: $? = 0
configure:6223: test -s conftest.o
configure:6226: $? = 0
configure:6236: result: yes
configure:6240: checking sys/time.h presence
configure:6250: gcc -E  conftest.c
configure:6256: $? = 0
configure:6276: result: yes
configure:6311: checking for sys/time.h
configure:6318: result: yes
configure:6186: checking for stdlib.h
configure:6191: result: yes
configure:6195: checking errno.h usability
configure:6207: gcc -c -g -O2  conftest.c >&5
configure:6213: $? = 0
configure:6217: test -z 
			 || test ! -s conftest.err
configure:6220: $? = 0
configure:6223: test -s conftest.o
configure:6226: $? = 0
configure:6236: result: yes
configure:6240: checking errno.h presence
configure:6250: gcc -E  conftest.c
configure:6256: $? = 0
configure:6276: result: yes
configure:6311: checking for errno.h
configure:6318: result: yes
configure:6186: checking for unistd.h
configure:6191: result: yes
configure:6186: checking for string.h
configure:6191: result: yes
configure:6186: checking for sys/types.h
configure:6191: result: yes
configure:6186: checking for sys/stat.h
configure:6191: result: yes
configure:6195: checking fcntl.h usability
configure:6207: gcc -c -g -O2  conftest.c >&5
configure:6213: $? = 0
configure:6217: test -z 
			 || test ! -s conftest.err
configure:6220: $? = 0
configure:6223: test -s conftest.o
configure:6226: $? = 0
configure:6236: result: yes
configure:6240: checking fcntl.h presence
configure:6250: gcc -E  conftest.c
configure:6256: $? = 0
configure:6276: result: yes
configure:6311: checking for fcntl.h
configure:6318: result: yes
configure:6195: checking sys/ioctl.h usability
configure:6207: gcc -c -g -O2  conftest.c >&5
configure:6213: $? = 0
configure:6217: test -z 
			 || test ! -s conftest.err
configure:6220: $? = 0
configure:6223: test -s conftest.o
configure:6226: $? = 0
configure:6236: result: yes
configure:6240: checking sys/ioctl.h presence
configure:6250: gcc -E  conftest.c
configure:6256: $? = 0
configure:6276: result: yes
configure:6311: checking for sys/ioctl.h
configure:6318: result: yes
configure:6195: checking dirent.h usability
configure:6207: gcc -c -g -O2  conftest.c >&5
configure:6213: $? = 0
configure:6217: test -z 
			 || test ! -s conftest.err
configure:6220: $? = 0
configure:6223: test -s conftest.o
configure:6226: $? = 0
configure:6236: result: yes
configure:6240: checking dirent.h presence
configure:6250: gcc -E  conftest.c
configure:6256: $? = 0
configure:6276: result: yes
configure:6311: checking for dirent.h
configure:6318: result: yes
configure:6337: checking if linux/i2c-dev.h works alone
configure:6347: gcc -c -g -O2  conftest.c >&5
configure:6353: $? = 0
configure:6357: test -z 
			 || test ! -s conftest.err
configure:6360: $? = 0
configure:6363: test -s conftest.o
configure:6366: $? = 0
configure:6369: result: yes
configure:6604: checking for xml2-config
configure:6622: found /usr/bin/xml2-config
configure:6635: result: /usr/bin/xml2-config
configure:6681: checking pci/pci.h usability
configure:6693: gcc -c -g -O2 -Wall  -DDATADIR="\"${prefix}/share/ddccontrol-db\"" -DBINDIR="\"${exec_prefix}/bin\""  conftest.c >&5
configure:6699: $? = 0
configure:6703: test -z 
			 || test ! -s conftest.err
configure:6706: $? = 0
configure:6709: test -s conftest.o
configure:6712: $? = 0
configure:6722: result: yes
configure:6726: checking pci/pci.h presence
configure:6736: gcc -E  conftest.c
configure:6742: $? = 0
configure:6762: result: yes
configure:6797: checking for pci/pci.h
configure:6804: result: yes
configure:6822: checking for pci_alloc in -lpci
configure:6852: gcc -o conftest -g -O2 -Wall  -DDATADIR="\"${prefix}/share/ddccontrol-db\"" -DBINDIR="\"${exec_prefix}/bin\""   conftest.c -lpci   >&5
configure:6858: $? = 0
configure:6862: test -z 
			 || test ! -s conftest.err
configure:6865: $? = 0
configure:6868: test -s conftest
configure:6871: $? = 0
configure:6884: result: yes
configure:6924: checking for pkg-config
configure:6942: found /usr/bin/pkg-config
configure:6955: result: /usr/bin/pkg-config
configure:6976: checking for X
configure:7206: result: libraries /usr/X11R6/lib, headers /usr/X11R6/include
configure:7378: gcc -o conftest -g -O2 -Wall  -DDATADIR="\"${prefix}/share/ddccontrol-db\"" -DBINDIR="\"${exec_prefix}/bin\""   conftest.c -lpci   -L/usr/X11R6/lib -lX11 >&5
configure:7384: $? = 0
configure:7388: test -z 
			 || test ! -s conftest.err
configure:7391: $? = 0
configure:7394: test -s conftest
configure:7397: $? = 0
configure:7555: checking for gethostbyname
configure:7612: gcc -o conftest -g -O2 -Wall  -DDATADIR="\"${prefix}/share/ddccontrol-db\"" -DBINDIR="\"${exec_prefix}/bin\""   conftest.c -lpci  >&5
configure:7618: $? = 0
configure:7622: test -z 
			 || test ! -s conftest.err
configure:7625: $? = 0
configure:7628: test -s conftest
configure:7631: $? = 0
configure:7643: result: yes
configure:7794: checking for connect
configure:7851: gcc -o conftest -g -O2 -Wall  -DDATADIR="\"${prefix}/share/ddccontrol-db\"" -DBINDIR="\"${exec_prefix}/bin\""   conftest.c -lpci  >&5
configure:7857: $? = 0
configure:7861: test -z 
			 || test ! -s conftest.err
configure:7864: $? = 0
configure:7867: test -s conftest
configure:7870: $? = 0
configure:7882: result: yes
configure:7957: checking for remove
configure:8014: gcc -o conftest -g -O2 -Wall  -DDATADIR="\"${prefix}/share/ddccontrol-db\"" -DBINDIR="\"${exec_prefix}/bin\""   conftest.c -lpci  >&5
configure:8020: $? = 0
configure:8024: test -z 
			 || test ! -s conftest.err
configure:8027: $? = 0
configure:8030: test -s conftest
configure:8033: $? = 0
configure:8045: result: yes
configure:8120: checking for shmat
configure:8177: gcc -o conftest -g -O2 -Wall  -DDATADIR="\"${prefix}/share/ddccontrol-db\"" -DBINDIR="\"${exec_prefix}/bin\""   conftest.c -lpci  >&5
configure:8183: $? = 0
configure:8187: test -z 
			 || test ! -s conftest.err
configure:8190: $? = 0
configure:8193: test -s conftest
configure:8196: $? = 0
configure:8208: result: yes
configure:8292: checking for IceConnectionNumber in -lICE
configure:8322: gcc -o conftest -g -O2 -Wall  -DDATADIR="\"${prefix}/share/ddccontrol-db\"" -DBINDIR="\"${exec_prefix}/bin\""   -L/usr/X11R6/lib conftest.c -lICE  -lpci  >&5
configure:8328: $? = 0
configure:8332: test -z 
			 || test ! -s conftest.err
configure:8335: $? = 0
configure:8338: test -s conftest
configure:8341: $? = 0
configure:8354: result: yes
configure:8365: checking for XineramaQueryExtension in -lXinerama
configure:8395: gcc -o conftest -g -O2 -Wall  -DDATADIR="\"${prefix}/share/ddccontrol-db\"" -DBINDIR="\"${exec_prefix}/bin\""   conftest.c -lXinerama  -L/usr/X11R6/lib -lpci  >&5
configure:8401: $? = 0
configure:8405: test -z 
			 || test ! -s conftest.err
configure:8408: $? = 0
configure:8411: test -s conftest
configure:8414: $? = 0
configure:8427: result: yes
configure:8902: creating ./config.status

## ---------------------- ##
## Running config.status. ##
## ---------------------- ##

This file was extended by DDC/CI control tool config.status 0.1.1, which was
generated by GNU Autoconf 2.59.  Invocation command line was

  CONFIG_FILES    = 
  CONFIG_HEADERS  = 
  CONFIG_LINKS    = 
  CONFIG_COMMANDS = 
  $ ./config.status 

on krw.timesys.com

config.status:752: creating po/Makefile.in
config.status:752: creating Makefile
config.status:752: creating src/Makefile
config.status:752: creating src/lib/Makefile
config.status:752: creating src/ddccontrol/Makefile
config.status:752: creating src/gddccontrol/Makefile
config.status:752: creating src/ddcpci/Makefile
config.status:752: creating doc/Makefile
config.status:856: creating src/config.h
config.status:1176: executing default-1 commands
config.status:1176: executing depfiles commands

## ---------------- ##
## Cache variables. ##
## ---------------- ##

ac_cv_build=i686-pc-linux-gnu
ac_cv_build_alias=i686-pc-linux-gnu
ac_cv_c_compiler_gnu=yes
ac_cv_env_CC_set=
ac_cv_env_CC_value=
ac_cv_env_CFLAGS_set=
ac_cv_env_CFLAGS_value=
ac_cv_env_CPPFLAGS_set=
ac_cv_env_CPPFLAGS_value=
ac_cv_env_CPP_set=
ac_cv_env_CPP_value=
ac_cv_env_LDFLAGS_set=
ac_cv_env_LDFLAGS_value=
ac_cv_env_build_alias_set=
ac_cv_env_build_alias_value=
ac_cv_env_host_alias_set=
ac_cv_env_host_alias_value=
ac_cv_env_target_alias_set=
ac_cv_env_target_alias_value=
ac_cv_exeext=
ac_cv_func_connect=yes
ac_cv_func_gethostbyname=yes
ac_cv_func_remove=yes
ac_cv_func_shmat=yes
ac_cv_have_x='have_x=yes 		ac_x_includes=/usr/X11R6/include ac_x_libraries=/usr/X11R6/lib'
ac_cv_header_dirent_h=yes
ac_cv_header_errno_h=yes
ac_cv_header_fcntl_h=yes
ac_cv_header_inttypes_h=yes
ac_cv_header_memory_h=yes
ac_cv_header_pci_pci_h=yes
ac_cv_header_stdc=yes
ac_cv_header_stdint_h=yes
ac_cv_header_stdio_h=yes
ac_cv_header_stdlib_h=yes
ac_cv_header_string_h=yes
ac_cv_header_strings_h=yes
ac_cv_header_sys_ioctl_h=yes
ac_cv_header_sys_stat_h=yes
ac_cv_header_sys_time_h=yes
ac_cv_header_sys_types_h=yes
ac_cv_header_unistd_h=yes
ac_cv_host=i686-pc-linux-gnu
ac_cv_host_alias=i686-pc-linux-gnu
ac_cv_lib_ICE_IceConnectionNumber=yes
ac_cv_lib_Xinerama_XineramaQueryExtension=yes
ac_cv_lib_pci_pci_alloc=yes
ac_cv_objext=o
ac_cv_path_GMSGFMT=/usr/bin/msgfmt
ac_cv_path_MSGFMT=/usr/bin/msgfmt
ac_cv_path_MSGMERGE=/usr/bin/msgmerge
ac_cv_path_PKG_CONFIG=/usr/bin/pkg-config
ac_cv_path_XGETTEXT=/usr/bin/xgettext
ac_cv_path_XML2_CONFIG=/usr/bin/xml2-config
ac_cv_path_install='/usr/bin/install -c'
ac_cv_prog_AWK=gawk
ac_cv_prog_CPP='gcc -E'
ac_cv_prog_ac_ct_CC=gcc
ac_cv_prog_ac_ct_RANLIB=ranlib
ac_cv_prog_cc_g=yes
ac_cv_prog_cc_stdc=
ac_cv_prog_egrep='grep -E'
ac_cv_prog_make_make_set=yes
acl_cv_hardcode_direct=no
acl_cv_hardcode_libdir_flag_spec='${wl}-rpath ${wl}$libdir'
acl_cv_hardcode_libdir_separator=
acl_cv_hardcode_minus_L=no
acl_cv_libext=a
acl_cv_path_LD=/usr/bin/ld
acl_cv_prog_gnu_ld=yes
acl_cv_rpath=done
acl_cv_shlibext=so
acl_cv_wl=-Wl,
am_cv_CC_dependencies_compiler_type=gcc3

## ----------------- ##
## Output variables. ##
## ----------------- ##

ACLOCAL='${SHELL} /home/kwall/Desktop/ddccontrol-0.1.1/missing --run aclocal-1.8'
AMDEPBACKSLASH='\'
AMDEP_FALSE='#'
AMDEP_TRUE=''
AMTAR='${SHELL} /home/kwall/Desktop/ddccontrol-0.1.1/missing --run tar'
ASPELL=''
AUTOCONF='${SHELL} /home/kwall/Desktop/ddccontrol-0.1.1/missing --run autoconf'
AUTOHEADER='${SHELL} /home/kwall/Desktop/ddccontrol-0.1.1/missing --run autoheader'
AUTOMAKE='${SHELL} /home/kwall/Desktop/ddccontrol-0.1.1/missing --run automake-1.8'
AWK='gawk'
BUILD_DOC_FALSE=''
BUILD_DOC_TRUE='#'
CC='gcc'
CCDEPMODE='depmode=gcc3'
CFLAGS='-g -O2 -Wall  -DDATADIR="\"${prefix}/share/ddccontrol-db\"" -DBINDIR="\"${exec_prefix}/bin\""'
CPP='gcc -E'
CPPFLAGS=''
CYGPATH_W='echo'
DDCPCI='ddcpci'
DEFS='-DHAVE_CONFIG_H'
DEPDIR='.deps'
DOC=''
DOCBOOK_ROOT=''
ECHO_C=''
ECHO_N='-n'
ECHO_T=''
EGREP='grep -E'
EXEEXT=''
FOP=''
GDDCCONTROL='gddccontrol'
GMSGFMT='/usr/bin/msgfmt'
GNOME_CFLAGS='-I/usr/include/libxml2 -DXTHREADS -D_REENTRANT -DXUSE_MTSAFE_API -pthread -I/usr/include/gtk-2.0 -I/usr/lib/gtk-2.0/include -I/usr/X11R6/include -I/usr/include/atk-1.0 -I/usr/include/pango-1.0 -I/usr/include/freetype2 -I/usr/include/freetype2/config -I/usr/include/glib-2.0 -I/usr/lib/glib-2.0/include  '
GNOME_LDFLAGS='-L/usr/lib -lxml2 -lz -lpthread -lm -Wl,--export-dynamic -pthread -lgtk-x11-2.0 -lgdk-x11-2.0 -latk-1.0 -lgdk_pixbuf-2.0 -lm -lpangoxft-1.0 -lpangox-1.0 -lpango-1.0 -lgobject-2.0 -lgmodule-2.0 -ldl -lgthread-2.0 -lglib-2.0  '
INSTALL_DATA='${INSTALL} -m 644'
INSTALL_PROGRAM='${INSTALL}'
INSTALL_SCRIPT='${INSTALL}'
INSTALL_STRIP_PROGRAM='${SHELL} $(install_sh) -c -s'
INTLLIBS=''
LDFLAGS=''
LIBICONV='-liconv'
LIBINTL=''
LIBOBJS=''
LIBS='-lpci '
LIBXML2_CFLAGS='-I/usr/include/libxml2'
LIBXML2_LDFLAGS='-L/usr/lib -lxml2 -lz -lpthread -lm'
LTLIBICONV='-liconv'
LTLIBINTL=''
LTLIBOBJS=''
MAINT='#'
MAINTAINER_MODE_FALSE=''
MAINTAINER_MODE_TRUE='#'
MAKEINFO='${SHELL} /home/kwall/Desktop/ddccontrol-0.1.1/missing --run makeinfo'
MKINSTALLDIRS='$(top_builddir)/./mkinstalldirs'
MSGFMT='/usr/bin/msgfmt'
MSGMERGE='/usr/bin/msgmerge'
OBJEXT='o'
PACKAGE='ddccontrol'
PACKAGE_BUGREPORT='Nicolas Boichat <nicolas@boichat.ch>'
PACKAGE_NAME='DDC/CI control tool'
PACKAGE_STRING='DDC/CI control tool 0.1.1'
PACKAGE_TARNAME='ddccontrol'
PACKAGE_VERSION='0.1.1'
PATH_SEPARATOR=':'
PKG_CONFIG='/usr/bin/pkg-config'
POSUB=''
RANLIB='ranlib'
SCP=''
SET_MAKE=''
SHELL='/bin/sh'
SSH=''
STRIP=''
TIDY=''
USE_NLS='no'
VERSION='0.1.1'
XGETTEXT='/usr/bin/xgettext'
XINERAMA_LIBS='-lXinerama'
XML2_CONFIG='/usr/bin/xml2-config'
XML_CATALOG=''
XSLTPROC=''
XSLTPROC_FLAGS=''
X_CFLAGS=' -I/usr/X11R6/include'
X_EXTRA_LIBS=''
X_LIBS=' -L/usr/X11R6/lib'
X_PRE_LIBS=' -lSM -lICE'
ac_ct_CC='gcc'
ac_ct_RANLIB='ranlib'
ac_ct_STRIP=''
am__fastdepCC_FALSE='#'
am__fastdepCC_TRUE=''
am__include='include'
am__leading_dot='.'
am__quote=''
bindir='${exec_prefix}/bin'
build='i686-pc-linux-gnu'
build_alias=''
build_cpu='i686'
build_os='linux-gnu'
build_vendor='pc'
datadir='${prefix}/share'
exec_prefix='${prefix}'
host='i686-pc-linux-gnu'
host_alias=''
host_cpu='i686'
host_os='linux-gnu'
host_vendor='pc'
includedir='${prefix}/include'
infodir='${prefix}/info'
install_sh='/home/kwall/Desktop/ddccontrol-0.1.1/install-sh'
libdir='${exec_prefix}/lib'
libexecdir='${exec_prefix}/libexec'
localstatedir='${prefix}/var'
mandir='${prefix}/man'
mkdir_p='mkdir -p -- .'
oldincludedir='/usr/include'
prefix='/usr/local'
program_transform_name='s,x,x,'
sbindir='${exec_prefix}/sbin'
sharedstatedir='${prefix}/com'
sysconfdir='${prefix}/etc'
target_alias=''

## ----------- ##
## confdefs.h. ##
## ----------- ##

#define HAVE_DDCPCI 1
#define HAVE_DIRENT_H 1
#define HAVE_ERRNO_H 1
#define HAVE_FCNTL_H 1
#define HAVE_INTTYPES_H 1
#define HAVE_LIBPCI 1
#define HAVE_MEMORY_H 1
#define HAVE_PCI_PCI_H 1
#define HAVE_STDINT_H 1
#define HAVE_STDIO_H 1
#define HAVE_STDLIB_H 1
#define HAVE_STDLIB_H 1
#define HAVE_STRINGS_H 1
#define HAVE_STRING_H 1
#define HAVE_STRING_H 1
#define HAVE_SYS_IOCTL_H 1
#define HAVE_SYS_STAT_H 1
#define HAVE_SYS_STAT_H 1
#define HAVE_SYS_TIME_H 1
#define HAVE_SYS_TYPES_H 1
#define HAVE_SYS_TYPES_H 1
#define HAVE_UNISTD_H 1
#define HAVE_UNISTD_H 1
#define HAVE_UNISTD_H 1
#define HAVE_XINERAMA 1
#define PACKAGE "ddccontrol"
#define PACKAGE_BUGREPORT "Nicolas Boichat <nicolas@boichat.ch>"
#define PACKAGE_NAME "DDC/CI control tool"
#define PACKAGE_STRING "DDC/CI control tool 0.1.1"
#define PACKAGE_TARNAME "ddccontrol"
#define PACKAGE_VERSION "0.1.1"
#define STDC_HEADERS 1
#define VERSION "0.1.1"
#define _GNU_SOURCE 1

configure: exit 0
