$ ddccontrol -pcd
ddccontrol version 0.6.0
Copyright 2004-2005 Oleg I. Vdovikin (oleg@...13...)
Copyright 2004-2006 Nicolas Boichat (nicolas@...3...)
This program comes with ABSOLUTELY NO WARRANTY.
You may redistribute copies of this program under the terms of the GNU General Public License.

Detected monitors :
 - Device: dev:/dev/i2c-2
   DDC/CI supported: No
   Monitor Name: VESA standard monitor
   Input type: Digital
 - Device: dev:/dev/i2c-1
   DDC/CI supported: Yes
   Monitor Name: VESA standard monitor
   Input type: Analog
  (Automatically selected)
Reading EDID and initializing DDC/CI at bus dev:/dev/i2c-1...
I/O warning : failed to load external entity "/nix/store/32qdzmclxl5q5cimkrdv131gpc1p81hp-ddccontrol-db-20231004/share/ddccontrol-db/monitor/NEC68BF.xml"
Document not parsed successfully.

EDID readings:
	Plug and Play ID: NEC68BF [VESA standard monitor]
	Input type: Analog
=============================== WARNING ===============================
There is no support for your monitor in the database, but ddccontrol is
using a basic generic profile. Many controls will not be supported, and
some controls may not work as expected.
Please update ddccontrol-db, or, if you are already using the latest
version, please send the output of the following command to
ddccontrol-users@lists.sourceforge.net:

LANG= LC_ALL= ddccontrol -p -c -d

Thank you.
=============================== WARNING ===============================

Capabilities:
ioctl(): Inappropriate ioctl for device
ioctl returned -1
ioctl(): Inappropriate ioctl for device
ioctl returned -1
ioctl(): Inappropriate ioctl for device
ioctl returned -1
ioctl(): Inappropriate ioctl for device
ioctl returned -1
ioctl(): Inappropriate ioctl for device
ioctl returned -1
ioctl(): Inappropriate ioctl for device
ioctl returned -1
ioctl(): Inappropriate ioctl for device
ioctl returned -1
ioctl(): Inappropriate ioctl for device
ioctl returned -1
ioctl(): Inappropriate ioctl for device
ioctl returned -1
Capabilities read fail.

Controls (valid/current/max) [Description - Value name]:
Control 0x02: +/2/2   [???]
Control 0x04: +/0/1   [???]
Control 0x05: +/0/1   [???]
Control 0x06: +/0/1   [???]
Control 0x08: +/0/1   [???]
Control 0x0e: +/123/781   [???]
Control 0x10: +/28/70   [???]
Control 0x12: +/50/100   [???]
Control 0x14: +/4/12   [???]
Control 0x16: +/192/192   [???]
Control 0x18: +/165/192   [???]
Control 0x1a: +/143/192   [???]
Control 0x1e: +/0/1   [???]
Control 0x20: +/123/263   [???]
Control 0x30: +/35/45   [???]
Control 0x3e: +/127/127   [???]
Control 0x62: +/49/100   [???]
Control 0x68: +/1/14   [???]
Control 0x8d: +/2/2   [???]
Control 0xb0: +/1/2   [???]
Control 0xb6: +/3/8   [???]
Control 0xd6: +/1/4   [???]
Control 0xdf: +/512/65535   [???]
Control 0xe3: +/0/1   [???]
Control 0xf4: +/0/65535   [???]
Control 0xf5: +/1/14   [???]
Control 0xf9: +/0/5   [???]
Control 0xfa: +/65535/65535   [???]
Control 0xfb: +/0/1   [???]
Control 0xfc: +/7/22   [???]
Control 0xff: +/33309/65535   [???]
