ddccontrol version 0.4.2
Copyright 2004-2005 Oleg I. Vdovikin (oleg@...13...)
Copyright 2004-2006 Nicolas Boichat (nicolas@...3...)
This program comes with ABSOLUTELY NO WARRANTY.
You may redistribute copies of this program under the terms of the GNU General Public License.

Probing for available monitors..I/O warning : failed to load external entity "/usr/share/ddccontrol-db/monitor/SAM01D0.xml"
Document not parsed successfully.
...I/O warning : failed to load external entity "/usr/share/ddccontrol-db/monitor/SAM01D0.xml"
Document not parsed successfully.
.I/O warning : failed to load external entity "/usr/share/ddccontrol-db/monitor/SAM01D0.xml"
Document not parsed successfully.

Detected monitors :
 - Device: pci:01:00.0-2
   DDC/CI supported: Yes
   Monitor Name: VESA standard monitor
   Input type: Digital
  (Automatically selected)
 - Device: dev:/dev/i2c-0
   DDC/CI supported: Yes
   Monitor Name: VESA standard monitor
   Input type: Digital
Reading EDID and initializing DDC/CI at bus pci:01:00.0-2...

EDID readings:
	Plug and Play ID: SAM01D0 [VESA standard monitor]
	Input type: Digital
=============================== WARNING ===============================
There is no support for your monitor in the database, but ddccontrol is
using a basic generic profile. Many controls will not be supported, and
some controls may not work as expected.
Please update ddccontrol-db, or, if you are already using the latest
version, please send the output of the following command to
ddccontrol-users@lists.sourceforge.net:

LANG= LC_ALL= ddccontrol -p -c -d

Thank you.
=============================== WARNING ===============================

Capabilities:
Raw output: (type(LCD)vcp(04 05 08 10 12 59 5A 5B 5C 5D 5E 60(1 3) 9B 9C 9D 9E 9F A0 B0(1 2) B6 C6 C8 C9 D6(1 5) DC(1 2 3 4) DF F2 F0(0 1 2 3) F8 E0 ))
Parsed output: 
	VCP: 04 05 08 10 12 59 5a 5b 5c 5d 5e 60 9b 9c 9d 9e 9f a0 b0 b6 c6 c8 c9 d6 dc df e0 f0 f2 f8 
	Type: Unknown

Controls (valid/current/max) [Description - Value name]:
Control 0x00: +/17976/10528   [???]
Control 0x01: +/17976/10528   [???]
Control 0x02: +/17976/10528   [???]
Control 0x03: +/17976/10528   [???]
Control 0x04: +/17976/10528 C [Restore Factory Defaults]
Control 0x05: +/17976/10528 C [Restore Brightness and Contrast]
Control 0x06: +/17976/10528   [???]
Control 0x07: +/17976/10528   [???]
Control 0x08: +/17976/10528 C [Restore Factory Default Color]
Control 0x09: +/17976/10528   [???]
Control 0x0a: +/17976/10528   [???]
Control 0x0b: +/17976/10528   [???]
Control 0x0c: +/17976/10528   [???]
Control 0x0d: +/17976/10528   [???]
Control 0x0e: +/50/100   [???]
Control 0x0f: +/50/100   [???]
Control 0x10: +/80/100 C [Brightness]
Control 0x11: +/80/100   [???]
Control 0x12: +/65/100 C [Contrast]
Control 0x13: +/65/100   [???]
Control 0x14: +/65/100   [???]
Control 0x15: +/65/100   [???]
Control 0x16: +/65/100   [???]
Control 0x17: +/65/100   [???]
Control 0x18: +/65/100   [???]
Control 0x19: +/65/100   [???]
Control 0x1a: +/65/100   [???]
Control 0x1b: +/65/100   [???]
Control 0x1c: +/65/100   [???]
Control 0x1d: +/65/100   [???]
Control 0x1e: +/0/2   [???]
Control 0x1f: +/0/2   [???]
Control 0x20: +/33/100   [???]
Control 0x21: +/33/100   [???]
Control 0x22: +/33/100   [???]
Control 0x23: +/33/100   [???]
Control 0x24: +/33/100   [???]
Control 0x25: +/33/100   [???]
Control 0x26: +/33/100   [???]
Control 0x27: +/33/100   [???]
Control 0x28: +/33/100   [???]
Control 0x29: +/33/100   [???]
Control 0x2a: +/33/100   [???]
Control 0x2b: +/33/100   [???]
Control 0x2c: +/33/100   [???]
Control 0x2d: +/33/100   [???]
Control 0x2e: +/33/100   [???]
Control 0x2f: +/33/100   [???]
Control 0x30: +/44/98   [???]
Control 0x31: +/44/98   [???]
Control 0x32: +/44/98   [???]
Control 0x33: +/44/98   [???]
Control 0x34: +/44/98   [???]
Control 0x35: +/44/98   [???]
Control 0x36: +/44/98   [???]
Control 0x37: +/44/98   [???]
Control 0x38: +/44/98   [???]
Control 0x39: +/44/98   [???]
Control 0x3a: +/44/98   [???]
Control 0x3b: +/44/98   [???]
Control 0x3c: +/44/98   [???]
Control 0x3d: +/44/98   [???]
Control 0x3e: +/0/63   [???]
Control 0x3f: +/0/63   [???]
Control 0x40: +/0/63   [???]
Control 0x41: +/0/63   [???]
Control 0x42: +/0/63   [???]
Control 0x43: +/0/63   [???]
Control 0x44: +/0/63   [???]
Control 0x45: +/0/63   [???]
Control 0x46: +/0/63   [???]
Control 0x47: +/0/63   [???]
Control 0x48: +/0/63   [???]
Control 0x49: +/0/63   [???]
Control 0x4a: +/0/63   [???]
Control 0x4b: +/0/63   [???]
Control 0x4c: +/0/63   [???]
Control 0x4d: +/0/63   [???]
Control 0x4e: +/0/63   [???]
Control 0x4f: +/0/63   [???]
Control 0x50: +/0/63   [???]
Control 0x51: +/0/63   [???]
Control 0x52: +/0/63   [???]
Control 0x53: +/0/63   [???]
Control 0x54: +/0/63   [???]
Control 0x55: +/0/63   [???]
Control 0x56: +/0/63   [???]
Control 0x57: +/0/63   [???]
Control 0x58: +/0/63   [???]
Control 0x59: +/50/100 C [???]
Control 0x5a: +/50/100 C [???]
Control 0x5b: +/50/100 C [???]
Control 0x5c: +/50/100 C [???]
Control 0x5d: +/50/100 C [???]
Control 0x5e: +/50/100 C [???]
Control 0x5f: +/50/100   [???]
Control 0x60: +/3/3 C [Input Source Select - Digital]
Control 0x61: +/3/3   [???]
Control 0x62: +/3/3   [???]
Control 0x63: +/3/3   [???]
Control 0x64: +/3/3   [???]
Control 0x65: +/3/3   [???]
Control 0x66: +/3/3   [???]
Control 0x67: +/3/3   [???]
Control 0x68: +/3/3   [???]
Control 0x69: +/3/3   [???]
Control 0x6a: +/3/3   [???]
Control 0x6b: +/3/3   [???]
Control 0x6c: +/3/3   [???]
Control 0x6d: +/3/3   [???]
Control 0x6e: +/3/3   [???]
Control 0x6f: +/3/3   [???]
Control 0x70: +/3/3   [???]
Control 0x71: +/3/3   [???]
Control 0x72: +/3/3   [???]
Control 0x73: +/3/3   [???]
Control 0x74: +/3/3   [???]
Control 0x75: +/3/3   [???]
Control 0x76: +/3/3   [???]
Control 0x77: +/3/3   [???]
Control 0x78: +/3/3   [???]
Control 0x79: +/3/3   [???]
Control 0x7a: +/3/3   [???]
Control 0x7b: +/3/3   [???]
Control 0x7c: +/3/3   [???]
Control 0x7d: +/3/3   [???]
Control 0x7e: +/3/3   [???]
Control 0x7f: +/3/3   [???]
Control 0x80: +/3/3   [???]
Control 0x81: +/3/3   [???]
Control 0x82: +/3/3   [???]
Control 0x83: +/3/3   [???]
Control 0x84: +/3/3   [???]
Control 0x85: +/3/3   [???]
Control 0x86: +/3/3   [???]
Control 0x87: +/0/14   [???]
Control 0x88: +/0/14   [???]
Control 0x89: +/0/14   [???]
Control 0x8a: +/0/14   [???]
Control 0x8b: +/0/14   [???]
Control 0x8c: +/0/14   [???]
Control 0x8d: +/0/14   [???]
Control 0x8e: +/0/14   [???]
Control 0x8f: +/0/14   [???]
Control 0x90: +/0/14   [???]
Control 0x91: +/0/14   [???]
Control 0x92: +/0/14   [???]
Control 0x93: +/0/14   [???]
Control 0x94: +/0/14   [???]
Control 0x95: +/0/14   [???]
Control 0x96: +/0/14   [???]
Control 0x97: +/0/14   [???]
Control 0x98: +/0/14   [???]
Control 0x99: +/0/14   [???]
Control 0x9a: +/0/14   [???]
Control 0x9b: +/50/100 C [???]
Control 0x9c: +/50/100 C [???]
Control 0x9d: +/50/100 C [???]
Control 0x9e: +/50/100 C [???]
Control 0x9f: +/50/100 C [???]
Control 0xa0: +/50/100 C [???]
Control 0xa1: +/50/100   [???]
Control 0xa2: +/50/100   [???]
Control 0xa3: +/50/100   [???]
Control 0xa4: +/50/100   [???]
Control 0xa5: +/50/100   [???]
Control 0xa6: +/50/100   [???]
Control 0xa7: +/50/100   [???]
Control 0xa8: +/50/100   [???]
Control 0xa9: +/50/100   [???]
Control 0xaa: +/50/100   [???]
Control 0xab: +/50/100   [???]
Control 0xac: +/50/100   [???]
Control 0xad: +/50/100   [???]
Control 0xae: +/50/100   [???]
Control 0xaf: +/50/100   [???]
Control 0xb0: +/0/2 C [Settings]
Control 0xb1: +/0/2   [???]
Control 0xb2: +/0/2   [???]
Control 0xb3: +/0/2   [???]
Control 0xb4: +/0/2   [???]
Control 0xb5: +/0/2   [???]
Control 0xb6: +/0/2 C [???]
Control 0xb7: +/0/2   [???]
Control 0xb8: +/0/2   [???]
Control 0xb9: +/0/2   [???]
Control 0xba: +/0/2   [???]
Control 0xbb: +/0/2   [???]
Control 0xbc: +/0/2   [???]
Control 0xbd: +/0/2   [???]
Control 0xbe: +/0/2   [???]
Control 0xbf: +/0/2   [???]
Control 0xc0: +/0/2   [???]
Control 0xc1: +/0/2   [???]
Control 0xc2: +/0/2   [???]
Control 0xc3: +/0/2   [???]
Control 0xc4: +/0/2   [???]
Control 0xc5: +/0/2   [???]
Control 0xc6: +/0/2 C [???]
Control 0xc7: +/0/2   [???]
Control 0xc8: +/0/2 C [???]
Control 0xc9: +/0/2 C [???]
Control 0xca: +/0/2   [???]
Control 0xcb: +/0/2   [???]
Control 0xcc: +/0/2   [???]
Control 0xcd: +/0/2   [???]
Control 0xce: +/0/2   [???]
Control 0xcf: +/0/2   [???]
Control 0xd0: +/0/2   [???]
Control 0xd1: +/0/2   [???]
Control 0xd2: +/0/2   [???]
Control 0xd3: +/0/2   [???]
Control 0xd4: +/0/2   [???]
Control 0xd5: +/0/2   [???]
Control 0xd6: +/1/4 C [DPMS Control - On]
Control 0xd7: +/1/4   [???]
Control 0xd8: +/1/4   [???]
Control 0xd9: +/1/4   [???]
Control 0xda: +/1/4   [???]
Control 0xdb: +/1/4   [???]
Control 0xdc: +/4/4 C [???]
Control 0xdd: +/4/4   [???]
Control 0xde: +/4/4   [???]
Control 0xdf: +/4/4 C [???]
Control 0xe0: +/2/6 C [???]
Control 0xe1: +/1/1   [???]
Control 0xe2: +/1/1   [???]
Control 0xe3: +/1/1   [???]
Control 0xe4: +/1/1   [???]
Control 0xe5: +/1/1   [???]
Control 0xe6: +/1/1   [???]
Control 0xe7: +/1/1   [???]
Control 0xe8: +/1/1   [???]
Control 0xe9: +/1/1   [???]
Control 0xea: +/1/1   [???]
Control 0xeb: +/1/1   [???]
Control 0xec: +/1/1   [???]
Control 0xed: +/1/1   [???]
Control 0xee: +/1/1   [???]
Control 0xef: +/1/1   [???]
Control 0xf0: +/3/3 C [???]
Control 0xf1: +/3/3   [???]
Control 0xf2: +/2/8 C [???]
Control 0xf3: +/2/8   [???]
Control 0xf4: +/2/8   [???]
Control 0xf5: +/0/2   [???]
Control 0xf6: +/0/2   [???]
Control 0xf7: +/0/2   [???]
Control 0xf8: +/0/1 C [???]
Control 0xf9: +/0/1   [???]
Control 0xfa: +/0/1   [???]
Control 0xfb: +/0/1   [???]
Control 0xfc: +/0/1   [???]
Control 0xfd: +/0/1   [???]
Control 0xfe: +/0/1   [???]
Control 0xff: +/0/1   [???]
