ddccontrol version 0.4.4
Copyright 2004-2005 Oleg I. Vdovikin (oleg@cs.msu.su)
Copyright 2004-2006 Nicolas Boichat (nicolas@boichat.ch)
This program comes with ABSOLUTELY NO WARRANTY.
You may redistribute copies of this program under the terms of the GNU General Public License.

Probing for available monitors....I/O warning : failed to load external entity "/usr/share/ddccontrol-db/monitor/BOE0792.xml"
Document not parsed successfully.
.I/O warning : failed to load external entity "/usr/share/ddccontrol-db/monitor/HPN3499.xml"
Document not parsed successfully.
......I/O warning : failed to load external entity "/usr/share/ddccontrol-db/monitor/HPN3499.xml"
Document not parsed successfully.
Invalid response, first byte is 0x00, should be 0x6e
00 6e 88 02 00 87 00 00 07 00 04                | .n.........     

Detected monitors :
 - Device: dev:/dev/i2c-6
   DDC/CI supported: No
   Monitor Name: VESA standard monitor
   Input type: Digital
 - Device: dev:/dev/i2c-5
   DDC/CI supported: Yes
   Monitor Name: VESA standard monitor
   Input type: Digital
  (Automatically selected)
Reading EDID and initializing DDC/CI at bus dev:/dev/i2c-5...

EDID readings:
	Plug and Play ID: HPN3499 [VESA standard monitor]
	Input type: Digital
=============================== WARNING ===============================
There is no support for your monitor in the database, but ddccontrol is
using a basic generic profile. Many controls will not be supported, and
some controls may not work as expected.
Please update ddccontrol-db, or, if you are already using the latest
version, please send the output of the following command to
ddccontrol-users@lists.sourceforge.net:

LANG= LC_ALL= ddccontrol -p -c -d

Thank you.
=============================== WARNING ===============================

Capabilities:
Raw output: (prot(monitor)type(LCD)model(VH240a)cmds(01 02 03 07 0C E3 F3)vcp(02 04 05 08 0B 0C 10 12 14(04 05 08 0B) 16 18 1A 2E(00 01 02 03) 52 60(01 11) 62 6C 6E 70 86(02 05) 87(01 02 03 04 05 06 07) 8D(01 02) AA(01 02) AC AE B2 B6 C0 C6 C8 C9 CA(01 02) CC(01 02 03 04 05 06 08 0A 0D 14) D6(01 02 03 04 05) DA(00 02) DC(02 04 07 08 09 0B) DF E6(00 01) E9(00 01) EA(00 01) EB(01 02 03 04 05) EF(01 02 03 04 05) F0 FA(00 01) FB FC FD FE(00 01 02 04))mswhql(1)asset_eep(40)mccs_ver(2.2))
Parsed output: 
	VCP: 02 04 05 08 0b 0c 10 12 14 16 18 1a 2e 52 60 62 6c 6e 70 86 87 8d aa ac ae b2 b6 c0 c6 c8 c9 ca cc d6 da dc df e6 e9 ea eb ef f0 fa fb fc fd fe 
	Type: Unknown

Controls (valid/current/max) [Description - Value name]:
Control 0x02: +/1/2 C [Secondary Degauss - Secondary Degauss]
Control 0x04: +/0/1 C [Restore Factory Defaults]
Control 0x05: +/0/1 C [Restore Brightness and Contrast]
Control 0x06: +/0/1   [???]
Control 0x08: +/0/1 C [Restore Factory Default Color]
Control 0x0b: +/50/50 C [???]
Control 0x0c: +/0/126 C [???]
Control 0x0e: +/0/100   [???]
Control 0x10: +/64/100 C [Brightness]
Control 0x12: +/53/100 C [Contrast]
Control 0x14: +/10/11 C [???]
Control 0x16: +/255/255 C [Red maximum level]
Control 0x18: +/255/255 C [Green maximum level]
Control 0x1a: +/255/255 C [Blue maximum level]
Control 0x1e: +/0/1   [???]
Control 0x1f: +/1/1   [???]
Control 0x20: +/0/100   [???]
Control 0x2e: +/0/3 C [???]
Control 0x30: +/0/100   [???]
Control 0x3e: +/0/100   [???]
Control 0x52: +/0/255 C [???]
Control 0x60: +/17/17 C [Input Source Select (Main)]
Control 0x62: +/100/100 C [Audio Speaker Volume Adjust]
Control 0x6c: +/128/255 C [Red minimum level]
Control 0x6e: +/128/255 C [Green minimum level]
Control 0x70: +/128/255 C [Blue minimum level]
Control 0x86: +/2/5 C [???]
Control 0x87: +/4/7 C [???]
Control 0x8d: +/2/2 C [???]
Control 0xaa: +/1/2 C [OSD Orientation - Landscape]
Control 0xac: +/2064/1 C [???]
Control 0xae: +/6010/65535 C [???]
Control 0xb2: +/1/1 C [???]
Control 0xb6: +/3/5 C [???]
Control 0xc0: +/213/65535 C [???]
Control 0xc6: +/90/255 C [???]
Control 0xc8: +/33033/39 C [???]
Control 0xc9: +/256/65535 C [???]
Control 0xca: +/2/2 C [???]
Control 0xcc: +/2/20 C [???]
Control 0xd6: +/1/5 C [DPMS Control - On]
Control 0xda: +/0/2 C [???]
Control 0xdc: +/2/11 C [???]
Control 0xdf: +/514/65535 C [???]
Control 0xe6: +/1/1 C [???]
Control 0xe9: +/1/1 C [???]
Control 0xea: +/0/1 C [???]
Control 0xeb: +/1/5 C [???]
Control 0xef: +/1284/65535 C [???]
Control 0xf0: +/4126/1284 C [???]
Control 0xfa: +/0/255 C [???]
Control 0xfb: +/6/60 C [???]
Control 0xfc: +/0/65535 C [???]
Control 0xfd: +/0/65535 C [???]
Control 0xfe: +/0/255 C [???]
