ddccontrol version 0.3
Copyright 2005 Oleg I. Vdovikin (oleg@...13...) and Nicolas Boichat (nicolas@...3...)
This program comes with ABSOLUTELY NO WARRANTY.
You may redistribute copies of this program under the terms of the GNU General Public License.

Probing for available monitors...sendbytes: error - bailout.

Detected monitors :
 - Device: pci:00:02.0-0
   DDC/CI supported: Yes
   Monitor Name: SUN GDM-5410
   Input type: Analog
  (Automatically selected)
Reading EDID and initializing DDC/CI at bus pci:00:02.0-0...

EDID readings:
	Plug and Play ID: SUN0577 [SUN GDM-5410]
	Input type: Analog

Capabilities:
(prot(monitor)  type(crt) model( SUN7705           edid bin(128(

Controls (valid/current/max) [Description - Value name]:
Control 0x00: +/0/0 [???]
Control 0x01: +/0/0 [???]
Control 0x08: +/0/0 [???]
Control 0x10: +/39/255 [Brightness]
Control 0x12: +/175/255 [Contrast]
Control 0x14: +/2/2 [Color Preset - 9300K]
Control 0x16: +/233/255 [???]
Control 0x18: +/228/255 [???]
Control 0x1a: +/243/255 [???]
Control 0x20: +/130/255 [Horizontal Position]
Control 0x22: +/84/255 [Horizontal Size]
Control 0x24: +/119/255 [Horizontal Pincushion]
Control 0x26: +/115/255 [Horizontal Pincushion Balance]
Control 0x28: +/118/255 [Horizontal Misconvergence]
Control 0x30: +/147/255 [Vertical Position]
Control 0x32: +/142/255 [Vertical Size]
Control 0x38: +/138/255 [Vertical Misconvergence]
Control 0x40: +/135/255 [Parallelogram Distortion (Key Balance)]
Control 0x42: +/152/255 [Trapezoidal Distortion (Key)]
Control 0x44: +/134/255 [Rotation (Tilt)]
Control 0x54: +/172/240 [???]
Control 0x56: +/0/255 [Horizontal Moire]
Control 0x68: +/1/8 [???]
Control 0x6c: +/128/255 [???]
Control 0x6e: +/128/255 [???]
Control 0x70: +/128/255 [???]
Control 0xe0: +/0/0 [???]
Control 0xe2: +/0/0 [???]
Control 0xf1: +/218/255 [???]
Control 0xf2: +/145/255 [???]
Control 0xf3: +/164/255 [???]
Control 0xf4: +/108/255 [???]
Control 0xf5: +/0/2 [???]
Control 0xf6: +/82/255 [???]
Control 0xf7: +/43/255 [???]
