# ddccontrol -p -c -d
ddccontrol version 0.4.1
Copyright 2004-2005 Oleg I. Vdovikin (oleg@cs.msu.su)
Copyright 2004-2006 Nicolas Boichat (nicolas@boichat.ch)
This program comes with ABSOLUTELY NO WARRANTY.
You may redistribute copies of this program under the terms of the GNU General Public License.

Probing for available monitors..last_substr=58
I/O warning : failed to load external entity "/usr/share/ddccontrol-db/monitor/SAM0029.xml"
Document not parsed successfully.
I/O warning : failed to load external entity "/usr/share/ddccontrol-db/monitor/SAMcrt.xml"
Document not parsed successfully.
..last_substr=58
I/O warning : failed to load external entity "/usr/share/ddccontrol-db/monitor/SAM0029.xml"
Document not parsed successfully.
I/O warning : failed to load external entity "/usr/share/ddccontrol-db/monitor/SAMcrt.xml"
Document not parsed successfully.
...
Detected monitors :
 - Device: pci:01:00.0-2
   DDC/CI supported: Yes
   Monitor Name: VESA standard monitor
   Input type: Analog
  (Automatically selected)
 - Device: dev:/dev/i2c-2
   DDC/CI supported: Yes
   Monitor Name: VESA standard monitor
   Input type: Analog
Reading EDID and initializing DDC/CI at bus pci:01:00.0-2...
i2c-algo-bit.o: readbytes: i2c_inb timed out.
Error while reading read message answer: Bad message
i2c-algo-bit.o: readbytes: Timeout at ack
Error while reading read message answer: Bad message
last_substr=58
I/O warning : failed to load external entity "/usr/share/ddccontrol-db/monitor/SAM0029.xml"
Document not parsed successfully.
I/O warning : failed to load external entity "/usr/share/ddccontrol-db/monitor/SAMcrt.xml"
Document not parsed successfully.

EDID readings:
	Plug and Play ID: SAM0029 [VESA standard monitor]
	Input type: Analog
=============================== WARNING ===============================
There is no support for your monitor in the database, but ddccontrol is
using a basic generic profile. Many controls will not be supported, and
some controls may not work as expected.
Please update ddccontrol-db, or, if you are already using the latest
version, please send the output of the following command to
ddccontrol-users@lists.sourceforge.net:

LANG= LC_ALL= ddccontrol -p -c -d

Thank you.
=============================== WARNING ===============================

Capabilities:
i2c-algo-bit.o: readbytes: i2c_inb timed out.
Error while reading read message answer: Bad message
i2c-algo-bit.o: readbytes: i2c_inb timed out.
Error while reading read message answer: Bad message
last_substr=58
Raw output: (prot(monitor)type(crt)model(Phoenix(CPG Series))edid bin(128(################################################################################################################################
Parsed output: 
	VCP: 
	Type: CRT

Controls (valid/current/max) [Description - Value name]:
Invalid response, first byte is 0x50, should be 0x6e
50 00 28 30 31 20 30 32 20 30 33                | P.(01 02 03     
Invalid response, first byte is 0x50, should be 0x6e
50 20 45 33 20 46 70 00 00 00 00                | P E3 Fp....     
Invalid response, first byte is 0x50, should be 0x6e
50 00 00 00 00 00 00 00 00 00 00                | P..........     
Control 0x01: +/0/255   [???]
Invalid response, first byte is 0x50, should be 0x6e
50 30 32 20 30 33 20 45 33 20 46                | P02 03 E3 F     
Invalid response, first byte is 0x50, should be 0x6e
50 70 00 00 00 00 00 00 00 00 00                | Pp.........     
Invalid response, first byte is 0x50, should be 0x6e
50 00 00 00 00 00 00 00 00 00 00                | P..........     
Invalid response, first byte is 0x50, should be 0x6e
50 10 cc 01 a9 00 00 00 00 00 01                | P..........     
Invalid response, first byte is 0x50, should be 0x6e
50 00 00 00 00 00 00 00 00 00 00                | P..........     
Invalid response, first byte is 0x50, should be 0x6e
50 00 00 55 55 55 4a f8 00 45 00                | P..UUUJ..E.     
Invalid response, first byte is 0x50, should be 0x6e
50 0a 0c ca 6e 00 00 00 00 18 00                | P...n......     
Invalid response, first byte is 0x50, should be 0x6e
50 00 00 00 03 03 07 2e 14 ff 00                | P..........     
Invalid response, first byte is 0x50, should be 0x6e
50 06 ff b8 ff 1a 17 00 ff 00 00                | P..........     
Invalid response, first byte is 0x50, should be 0x6e
50 00 00 00 00 00 00 00 00 00 00                | P..........     
Invalid response, first byte is 0x50, should be 0x6e
50 00 00 21 37 05 00 00 00 10 07                | P..!7......     
Invalid response, first byte is 0x50, should be 0x6e
50 a5 00 06 00 00 00 64 76 9b 2e                | P......dv..     
Invalid response, first byte is 0x50, should be 0x6e
50 02 00 ff 06 ff 00 00 00 00 00                | P..........     
Invalid response, first byte is 0x50, should be 0x6e
50 e4 3f e7 ef e3 38 3d e7 e5 38                | P.?...8=..8     
Invalid response, first byte is 0x50, should be 0x6e
50 3d 84 10 21 00 e7 00 00 00 00                | P=..!......     
Invalid response, first byte is 0x50, should be 0x6e
50 00 00 00 00 00 00 00 00 02 dc                | P..........     
Invalid response, first byte is 0x50, should be 0x6e
50 4c c3 5c 03 06 54 00 04 06 1c                | PL.\..T....     
Invalid response, first byte is 0x50, should be 0x6e
50 0b 3f 20 00 00 00 01 08 00 00                | P.? .......     
Invalid response, first byte is 0x50, should be 0x6e
50 00 00 01 01 00 00 00 05 1e eb                | P..........     
Invalid response, first byte is 0x50, should be 0x6e
50 02 ac 04 00 01 01 01 00 00 00                | P..........     
Invalid response, first byte is 0x50, should be 0x6e
50 00 00 00 00 00 44 00 00 00 00                | P.....D....     
Invalid response, first byte is 0x50, should be 0x6e
50 00 00 00 00 00 84 31 31 12 89                | P......11..     
Invalid response, first byte is 0x50, should be 0x6e
50 4e f9 2c 00 be 11 0a b3 de 6e                | PN.,......n     
Invalid response, first byte is 0x50, should be 0x6e
50 6b 9c dc b7 19 12 62 52 98 6c                | Pk.....bR.l     
Invalid response, first byte is 0x50, should be 0x6e
50 18 db 01 df 7a 6e 88 02 00 0a                | P....zn....     
Invalid response, first byte is 0x50, should be 0x6e
50 00 00 ff 00 00 4a 30 32 20 30                | P.....J02 0     
Invalid response, first byte is 0x50, should be 0x6e
50 33 20 45 33 20 46 70 00 00 00                | P3 E3 Fp...     
Invalid response, first byte is 0x50, should be 0x6e
50 00 00 00 00 00 00 00 00 00 00                | P..........     
Invalid response, first byte is 0x50, should be 0x6e
50 00 00 00 00 00 00 10 cc 01 a9                | P..........     
Invalid response, first byte is 0x50, should be 0x6e
50 00 00 00 00 00 01 00 00 00 00                | P..........     
Invalid response, first byte is 0x50, should be 0x6e
50 00 00 00 00 00 00 00 00 55 55                | P........UU     
Invalid response, first byte is 0x50, should be 0x6e
50 55 4a fc 00 45 00 0a a9 ca c5                | PUJ..E.....     
Invalid response, first byte is 0x50, should be 0x6e
50 00 00 00 00 22 00 00 00 00 04                | P....".....     
Invalid response, first byte is 0x50, should be 0x6e
50 01 09 62 2d ff 00 05 ff b8 ff                | P..b-......     
Invalid response, first byte is 0x50, should be 0x6e
50 2b 17 00 ff 00 00 00 00 00 00                | P+.........     
Invalid response, first byte is 0x50, should be 0x6e
50 00 00 00 00 00 00 00 00 02 39                | P.........9     
Invalid response, first byte is 0x50, should be 0x6e
50 05 00 00 00 10 07 a5 00 06 00                | P..........     
Invalid response, first byte is 0x50, should be 0x6e
50 00 00 64 76 9b 2e 02 00 ff 03                | P..dv......     
Invalid response, first byte is 0x50, should be 0x6e
50 ff 00 00 00 00 00 e4 3f e7 ef                | P.......?..     
Invalid response, first byte is 0x50, should be 0x6e
50 e3 38 3d e7 e5 38 3d 84 10 21                | P.8=..8=..!     
Invalid response, first byte is 0x50, should be 0x6e
50 00 e7 00 00 00 00 00 00 00 00                | P..........     
Invalid response, first byte is 0x50, should be 0x6e
50 00 00 00 00 00 dc 4c c3 5c 00                | P......L.\.     
Control 0x10: +/40/100   [???]
Invalid response, first byte is 0x50, should be 0x6e
50 30 32 20 30 33 20 45 33 20 46                | P02 03 E3 F     
Invalid response, first byte is 0x50, should be 0x6e
50 70 00 00 00 00 00 00 00 00 00                | Pp.........     
Invalid response, first byte is 0x50, should be 0x6e
50 00 00 00 00 00 00 00 00 00 00                | P..........     
Control 0x12: +/255/255   [???]
Invalid response, first byte is 0x50, should be 0x6e
50 30 32 20 30 33 20 45 33 20 46                | P02 03 E3 F     
Invalid response, first byte is 0x50, should be 0x6e
50 70 00 00 00 00 00 00 00 00 00                | Pp.........     
Invalid response, first byte is 0x50, should be 0x6e
50 00 00 00 00 00 00 00 00 00 00                | P..........     
Control 0x14: +/0/3   [???]
Invalid response, first byte is 0x50, should be 0x6e
50 30 32 20 30 33 20 45 33 20 46                | P02 03 E3 F     
Invalid response, first byte is 0x50, should be 0x6e
50 70 00 00 00 00 00 00 00 00 00                | Pp.........     
Invalid response, first byte is 0x50, should be 0x6e
50 00 00 00 00 00 00 00 00 00 00                | P..........     
Control 0x16: +/95/255   [???]
Invalid response, first byte is 0x50, should be 0x6e
50 30 32 20 30 33 20 45 33 20 46                | P02 03 E3 F     
Invalid response, first byte is 0x50, should be 0x6e
50 70 00 00 00 00 00 00 00 00 00                | Pp.........     
Invalid response, first byte is 0x50, should be 0x6e
50 00 00 00 00 00 00 00 00 00 00                | P..........     
Control 0x18: +/88/255   [???]
Invalid response, first byte is 0x50, should be 0x6e
50 30 32 20 30 33 20 45 33 20 46                | P02 03 E3 F     
Invalid response, first byte is 0x50, should be 0x6e
50 70 00 00 00 00 00 00 00 00 00                | Pp.........     
Invalid response, first byte is 0x50, should be 0x6e
50 00 00 00 00 00 00 00 00 00 00                | P..........     
Control 0x1a: +/92/255   [???]
Invalid response, first byte is 0x50, should be 0x6e
50 30 32 20 30 33 20 45 33 20 46                | P02 03 E3 F     
Invalid response, first byte is 0x50, should be 0x6e
50 70 00 00 00 00 00 00 00 00 00                | Pp.........     
Invalid response, first byte is 0x50, should be 0x6e
50 00 00 00 00 00 00 00 00 00 00                | P..........     
Invalid response, first byte is 0x50, should be 0x6e
50 10 cc 01 a9 00 00 00 00 00 01                | P..........     
Invalid response, first byte is 0x50, should be 0x6e
50 00 00 00 00 00 00 00 00 00 00                | P..........     
Invalid response, first byte is 0x50, should be 0x6e
50 00 00 55 55 55 0d f8 00 45 00                | P..UUU...E.     
Invalid response, first byte is 0x50, should be 0x6e
50 0a e0 ca bf 00 00 00 00 26 00                | P........&.     
Invalid response, first byte is 0x50, should be 0x6e
50 00 00 00 03 01 09 1c 26 ff 00                | P.......&..     
Invalid response, first byte is 0x50, should be 0x6e
50 07 ff ba ff 45 17 00 ff 00 00                | P....E.....     
Invalid response, first byte is 0x50, should be 0x6e
50 00 00 00 00 00 00 00 00 00 00                | P..........     
Invalid response, first byte is 0x50, should be 0x6e
50 00 00 42 3b 05 00 00 00 10 07                | P..B;......     
Invalid response, first byte is 0x50, should be 0x6e
50 a5 00 06 00 00 00 64 76 9b 2e                | P......dv..     
Invalid response, first byte is 0x50, should be 0x6e
50 02 00 ff 03 ff 00 00 00 00 00                | P..........     
Invalid response, first byte is 0x50, should be 0x6e
50 e4 3f e7 ef e3 38 3d e7 e5 38                | P.?...8=..8     
Invalid response, first byte is 0x50, should be 0x6e
50 3d 84 10 21 00 e7 00 00 00 00                | P=..!......     
Control 0x20: +/112/200   [???]
Invalid response, first byte is 0x50, should be 0x6e
50 30 32 20 30 33 20 45 33 20 46                | P02 03 E3 F     
Invalid response, first byte is 0x50, should be 0x6e
50 70 00 00 00 00 00 00 00 00 00                | Pp.........     
Invalid response, first byte is 0x50, should be 0x6e
50 00 00 00 00 00 00 00 00 00 00                | P..........     
Control 0x22: +/143/200   [???]
Invalid response, first byte is 0x50, should be 0x6e
50 30 32 20 30 33 20 45 33 20 46                | P02 03 E3 F     
Invalid response, first byte is 0x50, should be 0x6e
50 70 00 00 00 00 00 00 00 00 00                | Pp.........     
Invalid response, first byte is 0x50, should be 0x6e
50 00 00 00 00 00 00 00 00 00 00                | P..........     
Control 0x24: +/58/127   [???]
Invalid response, first byte is 0x50, should be 0x6e
50 30 32 20 30 33 20 45 33 20 46                | P02 03 E3 F     
Invalid response, first byte is 0x50, should be 0x6e
50 70 00 00 00 00 00 00 00 00 00                | Pp.........     
Invalid response, first byte is 0x50, should be 0x6e
50 00 00 00 00 00 00 00 00 00 00                | P..........     
Control 0x26: +/63/127   [???]
Invalid response, first byte is 0x50, should be 0x6e
50 30 32 20 30 33 20 45 33 20 46                | P02 03 E3 F     
Invalid response, first byte is 0x50, should be 0x6e
50 70 00 00 00 00 00 00 00 00 00                | Pp.........     
Invalid response, first byte is 0x50, should be 0x6e
50 00 00 00 00 00 00 00 00 00 00                | P..........     
Control 0x28: +/255/255   [???]
Invalid response, first byte is 0x50, should be 0x6e
50 30 32 20 30 33 20 45 33 20 46                | P02 03 E3 F     
Invalid response, first byte is 0x50, should be 0x6e
50 70 00 00 00 00 00 00 00 00 00                | Pp.........     
Invalid response, first byte is 0x50, should be 0x6e
50 00 00 00 00 00 00 00 00 00 00                | P..........     
Control 0x2a: +/95/255   [???]
Invalid response, first byte is 0x50, should be 0x6e
50 30 32 20 30 33 20 45 33 20 46                | P02 03 E3 F     
Invalid response, first byte is 0x50, should be 0x6e
50 70 00 00 00 00 00 00 00 00 00                | Pp.........     
Invalid response, first byte is 0x50, should be 0x6e
50 00 00 00 00 00 00 00 00 00 00                | P..........     
Invalid response, first byte is 0x50, should be 0x6e
50 10 cc 01 a9 00 00 00 00 00 01                | P..........     
Invalid response, first byte is 0x50, should be 0x6e
50 00 00 00 00 00 00 00 00 00 00                | P..........     
Invalid response, first byte is 0x50, should be 0x6e
50 00 00 55 55 55 3e f8 00 45 00                | P..UUU>..E.     
Invalid response, first byte is 0x50, should be 0x6e
50 0a a1 ca c6 00 00 00 00 03 00                | P..........     
Invalid response, first byte is 0x50, should be 0x6e
50 00 00 00 07 03 01 1f 26 ff 00                | P.......&..     
Invalid response, first byte is 0x50, should be 0x6e
50 04 ff b8 ff 5e 17 00 ff 00 00                | P....^.....     
i2c-algo-bit.o: readbytes: Timeout at ack
Error while reading read message answer: Bad message
Invalid response, first byte is 0x50, should be 0x6e
50 00 00 00 00 00 00 00 00 00 0f                | P..........     
Invalid response, first byte is 0x50, should be 0x6e
50 02 06 00 00 00 10 07 a5 00 06                | P..........     
Invalid response, first byte is 0x50, should be 0x6e
50 00 00 00 64 76 9b 2e 02 00 ff                | P...dv.....     
Invalid response, first byte is 0x50, should be 0x6e
50 07 ff 00 00 00 00 00 e4 3f e7                | P........?.     
Invalid response, first byte is 0x50, should be 0x6e
50 ef e3 38 3d e7 e5 38 3d 84 10                | P..8=..8=..     
Control 0x30: +/54/100   [???]
Invalid response, first byte is 0x50, should be 0x6e
50 30 32 20 30 33 20 45 33 20 46                | P02 03 E3 F     
Invalid response, first byte is 0x50, should be 0x6e
50 70 00 00 00 00 00 00 00 00 00                | Pp.........     
Invalid response, first byte is 0x50, should be 0x6e
50 00 00 00 00 00 00 00 00 00 00                | P..........     
Control 0x32: +/80/127   [???]
Invalid response, first byte is 0x50, should be 0x6e
50 30 32 20 30 33 20 45 33 20 46                | P02 03 E3 F     
Invalid response, first byte is 0x50, should be 0x6e
50 70 00 00 00 00 00 00 00 00 00                | Pp.........     
Invalid response, first byte is 0x50, should be 0x6e
50 00 00 00 00 00 00 00 00 00 00                | P..........     
Invalid response, first byte is 0x50, should be 0x6e
50 10 cc 01 a9 00 00 00 00 00 01                | P..........     
Invalid response, first byte is 0x50, should be 0x6e
50 00 00 00 00 00 00 00 00 00 00                | P..........     
Invalid response, first byte is 0x50, should be 0x6e
50 00 00 55 55 55 a9 f8 00 45 00                | P..UUU...E.     
Invalid response, first byte is 0x50, should be 0x6e
50 0a 34 ca 37 00 00 00 00 0e 00                | P.4.7......     
Invalid response, first byte is 0x50, should be 0x6e
50 00 00 00 0b 01 05 0e 2f ff 00                | P......./..     
Invalid response, first byte is 0x50, should be 0x6e
50 01 ff b8 ff 6c 17 00 ff 00 00                | P....l.....     
Invalid response, first byte is 0x50, should be 0x6e
50 00 00 00 00 00 00 00 00 00 00                | P..........     
Invalid response, first byte is 0x50, should be 0x6e
50 00 00 38 03 06 00 00 00 10 07                | P..8.......     
Invalid response, first byte is 0x50, should be 0x6e
50 a5 00 06 00 00 00 64 76 9b 2e                | P......dv..     
Invalid response, first byte is 0x50, should be 0x6e
50 02 00 ff 06 ff 00 00 00 00 00                | P..........     
Invalid response, first byte is 0x50, should be 0x6e
50 e4 3f e7 ef e3 38 3d e7 e5 38                | P.?...8=..8     
Invalid response, first byte is 0x50, should be 0x6e
50 3d 84 10 21 00 e7 00 00 00 00                | P=..!......     
Control 0x38: +/255/255   [???]
Invalid response, first byte is 0x50, should be 0x6e
50 30 32 20 30 33 20 45 33 20 46                | P02 03 E3 F     
Invalid response, first byte is 0x50, should be 0x6e
50 70 00 00 00 00 00 00 00 00 00                | Pp.........     
Invalid response, first byte is 0x50, should be 0x6e
50 00 00 00 00 00 00 00 00 00 00                | P..........     
Control 0x3a: +/20/127   [???]
Invalid response, first byte is 0x50, should be 0x6e
50 30 32 20 30 33 20 45 33 20 46                | P02 03 E3 F     
Invalid response, first byte is 0x50, should be 0x6e
50 70 00 00 00 00 00 00 00 00 00                | Pp.........     
Invalid response, first byte is 0x50, should be 0x6e
50 00 00 00 00 00 00 00 00 00 00                | P..........     
Control 0x3c: +/64/127   [???]
Invalid response, first byte is 0x50, should be 0x6e
50 30 32 20 30 33 20 45 33 20 46                | P02 03 E3 F     
Invalid response, first byte is 0x50, should be 0x6e
50 70 00 00 00 00 00 00 00 00 00                | Pp.........     
Invalid response, first byte is 0x50, should be 0x6e
50 00 00 00 00 00 00 00 00 00 00                | P..........     
Invalid response, first byte is 0x50, should be 0x6e
50 10 cc 01 a9 00 00 00 00 00 01                | P..........     
Invalid response, first byte is 0x50, should be 0x6e
50 00 00 00 00 00 00 00 00 00 00                | P..........     
Invalid response, first byte is 0x50, should be 0x6e
50 00 00 55 55 55 b7 f8 00 45 00                | P..UUU...E.     
Invalid response, first byte is 0x50, should be 0x6e
50 0a b1 ca 91 00 00 00 00 20 00                | P........ .     
Invalid response, first byte is 0x50, should be 0x6e
50 00 00 00 01 01 05 36 1f ff 00                | P......6...     
Invalid response, first byte is 0x50, should be 0x6e
50 04 ff b9 ff 7d 17 00 ff 00 00                | P....}.....     
Control 0x40: +/69/127   [???]
Invalid response, first byte is 0x50, should be 0x6e
50 30 32 20 30 33 20 45 33 20 46                | P02 03 E3 F     
Invalid response, first byte is 0x50, should be 0x6e
50 70 00 00 00 00 00 00 00 00 00                | Pp.........     
Invalid response, first byte is 0x50, should be 0x6e
50 00 00 00 00 00 00 00 00 00 00                | P..........     
Control 0x42: +/50/100   [???]
Invalid response, first byte is 0x50, should be 0x6e
50 30 32 20 30 33 20 45 33 20 46                | P02 03 E3 F     
Invalid response, first byte is 0x50, should be 0x6e
50 70 00 00 00 00 00 00 00 00 00                | Pp.........     
Invalid response, first byte is 0x50, should be 0x6e
50 00 00 00 00 00 00 00 00 00 00                | P..........     
Control 0x44: +/87/255   [???]
Invalid response, first byte is 0x50, should be 0x6e
50 30 32 20 30 33 20 45 33 20 46                | P02 03 E3 F     
Invalid response, first byte is 0x50, should be 0x6e
50 70 00 00 00 00 00 00 00 00 00                | Pp.........     
Invalid response, first byte is 0x50, should be 0x6e
50 00 00 00 00 00 00 00 00 00 00                | P..........     
Control 0x46: +/60/127   [???]
Invalid response, first byte is 0x50, should be 0x6e
50 30 32 20 30 33 20 45 33 20 46                | P02 03 E3 F     
Invalid response, first byte is 0x50, should be 0x6e
50 70 00 00 00 00 00 00 00 00 00                | Pp.........     
Invalid response, first byte is 0x50, should be 0x6e
50 00 00 00 00 00 00 00 00 00 00                | P..........     
Control 0x48: +/66/127   [???]
Invalid response, first byte is 0x50, should be 0x6e
50 30 32 20 30 33 20 45 33 20 46                | P02 03 E3 F     
Invalid response, first byte is 0x50, should be 0x6e
50 70 00 00 00 00 00 00 00 00 00                | Pp.........     
Invalid response, first byte is 0x50, should be 0x6e
50 00 00 00 00 00 00 00 00 00 00                | P..........     
Control 0x4a: +/61/127   [???]
Invalid response, first byte is 0x50, should be 0x6e
50 30 32 20 30 33 20 45 33 20 46                | P02 03 E3 F     
Invalid response, first byte is 0x50, should be 0x6e
50 70 00 00 00 00 00 00 00 00 00                | Pp.........     
Invalid response, first byte is 0x50, should be 0x6e
50 00 00 00 00 00 00 00 00 00 00                | P..........     
Control 0x4c: +/67/127   [???]
Invalid response, first byte is 0x50, should be 0x6e
50 30 32 20 30 33 20 45 33 20 46                | P02 03 E3 F     
Invalid response, first byte is 0x50, should be 0x6e
50 70 00 00 00 00 00 00 00 00 00                | Pp.........     
Invalid response, first byte is 0x50, should be 0x6e
50 00 00 00 00 00 00 00 00 00 00                | P..........     
Invalid response, first byte is 0x50, should be 0x6e
50 10 cc 01 a9 00 00 00 00 00 01                | P..........     
Invalid response, first byte is 0x50, should be 0x6e
50 00 00 00 00 00 00 00 00 00 00                | P..........     
Invalid response, first byte is 0x50, should be 0x6e
50 00 00 55 55 55 c4 f8 00 45 00                | P..UUU...E.     
Invalid response, first byte is 0x50, should be 0x6e
50 0a dc ca a6 00 00 00 00 15 00                | P..........     
Invalid response, first byte is 0x50, should be 0x6e
50 00 00 00 0a 01 0a 59 2c ff 00                | P......Y,..     
Invalid response, first byte is 0x50, should be 0x6e
50 05 ff ba ff 94 17 00 ff 00 00                | P..........     
Invalid response, first byte is 0x50, should be 0x6e
50 00 00 00 00 00 00 00 00 00 00                | P..........     
Invalid response, first byte is 0x50, should be 0x6e
50 00 00 3c 07 06 00 00 00 10 07                | P..<.......     
Invalid response, first byte is 0x50, should be 0x6e
50 a5 00 06 00 00 00 64 76 9b 2e                | P......dv..     
Invalid response, first byte is 0x50, should be 0x6e
50 02 00 ff 03 ff 00 00 00 00 00                | P..........     
Invalid response, first byte is 0x50, should be 0x6e
50 e4 3f e7 ef e3 38 3d e7 e5 38                | P.?...8=..8     
Invalid response, first byte is 0x50, should be 0x6e
50 3d 84 10 21 00 e7 00 00 00 00                | P=..!......     
sendbytes: error - bailout.
Error while reading write message answer: Bad message
Invalid response, first byte is 0x50, should be 0x6e
50 00 00 00 00 00 00 00 00 06 dc                | P..........     
i2c-algo-bit.o: readbytes: i2c_inb timed out.
Error while reading read message answer: Bad message
sendbytes: error - bailout.
Error while reading write message answer: Bad message
Invalid response, first byte is 0x50, should be 0x6e
50 00 04 06 1c 0b 3f 20 00 00 00                | P.....? ...     
Invalid response, first byte is 0x50, should be 0x6e
50 01 08 01 00 00 00 02 01 00 00                | P..........     
Invalid response, first byte is 0x50, should be 0x6e
50 00 05 1e eb 02 ac 0c 00 01 01                | P..........     
Invalid response, first byte is 0x50, should be 0x6e
50 01 04 00 00 00 00 00 00 00 44                | P.........D     
Invalid response, first byte is 0x50, should be 0x6e
50 00 00 00 00 00 00 00 00 00 84                | P..........     
Invalid response, first byte is 0x50, should be 0x6e
50 31 31 12 89 4e f9 2c 00 be 11                | P11..N.,...     
Invalid response, first byte is 0x50, should be 0x6e
50 0a b3 de 6e 6b 9c dc b7 19 12                | P...nk.....     
Invalid response, first byte is 0x50, should be 0x6e
50 62 52 98 6c 18 db 01 df 7a 6e                | PbR.l....zn     
Control 0x56: +/0/127   [???]
Invalid response, first byte is 0x50, should be 0x6e
50 30 32 20 30 33 20 45 33 20 46                | P02 03 E3 F     
Invalid response, first byte is 0x50, should be 0x6e
50 70 00 00 00 00 00 00 00 00 00                | Pp.........     
Invalid response, first byte is 0x50, should be 0x6e
50 00 00 00 00 00 00 00 00 00 00                | P..........     
Control 0x58: +/29/127   [???]
Invalid response, first byte is 0x50, should be 0x6e
50 30 32 20 30 33 20 45 33 20 46                | P02 03 E3 F     
Invalid response, first byte is 0x50, should be 0x6e
50 70 00 00 00 00 00 00 00 00 00                | Pp.........     
Invalid response, first byte is 0x50, should be 0x6e
50 00 00 00 00 00 00 00 00 00 00                | P..........     
Invalid response, first byte is 0x50, should be 0x6e
50 10 cc 01 a9 00 00 00 00 00 01                | P..........     
Invalid response, first byte is 0x50, should be 0x6e
50 00 00 00 00 00 00 00 00 00 00                | P..........     
Invalid response, first byte is 0x50, should be 0x6e
50 00 00 55 55 55 8e f8 00 45 00                | P..UUU...E.     
Invalid response, first byte is 0x50, should be 0x6e
50 0a 7d ca c9 00 00 00 00 17 00                | P.}........     
Invalid response, first byte is 0x50, should be 0x6e
50 00 00 00 00 03 09 59 18 ff 00                | P......Y...     
Invalid response, first byte is 0x50, should be 0x6e
50 03 ff b9 ff aa 17 00 ff 00 00                | P..........     
Invalid response, first byte is 0x50, should be 0x6e
50 00 00 00 00 00 00 00 00 00 00                | P..........     
Invalid response, first byte is 0x50, should be 0x6e
50 00 00 50 09 06 00 00 00 10 07                | P..P.......     
Invalid response, first byte is 0x50, should be 0x6e
50 a5 00 06 00 00 00 64 76 9b 2e                | P......dv..     
Invalid response, first byte is 0x50, should be 0x6e
50 02 00 ff 05 ff 00 00 00 00 00                | P..........     
Invalid response, first byte is 0x50, should be 0x6e
50 e4 3f e7 ef e3 38 3d e7 e5 38                | P.?...8=..8     
Invalid response, first byte is 0x50, should be 0x6e
50 3d 84 10 21 00 e7 00 00 00 00                | P=..!......     
Invalid response, first byte is 0x50, should be 0x6e
50 00 00 00 00 00 00 00 00 07 dc                | P..........     
Invalid response, first byte is 0x50, should be 0x6e
50 4c c3 5c 01 06 54 00 04 06 1c                | PL.\..T....     
Invalid response, first byte is 0x50, should be 0x6e
50 0b 3f 20 00 00 00 01 08 01 00                | P.? .......     
Invalid response, first byte is 0x50, should be 0x6e
50 00 00 01 01 00 00 00 05 1e eb                | P..........     
Invalid response, first byte is 0x50, should be 0x6e
50 02 ac 0a 00 01 01 01 02 00 00                | P..........     
Invalid response, first byte is 0x50, should be 0x6e
50 00 00 00 00 00 44 00 00 00 00                | P.....D....     
Invalid response, first byte is 0x50, should be 0x6e
50 00 00 00 00 00 84 31 31 12 89                | P......11..     
Invalid response, first byte is 0x50, should be 0x6e
50 4e f9 2c 00 be 11 0a b3 de 6e                | PN.,......n     
Invalid response, first byte is 0x50, should be 0x6e
50 6b 9c dc b7 19 12 62 52 98 6c                | Pk.....bR.l     
Invalid response, first byte is 0x50, should be 0x6e
50 18 db 01 df 7a 6e 88 02 00 61                | P....zn...a     
Invalid response, first byte is 0x50, should be 0x6e
50 00 00 7f 00 1d 8e 30 32 20 30                | P......02 0     
Invalid response, first byte is 0x50, should be 0x6e
50 33 20 45 33 20 46 70 00 00 00                | P3 E3 Fp...     
Invalid response, first byte is 0x50, should be 0x6e
50 00 00 00 00 00 00 00 00 00 00                | P..........     
Invalid response, first byte is 0x50, should be 0x6e
50 00 00 00 00 00 00 10 cc 01 a9                | P..........     
Invalid response, first byte is 0x50, should be 0x6e
50 00 00 00 00 00 01 00 00 00 00                | P..........     
Invalid response, first byte is 0x50, should be 0x6e
50 00 00 00 00 00 00 00 00 55 55                | P........UU     
Invalid response, first byte is 0x50, should be 0x6e
50 55 8e fc 00 45 00 0a 5e ca 19                | PU...E..^..     
Invalid response, first byte is 0x50, should be 0x6e
50 00 00 00 00 20 00 00 00 00 09                | P.... .....     
Invalid response, first byte is 0x50, should be 0x6e
50 03 06 5f 2d ff 00 05 ff b9 ff                | P.._-......     
Invalid response, first byte is 0x50, should be 0x6e
50 bc 17 00 ff 00 00 00 00 00 00                | P..........     
Invalid response, first byte is 0x50, should be 0x6e
50 00 00 00 00 00 00 00 00 35 0b                | P........5.     
Invalid response, first byte is 0x50, should be 0x6e
50 06 00 00 00 10 07 a5 00 06 00                | P..........     
Invalid response, first byte is 0x50, should be 0x6e
50 00 00 64 76 9b 2e 02 00 ff 07                | P..dv......     
Invalid response, first byte is 0x50, should be 0x6e
50 ff 00 00 00 00 00 e4 3f e7 ef                | P.......?..     
Invalid response, first byte is 0x50, should be 0x6e
50 e3 38 3d e7 e5 38 3d 84 10 21                | P.8=..8=..!     
Invalid response, first byte is 0x50, should be 0x6e
50 00 e7 00 00 00 00 00 00 00 00                | P..........     
Invalid response, first byte is 0x50, should be 0x6e
50 00 00 00 00 05 dc 4c c3 5c 02                | P......L.\.     
Invalid response, first byte is 0x50, should be 0x6e
50 06 54 00 04 06 1c 0b 3f 20 00                | P.T.....? .     
Invalid response, first byte is 0x50, should be 0x6e
50 00 00 01 00 00 00 00 00 03 01                | P..........     
Invalid response, first byte is 0x50, should be 0x6e
50 00 00 00 05 1e eb 02 ac 02 00                | P..........     
Invalid response, first byte is 0x50, should be 0x6e
50 03 01 01 09 00 00 00 00 00 00                | P..........     
Invalid response, first byte is 0x50, should be 0x6e
50 00 44 00 00 00 00 00 00 00 00                | P.D........     
Invalid response, first byte is 0x50, should be 0x6e
50 00 84 31 31 12 89 4e f9 2c 00                | P..11..N.,.     
Invalid response, first byte is 0x50, should be 0x6e
50 be 11 0a b3 de 6e 6b 9c dc b7                | P.....nk...     
Invalid response, first byte is 0x50, should be 0x6e
50 19 12 62 52 98 6c 18 db 01 df                | P..bR.l....     
Invalid response, first byte is 0x50, should be 0x6e
50 7a 6e 88 02 00 69 00 00 7f 00                | Pzn...i....     
Invalid response, first byte is 0x50, should be 0x6e
50 1d 8e 30 32 20 30 33 20 45 33                | P..02 03 E3     
Invalid response, first byte is 0x50, should be 0x6e
50 20 46 70 00 00 00 00 00 00 00                | P Fp.......     
Invalid response, first byte is 0x50, should be 0x6e
50 00 00 00 00 00 00 00 00 00 00                | P..........     
Invalid response, first byte is 0x50, should be 0x6e
50 00 00 10 cc 01 a9 00 00 00 00                | P..........     
Invalid response, first byte is 0x50, should be 0x6e
50 00 01 00 00 00 00 00 00 00 00                | P..........     
Invalid response, first byte is 0x50, should be 0x6e
50 00 00 00 00 55 55 55 8e f6 00                | P....UUU...     
Control 0x6c: +/150/255   [???]
Invalid response, first byte is 0x50, should be 0x6e
50 30 32 20 30 33 20 45 33 20 46                | P02 03 E3 F     
Invalid response, first byte is 0x50, should be 0x6e
50 70 00 00 00 00 00 00 00 00 00                | Pp.........     
Invalid response, first byte is 0x50, should be 0x6e
50 00 00 00 00 00 00 00 00 00 00                | P..........     
Control 0x6e: +/144/255   [???]
Invalid response, first byte is 0x50, should be 0x6e
50 30 32 20 30 33 20 45 33 20 46                | P02 03 E3 F     
Invalid response, first byte is 0x50, should be 0x6e
50 70 00 00 00 00 00 00 00 00 00                | Pp.........     
Invalid response, first byte is 0x50, should be 0x6e
50 00 00 00 00 00 00 00 00 00 00                | P..........     
Control 0x70: +/156/255   [???]
Invalid response, first byte is 0x50, should be 0x6e
50 30 32 20 30 33 20 45 33 20 46                | P02 03 E3 F     
Invalid response, first byte is 0x50, should be 0x6e
50 70 00 00 00 00 00 00 00 00 00                | Pp.........     
i2c-algo-bit.o: readbytes: i2c_inb timed out.
Error while reading read message answer: Bad message
Invalid response, first byte is 0x50, should be 0x6e
50 10 cc 01 a9 00 00 00 00 00 01                | P..........     
Invalid response, first byte is 0x50, should be 0x6e
50 00 00 00 00 00 00 00 00 00 00                | P..........     
Invalid response, first byte is 0x50, should be 0x6e
50 00 00 55 55 55 a7 f8 00 45 00                | P..UUU...E.     
Invalid response, first byte is 0x50, should be 0x6e
50 0a 6a ca fe 00 00 00 00 14 00                | P.j........     
Invalid response, first byte is 0x50, should be 0x6e
50 00 00 00 0b 00 01 64 0f ff 00                | P......d...     
Invalid response, first byte is 0x50, should be 0x6e
50 06 ff b9 ff d8 17 00 ff 00 00                | P..........     
Invalid response, first byte is 0x50, should be 0x6e
50 00 00 00 00 00 00 00 00 00 00                | P..........     
Invalid response, first byte is 0x50, should be 0x6e
50 00 00 26 0e 06 00 00 00 10 07                | P..&.......     
Invalid response, first byte is 0x50, should be 0x6e
50 a5 00 06 00 00 00 64 76 9b 2e                | P......dv..     
Invalid response, first byte is 0x50, should be 0x6e
50 02 00 ff 03 ff 00 00 00 00 00                | P..........     
Invalid response, first byte is 0x50, should be 0x6e
50 e4 3f e7 ef e3 38 3d e7 e5 38                | P.?...8=..8     
Invalid response, first byte is 0x50, should be 0x6e
50 3d 84 10 21 00 e7 00 00 00 00                | P=..!......     
Invalid response, first byte is 0x50, should be 0x6e
50 00 00 00 00 00 00 00 00 03 dc                | P..........     
Invalid response, first byte is 0x50, should be 0x6e
50 4c c3 5c 02 06 54 00 04 06 1c                | PL.\..T....     
Invalid response, first byte is 0x50, should be 0x6e
50 0b 3f 20 00 00 00 01 04 00 00                | P.? .......     
Invalid response, first byte is 0x50, should be 0x6e
50 00 00 00 01 00 00 00 05 1e eb                | P..........     
Invalid response, first byte is 0x50, should be 0x6e
50 02 ac 08 00 02 01 01 04 00 00                | P..........     
Invalid response, first byte is 0x50, should be 0x6e
50 00 00 00 00 00 44 00 00 00 00                | P.....D....     
Invalid response, first byte is 0x50, should be 0x6e
50 00 00 00 00 00 84 31 31 12 89                | P......11..     
Invalid response, first byte is 0x50, should be 0x6e
50 4e f9 2c 00 be 11 0a b3 de 6e                | PN.,......n     
Invalid response, first byte is 0x50, should be 0x6e
50 6b 9c dc b7 19 12 62 52 98 6c                | Pk.....bR.l     
Invalid response, first byte is 0x50, should be 0x6e
50 18 db 01 df 7a 6e 88 02 00 79                | P....zn...y     
Invalid response, first byte is 0x50, should be 0x6e
50 00 00 ff 00 9c a7 30 32 20 30                | P......02 0     
Invalid response, first byte is 0x50, should be 0x6e
50 33 20 45 33 20 46 70 00 00 00                | P3 E3 Fp...     
Invalid response, first byte is 0x50, should be 0x6e
50 00 00 00 00 00 00 00 00 00 00                | P..........     
Invalid response, first byte is 0x50, should be 0x6e
50 00 00 00 00 00 00 10 cc 01 a9                | P..........     
i2c-algo-bit.o: readbytes: i2c_inb timed out.
Error while reading read message answer: Bad message
Invalid response, first byte is 0x50, should be 0x6e
50 01 00 00 00 00 00 00 00 00 00                | P..........     
Invalid response, first byte is 0x50, should be 0x6e
50 00 00 00 55 55 55 a7 f7 00 45                | P...UUU...E     
Invalid response, first byte is 0x50, should be 0x6e
50 00 0a 63 ca 4c 00 00 00 00 23                | P..c.L....#     
Invalid response, first byte is 0x50, should be 0x6e
50 00 00 00 00 09 01 06 0f 25 ff                | P........%.     
Invalid response, first byte is 0x50, should be 0x6e
50 00 02 ff b9 ff ea 17 00 ff 00                | P..........     
Invalid response, first byte is 0x50, should be 0x6e
50 00 00 00 00 00 00 00 00 00 00                | P..........     
Invalid response, first byte is 0x50, should be 0x6e
50 00 00 00 10 10 06 00 00 00 10                | P..........     
Invalid response, first byte is 0x50, should be 0x6e
50 07 a5 00 06 00 00 00 64 76 9b                | P.......dv.     
Invalid response, first byte is 0x50, should be 0x6e
50 2e 02 00 ff 07 ff 00 00 00 00                | P..........     
Invalid response, first byte is 0x50, should be 0x6e
50 00 e4 3f e7 ef e3 38 3d e7 e5                | P..?...8=..     
Invalid response, first byte is 0x50, should be 0x6e
50 38 3d 84 10 21 00 e7 00 00 00                | P8=..!.....     
Invalid response, first byte is 0x50, should be 0x6e
50 00 00 00 00 00 00 00 00 00 01                | P..........     
Invalid response, first byte is 0x50, should be 0x6e
50 dc 4c c3 5c 02 06 54 00 04 06                | P.L.\..T...     
Invalid response, first byte is 0x50, should be 0x6e
50 1c 0b 3f 20 00 00 00 01 03 00                | P..? ......     
Invalid response, first byte is 0x50, should be 0x6e
50 00 00 00 01 00 00 00 00 05 1e                | P..........     
Invalid response, first byte is 0x50, should be 0x6e
50 eb 02 ac 05 00 02 01 01 00 00                | P..........     
Invalid response, first byte is 0x50, should be 0x6e
50 00 00 00 00 00 00 44 00 00 00                | P......D...     
Invalid response, first byte is 0x50, should be 0x6e
50 00 00 00 00 00 00 84 31 31 12                | P.......11.     
Invalid response, first byte is 0x50, should be 0x6e
50 89 4e f9 2c 00 be 11 0a b3 de                | P.N.,......     
Invalid response, first byte is 0x50, should be 0x6e
50 6e 6b 9c dc b7 19 12 62 52 98                | Pnk.....bR.     
Invalid response, first byte is 0x50, should be 0x6e
50 6c 18 db 01 df 7a 6e 88 02 00                | Pl....zn...     
Invalid response, first byte is 0x50, should be 0x6e
50 82 00 00 ff 00 9c a7 30 32 20                | P.......02      
Invalid response, first byte is 0x50, should be 0x6e
50 30 33 20 45 33 20 46 70 00 00                | P03 E3 Fp..     
Invalid response, first byte is 0x50, should be 0x6e
50 00 00 00 00 00 00 00 00 00 00                | P..........     
Invalid response, first byte is 0x50, should be 0x6e
50 00 00 00 00 00 00 00 10 cc 01                | P..........     
Invalid response, first byte is 0x50, should be 0x6e
50 a9 00 00 00 00 00 01 00 00 00                | P..........     
Invalid response, first byte is 0x50, should be 0x6e
50 00 00 00 00 00 00 00 00 00 55                | P.........U     
Invalid response, first byte is 0x50, should be 0x6e
50 55 55 a7 fb 00 45 00 0a 13 ca                | PUU...E....     
Invalid response, first byte is 0x50, should be 0x6e
50 9b 00 00 00 00 03 00 00 00 00                | P..........     
Invalid response, first byte is 0x50, should be 0x6e
50 0a 00 0a 31 0a ff 00 06 ff b9                | P...1......     
Invalid response, first byte is 0x50, should be 0x6e
50 ff fc 17 00 ff 00 00 00 00 00                | P..........     
Invalid response, first byte is 0x50, should be 0x6e
50 00 00 00 00 00 00 00 00 00 58                | P.........X     
Invalid response, first byte is 0x50, should be 0x6e
50 11 06 00 00 00 10 07 a5 00 06                | P..........     
Invalid response, first byte is 0x50, should be 0x6e
50 00 00 00 64 76 9b 2e 02 00 ff                | P...dv.....     
Invalid response, first byte is 0x50, should be 0x6e
50 03 ff 00 00 00 00 00 e4 3f e7                | P........?.     
Invalid response, first byte is 0x50, should be 0x6e
50 ef e3 38 3d e7 e5 38 3d 84 10                | P..8=..8=..     
Invalid response, first byte is 0x50, should be 0x6e
50 21 00 e7 00 00 00 00 00 00 00                | P!.........     
Invalid response, first byte is 0x50, should be 0x6e
50 00 00 00 00 00 09 dc 4c c3 5c                | P.......L.\     
Invalid response, first byte is 0x50, should be 0x6e
50 03 06 54 00 04 06 1c 0b 3f 20                | P..T.....?      
Control 0x88: +/150/255   [???]
Invalid response, first byte is 0x50, should be 0x6e
50 30 32 20 30 33 20 45 33 20 46                | P02 03 E3 F     
Invalid response, first byte is 0x50, should be 0x6e
50 70 00 00 00 00 00 00 00 00 00                | Pp.........     
Invalid response, first byte is 0x50, should be 0x6e
50 00 00 00 00 00 00 00 00 00 00                | P..........     
Invalid response, first byte is 0x50, should be 0x6e
50 10 cc 01 a9 00 00 00 00 00 01                | P..........     
Invalid response, first byte is 0x50, should be 0x6e
50 00 00 00 00 00 00 00 00 00 00                | P..........     
Invalid response, first byte is 0x50, should be 0x6e
50 00 00 55 55 55 55 f8 00 45 00                | P..UUUU..E.     
Invalid response, first byte is 0x50, should be 0x6e
50 0a 4a ca 1b 00 00 00 00 0a 00                | P.J........     
i2c-algo-bit.o: readbytes: i2c_inb timed out.
Error while reading read message answer: Bad message
Invalid response, first byte is 0x50, should be 0x6e
50 03 1a ff 00 04 ff b9 ff 09 17                | P..........     
Invalid response, first byte is 0x50, should be 0x6e
50 00 ff 00 00 00 00 00 00 00 00                | P..........     
Invalid response, first byte is 0x50, should be 0x6e
50 00 00 00 00 00 00 16 13 06 00                | P..........     
Invalid response, first byte is 0x50, should be 0x6e
50 00 00 10 07 a5 00 06 00 00 00                | P..........     
Invalid response, first byte is 0x50, should be 0x6e
50 64 76 9b 2e 02 00 ff 07 ff 00                | Pdv........     
Invalid response, first byte is 0x50, should be 0x6e
50 00 00 00 00 e4 3f e7 ef e3 38                | P.....?...8     
Invalid response, first byte is 0x50, should be 0x6e
50 3d e7 e5 38 3d 84 10 21 00 e7                | P=..8=..!..     
Invalid response, first byte is 0x50, should be 0x6e
50 00 00 00 00 00 00 00 00 00 00                | P..........     
Invalid response, first byte is 0x50, should be 0x6e
50 00 00 02 dc 4c c3 5c 00 06 54                | P....L.\..T     
Invalid response, first byte is 0x50, should be 0x6e
50 00 04 06 1c 0b 3f 20 00 00 00                | P.....? ...     
Invalid response, first byte is 0x50, should be 0x6e
50 01 08 02 00 00 00 00 01 00 00                | P..........     
Invalid response, first byte is 0x50, should be 0x6e
50 00 05 1e eb 02 ac 08 00 02 01                | P..........     
Invalid response, first byte is 0x50, should be 0x6e
50 01 09 00 00 00 00 00 00 00 44                | P.........D     
Invalid response, first byte is 0x50, should be 0x6e
50 00 00 00 00 00 00 00 00 00 84                | P..........     
Invalid response, first byte is 0x50, should be 0x6e
50 31 31 12 89 4e f9 2c 00 be 11                | P11..N.,...     
Invalid response, first byte is 0x50, should be 0x6e
50 0a b3 de 6e 6b 9c dc b7 19 12                | P...nk.....     
Invalid response, first byte is 0x50, should be 0x6e
50 62 52 98 6c 18 db 01 df 7a 6e                | PbR.l....zn     
Invalid response, first byte is 0x50, should be 0x6e
50 88 02 00 91 00 00 ff 00 96 55                | P.........U     
Invalid response, first byte is 0x50, should be 0x6e
50 30 32 20 30 33 20 45 33 20 46                | P02 03 E3 F     
Invalid response, first byte is 0x50, should be 0x6e
50 70 00 00 00 00 00 00 00 00 00                | Pp.........     
Invalid response, first byte is 0x50, should be 0x6e
50 00 00 00 00 00 00 00 00 00 00                | P..........     
Invalid response, first byte is 0x50, should be 0x6e
50 10 cc 01 a9 00 00 00 00 00 01                | P..........     
Invalid response, first byte is 0x50, should be 0x6e
50 00 00 00 00 00 00 00 00 00 00                | P..........     
Invalid response, first byte is 0x50, should be 0x6e
50 00 00 55 55 55 55 f8 00 45 00                | P..UUUU..E.     
Invalid response, first byte is 0x50, should be 0x6e
50 0a 74 ca 64 00 00 00 00 12 00                | P.t.d......     
Invalid response, first byte is 0x50, should be 0x6e
50 00 00 00 02 03 0a 26 31 ff 00                | P......&1..     
Invalid response, first byte is 0x50, should be 0x6e
50 03 ff b8 ff 1b 17 00 ff 00 00                | P..........     
Invalid response, first byte is 0x50, should be 0x6e
50 00 00 00 00 00 00 00 00 00 00                | P..........     
Invalid response, first byte is 0x50, should be 0x6e
50 00 00 04 15 06 00 00 00 10 07                | P..........     
Invalid response, first byte is 0x50, should be 0x6e
50 a5 00 06 00 00 00 64 76 9b 2e                | P......dv..     
Invalid response, first byte is 0x50, should be 0x6e
50 02 00 ff 01 ff 00 00 00 00 00                | P..........     
Invalid response, first byte is 0x50, should be 0x6e
50 e4 3f e7 ef e3 38 3d e7 e5 38                | P.?...8=..8     
Invalid response, first byte is 0x50, should be 0x6e
50 3d 84 10 21 00 e7 00 00 00 00                | P=..!......     
Invalid response, first byte is 0x50, should be 0x6e
50 00 00 00 00 00 00 00 00 00 dc                | P..........     
Invalid response, first byte is 0x50, should be 0x6e
50 4c c3 5c 00 06 54 00 04 06 1c                | PL.\..T....     
Invalid response, first byte is 0x50, should be 0x6e
50 0b 3f 20 00 00 00 01 01 00 00                | P.? .......     
Invalid response, first byte is 0x50, should be 0x6e
50 00 00 01 01 00 00 00 05 1e eb                | P..........     
Invalid response, first byte is 0x50, should be 0x6e
50 02 ac 04 00 01 01 01 05 00 00                | P..........     
Invalid response, first byte is 0x50, should be 0x6e
50 00 00 00 00 00 44 00 00 00 00                | P.....D....     
Invalid response, first byte is 0x50, should be 0x6e
50 00 00 00 00 00 84 31 31 12 89                | P......11..     
Invalid response, first byte is 0x50, should be 0x6e
50 4e f9 2c 00 be 11 0a b3 de 6e                | PN.,......n     
Invalid response, first byte is 0x50, should be 0x6e
50 6b 9c dc b7 19 12 62 52 98 6c                | Pk.....bR.l     
Invalid response, first byte is 0x50, should be 0x6e
50 18 db 01 df 7a 6e 88 02 00 99                | P....zn....     
Invalid response, first byte is 0x50, should be 0x6e
50 00 00 ff 00 96 55 30 32 20 30                | P.....U02 0     
Invalid response, first byte is 0x50, should be 0x6e
50 33 20 45 33 20 46 70 00 00 00                | P3 E3 Fp...     
Invalid response, first byte is 0x50, should be 0x6e
50 00 00 00 00 00 00 00 00 00 00                | P..........     
Invalid response, first byte is 0x50, should be 0x6e
50 00 00 00 00 00 00 10 cc 01 a9                | P..........     
Invalid response, first byte is 0x50, should be 0x6e
50 00 00 00 00 00 01 00 00 00 00                | P..........     
Invalid response, first byte is 0x50, should be 0x6e
50 00 00 00 00 00 00 00 00 55 55                | P........UU     
Invalid response, first byte is 0x50, should be 0x6e
50 55 55 fc 00 45 00 0a 56 ca b3                | PUU..E..V..     
Invalid response, first byte is 0x50, should be 0x6e
50 00 00 00 00 19 00 00 00 00 0b                | P..........     
Invalid response, first byte is 0x50, should be 0x6e
50 02 04 0d 11 ff 00 02 ff b9 ff                | P..........     
Invalid response, first byte is 0x50, should be 0x6e
50 2d 17 00 ff 00 00 00 00 00 00                | P-.........     
Invalid response, first byte is 0x50, should be 0x6e
50 00 00 00 00 00 00 00 00 50 16                | P........P.     
Invalid response, first byte is 0x50, should be 0x6e
50 06 00 00 00 10 07 a5 00 06 00                | P..........     
Invalid response, first byte is 0x50, should be 0x6e
50 00 00 64 76 9b 2e 02 00 ff 07                | P..dv......     
Invalid response, first byte is 0x50, should be 0x6e
50 ff 00 00 00 00 00 e4 3f e7 ef                | P.......?..     
Invalid response, first byte is 0x50, should be 0x6e
50 e3 38 3d e7 e5 38 3d 84 10 21                | P.8=..8=..!     
Invalid response, first byte is 0x50, should be 0x6e
50 00 e7 00 00 00 00 00 00 00 00                | P..........     
Invalid response, first byte is 0x50, should be 0x6e
50 00 00 00 00 08 dc 4c c3 5c 03                | P......L.\.     
Invalid response, first byte is 0x50, should be 0x6e
50 06 54 00 04 06 1c 0b 3f 20 00                | P.T.....? .     
Control 0xa0: +/115/255   [???]
Control 0xa1: +/0/80   [???]
Control 0xa2: +/9/30   [???]
Control 0xa3: +/39/119   [???]
Control 0xa4: +/64/85   [???]
Control 0xa5: +/24/47   [???]
Control 0xa6: +/63/63   [???]
Control 0xa7: +/63/63   [???]
Control 0xa8: +/63/63   [???]
Control 0xa9: +/0/63   [???]
Control 0xaa: +/15/30   [???]
Control 0xab: +/15/30   [???]
Control 0xac: +/11504/0   [???]
Invalid response, first byte is 0x50, should be 0x6e
50 30 32 20 30 33 20 45 33 20 46                | P02 03 E3 F     
Invalid response, first byte is 0x50, should be 0x6e
50 70 00 00 00 00 00 00 00 00 00                | Pp.........     
Invalid response, first byte is 0x50, should be 0x6e
50 00 00 00 00 00 00 00 00 00 00                | P..........     
Control 0xae: +/52/0   [???]
Control 0xaf: +/15/30   [???]
Invalid response, first byte is 0x50, should be 0x6e
50 30 32 20 30 33 20 45 33 20 46                | P02 03 E3 F     
Invalid response, first byte is 0x50, should be 0x6e
50 70 00 00 00 00 00 00 00 00 00                | Pp.........     
Invalid response, first byte is 0x50, should be 0x6e
50 00 00 00 00 00 00 00 00 00 00                | P..........     
Invalid response, first byte is 0x50, should be 0x6e
50 10 cc 01 a9 00 00 00 00 00 01                | P..........     
Invalid response, first byte is 0x50, should be 0x6e
50 00 00 00 00 00 00 00 00 00 00                | P..........     
Invalid response, first byte is 0x50, should be 0x6e
50 00 00 55 55 55 0a f8 00 45 00                | P..UUU...E.     
Invalid response, first byte is 0x50, should be 0x6e
50 0a 08 ca bb 00 00 00 00 11 00                | P..........     
Invalid response, first byte is 0x50, should be 0x6e
50 00 00 00 06 02 09 59 18 ff 00                | P......Y...     
Invalid response, first byte is 0x50, should be 0x6e
50 07 ff b9 ff 45 17 00 ff 00 00                | P....E.....     
Invalid response, first byte is 0x50, should be 0x6e
50 00 00 00 00 00 00 00 00 00 00                | P..........     
Invalid response, first byte is 0x50, should be 0x6e
50 00 00 1d 19 06 00 00 00 10 07                | P..........     
Invalid response, first byte is 0x50, should be 0x6e
50 a5 00 06 00 00 00 64 76 9b 2e                | P......dv..     
Invalid response, first byte is 0x50, should be 0x6e
50 02 00 ff 03 ff 00 00 00 00 00                | P..........     
Invalid response, first byte is 0x50, should be 0x6e
50 e4 3f e7 ef e3 38 3d e7 e5 38                | P.?...8=..8     
Invalid response, first byte is 0x50, should be 0x6e
50 3d 84 10 21 00 e7 00 00 00 00                | P=..!......     
Invalid response, first byte is 0x50, should be 0x6e
50 00 00 00 00 00 00 00 00 02 dc                | P..........     
Invalid response, first byte is 0x50, should be 0x6e
50 4c c3 5c 01 06 54 00 04 06 1c                | PL.\..T....     
Invalid response, first byte is 0x50, should be 0x6e
50 0b 3f 20 00 00 00 01 08 01 00                | P.? .......     
Invalid response, first byte is 0x50, should be 0x6e
50 00 00 03 01 00 00 00 05 1e eb                | P..........     
Invalid response, first byte is 0x50, should be 0x6e
50 02 ac 02 00 00 01 01 03 00 00                | P..........     
Invalid response, first byte is 0x50, should be 0x6e
50 00 00 00 00 00 44 00 00 00 00                | P.....D....     
Invalid response, first byte is 0x50, should be 0x6e
50 00 00 00 00 00 84 31 31 12 89                | P......11..     
Invalid response, first byte is 0x50, should be 0x6e
50 4e f9 2c 00 be 11 0a b3 de 6e                | PN.,......n     
Invalid response, first byte is 0x50, should be 0x6e
50 6b 9c dc b7 19 12 62 52 98 6c                | Pk.....bR.l     
i2c-algo-bit.o: readbytes: i2c_inb timed out.
Error while reading read message answer: Bad message
Invalid response, first byte is 0x50, should be 0x6e
50 88 02 00 b8 00 00 1e 00 0f 0a                | P..........     
Invalid response, first byte is 0x50, should be 0x6e
50 30 32 20 30 33 20 45 33 20 46                | P02 03 E3 F     
Invalid response, first byte is 0x50, should be 0x6e
50 70 00 00 00 00 00 00 00 00 00                | Pp.........     
Invalid response, first byte is 0x50, should be 0x6e
50 00 00 00 00 00 00 00 00 00 00                | P..........     
Invalid response, first byte is 0x50, should be 0x6e
50 10 cc 01 a9 00 00 00 00 00 01                | P..........     
Invalid response, first byte is 0x50, should be 0x6e
50 00 00 00 00 00 00 00 00 00 00                | P..........     
Invalid response, first byte is 0x50, should be 0x6e
50 00 00 55 55 55 0a f8 00 45 00                | P..UUU...E.     
Invalid response, first byte is 0x50, should be 0x6e
50 0a 18 ca 06 00 00 00 00 26 00                | P........&.     
Invalid response, first byte is 0x50, should be 0x6e
50 00 00 00 0b 02 04 52 2c ff 00                | P......R,..     
Invalid response, first byte is 0x50, should be 0x6e
50 01 ff b8 ff 57 17 00 ff 00 00                | P....W.....     
Invalid response, first byte is 0x50, should be 0x6e
50 00 00 00 00 00 00 00 00 00 00                | P..........     
Invalid response, first byte is 0x50, should be 0x6e
50 00 00 0b 1b 06 00 00 00 10 07                | P..........     
Invalid response, first byte is 0x50, should be 0x6e
50 a5 00 06 00 00 00 64 76 9b 2e                | P......dv..     
Invalid response, first byte is 0x50, should be 0x6e
50 02 00 ff 04 ff 00 00 00 00 00                | P..........     
Invalid response, first byte is 0x50, should be 0x6e
50 e4 3f e7 ef e3 38 3d e7 e5 38                | P.?...8=..8     
Invalid response, first byte is 0x50, should be 0x6e
50 3d 84 10 21 00 e7 00 00 00 00                | P=..!......     
Invalid response, first byte is 0x50, should be 0x6e
50 00 00 00 00 00 00 00 00 00 dc                | P..........     
Invalid response, first byte is 0x50, should be 0x6e
50 4c c3 5c 01 06 54 00 04 06 1c                | PL.\..T....     
Invalid response, first byte is 0x50, should be 0x6e
50 0b 3f 20 00 00 00 01 08 01 00                | P.? .......     
Invalid response, first byte is 0x50, should be 0x6e
50 00 00 02 00 00 00 00 05 1e eb                | P..........     
Invalid response, first byte is 0x50, should be 0x6e
50 02 ac 03 00 02 01 01 0a 00 00                | P..........     
Invalid response, first byte is 0x50, should be 0x6e
50 00 00 00 00 00 44 00 00 00 00                | P.....D....     
sendbytes: error - bailout.
Error while reading write message answer: Bad message
Invalid response, first byte is 0x50, should be 0x6e
50 00 00 00 00 00 84 31 31 12 89                | P......11..     
Invalid response, first byte is 0x50, should be 0x6e
50 4e f9 2c 00 be 11 0a b3 de 6e                | PN.,......n     
Invalid response, first byte is 0x50, should be 0x6e
50 6b 9c dc b7 19 12 62 52 98 6c                | Pk.....bR.l     
Invalid response, first byte is 0x50, should be 0x6e
50 18 db 01 df 7a 6e 88 02 00 c1                | P....zn....     
Invalid response, first byte is 0x50, should be 0x6e
50 00 00 1e 00 0f 0a 30 32 20 30                | P......02 0     
Invalid response, first byte is 0x50, should be 0x6e
50 33 20 45 33 20 46 70 00 00 00                | P3 E3 Fp...     
Invalid response, first byte is 0x50, should be 0x6e
50 00 00 00 00 00 00 00 00 00 00                | P..........     
Invalid response, first byte is 0x50, should be 0x6e
50 00 00 00 00 00 00 10 cc 01 a9                | P..........     
Invalid response, first byte is 0x50, should be 0x6e
50 00 00 00 00 00 01 00 00 00 00                | P..........     
Invalid response, first byte is 0x50, should be 0x6e
50 00 00 00 00 00 00 00 00 55 55                | P........UU     
Invalid response, first byte is 0x50, should be 0x6e
50 55 0a fc 00 45 00 0a 0d ca 54                | PU...E....T     
Invalid response, first byte is 0x50, should be 0x6e
50 00 00 00 00 08 00 00 00 00 09                | P..........     
Invalid response, first byte is 0x50, should be 0x6e
50 01 04 2c 0a ff 00 05 ff ba ff                | P..,.......     
Invalid response, first byte is 0x50, should be 0x6e
50 6a 17 00 ff 00 00 00 00 00 00                | Pj.........     
Invalid response, first byte is 0x50, should be 0x6e
50 00 00 00 00 00 00 00 00 58 1c                | P........X.     
Control 0xc5: +/0/255   [???]
Control 0xc6: +/0/127   [???]
Invalid response, first byte is 0x50, should be 0x6e
50 30 32 20 30 33 20 45 33 20 46                | P02 03 E3 F     
Invalid response, first byte is 0x50, should be 0x6e
50 70 00 00 00 00 00 00 00 00 00                | Pp.........     
Invalid response, first byte is 0x50, should be 0x6e
50 00 00 00 00 00 00 00 00 00 00                | P..........     
Invalid response, first byte is 0x50, should be 0x6e
50 10 cc 01 a9 00 00 00 00 00 01                | P..........     
Invalid response, first byte is 0x50, should be 0x6e
50 00 00 00 00 00 00 00 00 00 00                | P..........     
Invalid response, first byte is 0x50, should be 0x6e
50 00 00 55 55 55 0d f8 00 45 00                | P..UUU...E.     
Invalid response, first byte is 0x50, should be 0x6e
50 0a 9a ca f9 00 00 00 00 1c 00                | P..........     
Invalid response, first byte is 0x50, should be 0x6e
50 00 00 00 09 02 01 59 18 ff 00                | P......Y...     
Invalid response, first byte is 0x50, should be 0x6e
50 05 ff b8 ff 72 17 00 ff 00 00                | P....r.....     
Invalid response, first byte is 0x50, should be 0x6e
50 00 00 00 00 00 00 00 00 00 00                | P..........     
Invalid response, first byte is 0x50, should be 0x6e
50 00 00 4f 1d 06 00 00 00 10 07                | P..O.......     
Invalid response, first byte is 0x50, should be 0x6e
50 a5 00 06 00 00 00 64 76 9b 2e                | P......dv..     
Invalid response, first byte is 0x50, should be 0x6e
50 02 00 ff 01 ff 00 00 00 00 00                | P..........     
Invalid response, first byte is 0x50, should be 0x6e
50 e4 3f e7 ef e3 38 3d e7 e5 38                | P.?...8=..8     
Invalid response, first byte is 0x50, should be 0x6e
50 3d 84 10 21 00 e7 00 00 00 00                | P=..!......     
Invalid response, first byte is 0x50, should be 0x6e
50 00 00 00 00 00 00 00 00 07 dc                | P..........     
Invalid response, first byte is 0x50, should be 0x6e
50 4c c3 5c 00 06 54 00 04 06 1c                | PL.\..T....     
Invalid response, first byte is 0x50, should be 0x6e
50 0b 3f 20 00 00 00 01 0a 02 00                | P.? .......     
Invalid response, first byte is 0x50, should be 0x6e
50 00 00 01 00 00 00 00 05 1e eb                | P..........     
Invalid response, first byte is 0x50, should be 0x6e
50 02 ac 06 00 01 01 01 04 00 00                | P..........     
Invalid response, first byte is 0x50, should be 0x6e
50 00 00 00 00 00 44 00 00 00 00                | P.....D....     
Invalid response, first byte is 0x50, should be 0x6e
50 00 00 00 00 00 84 31 31 12 89                | P......11..     
Invalid response, first byte is 0x50, should be 0x6e
50 4e f9 2c 00 be 11 0a b3 de 6e                | PN.,......n     
Invalid response, first byte is 0x50, should be 0x6e
50 6b 9c dc b7 19 12 62 52 98 6c                | Pk.....bR.l     
Invalid response, first byte is 0x50, should be 0x6e
50 18 db 01 df 7a 6e 88 02 00 cf                | P....zn....     
Invalid response, first byte is 0x50, should be 0x6e
50 00 00 7f 00 00 0d 30 32 20 30                | P......02 0     
Invalid response, first byte is 0x50, should be 0x6e
50 33 20 45 33 20 46 70 00 00 00                | P3 E3 Fp...     
Invalid response, first byte is 0x50, should be 0x6e
50 00 00 00 00 00 00 00 00 00 00                | P..........     
Invalid response, first byte is 0x50, should be 0x6e
50 00 00 00 00 00 00 10 cc 01 a9                | P..........     
Invalid response, first byte is 0x50, should be 0x6e
50 00 00 00 00 00 01 00 00 00 00                | P..........     
Invalid response, first byte is 0x50, should be 0x6e
50 00 00 00 00 00 00 00 00 55 55                | P........UU     
Invalid response, first byte is 0x50, should be 0x6e
50 55 0d fc 00 45 00 0a 54 ca 4d                | PU...E..T.M     
Invalid response, first byte is 0x50, should be 0x6e
50 00 00 00 00 0f 00 00 00 00 05                | P..........     
Invalid response, first byte is 0x50, should be 0x6e
50 00 04 0d 2f ff 00 07 ff b8 ff                | P.../......     
Invalid response, first byte is 0x50, should be 0x6e
50 84 17 00 ff 00 00 00 00 00 00                | P..........     
i2c-algo-bit.o: readbytes: i2c_inb timed out.
Error while reading read message answer: Bad message
Invalid response, first byte is 0x50, should be 0x6e
50 00 00 00 00 00 3a 1f 06 00 00                | P.....:....     
Invalid response, first byte is 0x50, should be 0x6e
50 00 10 07 a5 00 06 00 00 00 64                | P.........d     
Invalid response, first byte is 0x50, should be 0x6e
50 76 9b 2e 02 00 ff 04 ff 00 00                | Pv.........     
Invalid response, first byte is 0x50, should be 0x6e
50 00 00 00 e4 3f e7 ef e3 38 3d                | P....?...8=     
Invalid response, first byte is 0x50, should be 0x6e
50 e7 e5 38 3d 84 10 21 00 e7 00                | P..8=..!...     
Invalid response, first byte is 0x50, should be 0x6e
50 00 00 00 00 00 00 00 00 00 00                | P..........     
Invalid response, first byte is 0x50, should be 0x6e
50 00 06 dc 4c c3 5c 03 06 54 00                | P...L.\..T.     
Invalid response, first byte is 0x50, should be 0x6e
50 04 06 1c 0b 3f 20 00 00 00 01                | P....? ....     
Invalid response, first byte is 0x50, should be 0x6e
50 02 01 00 00 00 03 01 00 00 00                | P..........     
Invalid response, first byte is 0x50, should be 0x6e
50 05 1e eb 02 ac 07 00 02 01 01                | P..........     
Invalid response, first byte is 0x50, should be 0x6e
50 01 00 00 00 00 00 00 00 44 00                | P........D.     
Invalid response, first byte is 0x50, should be 0x6e
50 00 00 00 00 00 00 00 00 84 31                | P.........1     
Invalid response, first byte is 0x50, should be 0x6e
50 31 12 89 4e f9 2c 00 be 11 0a                | P1..N.,....     
Invalid response, first byte is 0x50, should be 0x6e
50 b3 de 6e 6b 9c dc b7 19 12 62                | P..nk.....b     
Invalid response, first byte is 0x50, should be 0x6e
50 52 98 6c 18 db 01 df 7a 6e 88                | PR.l....zn.     
Control 0xd8: +/160/255   [???]
Control 0xd9: +/54/127   [???]
Invalid response, first byte is 0x50, should be 0x6e
50 30 32 20 30 33 20 45 33 20 46                | P02 03 E3 F     
Invalid response, first byte is 0x50, should be 0x6e
50 70 00 00 00 00 00 00 00 00 00                | Pp.........     
Invalid response, first byte is 0x50, should be 0x6e
50 00 00 00 00 00 00 00 00 00 00                | P..........     
Invalid response, first byte is 0x50, should be 0x6e
50 10 cc 01 a9 00 00 00 00 00 01                | P..........     
Invalid response, first byte is 0x50, should be 0x6e
50 00 00 00 00 00 00 00 00 00 00                | P..........     
Invalid response, first byte is 0x50, should be 0x6e
50 00 00 55 55 55 24 f8 00 45 00                | P..UUU$..E.     
Invalid response, first byte is 0x50, should be 0x6e
50 0a e2 ca 8c 00 00 00 00 1e 00                | P..........     
Invalid response, first byte is 0x50, should be 0x6e
50 00 00 00 08 01 03 20 09 ff 00                | P...... ...     
Invalid response, first byte is 0x50, should be 0x6e
50 03 ff b9 ff 97 17 00 ff 00 00                | P..........     
Invalid response, first byte is 0x50, should be 0x6e
50 00 00 00 00 00 00 00 00 00 00                | P..........     
Invalid response, first byte is 0x50, should be 0x6e
50 00 00 2d 21 06 00 00 00 10 07                | P..-!......     
Invalid response, first byte is 0x50, should be 0x6e
50 a5 00 06 00 00 00 64 76 9b 2e                | P......dv..     
Invalid response, first byte is 0x50, should be 0x6e
50 02 00 ff 06 ff 00 00 00 00 00                | P..........     
Invalid response, first byte is 0x50, should be 0x6e
50 e4 3f e7 ef e3 38 3d e7 e5 38                | P.?...8=..8     
Invalid response, first byte is 0x50, should be 0x6e
50 3d 84 10 21 00 e7 00 00 00 00                | P=..!......     
Invalid response, first byte is 0x50, should be 0x6e
50 00 00 00 00 00 00 00 00 04 dc                | P..........     
Invalid response, first byte is 0x50, should be 0x6e
50 4c c3 5c 02 06 54 00 04 06 1c                | PL.\..T....     
Invalid response, first byte is 0x50, should be 0x6e
50 0b 3f 20 00 00 00 01 08 02 00                | P.? .......     
Invalid response, first byte is 0x50, should be 0x6e
50 00 00 01 01 00 00 00 05 1e eb                | P..........     
Invalid response, first byte is 0x50, should be 0x6e
50 02 ac 06 00 02 01 01 07 00 00                | P..........     
Invalid response, first byte is 0x50, should be 0x6e
50 00 00 00 00 00 44 00 00 00 00                | P.....D....     
Invalid response, first byte is 0x50, should be 0x6e
50 00 00 00 00 00 84 31 31 12 89                | P......11..     
Invalid response, first byte is 0x50, should be 0x6e
50 4e f9 2c 00 be 11 0a b3 de 6e                | PN.,......n     
Invalid response, first byte is 0x50, should be 0x6e
50 6b 9c dc b7 19 12 62 52 98 6c                | Pk.....bR.l     
Invalid response, first byte is 0x50, should be 0x6e
50 18 db 01 df 7a 6e 88 02 00 e2                | P....zn....     
Invalid response, first byte is 0x50, should be 0x6e
50 00 00 7f 00 36 24 30 32 20 30                | P....6$02 0     
Invalid response, first byte is 0x50, should be 0x6e
50 33 20 45 33 20 46 70 00 00 00                | P3 E3 Fp...     
Invalid response, first byte is 0x50, should be 0x6e
50 00 00 00 00 00 00 00 00 00 00                | P..........     
Invalid response, first byte is 0x50, should be 0x6e
50 00 00 00 00 00 00 10 cc 01 a9                | P..........     
Invalid response, first byte is 0x50, should be 0x6e
50 00 00 00 00 00 01 00 00 00 00                | P..........     
Invalid response, first byte is 0x50, should be 0x6e
50 00 00 00 00 00 00 00 00 55 55                | P........UU     
Invalid response, first byte is 0x50, should be 0x6e
50 55 24 fc 00 45 00 0a ae ca de                | PU$..E.....     
Invalid response, first byte is 0x50, should be 0x6e
50 00 00 00 00 15 00 00 00 00 04                | P..........     
Invalid response, first byte is 0x50, should be 0x6e
50 03 07 24 1d ff 00 04 ff b9 ff                | P..$.......     
Invalid response, first byte is 0x50, should be 0x6e
50 a9 17 00 ff 00 00 00 00 00 00                | P..........     
Invalid response, first byte is 0x50, should be 0x6e
50 00 00 00 00 00 00 00 00 12 23                | P.........#     
Control 0xe6: +/100/255   [???]
i2c-algo-bit.o: readbytes: Timeout at ack
Error while reading read message answer: Bad message
Invalid response, first byte is 0x50, should be 0x6e
50 46 70 00 00 00 00 00 00 00 00                | PFp........     
Invalid response, first byte is 0x50, should be 0x6e
50 00 00 00 00 00 00 00 00 00 00                | P..........     
Control 0xe8: +/47/127   [???]
Control 0xe9: +/0/255   [???]
Invalid response, first byte is 0x50, should be 0x6e
50 30 32 20 30 33 20 45 33 20 46                | P02 03 E3 F     
Invalid response, first byte is 0x50, should be 0x6e
50 70 00 00 00 00 00 00 00 00 00                | Pp.........     
Invalid response, first byte is 0x50, should be 0x6e
50 00 00 00 00 00 00 00 00 00 00                | P..........     
Invalid response, first byte is 0x50, should be 0x6e
50 10 cc 01 a9 00 00 00 00 00 01                | P..........     
Invalid response, first byte is 0x50, should be 0x6e
50 00 00 00 00 00 00 00 00 00 00                | P..........     
Invalid response, first byte is 0x50, should be 0x6e
50 00 00 55 55 55 a2 f8 00 45 00                | P..UUU...E.     
Invalid response, first byte is 0x50, should be 0x6e
50 0a 4d ca 67 00 00 00 00 0d 00                | P.M.g......     
Invalid response, first byte is 0x50, should be 0x6e
50 00 00 00 0a 01 03 0c 11 ff 00                | P..........     
Invalid response, first byte is 0x50, should be 0x6e
50 05 ff b9 ff b4 17 00 ff 00 00                | P..........     
Invalid response, first byte is 0x50, should be 0x6e
50 00 00 00 00 00 00 00 00 00 00                | P..........     
Invalid response, first byte is 0x50, should be 0x6e
50 00 00 24 24 06 00 00 00 10 07                | P..$$......     
Invalid response, first byte is 0x50, should be 0x6e
50 a5 00 06 00 00 00 64 76 9b 2e                | P......dv..     
Control 0xee: +/85/127   [???]
Invalid response, first byte is 0x50, should be 0x6e
50 30 32 20 30 33 20 45 33 20 46                | P02 03 E3 F     
Invalid response, first byte is 0x50, should be 0x6e
50 70 00 00 00 00 00 00 00 00 00                | Pp.........     
Invalid response, first byte is 0x50, should be 0x6e
50 00 00 00 00 00 00 00 00 00 00                | P..........     
Control 0xf0: +/114/127   [???]
Invalid response, first byte is 0x50, should be 0x6e
50 30 32 20 30 33 20 45 33 20 46                | P02 03 E3 F     
Invalid response, first byte is 0x50, should be 0x6e
50 70 00 00 00 00 00 00 00 00 00                | Pp.........     
Invalid response, first byte is 0x50, should be 0x6e
50 00 00 00 00 00 00 00 00 00 00                | P..........     
Invalid response, first byte is 0x50, should be 0x6e
50 10 cc 01 a9 00 00 00 00 00 01                | P..........     
Invalid response, first byte is 0x50, should be 0x6e
50 00 00 00 00 00 00 00 00 00 00                | P..........     
Invalid response, first byte is 0x50, should be 0x6e
50 00 00 55 55 55 49 f8 00 45 00                | P..UUUI..E.     
Invalid response, first byte is 0x50, should be 0x6e
50 0a ea ca f1 00 00 00 00 24 00                | P........$.     
Invalid response, first byte is 0x50, should be 0x6e
50 00 00 00 04 01 03 2a 32 ff 00                | P......*2..     
Invalid response, first byte is 0x50, should be 0x6e
50 07 ff b9 ff c0 17 00 ff 00 00                | P..........     
Invalid response, first byte is 0x50, should be 0x6e
50 00 00 00 00 00 00 00 00 00 00                | P..........     
Invalid response, first byte is 0x50, should be 0x6e
50 00 00 37 25 06 00 00 00 10 07                | P..7%......     
Invalid response, first byte is 0x50, should be 0x6e
50 a5 00 06 00 00 00 64 76 9b 2e                | P......dv..     
Invalid response, first byte is 0x50, should be 0x6e
50 02 00 ff 03 ff 00 00 00 00 00                | P..........     
Invalid response, first byte is 0x50, should be 0x6e
50 e4 3f e7 ef e3 38 3d e7 e5 38                | P.?...8=..8     
Invalid response, first byte is 0x50, should be 0x6e
50 3d 84 10 21 00 e7 00 00 00 00                | P=..!......     
Invalid response, first byte is 0x50, should be 0x6e
50 00 00 00 00 00 00 00 00 05 dc                | P..........     
Control 0xf6: +/156/255   [???]
Invalid response, first byte is 0x50, should be 0x6e
50 30 32 20 30 33 20 45 33 20 46                | P02 03 E3 F     
Invalid response, first byte is 0x50, should be 0x6e
50 70 00 00 00 00 00 00 00 00 00                | Pp.........     
Invalid response, first byte is 0x50, should be 0x6e
50 00 00 00 00 00 00 00 00 00 00                | P..........     
Invalid response, first byte is 0x50, should be 0x6e
50 10 cc 01 a9 00 00 00 00 00 01                | P..........     
Invalid response, first byte is 0x50, should be 0x6e
50 00 00 00 00 00 00 00 00 00 00                | P..........     
Invalid response, first byte is 0x50, should be 0x6e
50 00 00 55 55 55 21 f8 00 45 00                | P..UUU!..E.     
Invalid response, first byte is 0x50, should be 0x6e
50 0a 76 ca 7d 00 00 00 00 02 00                | P.v.}......     
Invalid response, first byte is 0x50, should be 0x6e
50 00 00 00 04 01 06 42 20 ff 00                | P......B ..     
Invalid response, first byte is 0x50, should be 0x6e
50 01 ff b9 ff cb 17 00 ff 00 00                | P..........     
Invalid response, first byte is 0x50, should be 0x6e
50 00 00 00 00 00 00 00 00 00 00                | P..........     
Invalid response, first byte is 0x50, should be 0x6e
50 00 00 46 26 06 00 00 00 10 07                | P..F&......     
Invalid response, first byte is 0x50, should be 0x6e
50 a5 00 06 00 00 00 64 76 9b 2e                | P......dv..     
sendbytes: error - bailout.
Error while reading write message answer: Bad message
Invalid response, first byte is 0x50, should be 0x6e
50 02 00 ff 07 ff 00 00 00 00 00                | P..........     
Invalid response, first byte is 0x50, should be 0x6e
50 e4 3f e7 ef e3 38 3d e7 e5 38                | P.?...8=..8     
Invalid response, first byte is 0x50, should be 0x6e
50 3d 84 10 21 00 e7 00 00 00 00                | P=..!......     
Invalid response, first byte is 0x50, should be 0x6e
50 00 00 00 00 00 00 00 00 07 dc                | P..........     
Invalid response, first byte is 0x50, should be 0x6e
50 4c c3 5c 03 06 54 00 04 06 1c                | PL.\..T....     
Invalid response, first byte is 0x50, should be 0x6e
50 0b 3f 20 00 00 00 01 04 01 00                | P.? .......     
Invalid response, first byte is 0x50, should be 0x6e
50 00 00 00 01 00 00 00 05 1e eb                | P..........     
Invalid response, first byte is 0x50, should be 0x6e
50 02 ac 0b 00 00 01 01 06 00 00                | P..........     
Invalid response, first byte is 0x50, should be 0x6e
50 00 00 00 00 00 44 00 00 00 00                | P.....D....     
Invalid response, first byte is 0x50, should be 0x6e
50 00 00 00 00 00 84 31 31 12 89                | P......11..     
Invalid response, first byte is 0x50, should be 0x6e
50 4e f9 2c 00 be 11 0a b3 de 6e                | PN.,......n     
Control 0xff: +/0/255   [???]

