# LANG= LC_ALL= ddccontrol -p -c -d
ddccontrol version 0.4.2
Copyright 2004-2005 Oleg I. Vdovikin (oleg@cs.msu.su)
Copyright 2004-2006 Nicolas Boichat (nicolas@boichat.ch)
This program comes with ABSOLUTELY NO WARRANTY.
You may redistribute copies of this program under the terms of the GNU General Public License.

Probing for available monitors..I/O warning : failed to load external entity "/usr/share/ddccontrol-db/monitor/SAM0247.xml"
Document not parsed successfully.
.
Detected monitors :
 - Device: pci:02:00.0-2
   DDC/CI supported: Yes
   Monitor Name: VESA standard monitor
   Input type: Analog
  (Automatically selected)
Reading EDID and initializing DDC/CI at bus pci:02:00.0-2...
I/O warning : failed to load external entity "/usr/share/ddccontrol-db/monitor/SAM0247.xml"
Document not parsed successfully.

EDID readings:
        Plug and Play ID: SAM0247 [VESA standard monitor]
        Input type: Analog
=============================== WARNING ===============================
There is no support for your monitor in the database, but ddccontrol is
using a basic generic profile. Many controls will not be supported, and
some controls may not work as expected.
Please update ddccontrol-db, or, if you are already using the latest
version, please send the output of the following command to
ddccontrol-users@lists.sourceforge.net:

LANG= LC_ALL= ddccontrol -p -c -d

Thank you.
=============================== WARNING ===============================

Capabilities:
Raw output: (prot(monitor)type(LCD)model(Mobious)mccs_ver(2.0)vcp(04 05 06 08 0E 10 12 14(02 03 0A 0B) 16 18 1A 1E 20 30 3E 60(01 03) 87 AA(01 02 03 FF) B0(01 02) B6 C6 C8 C9 CC(01 02 03 04 05 06 07 08 09 0A 0B 0C) D6(01 04) DC(01 02 03 04 05 06 F0) DF E8(00 01 02 03 04 05) F0(00 01 02 03) F3(00 01) F2 )mswhql(1))
Parsed output: 
        VCP: 04 05 06 08 0e 10 12 14 16 18 1a 1e 20 30 3e 60 87 aa b0 b6 c6 c8 c9 cc d6 dc df e8 f0 f2 f3 
        Type: Unknown

Controls (valid/current/max) [Description - Value name]:
Control 0x02: +/0/0   [???]
Control 0x04: +/0/1 C [Restore Factory Defaults]
Control 0x05: +/0/1 C [Restore Brightness and Contrast]
Control 0x06: +/0/1 C [Restore Factory Default Geometry]
Control 0x08: +/0/1 C [Restore Factory Default Color]
Control 0x0e: +/80/160 C [Image Lock Coarse (Clock)]
Control 0x10: +/41/100 C [Brightness]
Control 0x12: +/75/100 C [Contrast]
Control 0x14: +/2/11 C [???]
Control 0x16: +/32/64 C [Red maximum level]
Control 0x18: +/32/64 C [Green maximum level]
Control 0x1a: +/32/64 C [Blue maximum level]
Control 0x1e: +/0/2 C [Automatically adjust]
Control 0x20: +/69/160 C [Horizontal Position]
Control 0x30: +/30/60 C [Vertical Position]
Control 0x3e: +/23/31 C [Image Lock Fine (Clock Phase)]
Control 0x60: +/1/3 C [Input Source Select - Analog]
Control 0x62: +/25/50   [???]
Control 0x6c: +/128/255   [???]
Control 0x6e: +/128/255   [???]
Control 0x70: +/128/255   [???]
i2c-algo-bit.o: readbytes: i2c_inb timed out.
Error while reading read message answer: Bad message
Control 0x87: +/15/25 C [???]
Control 0xaa: +/1/3 C [OSD Orientation - Landscape]
Control 0xb0: +/0/2 C [Settings]
i2c-algo-bit.o: readbytes: i2c_inb timed out.
Error while reading read message answer: Bad message
Control 0xb6: +/3/9 C [???]
Control 0xc6: +/1/1 C [???]
Control 0xc8: +/5/20 C [???]
Control 0xc9: +/1/0 C [???]
Control 0xca: +/2/2   [???]
Control 0xcc: +/2/11 C [???]
Control 0xd6: +/1/4 C [DPMS Control - On]
Control 0xdc: +/2/7 C [???]
Control 0xdf: +/512/514 C [???]
Control 0xe0: +/3/160   [???]
Control 0xe1: +/1/1   [???]
Control 0xe2: +/0/1   [???]
Control 0xe8: +/0/5 C [???]
Control 0xed: +/88/255   [???]
Control 0xee: +/90/255   [???]
Control 0xef: +/92/255   [???]
Control 0xf0: +/0/3 C [???]
Control 0xf2: +/0/2 C [???]
Control 0xf3: +/1/1 C [???]
Control 0xf5: +/0/2   [???]
Control 0xf8: +/0/0   [???]
Control 0xf9: +/50/100   [???]
Control 0xfa: +/50/100   [???]
Control 0xfb: +/50/100   [???]
Control 0xfc: +/10/20   [???]

