Error while reading write message answer: Bad message
Reading EDID 0x50 failed.
Error while reading write message answer: Bad message
Reading EDID 0x50 failed.
I/O warning : failed to load external entity "/usr/local/share/ddccontrol-db/monitor/SAM0124.xml"
Document not parsed successfully.
Corrupted EDID at 0x50.
ioctl(): Remote I/O error
ioctl returned -1
Reading EDID 0x50 failed.
I/O warning : failed to load external entity "/usr/local/share/ddccontrol-db/monitor/SAM0124.xml"
Document not parsed successfully.
I/O warning : failed to load external entity "/usr/local/share/ddccontrol-db/monitor/SAM0124.xml"
Document not parsed successfully.
ddccontrol version 0.1.3
Copyright 2005 Oleg I. Vdovikin (oleg@cs.msu.su) and Nicolas Boichat (nicolas@boichat.ch)
This program comes with ABSOLUTELY NO WARRANTY.
You may redistribute copies of this program under the terms of the GNU General Public License.

Device: pci:01:00.0-0
Device: pci:01:00.0-1
Device: pci:01:00.0-2
Detected monitors :
 - Device: pci:01:00.0-2
   DDC/CI supported: Yes
   Monitor Name: Unknown monitor (SAM0124)
   Input type: Analog
  (Automatically selected)
 - Device: dev:/dev/i2c-0
   DDC/CI supported: Yes
   Monitor Name: Unknown monitor (SAM0124)
   Input type: Analog
Reading EDID and initializing DDC/CI at bus pci:01:00.0-2...
Device: pci:01:00.0-2

EDID readings:
	Plug and Play ID: SAM0124 [(null)]
	Input type: Analog

Capabilities:
(type(LCD)vcp(04 05 06 08 0E 10 12 16 18 1A 1E 20 30 3E B0(1 2) B6 C6 C8 C9 D6(1 4) DC(1 2 3 4) DF E0(0 1 2 3)))

Controls (valid/current/max) [Description - Value name]:
Control 0x04: +/0/1 [???]
Control 0x05: +/0/1 [???]
Control 0x06: +/0/1 [???]
Control 0x08: +/0/1 [???]
Control 0x0e: +/60/120 [???]
Control 0x10: +/80/100 [???]
Control 0x12: +/80/100 [???]
Control 0x16: +/32/64 [???]
Control 0x18: +/32/64 [???]
Control 0x1a: +/32/64 [???]
Control 0x1e: +/0/2 [???]
Control 0x20: +/31/100 [???]
Control 0x30: +/35/70 [???]
Control 0x3e: +/22/31 [???]
Control 0x60: +/1/3 [???]
Control 0x62: +/50/100 [???]
Control 0x6c: +/149/255 [???]
Control 0x6e: +/129/255 [???]
Control 0x70: +/149/255 [???]
Control 0xb0: +/0/2 [???]
Control 0xca: +/2/2 [???]
Control 0xcc: +/2/11 [???]
Control 0xd6: +/1/4 [???]
Control 0xdc: +/4/4 [???]
Control 0xe0: +/3/3 [???]
Control 0xe1: +/1/1 [???]
Control 0xe2: +/0/1 [???]
Control 0xed: +/98/255 [???]
Control 0xee: +/100/255 [???]
Control 0xef: +/98/255 [???]
Control 0xf5: +/1/2 [???]
