ddccontrol version 0.4.2
Copyright 2004-2005 Oleg I. Vdovikin (oleg@...13...)
Copyright 2004-2006 Nicolas Boichat (nicolas@...3...)
This program comes with ABSOLUTELY NO WARRANTY.
You may redistribute copies of this program under the terms of the GNU General Public License.

Probing for available monitors.I/O warning : failed to load external entity "/usr/local/share/ddccontrol-db/monitor/PHL084C.xml"
Document not parsed successfully.
..Invalid response, first byte is 0x31, should be 0x6e
0000: 31 41 20 36 30 28 2e 6e a3 e3 00 60 20 31 32 20 | 1A 60(.n...` 12 
0010: 31 34 28 30 31 20 30 35 20 30 38 20 30 42 29 20 | 14(01 05 08 0B) 
0020: 31 36 20 31 38 20 31 41 20 36 30 28 69 6e a3 e3 | 16 18 1A 60(in..
0030: 00 60 20 31 32 20 31 34 28 30 31 20 30 35 20 30 | .` 12 14(01 05 0
0040: 38 20 30                                        | 8 0             
I/O warning : failed to load external entity "/usr/local/share/ddccontrol-db/monitor/PHL084C.xml"
Document not parsed successfully.
Invalid response, first byte is 0x02, should be 0x6e
02 01 0f 00 00 ff 00 00 a3 6e 88                | .........n.     
Invalid response, first byte is 0x02, should be 0x6e
02 01 22 00 00 ff 00 00 8e 6e 88                | .."......n.     
Invalid response, first byte is 0x02, should be 0x6e
02 01 27 00 00 ff 00 00 8b 6e 88                | ..'......n.     
Invalid response, first byte is 0x02, should be 0x6e
02 01 34 00 00 ff 00 00 98 6e 88                | ..4......n.     
Invalid response, first byte is 0x02, should be 0x6e
02 01 3f 00 00 ff 00 00 93 6e 88                | ..?......n.     
Invalid response, first byte is 0x02, should be 0x6e
02 01 5c 00 00 ff 00 00 f0 6e 88                | ..\......n.     
Invalid response, first byte is 0x02, should be 0x6e
02 01 5f 00 00 ff 00 00 f3 6e 88                | .._......n.     
Invalid response, first byte is 0x02, should be 0x6e
02 00 6e 00 00 ff 00 7f bc 6e 88                | ..n......n.     
Invalid response, first byte is 0x02, should be 0x6e
02 00 ac 00 ff ff 7c d5 57 6e 88                | ......|.Wn.     
Invalid response, first byte is 0x02, should be 0x6e
02 01 b3 00 00 ff 00 00 1f 6e 88                | .........n.     
Invalid response, first byte is 0x02, should be 0x6e
02 01 b9 00 00 ff 00 00 15 6e 88                | .........n.     

Detected monitors :
 - Device: pci:03:00.0-1
   DDC/CI supported: Yes
   Monitor Name: Philips standard LCD
   Input type: Digital
  (Automatically selected)
Reading EDID and initializing DDC/CI at bus pci:03:00.0-1...

EDID readings:
	Plug and Play ID: PHL084C [Philips standard LCD]
	Input type: Digital
=============================== WARNING ===============================
There is no support for your monitor in the database, but ddccontrol is
using a generic profile for your monitor's manufacturer. Some controls
may not be supported, or may not work as expected.
Please update ddccontrol-db, or, if you are already using the latest
version, please send the output of the following command to
ddccontrol-users@lists.sourceforge.net:

LANG= LC_ALL= ddccontrol -p -c -d

Thank you.
=============================== WARNING ===============================

Capabilities:
Raw output: (prot(monitor)type(lcd)model(PHILIPS 190X7)cmds(01 02 03 07 0C 4E F3 E3)vcp(02 04 05 08 0B 0C 10 12 14(01 05 08 0B) 16 18 1A 60(03 04) 62 6C 6E 70 AE B6 C0 C6 C8 C9 D6(01 04) DF)SmartManage(1.0)mswhql(1)mccs_ver(2.0)asset_eep(32)mpu_ver(01))
Parsed output: 
	VCP: 02 04 05 08 0b 0c 10 12 14 16 18 1a 60 62 6c 6e 70 ae b6 c0 c6 c8 c9 d6 df 
	Type: LCD

Controls (valid/current/max) [Description - Value name]:
Control 0x02: +/255/65535 C [???]
Control 0x04: +/0/255 C [Restore Factory Defaults]
Control 0x05: +/0/255 C [Restore Brightness and Contrast]
Control 0x06: +/0/255   [???]
Control 0x08: +/0/255 C [Restore Factory Default Color]
Control 0x0b: +/50/65535 C [???]
Control 0x0c: +/70/65535 C [???]
Control 0x10: +/25/100 C [Brightness]
Control 0x12: +/35/100 C [Contrast]
Control 0x14: +/2/11 C [Color Preset - Native]
Control 0x16: +/100/100 C [Red maximum level]
Control 0x18: +/100/100 C [Green maximum level]
Control 0x1a: +/100/100 C [Blue maximum level]
Control 0x60: +/3/3 C [Input Source Select - Digital]
Control 0x62: +/65/100 C [Audio Speaker Volume Adjust]
Control 0x6c: +/123/255 C [Red minimum level]
Control 0x6e: +/127/255 C [Green minimum level]
Control 0x70: +/127/255 C [Blue minimum level]
Control 0xac: +/31957/65535   [???]
Control 0xae: +/6000/65535 C [???]
Control 0xb6: +/3/4 C [???]
Control 0xc0: +/1897/65535 C [???]
Control 0xc6: +/64/65535 C [???]
Control 0xc8: +/34416/65535 C [???]
Control 0xc9: +/3/65535 C [???]
Control 0xcc: +/5/10   [???]
Control 0xd6: +/1/4 C [DPMS Control - On]
Control 0xdf: +/512/65535 C [???]
