ddccontrol version 0.6.0
Copyright 2004-2005 Oleg I. Vdovikin (oleg@cs.msu.su)
Copyright 2004-2006 Nicolas Boichat (nicolas@boichat.ch)
This program comes with ABSOLUTELY NO WARRANTY.
You may redistribute copies of this program under the terms of the GNU General Public License.

Detected monitors :
 - Device: dev:/dev/i2c-5
   DDC/CI supported: No
   Monitor Name: VESA standard monitor
   Input type: Digital
 - Device: dev:/dev/i2c-3
   DDC/CI supported: Yes
   Monitor Name: VESA standard monitor
   Input type: Digital
  (Automatically selected)
Reading EDID and initializing DDC/CI at bus dev:/dev/i2c-3...

EDID readings:
	Plug and Play ID: DELA19D [VESA standard monitor]
	Input type: Analog
=============================== WARNING ===============================
There is no support for your monitor in the database, but ddccontrol is
using a basic generic profile. Many controls will not be supported, and
some controls may not work as expected.
Please update ddccontrol-db, or, if you are already using the latest
version, please send the output of the following command to
ddccontrol-users@lists.sourceforge.net:

LANG= LC_ALL= ddccontrol -p -c -d

Thank you.
=============================== WARNING ===============================

Capabilities:

Controls (valid/current/max) [Description - Value name]:
Control 0x00: +/25972/18803   [???]
Control 0x01: +/25972/18803   [???]
Control 0x02: +/2/255 C [New Control Value - Some values changed]
Control 0x03: +/2/255   [???]
Control 0x04: +/0/1 C [Restore Factory Defaults]
Control 0x05: +/0/1 C [Restore Brightness and Contrast]
Control 0x06: +/0/1   [???]
Control 0x07: +/0/1   [???]
Control 0x08: +/0/1 C [Restore Factory Default Color]
Control 0x09: +/0/1   [???]
Control 0x0a: +/0/1   [???]
Control 0x0b: +/0/1   [???]
Control 0x0c: +/0/1   [???]
Control 0x0d: +/0/1   [???]
Control 0x0e: +/50/100   [???]
Control 0x0f: +/50/100   [???]
Control 0x10: +/10/100 C [Brightness]
Control 0x11: +/10/100   [???]
Control 0x12: +/75/100 C [Contrast]
Control 0x13: +/75/100   [???]
Control 0x14: +/5/12 C [???]
Control 0x15: +/5/12   [???]
Control 0x16: +/100/100 C [Red maximum level]
Control 0x17: +/100/100   [???]
Control 0x18: +/100/100 C [Green maximum level]
Control 0x19: +/100/100   [???]
Control 0x1a: +/100/100 C [Blue maximum level]
Control 0x1b: +/100/100   [???]
Control 0x1c: +/100/100   [???]
Control 0x1d: +/100/100   [???]
Control 0x1e: +/0/1   [???]
Control 0x1f: +/1/1   [???]
Control 0x20: +/50/100   [???]
Control 0x21: +/50/100   [???]
Control 0x22: +/50/100   [???]
Control 0x23: +/50/100   [???]
Control 0x24: +/50/100   [???]
Control 0x25: +/50/100   [???]
Control 0x26: +/50/100   [???]
Control 0x27: +/50/100   [???]
Control 0x28: +/50/100   [???]
Control 0x29: +/50/100   [???]
Control 0x2a: +/50/100   [???]
Control 0x2b: +/50/100   [???]
Control 0x2c: +/50/100   [???]
Control 0x2d: +/50/100   [???]
Control 0x2e: +/50/100   [???]
Control 0x2f: +/50/100   [???]
Control 0x30: +/50/100   [???]
Control 0x31: +/50/100   [???]
Control 0x32: +/50/100   [???]
Control 0x33: +/50/100   [???]
Control 0x34: +/50/100   [???]
Control 0x35: +/50/100   [???]
Control 0x36: +/50/100   [???]
Control 0x37: +/50/100   [???]
Control 0x38: +/50/100   [???]
Control 0x39: +/50/100   [???]
Control 0x3a: +/50/100   [???]
Control 0x3b: +/50/100   [???]
Control 0x3c: +/50/100   [???]
Control 0x3d: +/50/100   [???]
Control 0x3e: +/50/100   [???]
Control 0x3f: +/50/100   [???]
Control 0x40: +/50/100   [???]
Control 0x41: +/50/100   [???]
Control 0x42: +/50/100   [???]
Control 0x43: +/50/100   [???]
Control 0x44: +/50/100   [???]
Control 0x45: +/50/100   [???]
Control 0x46: +/50/100   [???]
Control 0x47: +/50/100   [???]
Control 0x48: +/50/100   [???]
Control 0x49: +/50/100   [???]
Control 0x4a: +/50/100   [???]
Control 0x4b: +/50/100   [???]
Control 0x4c: +/50/100   [???]
Control 0x4d: +/50/100   [???]
Control 0x4e: +/50/100   [???]
Control 0x4f: +/50/100   [???]
Control 0x50: +/50/100   [???]
Control 0x51: +/50/100   [???]
Control 0x52: +/16/255 C [???]
Control 0x53: +/16/255   [???]
Control 0x54: +/16/255   [???]
Control 0x55: +/16/255   [???]
Control 0x56: +/16/255   [???]
Control 0x57: +/16/255   [???]
Control 0x58: +/16/255   [???]
Control 0x59: +/16/255   [???]
Control 0x5a: +/16/255   [???]
Control 0x5b: +/16/255   [???]
Control 0x5c: +/16/255   [???]
Control 0x5d: +/16/255   [???]
Control 0x5e: +/16/255   [???]
Control 0x5f: +/16/255   [???]
Control 0x60: +/4369/4626 C [Input Source Select (Main)]
Control 0x61: +/4369/4626   [???]
Control 0x62: +/80/100 C [Audio Speaker Volume Adjust]
Control 0x63: +/80/100   [???]
Control 0x64: +/80/100   [???]
Control 0x65: +/80/100   [???]
Control 0x66: +/80/100   [???]
Control 0x67: +/80/100   [???]
Control 0x68: +/80/100   [???]
Control 0x69: +/80/100   [???]
Control 0x6a: +/80/100   [???]
Control 0x6b: +/80/100   [???]
Control 0x6c: +/80/100   [???]
Control 0x6d: +/80/100   [???]
Control 0x6e: +/80/100   [???]
Control 0x6f: +/80/100   [???]
Control 0x70: +/80/100   [???]
Control 0x71: +/80/100   [???]
Control 0x72: +/80/100   [???]
Control 0x73: +/80/100   [???]
Control 0x74: +/80/100   [???]
Control 0x75: +/80/100   [???]
Control 0x76: +/80/100   [???]
Control 0x77: +/80/100   [???]
Control 0x78: +/80/100   [???]
Control 0x79: +/80/100   [???]
Control 0x7a: +/80/100   [???]
Control 0x7b: +/80/100   [???]
Control 0x7c: +/80/100   [???]
Control 0x7d: +/80/100   [???]
Control 0x7e: +/80/100   [???]
Control 0x7f: +/80/100   [???]
Control 0x80: +/80/100   [???]
Control 0x81: +/80/100   [???]
Control 0x82: +/80/100   [???]
Control 0x83: +/80/100   [???]
Control 0x84: +/80/100   [???]
Control 0x85: +/80/100   [???]
Control 0x86: +/80/100   [???]
Control 0x87: +/80/100   [???]
Control 0x88: +/80/100   [???]
Control 0x89: +/80/100   [???]
Control 0x8a: +/80/100   [???]
Control 0x8b: +/80/100   [???]
Control 0x8c: +/80/100   [???]
Control 0x8d: +/80/100   [???]
Control 0x8e: +/80/100   [???]
Control 0x8f: +/80/100   [???]
Control 0x90: +/80/100   [???]
Control 0x91: +/80/100   [???]
Control 0x92: +/80/100   [???]
Control 0x93: +/80/100   [???]
Control 0x94: +/80/100   [???]
Control 0x95: +/80/100   [???]
Control 0x96: +/80/100   [???]
Control 0x97: +/80/100   [???]
Control 0x98: +/80/100   [???]
Control 0x99: +/80/100   [???]
Control 0x9a: +/80/100   [???]
Control 0x9b: +/80/100   [???]
Control 0x9c: +/80/100   [???]
Control 0x9d: +/80/100   [???]
Control 0x9e: +/80/100   [???]
Control 0x9f: +/80/100   [???]
Control 0xa0: +/80/100   [???]
Control 0xa1: +/80/100   [???]
Control 0xa2: +/80/100   [???]
Control 0xa3: +/80/100   [???]
Control 0xa4: +/80/100   [???]
Control 0xa5: +/80/100   [???]
Control 0xa6: +/80/100   [???]
Control 0xa7: +/80/100   [???]
Control 0xa8: +/80/100   [???]
Control 0xa9: +/80/100   [???]
Control 0xaa: +/1/4   [???]
Control 0xab: +/1/4   [???]
Control 0xac: +/23364/1 C [???]
Control 0xad: +/23364/1   [???]
Control 0xae: +/6000/65535 C [???]
Control 0xaf: +/6000/65535   [???]
Control 0xb0: +/6000/65535   [???]
Control 0xb1: +/6000/65535   [???]
Control 0xb2: +/1/1 C [???]
Control 0xb3: +/1/1   [???]
Control 0xb4: +/1/1   [???]
Control 0xb5: +/1/1   [???]
Control 0xb6: +/3/5 C [???]
Control 0xb7: +/3/5   [???]
Control 0xb8: +/3/5   [???]
Control 0xb9: +/3/5   [???]
Control 0xba: +/3/5   [???]
Control 0xbb: +/3/5   [???]
Control 0xbc: +/3/5   [???]
Control 0xbd: +/3/5   [???]
Control 0xbe: +/3/5   [???]
Control 0xbf: +/3/5   [???]
Control 0xc0: +/1226/65535   [???]
Control 0xc1: +/1226/65535   [???]
Control 0xc2: +/1226/65535   [???]
Control 0xc3: +/1226/65535   [???]
Control 0xc4: +/1226/65535   [???]
Control 0xc5: +/1226/65535   [???]
Control 0xc6: +/17868/65535 C [???]
Control 0xc7: +/17868/65535   [???]
Control 0xc8: +/34057/39 C [???]
Control 0xc9: +/16643/65535 C [???]
Control 0xca: +/2/2 C [???]
Control 0xcb: +/2/2   [???]
Control 0xcc: +/2/13 C [???]
Control 0xcd: +/2/13   [???]
Control 0xce: +/2/13   [???]
Control 0xcf: +/2/13   [???]
Control 0xd0: +/2/13   [???]
Control 0xd1: +/2/13   [???]
Control 0xd2: +/2/13   [???]
Control 0xd3: +/2/13   [???]
Control 0xd4: +/2/13   [???]
Control 0xd5: +/2/13   [???]
Control 0xd6: +/1/5 C [DPMS Control - On]
Control 0xd7: +/1/5   [???]
Control 0xd8: +/1/5   [???]
Control 0xd9: +/1/5   [???]
Control 0xda: +/1/5   [???]
Control 0xdb: +/1/5   [???]
Control 0xdc: +/0/5 C [???]
Control 0xdd: +/0/5   [???]
Control 0xde: +/0/0   [???]
Control 0xdf: +/513/65535 C [???]
Control 0xe0: +/0/1 C [???]
Control 0xe1: +/0/1 C [Power control - Off]
Control 0xe2: +/0/255 C [???]
Control 0xe3: +/0/255   [???]
Control 0xe4: +/0/2   [???]
Control 0xe5: +/0/255   [???]
Control 0xe6: +/1/0   [???]
Control 0xe7: +/0/63   [???]
Control 0xe8: +/17/65535   [???]
Control 0xe9: +/0/255   [???]
Control 0xea: +/0/65535   [???]
Control 0xeb: +/0/65535   [???]
Control 0xec: +/0/65535   [???]
Control 0xed: +/0/65535   [???]
Control 0xee: +/0/65535   [???]
Control 0xef: +/0/65535   [???]
Control 0xf0: +/0/255 C [???]
Control 0xf1: +/11/65535 C [???]
Control 0xf2: +/0/255 C [???]
Control 0xf4: +/0/0   [???]
Control 0xf5: +/0/0   [???]
Control 0xf6: +/0/0   [???]
Control 0xf7: +/0/0   [???]
Control 0xf8: +/0/0   [???]
Control 0xf9: +/0/0   [???]
Control 0xfa: +/0/0   [???]
Control 0xfb: +/0/0   [???]
Control 0xfc: +/0/0   [???]
Control 0xfd: +/98/255 C [???]
Control 0xfe: +/0/255   [???]
Control 0xff: +/0/255   [???]
