I/O warning : failed to load "/usr/share/ddccontrol-db/monitor/SAM7436.xml": No such file or directory
Document not parsed successfully.
ioctl(): Inappropriate ioctl for device
ioctl returned -1
ioctl(): Inappropriate ioctl for device
ioctl returned -1
ioctl(): Inappropriate ioctl for device
ioctl returned -1
ioctl(): Inappropriate ioctl for device
ioctl returned -1
ioctl(): Inappropriate ioctl for device
ioctl returned -1
ioctl(): Inappropriate ioctl for device
ioctl returned -1
ioctl(): Inappropriate ioctl for device
ioctl returned -1
ioctl(): Inappropriate ioctl for device
ioctl returned -1
ioctl(): Inappropriate ioctl for device
ioctl returned -1
Capabilities read fail.
ddccontrol version 1.0.3
Copyright 2004-2005 Oleg I. Vdovikin (oleg@cs.msu.su)
Copyright 2004-2006 Nicolas Boichat (nicolas@boichat.ch)
This program comes with ABSOLUTELY NO WARRANTY.
You may redistribute copies of this program under the terms of the GNU General Public License.

Detected monitors :
 - Device: dev:/dev/i2c-2
   DDC/CI supported: Yes
   Monitor Name: VESA standard monitor
   Input type: Digital
  (Automatically selected)
Reading EDID and initializing DDC/CI at bus dev:/dev/i2c-2...

EDID readings:
	Plug and Play ID: SAM7436 [VESA standard monitor]
	Input type: Analog
=============================== WARNING ===============================
There is no support for your monitor in the database, but ddccontrol is
using a basic generic profile. Many controls will not be supported, and
some controls may not work as expected.
Please update ddccontrol-db, or, if you are already using the latest
version, please send the output of the following command to
ddccontrol-users@lists.sourceforge.net:

LANG= LC_ALL= ddccontrol -p -c -d

Thank you.
=============================== WARNING ===============================

Capabilities:

Controls (valid/current/max) [Description - Value name]:
Control 0x02: +/1/2 C [New Control Value - No changes]
Control 0x04: +/0/1 C [Restore Factory Defaults]
Control 0x05: +/0/1 C [Restore Brightness and Contrast]
Control 0x08: +/0/1 C [Restore Factory Default Color]
Control 0x10: +/30/100 C [Brightness]
Control 0x12: +/75/100 C [Contrast]
Control 0x14: +/5/13 C [???]
Control 0x16: +/44/100 C [Red maximum level]
Control 0x18: +/46/100 C [Green maximum level]
Control 0x1a: +/49/100 C [Blue maximum level]
Control 0x60: +/768/4 C [Input Source Select (Main)]
Control 0x6c: +/50/100 C [Red minimum level]
Control 0x6e: +/50/100 C [Green minimum level]
Control 0x70: +/50/100 C [Blue minimum level]
Control 0xac: +/6740/65535   [???]
Control 0xae: +/5991/65535   [???]
Control 0xb2: +/1/8   [???]
Control 0xb6: +/3/8 C [???]
Control 0xc8: +/5/65302 C [???]
Control 0xc9: +/0/65535   [???]
Control 0xcc: +/0/255   [???]
Control 0xd6: +/1/255   [???]
Control 0xdf: +/513/65535 C [???]
Control 0xec: +/0/0   [???]
