ddccontrol version 0.4.2
Copyright 2004-2005 Oleg I. Vdovikin (oleg@cs.msu.su)
Copyright 2004-2006 Nicolas Boichat (nicolas@boichat.ch)
This program comes with ABSOLUTELY NO WARRANTY.
You may redistribute copies of this program under the terms of the GNU General Public License.

Probing for available monitors.I/O warning : failed to load external entity "/usr/share/ddccontrol-db/monitor/DELA023.xml"
Document not parsed successfully.
....I/O warning : failed to load external entity "/usr/share/ddccontrol-db/monitor/DELA023.xml"
Document not parsed successfully.
.I/O warning : failed to load external entity "/usr/share/ddccontrol-db/monitor/DELA023.xml"
Document not parsed successfully.
Non-fatal error: Invalid response, magic is 0x00
Invalid response, corrupted data - xor is 0x3e, length 0x00
6e 00 00 0f ff ff ff ff ff ff ff                | n..........     
Non-fatal error: Invalid response, magic is 0x00
Invalid response, corrupted data - xor is 0x3e, length 0x00
6e 00 00 00 00 00 00 00 00 00 00                | n..........     
Invalid response, corrupted data - xor is 0xb4, length 0x08
6e 88 02 ff ff ff ff ff ff ff ff                | n..........     

Detected monitors :
 - Device: pci:01:00.0-1
   DDC/CI supported: Yes
   Monitor Name: VESA standard monitor
   Input type: Analog
  (Automatically selected)
 - Device: pci:01:00.0-2
   DDC/CI supported: Yes
   Monitor Name: Samsung SyncMaster 971P (Digital)
   Input type: Digital
 - Device: dev:/dev/i2c-1
   DDC/CI supported: Yes
   Monitor Name: Samsung SyncMaster 971P (Digital)
   Input type: Digital
 - Device: dev:/dev/i2c-0
   DDC/CI supported: Yes
   Monitor Name: VESA standard monitor
   Input type: Analog
Reading EDID and initializing DDC/CI at bus pci:01:00.0-1...

EDID readings:
	Plug and Play ID: DELA023 [VESA standard monitor]
	Input type: Analog
=============================== WARNING ===============================
There is no support for your monitor in the database, but ddccontrol is
using a basic generic profile. Many controls will not be supported, and
some controls may not work as expected.
Please update ddccontrol-db, or, if you are already using the latest
version, please send the output of the following command to
ddccontrol-users@lists.sourceforge.net:

LANG= LC_ALL= ddccontrol -p -c -d

Thank you.
=============================== WARNING ===============================

Capabilities:
Raw output: type(LCD)vcp(page0(02 04 05 06 08 0E 10 12 14(05 06 08 0B) 16 18 1A 1E 20 30 3E 60 62 68(1) 8A 8C 9B 9C 9D 9E 9F A0 AC AE B6 C0 C6 C8 C9 CA D6(01 02 03 04) DF FA FB FC FD) page2(37 38 39))
Parsed output: 
	VCP: 
	Type: Unknown

Controls (valid/current/max) [Description - Value name]:
Control 0x02: +/512/65535   [???]
Control 0x08: +/0/65535   [???]
Control 0x0e: +/50/100   [???]
Control 0x10: +/75/100   [???]
Control 0x12: +/75/100   [???]
Control 0x14: +/5/65535   [???]
Control 0x16: +/100/100   [???]
Control 0x18: +/100/100   [???]
Control 0x1a: +/100/100   [???]
Control 0x1e: +/0/65535   [???]
Control 0x20: +/54/100   [???]
Control 0x30: +/36/74   [???]
Control 0x3e: +/12/63   [???]
Control 0x60: +/256/65535   [???]
Control 0x68: +/256/65535   [???]
Control 0x9b: +/255/255   [???]
Control 0x9d: +/255/255   [???]
Control 0x9f: +/255/255   [???]
Control 0xac: +/32514/65535   [???]
Control 0xae: +/22274/65535   [???]
Control 0xb6: +/768/65535   [???]
Control 0xc0: +/0/65535   [???]
Control 0xc6: +/65535/65535   [???]
Control 0xc8: +/8706/65535   [???]
Control 0xc9: +/258/65535   [???]
Control 0xca: +/256/65535   [???]
Control 0xd6: +/256/65535   [???]
Control 0xdf: +/512/65535   [???]
