==>Received!
==>Opening...
==>01:00.0-1
==>01:00.0 vendor=1002 device=4966 class=0300 irq=193 base0=f0000000 size0=4000000
==>Opened (status=0)...
==>Received!
==>Data, mquery->flags = 0
==>Received!
==>Data, mquery->flags = 1
==>Received!
==>Data, mquery->flags = 0
==>Received!
==>Data, mquery->flags = 1
==>Received!
==>Data, mquery->flags = 0
==>Received!
==>Data, mquery->flags = 1
==>Received!
==>Data, mquery->flags = 0
==>Received!
==>Data, mquery->flags = 1
==>Received!
==>Data, mquery->flags = 0
==>Received!
==>Data, mquery->flags = 1
==>Received!
==>Data, mquery->flags = 0
==>Received!
==>Data, mquery->flags = 1
==>Received!
==>Data, mquery->flags = 0
==>Received!
==>Data, mquery->flags = 1
==>Received!
==>Data, mquery->flags = 0
==>Received!
==>Data, mquery->flags = 1
==>Received!
==>Data, mquery->flags = 0
==>Received!
==>Data, mquery->flags = 1
==>Received!
==>Data, mquery->flags = 0
==>Received!
==>Data, mquery->flags = 1
==>Received!
==>Data, mquery->flags = 0
==>Received!
==>Data, mquery->flags = 1
==>Received!
==>Data, mquery->flags = 0
==>Received!
==>Data, mquery->flags = 1
==>Received!
==>Data, mquery->flags = 0
==>Received!
==>Data, mquery->flags = 0
==>Received!
==>Data, mquery->flags = 0
==>Received!
==>Data, mquery->flags = 1
==>Received!
==>Data, mquery->flags = 0
==>Received!
==>Data, mquery->flags = 1
==>Received!
==>Data, mquery->flags = 0
==>Received!
==>Data, mquery->flags = 1
==>Received!
==>Quitting...
==>ddcpci is quitting.
ddccontrol version 0.3
Copyright 2005 Oleg I. Vdovikin (oleg@...13...) and Nicolas Boichat (nicolas@...3...)
This program comes with ABSOLUTELY NO WARRANTY.
You may redistribute copies of this program under the terms of the GNU General Public License.

ddcpci initing...
Starting /usr/local/bin/ddcpci 2 -264144496 &...
Reading EDID and initializing DDC/CI at bus pci:01:00.0-1...
Device: pci:01:00.0-1
0000: 00 ff ff ff ff ff ff 00 4c 2d 92 01 37 31 49 42 | ........L-..71IB
0010: 2d 0f 01 03 80 22 1b 78 2a aa a5 a6 54 54 99 26 | -....".x*...TT.&
0020: 14 50 54 bf ef 80 81 80 81 40 71 4f 01 01 01 01 | .PT......@...76...
0030: 01 01 01 01 01 01 30 2a 00 98 51 00 2a 40 30 70 | ......0*..Q.*@0p
0040: 13 00 52 0e 11 00 00 1e 00 00 00 fd 00 38 4b 1e | ..R..........8K.
0050: 51 0e 00 0a 20 20 20 20 20 20 00 00 00 fc 00 53 | Q...      .....S
0060: 79 6e 63 4d 61 73 74 65 72 0a 20 20 00 00 00 ff | yncMaster.  ....
0070: 00 48 4d 45 59 42 30 34 32 37 36 0a 20 20 00 d4 | .HMEYB04276.  ..
Serial number: 1112092983
Manufactured: Week 45, 2005
EDID version: 1.3
Maximum size: 34 x 27 (cm)
Control hpos has been discarded by the caps string.
Control vpos has been discarded by the caps string.
Control auto has been discarded by the caps string.
Control coarse has been discarded by the caps string.
Control fine has been discarded by the caps string.
Control osd has been discarded by the caps string.
Control language has been discarded by the caps string.
Control power has been discarded by the caps string.

EDID readings:
	Plug and Play ID: SAM0192 [Samsung SyncMaster 730BF]
	Input type: Digital

Writing 0xf0, 0x04(4)...
Control 0xf0: +/4/4 [???]
ddcpci being released...
