ddccontrol version 0.4.4
Copyright 2004-2005 Oleg I. Vdovikin (oleg@cs.msu.su)
Copyright 2004-2006 Nicolas Boichat (nicolas@boichat.ch)
This program comes with ABSOLUTELY NO WARRANTY.
You may redistribute copies of this program under the terms of the GNU General Public License.

Probing for available monitorsradeon_open: mmap failed: Invalid argument
..I/O warning : failed to load external entity "/usr/share/ddccontrol-db/monitor/SAM0D32.xml"
Document not parsed successfully.
.....Invalid response, first byte is 0xbb, should be 0x6e
0000: bb ff ff ff ff ff ff ff ff ff ff ff ff ff ff ff | ................
0010: ff ff ff ff ff ff ff ff ff ff ff ff ff ff ff ff | ................
0020: ff ff ff ff ff ff ff ff ff ff ff ff ff ff ff ff | ................
0030: ff ff ff ff ff ff ff ff ff ff ff ff ff ff ff ff | ................
0040: ff ff ff                                        | ...             
Invalid response, first byte is 0xff, should be 0x6e
0000: ff ff ff ff ff ff ff ff ff ff ff ff ff 25 24 00 | .............%$.
0010: 00 00 00 00 00 00 00 00 0f 00 00 00 00 5c dc 7f | .............\..
0020: ff ff ff ff ff ff ff ff ff ff ff ff ff ff ff ff | ................
0030: ff ff ff ff ff ff ff ff ff ff ff ff ff ff ff ff | ................
0040: ff ff ff                                        | ...             
Invalid response, first byte is 0x00, should be 0x6e
0000: 00 00 00 00 00 00 00 54 ff ff ff ff ff ff ff ff | .......T........
0010: ff ff ff ff ff ff ff ff ff ff ff ff ff ff ff ff | ................
0020: ff ff ff ff ff ff ff ff ff ff ff ff ff ff ff ff | ................
0030: ff ff ff ff ff ff ff ff ff ff ff ff ff ff ff ff | ................
0040: ff ff ff                                        | ...             
I/O warning : failed to load external entity "/usr/share/ddccontrol-db/monitor/SAM0D32.xml"
Document not parsed successfully.
Invalid response, first byte is 0x00, should be 0x6e
0000: 00 00 00 00 00 00 00 00 00 00 00 00 00 00 00 0b | ................
0010: 13 00 02 00 01 ff ff ff ff ff ff ff ff ff ff ff | ................
0020: ff ff ff ff ff ff ff ff ff ff ff ff ff ff ff ff | ................
0030: ff ff ff ff ff ff ff ff ff ff ff ff ff ff ff ff | ................
0040: ff ff ff                                        | ...             
Invalid response, first byte is 0x10, should be 0x6e
0000: 10 26 00 01 ff ff ff ff ff ff ff ff ff ff ff ff | .&..............
0010: ff ff ff ff ff ff ff ff ff ff ff ff ff ff ff ff | ................
0020: ff ff ff ff ff ff ff ff ff ff ff ff ff ff ff ff | ................
0030: ff ff ff ff ff ff ff ff ff ff ff ff ff ff ff ff | ................
0040: ff ff ff                                        | ...             
Invalid response, first byte is 0x37, should be 0x6e
0000: 37 ff ff ff ff ff ff ff ff ff ff ff ff ff ff ff | 7...............
0010: ff ff ff ff ff ff ff ff ff ff ff ff ff ff ff ff | ................
0020: ff ff ff ff ff ff ff ff ff ff ff ff ff ff ff ff | ................
0030: ff ff ff ff ff ff ff ff ff ff ff ff ff ff ff ff | ................
0040: ff ff ff                                        | ...             
Invalid response, first byte is 0x03, should be 0x6e
0000: 03 45 ff ff ff ff ff ff ff ff ff ff ff ff ff ff | .E..............
0010: ff ff ff ff ff ff ff ff ff ff ff ff ff ff ff ff | ................
0020: ff ff ff ff ff ff ff ff ff ff ff ff ff ff ff ff | ................
0030: ff ff ff ff ff ff ff ff ff ff ff ff ff ff ff ff | ................
0040: ff ff ff                                        | ...             
Invalid response, first byte is 0x03, should be 0x6e
0000: 03 ff ff ff ff ff ff ff ff ff ff ff ff ff ff ff | ................
0010: ff ff ff ff ff ff ff ff ff ff ff ff ff ff ff ff | ................
0020: ff ff ff ff ff ff ff ff ff ff ff ff ff ff ff ff | ................
0030: ff ff ff ff ff ff ff ff ff ff ff ff ff ff ff ff | ................
0040: ff ff ff                                        | ...             
Invalid response, first byte is 0x55, should be 0x6e
0000: 55 ff ff ff ff ff ff ff ff ff ff ff ff ff ff ff | U...............
0010: ff ff ff ff ff ff ff ff ff ff ff ff ff ff ff ff | ................
0020: ff ff ff ff ff ff ff ff ff ff ff ff ff ff ff ff | ................
0030: ff ff ff ff ff ff ff ff ff ff ff ff ff ff ff ff | ................
0040: ff ff ff                                        | ...             
Invalid response, first byte is 0x01, should be 0x6e
0000: 01 ff ff ff ff ff ff ff ff ff ff ff ff ff ff ff | ................
0010: ff ff ff ff ff ff ff ff ff ff ff ff ff ff ff ff | ................
0020: ff ff ff ff ff ff ff ff ff ff ff ff ff ff ff ff | ................
0030: ff ff ff ff ff ff ff ff ff ff ff ff ff ff ff ff | ................
0040: ff ff ff                                        | ...             
Invalid response, first byte is 0x67, should be 0x6e
0000: 67 ff ff ff ff ff ff ff ff ff ff ff ff ff ff ff | g...............
0010: ff ff ff ff ff ff ff ff ff ff ff ff ff ff ff ff | ................
0020: ff ff ff ff ff ff ff ff ff ff ff ff ff ff ff ff | ................
0030: ff ff ff ff ff ff ff ff ff ff ff ff ff ff ff ff | ................
0040: ff ff ff                                        | ...             
Invalid response, first byte is 0x01, should be 0x6e
0000: 01 ff ff ff ff ff ff ff ff ff ff ff ff ff ff ff | ................
0010: ff ff ff ff ff ff ff ff ff ff ff ff ff ff ff ff | ................
0020: ff ff ff ff ff ff ff ff ff ff ff ff ff ff ff ff | ................
0030: ff ff ff ff ff ff ff ff ff ff ff ff ff ff ff ff | ................
0040: ff ff ff                                        | ...             
Capabilities read fail.
Invalid response, first byte is 0x77, should be 0x6e
77 ff ff ff ff ff ff ff ff ff ff                | w..........     
Invalid response, first byte is 0x03, should be 0x6e
03 00 17 00 27 80 37 b7 ff ff ff                | ....'.7....     
Invalid response, first byte is 0x01, should be 0x6e
01 00 ff ff ff ff ff ff ff ff ff                | ...........     
Invalid response, first byte is 0xd4, should be 0x6e
d4 65 ff ff ff ff ff ff ff ff ff                | .e.........     
Invalid response, first byte is 0x02, should be 0x6e
02 10 00 00 00 01 22 00 00 00 75                | ......"...u     
Invalid response, first byte is 0x74, should be 0x6e
74 00 00 00 00 03 52 51 ff ff ff                | t.....RQ...     
Invalid response, first byte is 0x00, should be 0x6e
00 01 09 09 ff ff ff ff ff ff ff                | ...........     
Invalid response, first byte is 0x07, should be 0x6e
07 27 37 47 57 67 77 77 97 a7 a7                | .'7GWgww...     
Invalid response, first byte is 0xb7, should be 0x6e
b7 d7 e7 f7 c0 16 96 26 27 67 7f                | .......&'g.     
Invalid response, first byte is 0x97, should be 0x6e
97 d7 d7 01 01 ff ff ff ff ff ff                | ...........     
Invalid response, first byte is 0xb0, should be 0x6e
b0 42 01 ff ff ff ff ff ff ff ff                | .B.........     
Invalid response, first byte is 0xdd, should be 0x6e
dd ff ff ff ff ff ff ff ff ff ff                | ...........     
Invalid response, first byte is 0x03, should be 0x6e
03 01 3f ff ff ff ff ff ff ff ff                | ..?........     
Invalid response, first byte is 0xe5, should be 0x6e
e5 f3 f3 ff ff ff ff ff ff ff ff                | ...........     
Invalid response, first byte is 0x06, should be 0x6e
06 b5 25 7f ff ff ff ff ff ff ff                | ..%........     
Invalid response, first byte is 0x12, should be 0x6e
12 07 07 ff ff ff ff ff ff ff ff                | ...........     
Invalid response, first byte is 0x80, should be 0x6e
80 38 07 00 ff ff ff ff ff ff ff                | .8.........     
Invalid response, first byte is 0x04, should be 0x6e
04 07 80 ff ff ff ff ff ff ff ff                | ...........     
Invalid response, first byte is 0x03, should be 0x6e
03 ff ff ff ff ff ff ff ff ff ff                | ...........     
Invalid response, first byte is 0x38, should be 0x6e
38 00 00 00 00 00 00 00 00 00 00                | 8..........     
Invalid response, first byte is 0x00, should be 0x6e
00 00 00 00 00 00 00 00 00 00 00                | ...........     
Invalid response, first byte is 0x00, should be 0x6e
00 00 00 00 00 00 00 00 00 00 00                | ...........     
Invalid response, first byte is 0x00, should be 0x6e
00 00 00 00 00 00 00 00 00 00 00                | ...........     
Invalid response, first byte is 0x00, should be 0x6e
00 00 00 00 00 00 00 00 00 00 00                | ...........     
Invalid response, first byte is 0x00, should be 0x6e
00 00 00 00 00 00 00 6e 6d ff ff                | .......nm..     
Invalid response, first byte is 0x54, should be 0x6e
54 4f 42 bf ff ff ff ff ff ff ff                | TOB........     
Invalid response, first byte is 0x00, should be 0x6e
00 ff ff ff ff ff ff ff ff ff ff                | ...........     
Invalid response, first byte is 0xff, should be 0x6e
ff ff ff ff ff ff ff ff ff ff ff                | ...........     
Invalid response, first byte is 0x03, should be 0x6e
03 ff ff ff ff ff ff ff ff ff ff                | ...........     
Invalid response, first byte is 0xff, should be 0x6e
ff ff ff ff ff ff ff ff ff ff ff                | ...........     
Invalid response, first byte is 0x03, should be 0x6e
03 ff ff ff ff ff ff ff ff ff ff                | ...........     
Invalid response, first byte is 0xff, should be 0x6e
ff ff ff ff ff ff ff ff ff ff ff                | ...........     
Invalid response, first byte is 0x03, should be 0x6e
03 ff ff ff ff ff ff ff ff ff ff                | ...........     
Invalid response, first byte is 0x6c, should be 0x6e
6c 02 01 0b 00 00 00 00 00 02 bf                | l..........     
Invalid response, first byte is 0x6c, should be 0x6e
6c 02 01 0b 00 00 00 00 00 1e ff                | l..........     
Invalid response, first byte is 0x6c, should be 0x6e
6c 7f ff ff ff ff ff ff ff ff ff                | l..........     
Invalid response, first byte is 0xfe, should be 0x6e
fe 00 00 00 00 ff ff ff ff ff ff                | ...........     
Invalid response, first byte is 0x00, should be 0x6e
00 ff ff ff ff ff ff ff ff ff ff                | ...........     
Invalid response, first byte is 0xff, should be 0x6e
ff ff ff ff ff ff ff ff ff ff ff                | ...........     
Invalid response, first byte is 0x00, should be 0x6e
00 ff ff ff ff ff ff ff ff ff ff                | ...........     
Invalid response, first byte is 0xff, should be 0x6e
ff ff ff ff ff ff ff ff ff ff ff                | ...........     
Invalid response, first byte is 0x03, should be 0x6e
03 ff ff ff ff ff ff ff ff ff ff                | ...........     
Invalid response, first byte is 0xff, should be 0x6e
ff ff ff ff ff ff ff ff ff ff ff                | ...........     
Invalid response, first byte is 0x03, should be 0x6e
03 ff ff ff ff ff ff ff ff ff ff                | ...........     
Invalid response, first byte is 0x00, should be 0x6e
00 ff ff ff ff ff ff ff ff ff ff                | ...........     
Invalid response, first byte is 0xff, should be 0x6e
ff ff ff ff ff ff ff ff ff ff ff                | ...........     
Invalid response, first byte is 0x03, should be 0x6e
03 ff ff ff ff ff ff ff ff ff ff                | ...........     
Invalid response, first byte is 0xff, should be 0x6e
ff ff ff ff ff ff ff ff ff ff ff                | ...........     
Invalid response, first byte is 0x03, should be 0x6e
03 ff ff ff ff ff ff ff ff ff ff                | ...........     
Non-fatal error: Invalid response, magic is 0x02
Invalid response, corrupted data - xor is 0x3f, length 0x02
6e 02 03 ff ff ff ff ff ff ff ff                | n..........     
Invalid response, first byte is 0x00, should be 0x6e
00 00 64 00 4b 09 89 ff ff ff ff                | ..d.K......     
Invalid response, first byte is 0x00, should be 0x6e
00 ff ff ff ff ff ff ff ff ff ff                | ...........     
Invalid response, first byte is 0xfc, should be 0x6e
fc 00 00 00 00 26 a7 ff ff ff ff                | .....&.....     
Invalid response, first byte is 0x01, should be 0x6e
01 ff ff ff ff ff ff ff ff ff ff                | ...........     
Invalid response, first byte is 0xfd, should be 0x6e
fd ff ff ff ff ff ff ff ff ff ff                | ...........     
Invalid response, first byte is 0x00, should be 0x6e
00 ff ff ff ff ff ff ff ff ff ff                | ...........     
Invalid response, first byte is 0xfd, should be 0x6e
fd ff ff ff ff ff ff ff ff ff ff                | ...........     
Invalid response, first byte is 0x00, should be 0x6e
00 ff ff ff ff ff ff ff ff ff ff                | ...........     
Invalid response, first byte is 0xff, should be 0x6e
ff ff ff ff ff ff ff ff ff ff ff                | ...........     
Invalid response, first byte is 0x00, should be 0x6e
00 ff ff ff ff ff ff ff ff ff ff                | ...........     
Invalid response, first byte is 0xff, should be 0x6e
ff ff ff ff ff ff ff ff ff ff ff                | ...........     
Invalid response, first byte is 0x01, should be 0x6e
01 ff ff ff ff ff ff ff ff ff ff                | ...........     
Invalid response, first byte is 0xff, should be 0x6e
ff 00 00 00 00 00 ff ff ff ff ff                | ...........     
Invalid response, first byte is 0x00, should be 0x6e
00 ff ff ff ff ff ff ff ff ff ff                | ...........     
Invalid response, first byte is 0xfd, should be 0x6e
fd ff ff ff ff ff ff ff ff ff ff                | ...........     
Invalid response, first byte is 0x00, should be 0x6e
00 ff ff ff ff ff ff ff ff ff ff                | ...........     
Invalid response, first byte is 0xfc, should be 0x6e
fc 00 00 00 00 ff ff ff ff ff ff                | ...........     
Invalid response, first byte is 0x00, should be 0x6e
00 ff ff ff ff ff ff ff ff ff ff                | ...........     
Invalid response, first byte is 0xfc, should be 0x6e
fc 00 00 00 00 ff ff ff ff ff ff                | ...........     
Invalid response, first byte is 0x00, should be 0x6e
00 ff ff ff ff ff ff ff ff ff ff                | ...........     
Invalid response, first byte is 0x00, should be 0x6e
00 ff ff ff ff ff ff ff ff ff ff                | ...........     
Invalid response, first byte is 0xff, should be 0x6e
ff ff ff ff ff ff ff ff ff ff ff                | ...........     
Invalid response, first byte is 0x00, should be 0x6e
00 ff ff ff ff ff ff ff ff ff ff                | ...........     
Invalid response, first byte is 0xfd, should be 0x6e
fd ff ff ff ff ff ff ff ff ff ff                | ...........     
Invalid response, first byte is 0x00, should be 0x6e
00 ff ff ff ff ff ff ff ff ff ff                | ...........     
Invalid response, first byte is 0xff, should be 0x6e
ff ff ff ff ff ff ff ff ff ff ff                | ...........     
Invalid response, first byte is 0x01, should be 0x6e
01 ff ff ff ff ff ff ff ff ff ff                | ...........     
Invalid response, first byte is 0xfd, should be 0x6e
fd ff ff ff ff ff ff ff ff ff ff                | ...........     
Invalid response, first byte is 0x00, should be 0x6e
00 ff ff ff ff ff ff ff ff ff ff                | ...........     
Invalid response, first byte is 0xfd, should be 0x6e
fd ff ff ff ff ff ff ff ff ff ff                | ...........     
Invalid response, first byte is 0x00, should be 0x6e
00 ff ff ff ff ff ff ff ff ff ff                | ...........     
Invalid response, first byte is 0xff, should be 0x6e
ff ff ff ff ff ff ff ff ff ff ff                | ...........     
Invalid response, first byte is 0x01, should be 0x6e
01 ff ff ff ff ff ff ff ff ff ff                | ...........     
Invalid response, first byte is 0xff, should be 0x6e
ff ff ff ff ff ff ff ff ff ff ff                | ...........     
Invalid response, first byte is 0x01, should be 0x6e
01 ff ff ff ff ff ff ff ff ff ff                | ...........     
Invalid response, first byte is 0xff, should be 0x6e
ff ff ff ff ff ff ff ff ff ff ff                | ...........     
Invalid response, first byte is 0x03, should be 0x6e
03 ff ff ff ff ff ff ff ff ff ff                | ...........     
Invalid response, first byte is 0xff, should be 0x6e
ff ff ff ff ff ff ff ff ff ff ff                | ...........     
Invalid response, first byte is 0x03, should be 0x6e
03 ff ff ff ff ff ff ff ff ff ff                | ...........     
Invalid response, first byte is 0x6c, should be 0x6e
6c 7f ff ff ff ff ff ff ff ff ff                | l..........     
Invalid response, first byte is 0xfe, should be 0x6e
fe 00 00 00 00 7f ff ff ff ff ff                | ...........     
Invalid response, first byte is 0x00, should be 0x6e
00 ff ff ff ff ff ff ff ff ff ff                | ...........     
Invalid response, first byte is 0xff, should be 0x6e
ff ff ff ff ff ff ff ff ff ff ff                | ...........     
Invalid response, first byte is 0x03, should be 0x6e
03 ff ff ff ff ff ff ff ff ff ff                | ...........     
Invalid response, first byte is 0xff, should be 0x6e
ff ff ff ff ff ff ff ff ff ff ff                | ...........     
Invalid response, first byte is 0x03, should be 0x6e
03 ff ff ff ff ff ff ff ff ff ff                | ...........     
Invalid response, first byte is 0xff, should be 0x6e
ff ff ff ff ff ff ff ff ff ff ff                | ...........     
Invalid response, first byte is 0x03, should be 0x6e
03 ff ff ff ff ff ff ff ff ff ff                | ...........     
Invalid response, first byte is 0x6c, should be 0x6e
6c 7f ff ff ff ff ff ff ff ff ff                | l..........     
Invalid response, first byte is 0xfe, should be 0x6e
fe ff ff ff ff ff ff ff ff ff ff                | ...........     
Invalid response, first byte is 0x00, should be 0x6e
00 ff ff ff ff ff ff ff ff ff ff                | ...........     
Invalid response, first byte is 0xfe, should be 0x6e
fe ff ff ff ff ff ff ff ff ff ff                | ...........     
Invalid response, first byte is 0x00, should be 0x6e
00 ff ff ff ff ff ff ff ff ff ff                | ...........     
Invalid response, first byte is 0xfc, should be 0x6e
fc 00 00 00 00 7f ff ff ff ff ff                | ...........     
Invalid response, first byte is 0x00, should be 0x6e
00 ff ff ff ff ff ff ff ff ff ff                | ...........     
Invalid response, first byte is 0xff, should be 0x6e
ff ff ff ff ff ff ff ff ff ff ff                | ...........     
Invalid response, first byte is 0x03, should be 0x6e
03 ff ff ff ff ff ff ff ff ff ff                | ...........     
Invalid response, first byte is 0xff, should be 0x6e
ff ff ff ff ff ff ff ff ff ff ff                | ...........     
Invalid response, first byte is 0x03, should be 0x6e
03 ff ff ff ff ff ff ff ff ff ff                | ...........     
Invalid response, first byte is 0xff, should be 0x6e
ff ff ff ff ff ff ff ff ff ff ff                | ...........     
Invalid response, first byte is 0x03, should be 0x6e
03 ff ff ff ff ff ff ff ff ff ff                | ...........     
Invalid response, first byte is 0xff, should be 0x6e
ff ff ff ff ff ff ff ff ff ff ff                | ...........     
Invalid response, first byte is 0x03, should be 0x6e
03 ff ff ff ff ff ff ff ff ff ff                | ...........     
Invalid response, first byte is 0xff, should be 0x6e
ff ff ff ff ff ff ff ff ff ff ff                | ...........     
Invalid response, first byte is 0x01, should be 0x6e
01 ff ff ff ff ff ff ff ff ff ff                | ...........     
Invalid response, first byte is 0xfc, should be 0x6e
fc 00 03 03 ff ff ff ff ff ff ff                | ...........     
Invalid response, first byte is 0x00, should be 0x6e
00 ff ff ff ff ff ff ff ff ff ff                | ...........     
Invalid response, first byte is 0xff, should be 0x6e
ff ff ff ff ff ff ff ff ff ff ff                | ...........     
Invalid response, first byte is 0x01, should be 0x6e
01 ff ff ff ff ff ff ff ff ff ff                | ...........     
Invalid response, first byte is 0xff, should be 0x6e
ff ff ff ff ff ff ff ff ff ff ff                | ...........     
Invalid response, first byte is 0x01, should be 0x6e
01 ff ff ff ff ff ff ff ff ff ff                | ...........     
Invalid response, first byte is 0xff, should be 0x6e
ff ff ff ff ff ff ff ff ff ff ff                | ...........     
Invalid response, first byte is 0x03, should be 0x6e
03 ff ff ff ff ff ff ff ff ff ff                | ...........     
Invalid response, first byte is 0xff, should be 0x6e
ff ff ff ff ff ff ff ff ff ff ff                | ...........     
Invalid response, first byte is 0x01, should be 0x6e
01 ff ff ff ff ff ff ff ff ff ff                | ...........     
Invalid response, first byte is 0xff, should be 0x6e
ff 00 00 00 00 00 d0 ff ff ff ff                | ...........     
Invalid response, first byte is 0x03, should be 0x6e
03 ff ff ff ff ff ff ff ff ff ff                | ...........     
Invalid response, first byte is 0xff, should be 0x6e
ff ff ff ff ff ff ff ff ff ff ff                | ...........     
Invalid response, first byte is 0x01, should be 0x6e
01 ff ff ff ff ff ff ff ff ff ff                | ...........     
Invalid response, first byte is 0xfc, should be 0x6e
fc 00 00 00 00 00 dd ff ff ff ff                | ...........     
Invalid response, first byte is 0x03, should be 0x6e
03 ff ff ff ff ff ff ff ff ff ff                | ...........     
Invalid response, first byte is 0x6c, should be 0x6e
6c ff ff ff ff ff ff ff ff ff ff                | l..........     
Invalid response, first byte is 0xfd, should be 0x6e
fd 00 00 00 00 00 ff ff ff ff ff                | ...........     
Invalid response, first byte is 0x00, should be 0x6e
00 ff ff ff ff ff ff ff ff ff ff                | ...........     
Invalid response, first byte is 0xfd, should be 0x6e
fd ff ff ff ff ff ff ff ff ff ff                | ...........     
Invalid response, first byte is 0x00, should be 0x6e
00 ff ff ff ff ff ff ff ff ff ff                | ...........     
Invalid response, first byte is 0xff, should be 0x6e
ff ff ff ff ff ff ff ff ff ff ff                | ...........     
Invalid response, first byte is 0x03, should be 0x6e
03 ff ff ff ff ff ff ff ff ff ff                | ...........     
Invalid response, first byte is 0xfd, should be 0x6e
fd 00 00 00 00 00 c4 c5 ff ff ff                | ...........     
Invalid response, first byte is 0x00, should be 0x6e
00 ff ff ff ff ff ff ff ff ff ff                | ...........     
Invalid response, first byte is 0xff, should be 0x6e
ff ff ff ff ff ff ff ff ff ff ff                | ...........     
Invalid response, first byte is 0x00, should be 0x6e
00 ff ff ff ff ff ff ff ff ff ff                | ...........     
Invalid response, first byte is 0xff, should be 0x6e
ff ff ff ff ff ff ff ff ff ff ff                | ...........     
Invalid response, first byte is 0x01, should be 0x6e
01 ff ff ff ff ff ff ff ff ff ff                | ...........     
Invalid response, first byte is 0xff, should be 0x6e
ff ff ff ff ff ff ff ff ff ff ff                | ...........     
Invalid response, first byte is 0x03, should be 0x6e
03 ff ff ff ff ff ff ff ff ff ff                | ...........     
Invalid response, first byte is 0x6f, should be 0x6e
6f ff ff ff ff ff ff ff ff ff ff                | o..........     
Invalid response, first byte is 0xfe, should be 0x6e
fe 00 00 00 00 00 ff ff ff ff ff                | ...........     
Invalid response, first byte is 0x00, should be 0x6e
00 ff ff ff ff ff ff ff ff ff ff                | ...........     
Invalid response, first byte is 0xfc, should be 0x6e
fc 00 00 00 00 0c ff ff ff ff ff                | ...........     
Invalid response, first byte is 0x01, should be 0x6e
01 ff ff ff ff ff ff ff ff ff ff                | ...........     
Invalid response, first byte is 0xff, should be 0x6e
ff ff ff ff ff ff ff ff ff ff ff                | ...........     
Invalid response, first byte is 0x03, should be 0x6e
03 ff ff ff ff ff ff ff ff ff ff                | ...........     
Invalid response, first byte is 0x6c, should be 0x6e
6c 02 01 7b 00 00 00 00 00 02 ff                | l..{.......     
Invalid response, first byte is 0x6f, should be 0x6e
6f ff ff ff ff ff ff ff ff ff ff                | o..........     
Invalid response, first byte is 0x88, should be 0x6e
88 00 00 00 00 3f ff ff ff ff ff                | .....?.....     
Invalid response, first byte is 0x00, should be 0x6e
00 ff ff ff ff ff ff ff ff ff ff                | ...........     
Invalid response, first byte is 0xff, should be 0x6e
ff ff ff ff ff ff ff ff ff ff ff                | ...........     
Invalid response, first byte is 0x03, should be 0x6e
03 ff ff ff ff ff ff ff ff ff ff                | ...........     
Invalid response, first byte is 0xff, should be 0x6e
ff ff ff ff ff ff ff ff ff ff ff                | ...........     
Invalid response, first byte is 0x03, should be 0x6e
03 ff ff ff ff ff ff ff ff ff ff                | ...........     
Invalid response, first byte is 0xff, should be 0x6e
ff ff ff ff ff ff ff ff ff ff ff                | ...........     
Invalid response, first byte is 0x03, should be 0x6e
03 ff ff ff ff ff ff ff ff ff ff                | ...........     
Invalid response, first byte is 0xff, should be 0x6e
ff ff ff ff ff ff ff ff ff ff ff                | ...........     
Invalid response, first byte is 0x03, should be 0x6e
03 ff ff ff ff ff ff ff ff ff ff                | ...........     
Invalid response, first byte is 0xfe, should be 0x6e
fe 00 00 00 00 00 37 7f ff ff ff                | ......7....     
Invalid response, first byte is 0x00, should be 0x6e
00 ff ff ff ff ff ff ff ff ff ff                | ...........     
Invalid response, first byte is 0xfd, should be 0x6e
fd ff ff ff ff ff ff ff ff ff ff                | ...........     
Invalid response, first byte is 0x00, should be 0x6e
00 ff ff ff ff ff ff ff ff ff ff                | ...........     
Invalid response, first byte is 0xfc, should be 0x6e
fc 00 00 00 00 01 ff ff ff ff ff                | ...........     
Invalid response, first byte is 0x00, should be 0x6e
00 ff ff ff ff ff ff ff ff ff ff                | ...........     
Invalid response, first byte is 0xfb, should be 0x6e
fb ff ff ff ff ff ff ff ff ff ff                | ...........     
Invalid response, first byte is 0x00, should be 0x6e
00 ff ff ff ff ff ff ff ff ff ff                | ...........     
Invalid response, first byte is 0x00, should be 0x6e
00 ff ff ff ff ff ff ff ff ff ff                | ...........     
Invalid response, first byte is 0xff, should be 0x6e
ff ff ff ff ff ff ff ff ff ff ff                | ...........     
Invalid response, first byte is 0x03, should be 0x6e
03 ff ff ff ff ff ff ff ff ff ff                | ...........     
Invalid response, first byte is 0xff, should be 0x6e
ff ff ff ff ff ff ff ff ff ff ff                | ...........     
Invalid response, first byte is 0x03, should be 0x6e
03 ff ff ff ff ff ff ff ff ff ff                | ...........     
Invalid response, first byte is 0xff, should be 0x6e
ff ff ff ff ff ff ff ff ff ff ff                | ...........     
Invalid response, first byte is 0x03, should be 0x6e
03 ff ff ff ff ff ff ff ff ff ff                | ...........     
Invalid response, first byte is 0x6f, should be 0x6e
6f ff ff ff ff ff ff ff ff ff ff                | o..........     
Invalid response, first byte is 0xfc, should be 0x6e
fc 00 00 00 00 01 3f ff ff ff ff                | ......?....     
Invalid response, first byte is 0x03, should be 0x6e
03 ff ff ff ff ff ff ff ff ff ff                | ...........     
Non-fatal error: Invalid response, magic is 0x7f
Invalid response, length is 127, should be 8 at most
Invalid response, first byte is 0xff, should be 0x6e
ff ff ff ff ff ff ff ff ff ff ff                | ...........     
Invalid response, first byte is 0x00, should be 0x6e
00 ff ff ff ff ff ff ff ff ff ff                | ...........     
Invalid response, first byte is 0xff, should be 0x6e
ff ff ff ff ff ff ff ff ff ff ff                | ...........     
Invalid response, first byte is 0x03, should be 0x6e
03 ff ff ff ff ff ff ff ff ff ff                | ...........     
Invalid response, first byte is 0xfd, should be 0x6e
fd ff ff ff ff ff ff ff ff ff ff                | ...........     
Invalid response, first byte is 0x00, should be 0x6e
00 ff ff ff ff ff ff ff ff ff ff                | ...........     
Invalid response, first byte is 0xff, should be 0x6e
ff ff ff ff ff ff ff ff ff ff ff                | ...........     
Invalid response, first byte is 0x03, should be 0x6e
03 ff ff ff ff ff ff ff ff ff ff                | ...........     
Invalid response, first byte is 0xff, should be 0x6e
ff ff ff ff ff ff ff ff ff ff ff                | ...........     
Invalid response, first byte is 0x03, should be 0x6e
03 ff ff ff ff ff ff ff ff ff ff                | ...........     
Invalid response, first byte is 0xff, should be 0x6e
ff ff ff ff ff ff ff ff ff ff ff                | ...........     
Invalid response, first byte is 0x03, should be 0x6e
03 ff ff ff ff ff ff ff ff ff ff                | ...........     
Invalid response, first byte is 0x6c, should be 0x6e
6c 82 01 1e 00 00 00 00 00 2b ff                | l........+.     
Invalid response, length is 127, should be 8 at most
Invalid response, first byte is 0xff, should be 0x6e
ff ff ff ff ff ff ff ff ff ff ff                | ...........     
Invalid response, first byte is 0x00, should be 0x6e
00 ff ff ff ff ff ff ff ff ff ff                | ...........     
Invalid response, first byte is 0xff, should be 0x6e
ff ff ff ff ff ff ff ff ff ff ff                | ...........     
Invalid response, first byte is 0x03, should be 0x6e
03 ff ff ff ff ff ff ff ff ff ff                | ...........     
Invalid response, first byte is 0x6f, should be 0x6e
6f ff ff ff ff ff ff ff ff ff ff                | o..........     
Invalid response, first byte is 0x8b, should be 0x6e
8b 7f ff ff ff ff ff ff ff ff ff                | ...........     
Invalid response, first byte is 0x00, should be 0x6e
00 ff ff ff ff ff ff ff ff ff ff                | ...........     
Invalid response, first byte is 0xfe, should be 0x6e
fe 00 00 00 00 00 1b 3f ff ff ff                | .......?...     
Invalid response, first byte is 0x03, should be 0x6e
03 ff ff ff ff ff ff ff ff ff ff                | ...........     
Invalid response, first byte is 0xff, should be 0x6e
ff ff ff ff ff ff ff ff ff ff ff                | ...........     
Invalid response, first byte is 0x03, should be 0x6e
03 ff ff ff ff ff ff ff ff ff ff                | ...........     
Invalid response, first byte is 0xfc, should be 0x6e
fc 7f ff ff ff ff ff ff ff ff ff                | ...........     
Invalid response, first byte is 0x00, should be 0x6e
00 ff ff ff ff ff ff ff ff ff ff                | ...........     
Invalid response, first byte is 0xff, should be 0x6e
ff ff ff ff ff ff ff ff ff ff ff                | ...........     
Invalid response, first byte is 0x03, should be 0x6e
03 ff ff ff ff ff ff ff ff ff ff                | ...........     
Invalid response, first byte is 0xff, should be 0x6e
ff ff ff ff ff ff ff ff ff ff ff                | ...........     
Invalid response, first byte is 0x01, should be 0x6e
01 ff ff ff ff ff ff ff ff ff ff                | ...........     
Invalid response, first byte is 0xff, should be 0x6e
ff ff ff ff ff ff ff ff ff ff ff                | ...........     
Invalid response, first byte is 0x03, should be 0x6e
03 ff ff ff ff ff ff ff ff ff ff                | ...........     
Invalid response, first byte is 0xff, should be 0x6e
ff ff ff ff ff ff ff ff ff ff ff                | ...........     
Invalid response, first byte is 0x01, should be 0x6e
01 ff ff ff ff ff ff ff ff ff ff                | ...........     
Invalid response, first byte is 0xfd, should be 0x6e
fd ff ff ff ff ff ff ff ff ff ff                | ...........     
Invalid response, first byte is 0x00, should be 0x6e
00 ff ff ff ff ff ff ff ff ff ff                | ...........     
Invalid response, first byte is 0xfc, should be 0x6e
fc 00 00 00 00 0d 7f ff ff ff ff                | ...........     
Invalid response, first byte is 0x00, should be 0x6e
00 ff ff ff ff ff ff ff ff ff ff                | ...........     
Invalid response, first byte is 0xff, should be 0x6e
ff ff ff ff ff ff ff ff ff ff ff                | ...........     
Invalid response, first byte is 0x03, should be 0x6e
03 ff ff ff ff ff ff ff ff ff ff                | ...........     
Invalid response, first byte is 0xfc, should be 0x6e
fc 00 00 00 00 01 ff ff ff ff ff                | ...........     
Invalid response, first byte is 0x00, should be 0x6e
00 ff ff ff ff ff ff ff ff ff ff                | ...........     
Invalid response, first byte is 0xff, should be 0x6e
ff ff ff ff ff ff ff ff ff ff ff                | ...........     
Invalid response, first byte is 0x03, should be 0x6e
03 ff ff ff ff ff ff ff ff ff ff                | ...........     
Invalid response, first byte is 0x6f, should be 0x6e
6f ff ff ff ff ff ff ff ff ff ff                | o..........     
Invalid response, first byte is 0x88, should be 0x6e
88 00 00 00 00 00 7f ff ff ff ff                | ...........     
Invalid response, first byte is 0x80, should be 0x6e
80 00 00 00 00 34 82 7f ff ff ff                | .....4.....     
Invalid response, first byte is 0x00, should be 0x6e
00 ff ff ff ff ff ff ff ff ff ff                | ...........     
Invalid response, first byte is 0xff, should be 0x6e
ff 00 00 00 00 00 0a 7f ff ff ff                | ...........     
Invalid response, first byte is 0x01, should be 0x6e
01 ff ff ff ff ff ff ff ff ff ff                | ...........     
Invalid response, first byte is 0xff, should be 0x6e
ff ff ff ff ff ff ff ff ff ff ff                | ...........     
Invalid response, first byte is 0x03, should be 0x6e
03 ff ff ff ff ff ff ff ff ff ff                | ...........     
Invalid response, first byte is 0xff, should be 0x6e
ff ff ff ff ff ff ff ff ff ff ff                | ...........     
Invalid response, first byte is 0x03, should be 0x6e
03 ff ff ff ff ff ff ff ff ff ff                | ...........     
Invalid response, first byte is 0xff, should be 0x6e
ff ff ff ff ff ff ff ff ff ff ff                | ...........     
Invalid response, first byte is 0x03, should be 0x6e
03 ff ff ff ff ff ff ff ff ff ff                | ...........     
Invalid response, first byte is 0xfc, should be 0x6e
fc 00 00 00 00 71 7f ff ff ff ff                | .....q.....     
Invalid response, first byte is 0x00, should be 0x6e
00 ff ff ff ff ff ff ff ff ff ff                | ...........     
Invalid response, first byte is 0xff, should be 0x6e
ff ff ff ff ff ff ff ff ff ff ff                | ...........     
Invalid response, first byte is 0x01, should be 0x6e
01 ff ff ff ff ff ff ff ff ff ff                | ...........     
Invalid response, first byte is 0x00, should be 0x6e
00 ff ff ff ff ff ff ff ff ff ff                | ...........     
Invalid response, first byte is 0xfc, should be 0x6e
fc 00 00 00 00 3e 7f ff ff ff ff                | .....>.....     
Invalid response, first byte is 0x03, should be 0x6e
03 ff ff ff ff ff ff ff ff ff ff                | ...........     
Invalid response, first byte is 0xff, should be 0x6e
ff ff ff ff ff ff ff ff ff ff ff                | ...........     
Invalid response, first byte is 0x00, should be 0x6e
00 ff ff ff ff ff ff ff ff ff ff                | ...........     
Invalid response, first byte is 0xff, should be 0x6e
ff ff ff ff ff ff ff ff ff ff ff                | ...........     
Invalid response, first byte is 0x00, should be 0x6e
00 ff ff ff ff ff ff ff ff ff ff                | ...........     
Invalid response, first byte is 0xfc, should be 0x6e
fc 00 00 00 00 25 7f ff ff ff ff                | .....%.....     
Invalid response, first byte is 0x03, should be 0x6e
03 ff ff ff ff ff ff ff ff ff ff                | ...........     
Invalid response, first byte is 0xff, should be 0x6e
ff ff ff ff ff ff ff ff ff ff ff                | ...........     
Invalid response, first byte is 0x01, should be 0x6e
01 ff ff ff ff ff ff ff ff ff ff                | ...........     
Invalid response, first byte is 0x6f, should be 0x6e
6f ff ff ff ff ff ff ff ff ff ff                | o..........     
Invalid response, first byte is 0x88, should be 0x6e
88 00 00 00 00 01 ff ff ff ff ff                | ...........     
Invalid response, first byte is 0x80, should be 0x6e
80 00 00 00 00 01 82 81 ff ff ff                | ...........     
Invalid response, first byte is 0x00, should be 0x6e
00 ff ff ff ff ff ff ff ff ff ff                | ...........     
Invalid response, first byte is 0xfd, should be 0x6e
fd ff ff ff ff ff ff ff ff ff ff                | ...........     
Invalid response, first byte is 0x00, should be 0x6e
00 ff ff ff ff ff ff ff ff ff ff                | ...........     
Invalid response, first byte is 0xfc, should be 0x6e
fc 00 04 00 00 6f ff ff ff ff ff                | .....o.....     
Invalid response, first byte is 0x03, should be 0x6e
03 ff ff ff ff ff ff ff ff ff ff                | ...........     
Invalid response, first byte is 0xff, should be 0x6e
ff ff ff ff ff ff ff ff ff ff ff                | ...........     
Invalid response, first byte is 0x03, should be 0x6e
03 ff ff ff ff ff ff ff ff ff ff                | ...........     
Invalid response, first byte is 0x03, should be 0x6e
03 ff ff ff ff ff ff ff ff ff ff                | ...........     
Invalid response, first byte is 0xff, should be 0x6e
ff ff ff ff ff ff ff ff ff ff ff                | ...........     
Invalid response, first byte is 0x03, should be 0x6e
03 ff ff ff ff ff ff ff ff ff ff                | ...........     
Invalid response, first byte is 0xff, should be 0x6e
ff ff ff ff ff ff ff ff ff ff ff                | ...........     
Invalid response, first byte is 0x03, should be 0x6e
03 ff ff ff ff ff ff ff ff ff ff                | ...........     
Invalid response, first byte is 0xff, should be 0x6e
ff ff ff ff ff ff ff ff ff ff ff                | ...........     
Invalid response, first byte is 0x03, should be 0x6e
03 ff ff ff ff ff ff ff ff ff ff                | ...........     
Invalid response, first byte is 0xff, should be 0x6e
ff ff ff ff ff ff ff ff ff ff ff                | ...........     
Invalid response, first byte is 0x03, should be 0x6e
03 ff ff ff ff ff ff ff ff ff ff                | ...........     
Invalid response, first byte is 0xfd, should be 0x6e
fd ff ff ff ff ff ff ff ff ff ff                | ...........     
Invalid response, first byte is 0x00, should be 0x6e
00 ff ff ff ff ff ff ff ff ff ff                | ...........     
Invalid response, first byte is 0xff, should be 0x6e
ff ff ff ff ff ff ff ff ff ff ff                | ...........     
Invalid response, first byte is 0x03, should be 0x6e
03 ff ff ff ff ff ff ff ff ff ff                | ...........     
Invalid response, first byte is 0xff, should be 0x6e
ff ff ff ff ff ff ff ff ff ff ff                | ...........     
Invalid response, first byte is 0x03, should be 0x6e
03 ff ff ff ff ff ff ff ff ff ff                | ...........     
Invalid response, first byte is 0xfd, should be 0x6e
fd ff ff ff ff ff ff ff ff ff ff                | ...........     
Invalid response, first byte is 0x00, should be 0x6e
00 ff ff ff ff ff ff ff ff ff ff                | ...........     
Invalid response, first byte is 0xfd, should be 0x6e
fd ff ff ff ff ff ff ff ff ff ff                | ...........     
Invalid response, first byte is 0x00, should be 0x6e
00 ff ff ff ff ff ff ff ff ff ff                | ...........     
Invalid response, first byte is 0xff, should be 0x6e
ff ff ff ff ff ff ff ff ff ff ff                | ...........     
Invalid response, first byte is 0x00, should be 0x6e
00 ff ff ff ff ff ff ff ff ff ff                | ...........     
Invalid response, first byte is 0xff, should be 0x6e
ff ff ff ff ff ff ff ff ff ff ff                | ...........     
Invalid response, first byte is 0x01, should be 0x6e
01 ff ff ff ff ff ff ff ff ff ff                | ...........     
Invalid response, first byte is 0xfc, should be 0x6e
fc 00 01 00 00 1c 5f ff ff ff ff                | ......_....     
Invalid response, first byte is 0x00, should be 0x6e
00 ff ff ff ff ff ff ff ff ff ff                | ...........     
Invalid response, first byte is 0xff, should be 0x6e
ff ff ff ff ff ff ff ff ff ff ff                | ...........     
Invalid response, first byte is 0x00, should be 0x6e
00 ff ff ff ff ff ff ff ff ff ff                | ...........     
Invalid response, first byte is 0xff, should be 0x6e
ff ff ff ff ff ff ff ff ff ff ff                | ...........     
Invalid response, first byte is 0x03, should be 0x6e
03 ff ff ff ff ff ff ff ff ff ff                | ...........     
Invalid response, first byte is 0x6c, should be 0x6e
6c ff ff ff ff ff ff ff ff ff ff                | l..........     
Invalid response, first byte is 0x01, should be 0x6e
01 ff ff ff ff ff ff ff ff ff ff                | ...........     
Invalid response, first byte is 0x00, should be 0x6e
00 ff ff ff ff ff ff ff ff ff ff                | ...........     
Invalid response, first byte is 0xff, should be 0x6e
ff ff ff ff ff ff ff ff ff ff ff                | ...........     
Invalid response, first byte is 0x03, should be 0x6e
03 ff ff ff ff ff ff ff ff ff ff                | ...........     
Invalid response, first byte is 0xff, should be 0x6e
ff ff ff ff ff ff ff ff ff ff ff                | ...........     
Invalid response, first byte is 0x03, should be 0x6e
03 ff ff ff ff ff ff ff ff ff ff                | ...........     
Invalid response, first byte is 0xff, should be 0x6e
ff ff ff ff ff ff ff ff ff ff ff                | ...........     
Invalid response, first byte is 0x03, should be 0x6e
03 ff ff ff ff ff ff ff ff ff ff                | ...........     
Invalid response, first byte is 0xfd, should be 0x6e
fd ff ff ff ff ff ff ff ff ff ff                | ...........     
Invalid response, first byte is 0x00, should be 0x6e
00 ff ff ff ff ff ff ff ff ff ff                | ...........     
Invalid response, first byte is 0xff, should be 0x6e
ff ff ff ff ff ff ff ff ff ff ff                | ...........     
Invalid response, first byte is 0x01, should be 0x6e
01 ff ff ff ff ff ff ff ff ff ff                | ...........     
Invalid response, first byte is 0xff, should be 0x6e
ff ff ff ff ff ff ff ff ff ff ff                | ...........     
Invalid response, first byte is 0x00, should be 0x6e
00 ff ff ff ff ff ff ff ff ff ff                | ...........     
Invalid response, first byte is 0xff, should be 0x6e
ff ff ff ff ff ff ff ff ff ff ff                | ...........     
Invalid response, first byte is 0x03, should be 0x6e
03 ff ff ff ff ff ff ff ff ff ff                | ...........     
Invalid response, first byte is 0xff, should be 0x6e
ff ff ff ff ff ff ff ff ff ff ff                | ...........     
Invalid response, first byte is 0x03, should be 0x6e
03 ff ff ff ff ff ff ff ff ff ff                | ...........     
Invalid response, first byte is 0xff, should be 0x6e
ff ff ff ff ff ff ff ff ff ff ff                | ...........     
Invalid response, first byte is 0x00, should be 0x6e
00 ff ff ff ff ff ff ff ff ff ff                | ...........     

Detected monitors :
 - Device: dev:/dev/i2c-4
   DDC/CI supported: Yes
   Monitor Name: VESA standard monitor
   Input type: Digital
  (Automatically selected)
Reading EDID and initializing DDC/CI at bus dev:/dev/i2c-4...

EDID readings:
	Plug and Play ID: SAM0D32 [VESA standard monitor]
	Input type: Digital
=============================== WARNING ===============================
There is no support for your monitor in the database, but ddccontrol is
using a basic generic profile. Many controls will not be supported, and
some controls may not work as expected.
Please update ddccontrol-db, or, if you are already using the latest
version, please send the output of the following command to
ddccontrol-users@lists.sourceforge.net:

LANG= LC_ALL= ddccontrol -p -c -d

Thank you.
=============================== WARNING ===============================

Capabilities:

Controls (valid/current/max) [Description - Value name]:
Control 0x0e: +/80/160   [???]
Control 0x14: +/2/11   [???]
Control 0x16: +/50/100   [???]
Control 0x18: +/50/100   [???]
Control 0x1a: +/50/100   [???]
Control 0x1e: +/0/2   [???]
Control 0x20: +/50/100   [???]
Control 0x30: +/20/40   [???]
Control 0x3e: +/0/31   [???]
Control 0x54: +/0/2   [???]
Control 0x60: +/5/3   [???]
Control 0x6c: +/4/255   [???]
Control 0x6e: +/4/255   [???]
Control 0x70: +/4/255   [???]
Control 0x87: +/20/33   [???]
Control 0xb6: +/3/9   [???]
Control 0xc6: +/1/1   [???]
Control 0xc8: +/5/16   [???]
Control 0xc9: +/1/0   [???]
Control 0xca: +/2/2   [???]
Control 0xcc: +/2/30   [???]
Control 0xd6: +/1/4   [???]
Control 0xdb: +/4/4   [???]
Control 0xe0: +/2/65285   [???]
Control 0xe1: +/1/1   [???]
Control 0xe4: +/0/2   [???]
Control 0xe5: +/0/1   [???]
Control 0xe8: +/9/7   [???]
Control 0xe9: +/0/1   [???]
Control 0xea: +/0/4   [???]
Control 0xeb: +/253/9   [???]
Control 0xec: +/0/7   [???]
Control 0xed: +/7/255   [???]
Control 0xf2: +/0/2   [???]
Control 0xf3: +/1/2   [???]
Control 0xf5: +/2/2   [???]
Control 0xf6: +/1/2   [???]
Control 0xfe: +/66/2   [???]
