ddccontrol version 0.4.2
Copyright 2004-2005 Oleg I. Vdovikin (oleg@cs.msu.su)
Copyright 2004-2006 Nicolas Boichat (nicolas@boichat.ch)
This program comes with ABSOLUTELY NO WARRANTY.
You may redistribute copies of this program under the terms of the GNU General Public License.

Probing for available monitors...........
Detected monitors :
 - Device: dev:/dev/i2c-6
   DDC/CI supported: No
   Monitor Name: VESA standard monitor
   Input type: Digital
 - Device: dev:/dev/i2c-1
   DDC/CI supported: Yes
   Monitor Name: VESA standard monitor
   Input type: Digital
  (Automatically selected)
Reading EDID and initializing DDC/CI at bus dev:/dev/i2c-1...

EDID readings:
	Plug and Play ID: BNQ7917 [VESA standard monitor]
	Input type: Digital
=============================== WARNING ===============================
There is no support for your monitor in the database, but ddccontrol is
using a basic generic profile. Many controls will not be supported, and
some controls may not work as expected.
Please update ddccontrol-db, or, if you are already using the latest
version, please send the output of the following command to
ddccontrol-users@lists.sourceforge.net:

LANG= LC_ALL= ddccontrol -p -c -d

Thank you.
=============================== WARNING ===============================

Capabilities:
Raw output: (prot(monitor)type(lcd)model(BenQ_E2420HD)cmds(01 02 03 07 0C E3 F3)vcp(02 04 05 08 0B 0C 10 12 14(04 05 08 0B) 16 18 1A 52 60(01 03 11 12) 62 AC AE B2 B6 C0 C6 C8 C9 CA(01 02) CC(01 02 03 04 05 06 09 0A 0B 0D 0E 12 14 1A 1E 1F 20) D6(01 05) DF)mswhql(1)mccs_ver(2.0)asset_eep(64)mpu(01))
Parsed output: 
	VCP: 02 04 05 08 0b 0c 10 12 14 16 18 1a 52 60 62 ac ae b2 b6 c0 c6 c8 c9 ca cc d6 df 
	Type: LCD

Controls (valid/current/max) [Description - Value name]:
Control 0x02: +/2/0 C [Secondary Degauss]
Control 0x04: +/0/1 C [Restore Factory Defaults]
Control 0x05: +/0/1 C [Restore Brightness and Contrast]
Control 0x08: +/0/1 C [Restore Factory Default Color]
Control 0x0b: +/100/0 C [???]
Control 0x0c: +/35/144 C [???]
Control 0x10: +/100/100 C [Brightness]
Control 0x12: +/50/100 C [Contrast]
Control 0x14: +/5/13 C [???]
Control 0x16: +/100/100 C [Red maximum level]
Control 0x18: +/100/100 C [Green maximum level]
Control 0x1a: +/100/100 C [Blue maximum level]
Control 0x52: +/0/255 C [???]
Control 0x60: +/17/3 C [Input Source Select]
Control 0x62: +/100/100 C [Audio Speaker Volume Adjust]
Control 0x6c: +/50/100   [???]
Control 0x6e: +/50/100   [???]
Control 0x70: +/50/100   [???]
Control 0x87: +/3/5   [???]
Control 0xac: +/1964/1 C [???]
Control 0xae: +/6000/0 C [???]
Control 0xb2: +/1/0 C [???]
Control 0xb6: +/3/0 C [???]
Control 0xc0: +/7612/0 C [???]
Control 0xc6: +/255/65535 C [???]
Control 0xc8: +/5/0 C [???]
Control 0xc9: +/256/0 C [???]
Control 0xca: +/2/3 C [???]
Control 0xcc: +/9/32 C [???]
Control 0xd6: +/1/5 C [DPMS Control - On]
Control 0xdf: +/512/0 C [???]
