ddccontrol version 0.6.0
Copyright 2004-2005 Oleg I. Vdovikin (oleg@cs.msu.su)
Copyright 2004-2006 Nicolas Boichat (nicolas@boichat.ch)
This program comes with ABSOLUTELY NO WARRANTY.
You may redistribute copies of this program under the terms of the GNU General Public License.

Detected monitors :
 - Device: dev:/dev/i2c-8
   DDC/CI supported: Yes
   Monitor Name: VESA standard monitor
   Input type: Digital
  (Automatically selected)
Reading EDID and initializing DDC/CI at bus dev:/dev/i2c-8...
I/O warning : failed to load external entity "/usr/share/ddccontrol-db/monitor/GBT2709.xml"
Document not parsed successfully.
I/O warning : failed to load external entity "/usr/share/ddccontrol-db/monitor/GBTlcd.xml"
Document not parsed successfully.

EDID readings:
	Plug and Play ID: GBT2709 [VESA standard monitor]
	Input type: Analog
=============================== WARNING ===============================
There is no support for your monitor in the database, but ddccontrol is
using a basic generic profile. Many controls will not be supported, and
some controls may not work as expected.
Please update ddccontrol-db, or, if you are already using the latest
version, please send the output of the following command to
ddccontrol-users@lists.sourceforge.net:

LANG= LC_ALL= ddccontrol -p -c -d

Thank you.
=============================== WARNING ===============================

Capabilities:
ioctl(): Inappropriate ioctl for device
ioctl returned -1
ioctl(): Inappropriate ioctl for device
ioctl returned -1
ioctl(): Inappropriate ioctl for device
ioctl returned -1
ioctl(): Inappropriate ioctl for device
ioctl returned -1
ioctl(): Inappropriate ioctl for device
ioctl returned -1
ioctl(): Inappropriate ioctl for device
ioctl returned -1
ioctl(): Inappropriate ioctl for device
ioctl returned -1
ioctl(): Inappropriate ioctl for device
ioctl returned -1
ioctl(): Inappropriate ioctl for device
ioctl returned -1
Capabilities read fail.

Controls (valid/current/max) [Description - Value name]:
Control 0x02: +/2/255 C [New Control Value - Some values changed]
Control 0x04: +/0/1 C [Restore Factory Defaults]
Control 0x05: +/0/1 C [Restore Brightness and Contrast]
Control 0x08: +/0/1 C [Restore Factory Default Color]
Control 0x0b: +/50/65535 C [???]
Control 0x0c: +/70/170 C [???]
Control 0x10: +/100/100 C [Brightness]
Control 0x12: +/50/100 C [Contrast]
Control 0x14: +/5/11 C [???]
Control 0x16: +/100/100 C [Red maximum level]
Control 0x18: +/100/100 C [Green maximum level]
Control 0x1a: +/100/100 C [Blue maximum level]
Control 0x52: +/0/255   [???]
Control 0x60: +/15/3 C [Input Source Select (Main)]
Control 0x62: +/100/100 C [Audio Speaker Volume Adjust]
Control 0x6c: +/50/100 C [Red minimum level]
Control 0x6e: +/50/100 C [Green minimum level]
Control 0x70: +/50/100 C [Blue minimum level]
Control 0x87: +/5/10   [???]
Control 0x8d: +/2/2 C [???]
Control 0xac: +/23264/65281 C [???]
Control 0xae: +/6000/65535 C [???]
Control 0xb2: +/1/8   [???]
Control 0xb6: +/3/4 C [???]
Control 0xc0: +/20/65535 C [???]
Control 0xc6: +/111/65535 C [???]
Control 0xc8: +/18/65535 C [???]
Control 0xc9: +/1/65535 C [???]
Control 0xca: +/2/2 C [???]
Control 0xcc: +/2/255 C [???]
Control 0xd6: +/1/4 C [DPMS Control - On]
Control 0xdc: +/2/10   [???]
Control 0xdf: +/513/65535 C [???]
Control 0xe0: +/513/65535   [???]
Control 0xe6: +/1/1   [???]
Control 0xfe: +/0/255   [???]
Control 0xff: +/0/1   [???]

