This file contains any messages produced by compilers while
running configure, to aid debugging if configure makes a mistake.

It was created by DDC/CI control tool configure 0.4.1, which was
generated by GNU Autoconf 2.59.  Invocation command line was

  $ ./configure 

## --------- ##
## Platform. ##
## --------- ##

hostname = localhost.localdomain
uname -m = i686
uname -r = 2.6.16-1.2096_FC5
uname -s = Linux
uname -v = #1 Wed Apr 19 05:14:36 EDT 2006

/usr/bin/uname -p = unknown
/bin/uname -X     = unknown

/bin/arch              = i686
/usr/bin/arch -k       = unknown
/usr/convex/getsysinfo = unknown
hostinfo               = unknown
/bin/machine           = unknown
/usr/bin/oslevel       = unknown
/bin/universe          = unknown

PATH: /usr/kerberos/sbin
PATH: /usr/kerberos/bin
PATH: /usr/local/sbin
PATH: /usr/local/bin
PATH: /sbin
PATH: /bin
PATH: /usr/sbin
PATH: /usr/bin
PATH: /usr/X11R6/bin
PATH: /root/bin


## ----------- ##
## Core tests. ##
## ----------- ##

configure:1586: checking for a BSD-compatible install
configure:1641: result: /usr/bin/install -c
configure:1652: checking whether build environment is sane
configure:1695: result: yes
configure:1760: checking for gawk
configure:1776: found /bin/gawk
configure:1786: result: gawk
configure:1796: checking whether make sets $(MAKE)
configure:1816: result: yes
configure:1986: checking whether to enable maintainer-specific portions of Makefiles
configure:1995: result: no
configure:2026: checking whether NLS is requested
configure:2035: result: yes
configure:2073: checking for msgfmt
configure: trying /usr/bin/msgfmt...
0 translated messages.
configure:2105: result: /usr/bin/msgfmt
configure:2114: checking for gmsgfmt
configure:2145: result: /usr/bin/msgfmt
configure:2184: checking for xgettext
configure: trying /usr/bin/xgettext...
/usr/bin/xgettext: warning: file `/dev/null' extension `' is unknown; will try C
configure:2216: result: /usr/bin/xgettext
configure:2256: checking for msgmerge
configure: trying /usr/bin/msgmerge...
configure:2287: result: /usr/bin/msgmerge
configure:2350: checking for style of include used by make
configure:2378: result: GNU
configure:2449: checking for gcc
configure:2465: found /usr/bin/gcc
configure:2475: result: gcc
configure:2719: checking for C compiler version
configure:2722: gcc --version </dev/null >&5
gcc (GCC) 4.1.0 20060304 (Red Hat 4.1.0-3)
Copyright (C) 2006 Free Software Foundation, Inc.
This is free software; see the source for copying conditions.  There is NO
warranty; not even for MERCHANTABILITY or FITNESS FOR A PARTICULAR PURPOSE.

configure:2725: $? = 0
configure:2727: gcc -v </dev/null >&5
Using built-in specs.
Target: i386-redhat-linux
Configured with: ../configure --prefix=/usr --mandir=/usr/share/man --infodir=/usr/share/info --enable-shared --enable-threads=posix --enable-checking=release --with-system-zlib --enable-__cxa_atexit --disable-libunwind-exceptions --enable-libgcj-multifile --enable-languages=c,c++,objc,obj-c++,java,fortran,ada --enable-java-awt=gtk --disable-dssi --with-java-home=/usr/lib/jvm/java-1.4.2-gcj-1.4.2.0/jre --with-cpu=generic --host=i386-redhat-linux
Thread model: posix
gcc version 4.1.0 20060304 (Red Hat 4.1.0-3)
configure:2730: $? = 0
configure:2732: gcc -V </dev/null >&5
gcc: '-V' option must have argument
configure:2735: $? = 1
configure:2758: checking for C compiler default output file name
configure:2761: gcc    conftest.c  >&5
configure:2764: $? = 0
configure:2810: result: a.out
configure:2815: checking whether the C compiler works
configure:2821: ./a.out
configure:2824: $? = 0
configure:2841: result: yes
configure:2848: checking whether we are cross compiling
configure:2850: result: no
configure:2853: checking for suffix of executables
configure:2855: gcc -o conftest    conftest.c  >&5
configure:2858: $? = 0
configure:2883: result: 
configure:2889: checking for suffix of object files
configure:2910: gcc -c   conftest.c >&5
configure:2913: $? = 0
configure:2935: result: o
configure:2939: checking whether we are using the GNU C compiler
configure:2963: gcc -c   conftest.c >&5
configure:2969: $? = 0
configure:2973: test -z 
			 || test ! -s conftest.err
configure:2976: $? = 0
configure:2979: test -s conftest.o
configure:2982: $? = 0
configure:2995: result: yes
configure:3001: checking whether gcc accepts -g
configure:3022: gcc -c -g  conftest.c >&5
configure:3028: $? = 0
configure:3032: test -z 
			 || test ! -s conftest.err
configure:3035: $? = 0
configure:3038: test -s conftest.o
configure:3041: $? = 0
configure:3052: result: yes
configure:3069: checking for gcc option to accept ANSI C
configure:3139: gcc  -c -g -O2  conftest.c >&5
configure:3145: $? = 0
configure:3149: test -z 
			 || test ! -s conftest.err
configure:3152: $? = 0
configure:3155: test -s conftest.o
configure:3158: $? = 0
configure:3176: result: none needed
configure:3194: gcc -c -g -O2  conftest.c >&5
conftest.c:2: error: expected '=', ',', ';', 'asm' or '__attribute__' before 'me'
configure:3200: $? = 1
configure: failed program was:
| #ifndef __cplusplus
|   choke me
| #endif
configure:3335: checking dependency style of gcc
configure:3425: result: gcc3
configure:3448: checking build system type
configure:3466: result: i686-pc-linux-gnu
configure:3474: checking host system type
configure:3488: result: i686-pc-linux-gnu
configure:3520: checking for ld used by GCC
configure:3584: result: /usr/bin/ld
configure:3593: checking if the linker (/usr/bin/ld) is GNU ld
configure:3606: result: yes
configure:3613: checking for shared library run path origin
configure:3626: result: done
configure:4043: checking for CFPreferencesCopyAppValue
configure:4068: gcc -o conftest -g -O2  -I/System/Library/Frameworks/CoreFoundation.framework/Headers  conftest.c  -framework CoreFoundation >&5
gcc: CoreFoundation: No such file or directory
cc1: error: unrecognized command line option "-framework"
configure:4074: $? = 1
configure: failed program was:
| /* confdefs.h.  */
| 
| #define PACKAGE_NAME "DDC/CI control tool"
| #define PACKAGE_TARNAME "ddccontrol"
| #define PACKAGE_VERSION "0.4.1"
| #define PACKAGE_STRING "DDC/CI control tool 0.4.1"
| #define PACKAGE_BUGREPORT "DDCControl users list <ddccontrol-users@lists.sourceforge.net>"
| #define PACKAGE "ddccontrol"
| #define VERSION "0.4.1"
| /* end confdefs.h.  */
| #include <CFPreferences.h>
| int
| main ()
| {
| CFPreferencesCopyAppValue(NULL, NULL)
|   ;
|   return 0;
| }
configure:4101: result: no
configure:4110: checking for CFLocaleCopyCurrent
configure:4135: gcc -o conftest -g -O2  -I/System/Library/Frameworks/CoreFoundation.framework/Headers  conftest.c  -framework CoreFoundation >&5
gcc: CoreFoundation: No such file or directory
cc1: error: unrecognized command line option "-framework"
configure:4141: $? = 1
configure: failed program was:
| /* confdefs.h.  */
| 
| #define PACKAGE_NAME "DDC/CI control tool"
| #define PACKAGE_TARNAME "ddccontrol"
| #define PACKAGE_VERSION "0.4.1"
| #define PACKAGE_STRING "DDC/CI control tool 0.4.1"
| #define PACKAGE_BUGREPORT "DDCControl users list <ddccontrol-users@lists.sourceforge.net>"
| #define PACKAGE "ddccontrol"
| #define VERSION "0.4.1"
| /* end confdefs.h.  */
| #include <CFLocale.h>
| int
| main ()
| {
| CFLocaleCopyCurrent();
|   ;
|   return 0;
| }
configure:4168: result: no
configure:4185: checking whether NLS is requested
configure:4194: result: yes
configure:4212: checking for GNU gettext in libc
configure:4236: gcc -o conftest -g -O2   conftest.c  >&5
configure:4242: $? = 0
configure:4246: test -z 
			 || test ! -s conftest.err
configure:4249: $? = 0
configure:4252: test -s conftest
configure:4255: $? = 0
configure:4267: result: yes
configure:4974: checking whether to use NLS
configure:4976: result: yes
configure:4979: checking where the gettext function comes from
configure:4990: result: libc
configure:5095: checking for ranlib
configure:5111: found /usr/bin/ranlib
configure:5122: result: ranlib
configure:5180: checking for gcc
configure:5206: result: gcc
configure:5450: checking for C compiler version
configure:5453: gcc --version </dev/null >&5
gcc (GCC) 4.1.0 20060304 (Red Hat 4.1.0-3)
Copyright (C) 2006 Free Software Foundation, Inc.
This is free software; see the source for copying conditions.  There is NO
warranty; not even for MERCHANTABILITY or FITNESS FOR A PARTICULAR PURPOSE.

configure:5456: $? = 0
configure:5458: gcc -v </dev/null >&5
Using built-in specs.
Target: i386-redhat-linux
Configured with: ../configure --prefix=/usr --mandir=/usr/share/man --infodir=/usr/share/info --enable-shared --enable-threads=posix --enable-checking=release --with-system-zlib --enable-__cxa_atexit --disable-libunwind-exceptions --enable-libgcj-multifile --enable-languages=c,c++,objc,obj-c++,java,fortran,ada --enable-java-awt=gtk --disable-dssi --with-java-home=/usr/lib/jvm/java-1.4.2-gcj-1.4.2.0/jre --with-cpu=generic --host=i386-redhat-linux
Thread model: posix
gcc version 4.1.0 20060304 (Red Hat 4.1.0-3)
configure:5461: $? = 0
configure:5463: gcc -V </dev/null >&5
gcc: '-V' option must have argument
configure:5466: $? = 1
configure:5469: checking whether we are using the GNU C compiler
configure:5525: result: yes
configure:5531: checking whether gcc accepts -g
configure:5582: result: yes
configure:5599: checking for gcc option to accept ANSI C
configure:5706: result: none needed
configure:5724: gcc -c -g -O2  conftest.c >&5
conftest.c:2: error: expected '=', ',', ';', 'asm' or '__attribute__' before 'me'
configure:5730: $? = 1
configure: failed program was:
| #ifndef __cplusplus
|   choke me
| #endif
configure:5865: checking dependency style of gcc
configure:5955: result: gcc3
configure:5985: checking for a BSD-compatible install
configure:6040: result: /usr/bin/install -c
configure:6123: checking for a sed that does not truncate output
configure:6177: result: /bin/sed
configure:6180: checking for egrep
configure:6190: result: grep -E
configure:6206: checking for ld used by gcc
configure:6273: result: /usr/bin/ld
configure:6282: checking if the linker (/usr/bin/ld) is GNU ld
configure:6297: result: yes
configure:6302: checking for /usr/bin/ld option to reload object files
configure:6309: result: -r
configure:6327: checking for BSD-compatible nm
configure:6376: result: /usr/bin/nm -B
configure:6380: checking whether ln -s works
configure:6384: result: yes
configure:6391: checking how to recognise dependent libraries
configure:6567: result: pass_all
configure:6803: checking how to run the C preprocessor
configure:6838: gcc -E  conftest.c
configure:6844: $? = 0
configure:6876: gcc -E  conftest.c
conftest.c:14:28: error: ac_nonexistent.h: No such file or directory
configure:6882: $? = 1
configure: failed program was:
| /* confdefs.h.  */
| 
| #define PACKAGE_NAME "DDC/CI control tool"
| #define PACKAGE_TARNAME "ddccontrol"
| #define PACKAGE_VERSION "0.4.1"
| #define PACKAGE_STRING "DDC/CI control tool 0.4.1"
| #define PACKAGE_BUGREPORT "DDCControl users list <ddccontrol-users@lists.sourceforge.net>"
| #define PACKAGE "ddccontrol"
| #define VERSION "0.4.1"
| #define ENABLE_NLS 1
| #define HAVE_GETTEXT 1
| #define HAVE_DCGETTEXT 1
| /* end confdefs.h.  */
| #include <ac_nonexistent.h>
configure:6921: result: gcc -E
configure:6945: gcc -E  conftest.c
configure:6951: $? = 0
configure:6983: gcc -E  conftest.c
conftest.c:14:28: error: ac_nonexistent.h: No such file or directory
configure:6989: $? = 1
configure: failed program was:
| /* confdefs.h.  */
| 
| #define PACKAGE_NAME "DDC/CI control tool"
| #define PACKAGE_TARNAME "ddccontrol"
| #define PACKAGE_VERSION "0.4.1"
| #define PACKAGE_STRING "DDC/CI control tool 0.4.1"
| #define PACKAGE_BUGREPORT "DDCControl users list <ddccontrol-users@lists.sourceforge.net>"
| #define PACKAGE "ddccontrol"
| #define VERSION "0.4.1"
| #define ENABLE_NLS 1
| #define HAVE_GETTEXT 1
| #define HAVE_DCGETTEXT 1
| /* end confdefs.h.  */
| #include <ac_nonexistent.h>
configure:7033: checking for ANSI C header files
configure:7058: gcc -c -g -O2  conftest.c >&5
configure:7064: $? = 0
configure:7068: test -z 
			 || test ! -s conftest.err
configure:7071: $? = 0
configure:7074: test -s conftest.o
configure:7077: $? = 0
configure:7166: gcc -o conftest -g -O2   conftest.c  >&5
conftest.c: In function 'main':
conftest.c:31: warning: incompatible implicit declaration of built-in function 'exit'
configure:7169: $? = 0
configure:7171: ./conftest
configure:7174: $? = 0
configure:7189: result: yes
configure:7213: checking for sys/types.h
configure:7229: gcc -c -g -O2  conftest.c >&5
configure:7235: $? = 0
configure:7239: test -z 
			 || test ! -s conftest.err
configure:7242: $? = 0
configure:7245: test -s conftest.o
configure:7248: $? = 0
configure:7259: result: yes
configure:7213: checking for sys/stat.h
configure:7229: gcc -c -g -O2  conftest.c >&5
configure:7235: $? = 0
configure:7239: test -z 
			 || test ! -s conftest.err
configure:7242: $? = 0
configure:7245: test -s conftest.o
configure:7248: $? = 0
configure:7259: result: yes
configure:7213: checking for stdlib.h
configure:7229: gcc -c -g -O2  conftest.c >&5
configure:7235: $? = 0
configure:7239: test -z 
			 || test ! -s conftest.err
configure:7242: $? = 0
configure:7245: test -s conftest.o
configure:7248: $? = 0
configure:7259: result: yes
configure:7213: checking for string.h
configure:7229: gcc -c -g -O2  conftest.c >&5
configure:7235: $? = 0
configure:7239: test -z 
			 || test ! -s conftest.err
configure:7242: $? = 0
configure:7245: test -s conftest.o
configure:7248: $? = 0
configure:7259: result: yes
configure:7213: checking for memory.h
configure:7229: gcc -c -g -O2  conftest.c >&5
configure:7235: $? = 0
configure:7239: test -z 
			 || test ! -s conftest.err
configure:7242: $? = 0
configure:7245: test -s conftest.o
configure:7248: $? = 0
configure:7259: result: yes
configure:7213: checking for strings.h
configure:7229: gcc -c -g -O2  conftest.c >&5
configure:7235: $? = 0
configure:7239: test -z 
			 || test ! -s conftest.err
configure:7242: $? = 0
configure:7245: test -s conftest.o
configure:7248: $? = 0
configure:7259: result: yes
configure:7213: checking for inttypes.h
configure:7229: gcc -c -g -O2  conftest.c >&5
configure:7235: $? = 0
configure:7239: test -z 
			 || test ! -s conftest.err
configure:7242: $? = 0
configure:7245: test -s conftest.o
configure:7248: $? = 0
configure:7259: result: yes
configure:7213: checking for stdint.h
configure:7229: gcc -c -g -O2  conftest.c >&5
configure:7235: $? = 0
configure:7239: test -z 
			 || test ! -s conftest.err
configure:7242: $? = 0
configure:7245: test -s conftest.o
configure:7248: $? = 0
configure:7259: result: yes
configure:7213: checking for unistd.h
configure:7229: gcc -c -g -O2  conftest.c >&5
configure:7235: $? = 0
configure:7239: test -z 
			 || test ! -s conftest.err
configure:7242: $? = 0
configure:7245: test -s conftest.o
configure:7248: $? = 0
configure:7259: result: yes
configure:7285: checking dlfcn.h usability
configure:7297: gcc -c -g -O2  conftest.c >&5
configure:7303: $? = 0
configure:7307: test -z 
			 || test ! -s conftest.err
configure:7310: $? = 0
configure:7313: test -s conftest.o
configure:7316: $? = 0
configure:7326: result: yes
configure:7330: checking dlfcn.h presence
configure:7340: gcc -E  conftest.c
configure:7346: $? = 0
configure:7366: result: yes
configure:7401: checking for dlfcn.h
configure:7408: result: yes
configure:7473: checking for g++
configure:7489: found /usr/bin/g++
configure:7499: result: g++
configure:7515: checking for C++ compiler version
configure:7518: g++ --version </dev/null >&5
g++ (GCC) 4.1.0 20060304 (Red Hat 4.1.0-3)
Copyright (C) 2006 Free Software Foundation, Inc.
This is free software; see the source for copying conditions.  There is NO
warranty; not even for MERCHANTABILITY or FITNESS FOR A PARTICULAR PURPOSE.

configure:7521: $? = 0
configure:7523: g++ -v </dev/null >&5
Using built-in specs.
Target: i386-redhat-linux
Configured with: ../configure --prefix=/usr --mandir=/usr/share/man --infodir=/usr/share/info --enable-shared --enable-threads=posix --enable-checking=release --with-system-zlib --enable-__cxa_atexit --disable-libunwind-exceptions --enable-libgcj-multifile --enable-languages=c,c++,objc,obj-c++,java,fortran,ada --enable-java-awt=gtk --disable-dssi --with-java-home=/usr/lib/jvm/java-1.4.2-gcj-1.4.2.0/jre --with-cpu=generic --host=i386-redhat-linux
Thread model: posix
gcc version 4.1.0 20060304 (Red Hat 4.1.0-3)
configure:7526: $? = 0
configure:7528: g++ -V </dev/null >&5
g++: '-V' option must have argument
configure:7531: $? = 1
configure:7534: checking whether we are using the GNU C++ compiler
configure:7558: g++ -c   conftest.cc >&5
configure:7564: $? = 0
configure:7568: test -z 
			 || test ! -s conftest.err
configure:7571: $? = 0
configure:7574: test -s conftest.o
configure:7577: $? = 0
configure:7590: result: yes
configure:7596: checking whether g++ accepts -g
configure:7617: g++ -c -g  conftest.cc >&5
configure:7623: $? = 0
configure:7627: test -z 
			 || test ! -s conftest.err
configure:7630: $? = 0
configure:7633: test -s conftest.o
configure:7636: $? = 0
configure:7647: result: yes
configure:7689: g++ -c -g -O2  conftest.cc >&5
configure:7695: $? = 0
configure:7699: test -z 
			 || test ! -s conftest.err
configure:7702: $? = 0
configure:7705: test -s conftest.o
configure:7708: $? = 0
configure:7734: g++ -c -g -O2  conftest.cc >&5
conftest.cc: In function 'int main()':
conftest.cc:29: error: 'exit' was not declared in this scope
configure:7740: $? = 1
configure: failed program was:
| /* confdefs.h.  */
| 
| #define PACKAGE_NAME "DDC/CI control tool"
| #define PACKAGE_TARNAME "ddccontrol"
| #define PACKAGE_VERSION "0.4.1"
| #define PACKAGE_STRING "DDC/CI control tool 0.4.1"
| #define PACKAGE_BUGREPORT "DDCControl users list <ddccontrol-users@lists.sourceforge.net>"
| #define PACKAGE "ddccontrol"
| #define VERSION "0.4.1"
| #define ENABLE_NLS 1
| #define HAVE_GETTEXT 1
| #define HAVE_DCGETTEXT 1
| #define STDC_HEADERS 1
| #define HAVE_SYS_TYPES_H 1
| #define HAVE_SYS_STAT_H 1
| #define HAVE_STDLIB_H 1
| #define HAVE_STRING_H 1
| #define HAVE_MEMORY_H 1
| #define HAVE_STRINGS_H 1
| #define HAVE_INTTYPES_H 1
| #define HAVE_STDINT_H 1
| #define HAVE_UNISTD_H 1
| #define HAVE_DLFCN_H 1
| /* end confdefs.h.  */
| 
| int
| main ()
| {
| exit (42);
|   ;
|   return 0;
| }
configure:7689: g++ -c -g -O2  conftest.cc >&5
configure:7695: $? = 0
configure:7699: test -z 
			 || test ! -s conftest.err
configure:7702: $? = 0
configure:7705: test -s conftest.o
configure:7708: $? = 0
configure:7734: g++ -c -g -O2  conftest.cc >&5
configure:7740: $? = 0
configure:7744: test -z 
			 || test ! -s conftest.err
configure:7747: $? = 0
configure:7750: test -s conftest.o
configure:7753: $? = 0
configure:7778: checking dependency style of g++
configure:7868: result: gcc3
configure:7895: checking how to run the C++ preprocessor
configure:7926: g++ -E  conftest.cc
configure:7932: $? = 0
configure:7964: g++ -E  conftest.cc
conftest.cc:28:28: error: ac_nonexistent.h: No such file or directory
configure:7970: $? = 1
configure: failed program was:
| /* confdefs.h.  */
| 
| #define PACKAGE_NAME "DDC/CI control tool"
| #define PACKAGE_TARNAME "ddccontrol"
| #define PACKAGE_VERSION "0.4.1"
| #define PACKAGE_STRING "DDC/CI control tool 0.4.1"
| #define PACKAGE_BUGREPORT "DDCControl users list <ddccontrol-users@lists.sourceforge.net>"
| #define PACKAGE "ddccontrol"
| #define VERSION "0.4.1"
| #define ENABLE_NLS 1
| #define HAVE_GETTEXT 1
| #define HAVE_DCGETTEXT 1
| #define STDC_HEADERS 1
| #define HAVE_SYS_TYPES_H 1
| #define HAVE_SYS_STAT_H 1
| #define HAVE_STDLIB_H 1
| #define HAVE_STRING_H 1
| #define HAVE_MEMORY_H 1
| #define HAVE_STRINGS_H 1
| #define HAVE_INTTYPES_H 1
| #define HAVE_STDINT_H 1
| #define HAVE_UNISTD_H 1
| #define HAVE_DLFCN_H 1
| #ifdef __cplusplus
| extern "C" void std::exit (int) throw (); using std::exit;
| #endif
| /* end confdefs.h.  */
| #include <ac_nonexistent.h>
configure:8009: result: g++ -E
configure:8033: g++ -E  conftest.cc
configure:8039: $? = 0
configure:8071: g++ -E  conftest.cc
conftest.cc:28:28: error: ac_nonexistent.h: No such file or directory
configure:8077: $? = 1
configure: failed program was:
| /* confdefs.h.  */
| 
| #define PACKAGE_NAME "DDC/CI control tool"
| #define PACKAGE_TARNAME "ddccontrol"
| #define PACKAGE_VERSION "0.4.1"
| #define PACKAGE_STRING "DDC/CI control tool 0.4.1"
| #define PACKAGE_BUGREPORT "DDCControl users list <ddccontrol-users@lists.sourceforge.net>"
| #define PACKAGE "ddccontrol"
| #define VERSION "0.4.1"
| #define ENABLE_NLS 1
| #define HAVE_GETTEXT 1
| #define HAVE_DCGETTEXT 1
| #define STDC_HEADERS 1
| #define HAVE_SYS_TYPES_H 1
| #define HAVE_SYS_STAT_H 1
| #define HAVE_STDLIB_H 1
| #define HAVE_STRING_H 1
| #define HAVE_MEMORY_H 1
| #define HAVE_STRINGS_H 1
| #define HAVE_INTTYPES_H 1
| #define HAVE_STDINT_H 1
| #define HAVE_UNISTD_H 1
| #define HAVE_DLFCN_H 1
| #ifdef __cplusplus
| extern "C" void std::exit (int) throw (); using std::exit;
| #endif
| /* end confdefs.h.  */
| #include <ac_nonexistent.h>
configure:8174: checking for g77
configure:8203: result: no
configure:8174: checking for f77
configure:8203: result: no
configure:8174: checking for xlf
configure:8203: result: no
configure:8174: checking for frt
configure:8203: result: no
configure:8174: checking for pgf77
configure:8203: result: no
configure:8174: checking for fort77
configure:8203: result: no
configure:8174: checking for fl32
configure:8203: result: no
configure:8174: checking for af77
configure:8203: result: no
configure:8174: checking for f90
configure:8203: result: no
configure:8174: checking for xlf90
configure:8203: result: no
configure:8174: checking for pgf90
configure:8203: result: no
configure:8174: checking for epcf90
configure:8203: result: no
configure:8174: checking for f95
configure:8190: found /usr/bin/f95
configure:8200: result: f95
configure:8215: checking for Fortran 77 compiler version
configure:8218: f95 --version </dev/null >&5
GNU Fortran 95 (GCC) 4.1.0 20060304 (Red Hat 4.1.0-3)
Copyright (C) 2006 Free Software Foundation, Inc.

GNU Fortran comes with NO WARRANTY, to the extent permitted by law.
You may redistribute copies of GNU Fortran
under the terms of the GNU General Public License.
For more information about these matters, see the file named COPYING

configure:8221: $? = 0
configure:8223: f95 -v </dev/null >&5
Using built-in specs.
Target: i386-redhat-linux
Configured with: ../configure --prefix=/usr --mandir=/usr/share/man --infodir=/usr/share/info --enable-shared --enable-threads=posix --enable-checking=release --with-system-zlib --enable-__cxa_atexit --disable-libunwind-exceptions --enable-libgcj-multifile --enable-languages=c,c++,objc,obj-c++,java,fortran,ada --enable-java-awt=gtk --disable-dssi --with-java-home=/usr/lib/jvm/java-1.4.2-gcj-1.4.2.0/jre --with-cpu=generic --host=i386-redhat-linux
Thread model: posix
gcc version 4.1.0 20060304 (Red Hat 4.1.0-3)
configure:8226: $? = 0
configure:8228: f95 -V </dev/null >&5
f95: '-V' option must have argument
configure:8231: $? = 1
configure:8239: checking whether we are using the GNU Fortran 77 compiler
configure:8253: f95 -c  conftest.F >&5
configure:8259: $? = 0
configure:8263: test -z 
			 || test ! -s conftest.err
configure:8266: $? = 0
configure:8269: test -s conftest.o
configure:8272: $? = 0
configure:8285: result: yes
configure:8291: checking whether f95 accepts -g
configure:8303: f95 -c -g conftest.f >&5
configure:8309: $? = 0
configure:8313: test -z 
			 || test ! -s conftest.err
configure:8316: $? = 0
configure:8319: test -s conftest.o
configure:8322: $? = 0
configure:8334: result: yes
configure:8364: checking the maximum length of command line arguments
configure:8473: result: 32768
configure:8484: checking command to parse /usr/bin/nm -B output from gcc object
configure:8589: gcc -c -g -O2  conftest.c >&5
configure:8592: $? = 0
configure:8596: /usr/bin/nm -B conftest.o \| sed -n -e 's/^.*[ 	]\([ABCDGIRSTW][ABCDGIRSTW]*\)[ 	][ 	]*\([_A-Za-z][_A-Za-z0-9]*\)$/\1 \2 \2/p' \> conftest.nm
configure:8599: $? = 0
configure:8651: gcc -o conftest -g -O2   conftest.c conftstm.o >&5
configure:8654: $? = 0
configure:8692: result: ok
configure:8696: checking for objdir
configure:8711: result: .libs
configure:8801: checking for ar
configure:8817: found /usr/bin/ar
configure:8828: result: ar
configure:8881: checking for ranlib
configure:8908: result: ranlib
configure:8961: checking for strip
configure:8977: found /usr/bin/strip
configure:8988: result: strip
configure:9211: checking for correct ltmain.sh version
configure:9261: result: yes
configure:9321: checking if gcc supports -fno-rtti -fno-exceptions
configure:9339: gcc -c -g -O2  -fno-rtti -fno-exceptions conftest.c >&5
cc1: warning: command line option "-fno-rtti" is valid for C++/ObjC++ but not for C
configure:9343: $? = 0
configure:9356: result: no
configure:9371: checking for gcc option to produce PIC
configure:9581: result: -fPIC
configure:9589: checking if gcc PIC flag -fPIC works
configure:9607: gcc -c -g -O2  -fPIC -DPIC conftest.c >&5
configure:9611: $? = 0
configure:9624: result: yes
configure:9652: checking if gcc static flag -static works
configure:9680: result: yes
configure:9690: checking if gcc supports -c -o file.o
configure:9711: gcc -c -g -O2  -o out/conftest2.o conftest.c >&5
configure:9715: $? = 0
configure:9737: result: yes
configure:9763: checking whether the gcc linker (/usr/bin/ld) supports shared libraries
configure:10721: result: yes
configure:10742: checking whether -lc should be explicitly linked in
configure:10747: gcc -c -g -O2  conftest.c >&5
configure:10750: $? = 0
configure:10765: gcc -shared conftest.o  -v -Wl,-soname -Wl,conftest -o conftest 2\>\&1 \| grep  -lc  \>/dev/null 2\>\&1
configure:10768: $? = 0
configure:10780: result: no
configure:10788: checking dynamic linker characteristics
configure:11413: result: GNU/Linux ld.so
configure:11422: checking how to hardcode library paths into programs
configure:11447: result: immediate
configure:11461: checking whether stripping libraries is possible
configure:11466: result: yes
configure:12300: checking if libtool supports shared libraries
configure:12302: result: yes
configure:12305: checking whether to build shared libraries
configure:12326: result: yes
configure:12329: checking whether to build static libraries
configure:12333: result: yes
configure:12425: creating libtool
configure:13013: checking for ld used by g++
configure:13080: result: /usr/bin/ld
configure:13089: checking if the linker (/usr/bin/ld) is GNU ld
configure:13104: result: yes
configure:13155: checking whether the g++ linker (/usr/bin/ld) supports shared libraries
configure:14093: result: yes
configure:14111: g++ -c -g -O2  conftest.cpp >&5
configure:14114: $? = 0
configure:14233: checking for g++ option to produce PIC
configure:14507: result: -fPIC
configure:14515: checking if g++ PIC flag -fPIC works
configure:14533: g++ -c -g -O2  -fPIC -DPIC conftest.cpp >&5
configure:14537: $? = 0
configure:14550: result: yes
configure:14578: checking if g++ static flag -static works
configure:14606: result: yes
configure:14616: checking if g++ supports -c -o file.o
configure:14637: g++ -c -g -O2  -o out/conftest2.o conftest.cpp >&5
configure:14641: $? = 0
configure:14663: result: yes
configure:14689: checking whether the g++ linker (/usr/bin/ld) supports shared libraries
configure:14714: result: yes
configure:14781: checking dynamic linker characteristics
configure:15406: result: GNU/Linux ld.so
configure:15415: checking how to hardcode library paths into programs
configure:15440: result: immediate
configure:15966: checking if libtool supports shared libraries
configure:15968: result: yes
configure:15971: checking whether to build shared libraries
configure:15991: result: yes
configure:15994: checking whether to build static libraries
configure:15998: result: yes
configure:16008: checking for f95 option to produce PIC
configure:16218: result: -fPIC
configure:16226: checking if f95 PIC flag -fPIC works
configure:16244: f95 -c -g -O2 -fPIC conftest.f >&5
configure:16248: $? = 0
configure:16261: result: yes
configure:16289: checking if f95 static flag -static works
configure:16317: result: yes
configure:16327: checking if f95 supports -c -o file.o
configure:16348: f95 -c -g -O2 -o out/conftest2.o conftest.f >&5
configure:16352: $? = 0
configure:16374: result: yes
configure:16400: checking whether the f95 linker (/usr/bin/ld) supports shared libraries
configure:17338: result: yes
configure:17405: checking dynamic linker characteristics
configure:18030: result: GNU/Linux ld.so
configure:18039: checking how to hardcode library paths into programs
configure:18064: result: immediate
configure:21734: checking for perl
configure:21752: found /usr/bin/perl
configure:21764: result: /usr/bin/perl
configure:21782: checking for XML::Parser
configure:21785: result: ok
configure:21796: checking for iconv
configure:21814: found /usr/bin/iconv
configure:21827: result: /usr/bin/iconv
configure:21836: checking for msgfmt
configure:21854: found /usr/bin/msgfmt
configure:21867: result: /usr/bin/msgfmt
configure:21876: checking for msgmerge
configure:21894: found /usr/bin/msgmerge
configure:21907: result: /usr/bin/msgmerge
configure:21916: checking for xgettext
configure:21934: found /usr/bin/xgettext
configure:21947: result: /usr/bin/xgettext
configure:21977: checking for ANSI C header files
configure:22133: result: yes
configure:22168: checking stdio.h usability
configure:22180: gcc -c -g -O2  conftest.c >&5
configure:22186: $? = 0
configure:22190: test -z 
			 || test ! -s conftest.err
configure:22193: $? = 0
configure:22196: test -s conftest.o
configure:22199: $? = 0
configure:22209: result: yes
configure:22213: checking stdio.h presence
configure:22223: gcc -E  conftest.c
configure:22229: $? = 0
configure:22249: result: yes
configure:22284: checking for stdio.h
configure:22291: result: yes
configure:22159: checking for unistd.h
configure:22164: result: yes
configure:22168: checking sys/time.h usability
configure:22180: gcc -c -g -O2  conftest.c >&5
configure:22186: $? = 0
configure:22190: test -z 
			 || test ! -s conftest.err
configure:22193: $? = 0
configure:22196: test -s conftest.o
configure:22199: $? = 0
configure:22209: result: yes
configure:22213: checking sys/time.h presence
configure:22223: gcc -E  conftest.c
configure:22229: $? = 0
configure:22249: result: yes
configure:22284: checking for sys/time.h
configure:22291: result: yes
configure:22159: checking for stdlib.h
configure:22164: result: yes
configure:22168: checking errno.h usability
configure:22180: gcc -c -g -O2  conftest.c >&5
configure:22186: $? = 0
configure:22190: test -z 
			 || test ! -s conftest.err
configure:22193: $? = 0
configure:22196: test -s conftest.o
configure:22199: $? = 0
configure:22209: result: yes
configure:22213: checking errno.h presence
configure:22223: gcc -E  conftest.c
configure:22229: $? = 0
configure:22249: result: yes
configure:22284: checking for errno.h
configure:22291: result: yes
configure:22159: checking for unistd.h
configure:22164: result: yes
configure:22159: checking for string.h
configure:22164: result: yes
configure:22159: checking for sys/types.h
configure:22164: result: yes
configure:22159: checking for sys/stat.h
configure:22164: result: yes
configure:22168: checking fcntl.h usability
configure:22180: gcc -c -g -O2  conftest.c >&5
configure:22186: $? = 0
configure:22190: test -z 
			 || test ! -s conftest.err
configure:22193: $? = 0
configure:22196: test -s conftest.o
configure:22199: $? = 0
configure:22209: result: yes
configure:22213: checking fcntl.h presence
configure:22223: gcc -E  conftest.c
configure:22229: $? = 0
configure:22249: result: yes
configure:22284: checking for fcntl.h
configure:22291: result: yes
configure:22168: checking sys/ioctl.h usability
configure:22180: gcc -c -g -O2  conftest.c >&5
configure:22186: $? = 0
configure:22190: test -z 
			 || test ! -s conftest.err
configure:22193: $? = 0
configure:22196: test -s conftest.o
configure:22199: $? = 0
configure:22209: result: yes
configure:22213: checking sys/ioctl.h presence
configure:22223: gcc -E  conftest.c
configure:22229: $? = 0
configure:22249: result: yes
configure:22284: checking for sys/ioctl.h
configure:22291: result: yes
configure:22168: checking dirent.h usability
configure:22180: gcc -c -g -O2  conftest.c >&5
configure:22186: $? = 0
configure:22190: test -z 
			 || test ! -s conftest.err
configure:22193: $? = 0
configure:22196: test -s conftest.o
configure:22199: $? = 0
configure:22209: result: yes
configure:22213: checking dirent.h presence
configure:22223: gcc -E  conftest.c
configure:22229: $? = 0
configure:22249: result: yes
configure:22284: checking for dirent.h
configure:22291: result: yes
configure:22323: checking linux/types.h usability
configure:22335: gcc -c -g -O2  conftest.c >&5
configure:22341: $? = 0
configure:22345: test -z 
			 || test ! -s conftest.err
configure:22348: $? = 0
configure:22351: test -s conftest.o
configure:22354: $? = 0
configure:22364: result: yes
configure:22368: checking linux/types.h presence
configure:22378: gcc -E  conftest.c
configure:22384: $? = 0
configure:22404: result: yes
configure:22439: checking for linux/types.h
configure:22446: result: yes
configure:22465: checking if linux/i2c-dev.h works with non-kernel linux/types.h
configure:22476: gcc -c -g -O2  conftest.c >&5
configure:22482: $? = 0
configure:22486: test -z 
			 || test ! -s conftest.err
configure:22489: $? = 0
configure:22492: test -s conftest.o
configure:22495: $? = 0
configure:22498: result: yes
configure:22579: checking for xml2-config
configure:22597: found /usr/local/bin/xml2-config
configure:22610: result: /usr/local/bin/xml2-config
configure:22656: checking pci/pci.h usability
configure:22668: gcc -c -g -O2 -Wall  -DDATADIR="\"${prefix}/share/ddccontrol-db\"" -DBINDIR="\"${exec_prefix}/bin\""  conftest.c >&5
conftest.c:77:21: error: pci/pci.h: No such file or directory
configure:22674: $? = 1
configure: failed program was:
| /* confdefs.h.  */
| 
| #define PACKAGE_NAME "DDC/CI control tool"
| #define PACKAGE_TARNAME "ddccontrol"
| #define PACKAGE_VERSION "0.4.1"
| #define PACKAGE_STRING "DDC/CI control tool 0.4.1"
| #define PACKAGE_BUGREPORT "DDCControl users list <ddccontrol-users@lists.sourceforge.net>"
| #define PACKAGE "ddccontrol"
| #define VERSION "0.4.1"
| #define ENABLE_NLS 1
| #define HAVE_GETTEXT 1
| #define HAVE_DCGETTEXT 1
| #define STDC_HEADERS 1
| #define HAVE_SYS_TYPES_H 1
| #define HAVE_SYS_STAT_H 1
| #define HAVE_STDLIB_H 1
| #define HAVE_STRING_H 1
| #define HAVE_MEMORY_H 1
| #define HAVE_STRINGS_H 1
| #define HAVE_INTTYPES_H 1
| #define HAVE_STDINT_H 1
| #define HAVE_UNISTD_H 1
| #define HAVE_DLFCN_H 1
| #ifdef __cplusplus
| extern "C" void std::exit (int) throw (); using std::exit;
| #endif
| #define STDC_HEADERS 1
| #define HAVE_STDIO_H 1
| #define HAVE_UNISTD_H 1
| #define HAVE_SYS_TIME_H 1
| #define HAVE_STDLIB_H 1
| #define HAVE_ERRNO_H 1
| #define HAVE_UNISTD_H 1
| #define HAVE_STRING_H 1
| #define HAVE_SYS_TYPES_H 1
| #define HAVE_SYS_STAT_H 1
| #define HAVE_FCNTL_H 1
| #define HAVE_SYS_IOCTL_H 1
| #define HAVE_DIRENT_H 1
| #define HAVE_LINUX_TYPES_H 1
| #define _GNU_SOURCE 1
| /* end confdefs.h.  */
| #include <stdio.h>
| #if HAVE_SYS_TYPES_H
| # include <sys/types.h>
| #endif
| #if HAVE_SYS_STAT_H
| # include <sys/stat.h>
| #endif
| #if STDC_HEADERS
| # include <stdlib.h>
| # include <stddef.h>
| #else
| # if HAVE_STDLIB_H
| #  include <stdlib.h>
| # endif
| #endif
| #if HAVE_STRING_H
| # if !STDC_HEADERS && HAVE_MEMORY_H
| #  include <memory.h>
| # endif
| # include <string.h>
| #endif
| #if HAVE_STRINGS_H
| # include <strings.h>
| #endif
| #if HAVE_INTTYPES_H
| # include <inttypes.h>
| #else
| # if HAVE_STDINT_H
| #  include <stdint.h>
| # endif
| #endif
| #if HAVE_UNISTD_H
| # include <unistd.h>
| #endif
| #include <pci/pci.h>
configure:22697: result: no
configure:22701: checking pci/pci.h presence
configure:22711: gcc -E  conftest.c
conftest.c:43:21: error: pci/pci.h: No such file or directory
configure:22717: $? = 1
configure: failed program was:
| /* confdefs.h.  */
| 
| #define PACKAGE_NAME "DDC/CI control tool"
| #define PACKAGE_TARNAME "ddccontrol"
| #define PACKAGE_VERSION "0.4.1"
| #define PACKAGE_STRING "DDC/CI control tool 0.4.1"
| #define PACKAGE_BUGREPORT "DDCControl users list <ddccontrol-users@lists.sourceforge.net>"
| #define PACKAGE "ddccontrol"
| #define VERSION "0.4.1"
| #define ENABLE_NLS 1
| #define HAVE_GETTEXT 1
| #define HAVE_DCGETTEXT 1
| #define STDC_HEADERS 1
| #define HAVE_SYS_TYPES_H 1
| #define HAVE_SYS_STAT_H 1
| #define HAVE_STDLIB_H 1
| #define HAVE_STRING_H 1
| #define HAVE_MEMORY_H 1
| #define HAVE_STRINGS_H 1
| #define HAVE_INTTYPES_H 1
| #define HAVE_STDINT_H 1
| #define HAVE_UNISTD_H 1
| #define HAVE_DLFCN_H 1
| #ifdef __cplusplus
| extern "C" void std::exit (int) throw (); using std::exit;
| #endif
| #define STDC_HEADERS 1
| #define HAVE_STDIO_H 1
| #define HAVE_UNISTD_H 1
| #define HAVE_SYS_TIME_H 1
| #define HAVE_STDLIB_H 1
| #define HAVE_ERRNO_H 1
| #define HAVE_UNISTD_H 1
| #define HAVE_STRING_H 1
| #define HAVE_SYS_TYPES_H 1
| #define HAVE_SYS_STAT_H 1
| #define HAVE_FCNTL_H 1
| #define HAVE_SYS_IOCTL_H 1
| #define HAVE_DIRENT_H 1
| #define HAVE_LINUX_TYPES_H 1
| #define _GNU_SOURCE 1
| /* end confdefs.h.  */
| #include <pci/pci.h>
configure:22737: result: no
configure:22772: checking for pci/pci.h
configure:22779: result: no
configure:22789: error: PCI utils headers not found, please install pci-utils.

## ---------------- ##
## Cache variables. ##
## ---------------- ##

ac_cv_build=i686-pc-linux-gnu
ac_cv_build_alias=i686-pc-linux-gnu
ac_cv_c_compiler_gnu=yes
ac_cv_cxx_compiler_gnu=yes
ac_cv_env_CC_set=
ac_cv_env_CC_value=
ac_cv_env_CFLAGS_set=
ac_cv_env_CFLAGS_value=
ac_cv_env_CPPFLAGS_set=
ac_cv_env_CPPFLAGS_value=
ac_cv_env_CPP_set=
ac_cv_env_CPP_value=
ac_cv_env_CXXCPP_set=
ac_cv_env_CXXCPP_value=
ac_cv_env_CXXFLAGS_set=
ac_cv_env_CXXFLAGS_value=
ac_cv_env_CXX_set=
ac_cv_env_CXX_value=
ac_cv_env_F77_set=
ac_cv_env_F77_value=
ac_cv_env_FFLAGS_set=
ac_cv_env_FFLAGS_value=
ac_cv_env_GNOME_CFLAGS_set=
ac_cv_env_GNOME_CFLAGS_value=
ac_cv_env_GNOME_LIBS_set=
ac_cv_env_GNOME_LIBS_value=
ac_cv_env_LDFLAGS_set=
ac_cv_env_LDFLAGS_value=
ac_cv_env_PKG_CONFIG_set=
ac_cv_env_PKG_CONFIG_value=
ac_cv_env_build_alias_set=
ac_cv_env_build_alias_value=
ac_cv_env_host_alias_set=
ac_cv_env_host_alias_value=
ac_cv_env_target_alias_set=
ac_cv_env_target_alias_value=
ac_cv_exeext=
ac_cv_f77_compiler_gnu=yes
ac_cv_header_dirent_h=yes
ac_cv_header_dlfcn_h=yes
ac_cv_header_errno_h=yes
ac_cv_header_fcntl_h=yes
ac_cv_header_inttypes_h=yes
ac_cv_header_linux_types_h=yes
ac_cv_header_memory_h=yes
ac_cv_header_pci_pci_h=no
ac_cv_header_stdc=yes
ac_cv_header_stdint_h=yes
ac_cv_header_stdio_h=yes
ac_cv_header_stdlib_h=yes
ac_cv_header_string_h=yes
ac_cv_header_strings_h=yes
ac_cv_header_sys_ioctl_h=yes
ac_cv_header_sys_stat_h=yes
ac_cv_header_sys_time_h=yes
ac_cv_header_sys_types_h=yes
ac_cv_header_unistd_h=yes
ac_cv_host=i686-pc-linux-gnu
ac_cv_host_alias=i686-pc-linux-gnu
ac_cv_objext=o
ac_cv_path_GMSGFMT=/usr/bin/msgfmt
ac_cv_path_INTLTOOL_ICONV=/usr/bin/iconv
ac_cv_path_INTLTOOL_MSGFMT=/usr/bin/msgfmt
ac_cv_path_INTLTOOL_MSGMERGE=/usr/bin/msgmerge
ac_cv_path_INTLTOOL_PERL=/usr/bin/perl
ac_cv_path_INTLTOOL_XGETTEXT=/usr/bin/xgettext
ac_cv_path_MSGFMT=/usr/bin/msgfmt
ac_cv_path_MSGMERGE=/usr/bin/msgmerge
ac_cv_path_XGETTEXT=/usr/bin/xgettext
ac_cv_path_XML2_CONFIG=/usr/local/bin/xml2-config
ac_cv_path_install='/usr/bin/install -c'
ac_cv_prog_AWK=gawk
ac_cv_prog_CPP='gcc -E'
ac_cv_prog_CXXCPP='g++ -E'
ac_cv_prog_ac_ct_AR=ar
ac_cv_prog_ac_ct_CC=gcc
ac_cv_prog_ac_ct_CXX=g++
ac_cv_prog_ac_ct_F77=f95
ac_cv_prog_ac_ct_RANLIB=ranlib
ac_cv_prog_ac_ct_STRIP=strip
ac_cv_prog_cc_g=yes
ac_cv_prog_cc_stdc=
ac_cv_prog_cxx_g=yes
ac_cv_prog_egrep='grep -E'
ac_cv_prog_f77_g=yes
ac_cv_prog_make_make_set=yes
acl_cv_hardcode_direct=no
acl_cv_hardcode_libdir_flag_spec='${wl}-rpath ${wl}$libdir'
acl_cv_hardcode_libdir_separator=
acl_cv_hardcode_minus_L=no
acl_cv_libext=a
acl_cv_path_LD=/usr/bin/ld
acl_cv_prog_gnu_ld=yes
acl_cv_rpath=done
acl_cv_shlibext=so
acl_cv_wl=-Wl,
am_cv_CC_dependencies_compiler_type=gcc3
am_cv_CXX_dependencies_compiler_type=gcc3
gt_cv_func_CFLocaleCopyCurrent=no
gt_cv_func_CFPreferencesCopyAppValue=no
gt_cv_func_gnugettext1_libc=yes
lt_cv_deplibs_check_method=pass_all
lt_cv_file_magic_cmd='$MAGIC_CMD'
lt_cv_file_magic_test_file=
lt_cv_ld_reload_flag=-r
lt_cv_objdir=.libs
lt_cv_path_LD=/usr/bin/ld
lt_cv_path_LDCXX=/usr/bin/ld
lt_cv_path_NM='/usr/bin/nm -B'
lt_cv_path_SED=/bin/sed
lt_cv_prog_compiler_c_o=yes
lt_cv_prog_compiler_c_o_CXX=yes
lt_cv_prog_compiler_c_o_F77=yes
lt_cv_prog_compiler_rtti_exceptions=no
lt_cv_prog_gnu_ld=yes
lt_cv_prog_gnu_ldcxx=yes
lt_cv_sys_global_symbol_pipe='sed -n -e '\''s/^.*[ 	]\([ABCDGIRSTW][ABCDGIRSTW]*\)[ 	][ 	]*\([_A-Za-z][_A-Za-z0-9]*\)$/\1 \2 \2/p'\'''
lt_cv_sys_global_symbol_to_c_name_address='sed -n -e '\''s/^: \([^ ]*\) $/  {\"\1\", (lt_ptr) 0},/p'\'' -e '\''s/^[BCDEGRST] \([^ ]*\) \([^ ]*\)$/  {"\2", (lt_ptr) \&\2},/p'\'''
lt_cv_sys_global_symbol_to_cdecl='sed -n -e '\''s/^. .* \(.*\)$/extern int \1;/p'\'''
lt_cv_sys_max_cmd_len=32768
lt_lt_cv_prog_compiler_c_o='"yes"'
lt_lt_cv_prog_compiler_c_o_CXX='"yes"'
lt_lt_cv_prog_compiler_c_o_F77='"yes"'
lt_lt_cv_sys_global_symbol_pipe='"sed -n -e '\''s/^.*[ 	]\\([ABCDGIRSTW][ABCDGIRSTW]*\\)[ 	][ 	]*\\([_A-Za-z][_A-Za-z0-9]*\\)\$/\\1 \\2 \\2/p'\''"'
lt_lt_cv_sys_global_symbol_to_c_name_address='"sed -n -e '\''s/^: \\([^ ]*\\) \$/  {\\\"\\1\\\", (lt_ptr) 0},/p'\'' -e '\''s/^[BCDEGRST] \\([^ ]*\\) \\([^ ]*\\)\$/  {\"\\2\", (lt_ptr) \\&\\2},/p'\''"'
lt_lt_cv_sys_global_symbol_to_cdecl='"sed -n -e '\''s/^. .* \\(.*\\)\$/extern int \\1;/p'\''"'

## ----------------- ##
## Output variables. ##
## ----------------- ##

ACLOCAL='${SHELL} /root/Desktop/ddccontrol-0.4.1/missing --run aclocal-1.9'
AMDEPBACKSLASH='\'
AMDEP_FALSE='#'
AMDEP_TRUE=''
AMTAR='${SHELL} /root/Desktop/ddccontrol-0.4.1/missing --run tar'
AR='ar'
ASPELL=''
AUTOCONF='${SHELL} /root/Desktop/ddccontrol-0.4.1/missing --run autoconf'
AUTOHEADER='${SHELL} /root/Desktop/ddccontrol-0.4.1/missing --run autoheader'
AUTOMAKE='${SHELL} /root/Desktop/ddccontrol-0.4.1/missing --run automake-1.9'
AWK='gawk'
BUILD_DOC_FALSE=''
BUILD_DOC_TRUE=''
CC='gcc'
CCDEPMODE='depmode=gcc3'
CFLAGS='-g -O2 -Wall  -DDATADIR="\"${prefix}/share/ddccontrol-db\"" -DBINDIR="\"${exec_prefix}/bin\""'
CPP='gcc -E'
CPPFLAGS=''
CXX='g++'
CXXCPP='g++ -E'
CXXDEPMODE='depmode=gcc3'
CXXFLAGS='-g -O2'
CYGPATH_W='echo'
DDCPCI=''
DEFS=''
DEPDIR='.deps'
DOC=''
DOCBOOK_ROOT=''
ECHO='echo'
ECHO_C=''
ECHO_N='-n'
ECHO_T=''
EGREP='grep -E'
EXEEXT=''
F77='f95'
FFLAGS='-g -O2'
FOP=''
GDDCCONTROL=''
GETTEXT_PACKAGE='ddccontrol'
GMSGFMT='/usr/bin/msgfmt'
GNOME_APPLET=''
GNOME_CFLAGS=''
GNOME_LDFLAGS=''
GNOME_LIBS=''
INSTALL_DATA='${INSTALL} -m 644'
INSTALL_PROGRAM='${INSTALL}'
INSTALL_SCRIPT='${INSTALL}'
INSTALL_STRIP_PROGRAM='${SHELL} $(install_sh) -c -s'
INTLLIBS=''
INTLTOOL_CAVES_RULE='%.caves:     %.caves.in     $(INTLTOOL_MERGE) $(wildcard $(top_srcdir)/po/*.po) ; LC_ALL=C $(INTLTOOL_MERGE) -d -u -c $(top_builddir)/po/.intltool-merge-cache $(top_srcdir)/po $< $@'
INTLTOOL_DESKTOP_RULE='%.desktop:   %.desktop.in   $(INTLTOOL_MERGE) $(wildcard $(top_srcdir)/po/*.po) ; LC_ALL=C $(INTLTOOL_MERGE) -d -u -c $(top_builddir)/po/.intltool-merge-cache $(top_srcdir)/po $< $@'
INTLTOOL_DIRECTORY_RULE='%.directory: %.directory.in $(INTLTOOL_MERGE) $(wildcard $(top_srcdir)/po/*.po) ; LC_ALL=C $(INTLTOOL_MERGE) -d -u -c $(top_builddir)/po/.intltool-merge-cache $(top_srcdir)/po $< $@'
INTLTOOL_EXTRACT='$(top_builddir)/intltool-extract'
INTLTOOL_ICONV='/usr/bin/iconv'
INTLTOOL_KBD_RULE='%.kbd:       %.kbd.in       $(INTLTOOL_MERGE) $(wildcard $(top_srcdir)/po/*.po) ; LC_ALL=C $(INTLTOOL_MERGE) -x -u -m -c $(top_builddir)/po/.intltool-merge-cache $(top_srcdir)/po $< $@'
INTLTOOL_KEYS_RULE='%.keys:      %.keys.in      $(INTLTOOL_MERGE) $(wildcard $(top_srcdir)/po/*.po) ; LC_ALL=C $(INTLTOOL_MERGE) -k -u -c $(top_builddir)/po/.intltool-merge-cache $(top_srcdir)/po $< $@'
INTLTOOL_MERGE='$(top_builddir)/intltool-merge'
INTLTOOL_MSGFMT='/usr/bin/msgfmt'
INTLTOOL_MSGMERGE='/usr/bin/msgmerge'
INTLTOOL_OAF_RULE='%.oaf:       %.oaf.in       $(INTLTOOL_MERGE) $(wildcard $(top_srcdir)/po/*.po) ; LC_ALL=C $(INTLTOOL_MERGE) -o -p $(top_srcdir)/po $< $@'
INTLTOOL_PERL='/usr/bin/perl'
INTLTOOL_PONG_RULE='%.pong:      %.pong.in      $(INTLTOOL_MERGE) $(wildcard $(top_srcdir)/po/*.po) ; LC_ALL=C $(INTLTOOL_MERGE) -x -u -c $(top_builddir)/po/.intltool-merge-cache $(top_srcdir)/po $< $@'
INTLTOOL_PROP_RULE='%.prop:      %.prop.in      $(INTLTOOL_MERGE) $(wildcard $(top_srcdir)/po/*.po) ; LC_ALL=C $(INTLTOOL_MERGE) -d -u -c $(top_builddir)/po/.intltool-merge-cache $(top_srcdir)/po $< $@'
INTLTOOL_SCHEMAS_RULE='%.schemas:   %.schemas.in   $(INTLTOOL_MERGE) $(wildcard $(top_srcdir)/po/*.po) ; LC_ALL=C $(INTLTOOL_MERGE) -s -u -c $(top_builddir)/po/.intltool-merge-cache $(top_srcdir)/po $< $@'
INTLTOOL_SERVER_RULE='%.server:    %.server.in    $(INTLTOOL_MERGE) $(wildcard $(top_srcdir)/po/*.po) ; LC_ALL=C $(INTLTOOL_MERGE) -o -u -c $(top_builddir)/po/.intltool-merge-cache $(top_srcdir)/po $< $@'
INTLTOOL_SHEET_RULE='%.sheet:     %.sheet.in     $(INTLTOOL_MERGE) $(wildcard $(top_srcdir)/po/*.po) ; LC_ALL=C $(INTLTOOL_MERGE) -x -u -c $(top_builddir)/po/.intltool-merge-cache $(top_srcdir)/po $< $@'
INTLTOOL_SOUNDLIST_RULE='%.soundlist: %.soundlist.in $(INTLTOOL_MERGE) $(wildcard $(top_srcdir)/po/*.po) ; LC_ALL=C $(INTLTOOL_MERGE) -d -u -c $(top_builddir)/po/.intltool-merge-cache $(top_srcdir)/po $< $@'
INTLTOOL_THEME_RULE='%.theme:     %.theme.in     $(INTLTOOL_MERGE) $(wildcard $(top_srcdir)/po/*.po) ; LC_ALL=C $(INTLTOOL_MERGE) -d -u -c $(top_builddir)/po/.intltool-merge-cache $(top_srcdir)/po $< $@'
INTLTOOL_UI_RULE='%.ui:        %.ui.in        $(INTLTOOL_MERGE) $(wildcard $(top_srcdir)/po/*.po) ; LC_ALL=C $(INTLTOOL_MERGE) -x -u -c $(top_builddir)/po/.intltool-merge-cache $(top_srcdir)/po $< $@'
INTLTOOL_UPDATE='$(top_builddir)/intltool-update'
INTLTOOL_XAM_RULE='%.xam:       %.xml.in       $(INTLTOOL_MERGE) $(wildcard $(top_srcdir)/po/*.po) ; LC_ALL=C $(INTLTOOL_MERGE) -x -u -c $(top_builddir)/po/.intltool-merge-cache $(top_srcdir)/po $< $@'
INTLTOOL_XGETTEXT='/usr/bin/xgettext'
INTLTOOL_XML_NOMERGE_RULE='%.xml:       %.xml.in       $(INTLTOOL_MERGE) ; LC_ALL=C $(INTLTOOL_MERGE) -x -u /tmp $< $@'
INTLTOOL_XML_RULE='%.xml:       %.xml.in       $(INTLTOOL_MERGE) $(wildcard $(top_srcdir)/po/*.po) ; LC_ALL=C $(INTLTOOL_MERGE) -x -u -c $(top_builddir)/po/.intltool-merge-cache $(top_srcdir)/po $< $@'
INTL_MACOSX_LIBS=''
LDFLAGS=''
LIBICONV='-liconv'
LIBINTL=''
LIBOBJS=''
LIBS=''
LIBTOOL='$(SHELL) $(top_builddir)/libtool'
LIBXML2_CFLAGS='-I/usr/local/include/libxml2'
LIBXML2_LDFLAGS='-L/usr/local/lib -lxml2 -lm'
LN_S='ln -s'
LTLIBICONV='-liconv'
LTLIBINTL=''
LTLIBOBJS=''
MAINT='#'
MAINTAINER_MODE_FALSE=''
MAINTAINER_MODE_TRUE='#'
MAKEINFO='${SHELL} /root/Desktop/ddccontrol-0.4.1/missing --run makeinfo'
MKINSTALLDIRS='$(top_builddir)/./mkinstalldirs'
MSGFMT='/usr/bin/msgfmt'
MSGMERGE='/usr/bin/msgmerge'
OBJEXT='o'
PACKAGE='ddccontrol'
PACKAGE_BUGREPORT='DDCControl users list <ddccontrol-users@lists.sourceforge.net>'
PACKAGE_NAME='DDC/CI control tool'
PACKAGE_STRING='DDC/CI control tool 0.4.1'
PACKAGE_TARNAME='ddccontrol'
PACKAGE_VERSION='0.4.1'
PATH_SEPARATOR=':'
PKG_CONFIG=''
POSUB='po'
RANLIB='ranlib'
SCP=''
SET_MAKE=''
SHELL='/bin/sh'
SSH=''
STRIP='strip'
TIDY=''
USE_NLS='yes'
VERSION='0.4.1'
XGETTEXT='/usr/bin/xgettext'
XML2_CONFIG='/usr/local/bin/xml2-config'
XML_CATALOG=''
XSLTPROC=''
XSLTPROC_FLAGS=''
X_CFLAGS=''
X_EXTRA_LIBS=''
X_LIBS=''
X_PRE_LIBS=''
ac_ct_AR='ar'
ac_ct_CC='gcc'
ac_ct_CXX='g++'
ac_ct_F77='f95'
ac_ct_RANLIB='ranlib'
ac_ct_STRIP='strip'
ac_pt_PKG_CONFIG=''
am__fastdepCC_FALSE='#'
am__fastdepCC_TRUE=''
am__fastdepCXX_FALSE='#'
am__fastdepCXX_TRUE=''
am__include='include'
am__leading_dot='.'
am__quote=''
am__tar='${AMTAR} chof - "$$tardir"'
am__untar='${AMTAR} xf -'
bindir='${exec_prefix}/bin'
build='i686-pc-linux-gnu'
build_alias=''
build_cpu='i686'
build_os='linux-gnu'
build_vendor='pc'
datadir='${prefix}/share'
exec_prefix='NONE'
host='i686-pc-linux-gnu'
host_alias=''
host_cpu='i686'
host_os='linux-gnu'
host_vendor='pc'
includedir='${prefix}/include'
infodir='${prefix}/info'
install_sh='/root/Desktop/ddccontrol-0.4.1/install-sh'
libdir='${exec_prefix}/lib'
libexecdir='${exec_prefix}/libexec'
localstatedir='${prefix}/var'
mandir='${prefix}/man'
mkdir_p='mkdir -p --'
oldincludedir='/usr/include'
prefix='NONE'
program_transform_name='s,x,x,'
sbindir='${exec_prefix}/sbin'
sharedstatedir='${prefix}/com'
sysconfdir='${prefix}/etc'
target_alias=''

## ----------- ##
## confdefs.h. ##
## ----------- ##

#define ENABLE_NLS 1
#define HAVE_DCGETTEXT 1
#define HAVE_DIRENT_H 1
#define HAVE_DLFCN_H 1
#define HAVE_ERRNO_H 1
#define HAVE_FCNTL_H 1
#define HAVE_GETTEXT 1
#define HAVE_INTTYPES_H 1
#define HAVE_LINUX_TYPES_H 1
#define HAVE_MEMORY_H 1
#define HAVE_STDINT_H 1
#define HAVE_STDIO_H 1
#define HAVE_STDLIB_H 1
#define HAVE_STDLIB_H 1
#define HAVE_STRINGS_H 1
#define HAVE_STRING_H 1
#define HAVE_STRING_H 1
#define HAVE_SYS_IOCTL_H 1
#define HAVE_SYS_STAT_H 1
#define HAVE_SYS_STAT_H 1
#define HAVE_SYS_TIME_H 1
#define HAVE_SYS_TYPES_H 1
#define HAVE_SYS_TYPES_H 1
#define HAVE_UNISTD_H 1
#define HAVE_UNISTD_H 1
#define HAVE_UNISTD_H 1
#define PACKAGE "ddccontrol"
#define PACKAGE_BUGREPORT "DDCControl users list <ddccontrol-users@lists.sourceforge.net>"
#define PACKAGE_NAME "DDC/CI control tool"
#define PACKAGE_STRING "DDC/CI control tool 0.4.1"
#define PACKAGE_TARNAME "ddccontrol"
#define PACKAGE_VERSION "0.4.1"
#define STDC_HEADERS 1
#define STDC_HEADERS 1
#define VERSION "0.4.1"
#define _GNU_SOURCE 1
#endif
#ifdef __cplusplus
extern "C" void std::exit (int) throw (); using std::exit;

configure: exit 1
