ddccontrol version 0.4.2
Copyright 2004-2005 Oleg I. Vdovikin (oleg@...13...)
Copyright 2004-2006 Nicolas Boichat (nicolas@...3...)
This program comes with ABSOLUTELY NO WARRANTY.
You may redistribute copies of this program under the terms of the GNU General Public License.

Probing for available monitors......
Detected monitors :
 - Device: pci:00:02.0-0
   DDC/CI supported: Yes
   Monitor Name: VESA standard monitor
   Input type: Analog
  (Automatically selected)
Reading EDID and initializing DDC/CI at bus pci:00:02.0-0...

EDID readings:
	Plug and Play ID: SAM1057 [VESA standard monitor]
	Input type: Analog
=============================== WARNING ===============================
There is no support for your monitor in the database, but ddccontrol is
using a basic generic profile. Many controls will not be supported, and
some controls may not work as expected.
Please update ddccontrol-db, or, if you are already using the latest
version, please send the output of the following command to
ddccontrol-users@lists.sourceforge.net:

LANG= LC_ALL= ddccontrol -p -c -d

Thank you.
=============================== WARNING ===============================

Capabilities:
Raw output: (prot(monitor)type(crt)model(Delphinus(CDB Series))edid bin(128(################################################################################################################################))cmds(01 02 03 E3 F3)vcp(01 10 12 14 16 18 1A 20 22 24 26 30 32 3A 40 42 44 6C 6E 70 AC AE B0)vcpname(14(9300 6500)))
Parsed output: 
	VCP: 01 10 12 14 16 18 1a 20 22 24 26 30 32 3a 40 42 44 6c 6e 70 ac ae b0 
	Type: CRT

Controls (valid/current/max) [Description - Value name]:
Control 0x01: +/0/255 C [???]
Control 0x10: +/176/176 C [Brightness]
Control 0x12: +/255/255 C [Contrast]
Control 0x14: +/0/1 C [???]
Control 0x16: +/85/255 C [Red maximum level]
Control 0x18: +/76/255 C [Green maximum level]
Control 0x1a: +/72/255 C [Blue maximum level]
Control 0x20: +/73/159 C [Horizontal Position]
Control 0x22: +/75/127 C [Horizontal Size]
Control 0x24: +/37/63 C [Horizontal Pincushion]
Control 0x26: +/32/63 C [Horizontal Pincushion Balance]
Control 0x2a: +/72/255   [???]
Control 0x30: +/70/127 C [Vertical Position]
Control 0x32: +/79/127 C [Vertical Size]
Control 0x3a: +/6/15 C [Vertical Linearity]
Control 0x3c: +/9/15   [???]
Control 0x40: +/35/63 C [Parallelogram Distortion (Key Balance)]
Control 0x42: +/42/63 C [Trapezoidal Distortion (Key)]
Control 0x44: +/128/255 C [Rotation (Tilt)]
Control 0x46: +/15/63   [???]
Control 0x4a: +/15/63   [???]
Control 0x56: +/0/25   [???]
Control 0x58: +/0/40   [???]
Control 0x6c: +/211/248 C [Red minimum level]
Control 0x6e: +/221/255 C [Green minimum level]
Control 0x70: +/197/247 C [Blue minimum level]
Control 0x80: +/159/255   [???]
Control 0x82: +/149/255   [???]
Control 0xac: +/63900/0 C [???]
Control 0xae: +/6000/0 C [???]
Control 0xb0: +/0/3 C [Settings]
Control 0xe6: +/62/255   [???]
Control 0xf6: +/217/255   [???]
Control 0xfc: +/0/8   [???]
