ddccontrol version 0.4.2
Copyright 2004-2005 Oleg I. Vdovikin (oleg@cs.msu.su)
Copyright 2004-2006 Nicolas Boichat (nicolas@boichat.ch)
This program comes with ABSOLUTELY NO WARRANTY.
You may redistribute copies of this program under the terms of the GNU General Public License.

Probing for available monitors......
Detected monitors :
 - Device: dev:/dev/i2c-4
   DDC/CI supported: Yes
   Monitor Name: VESA standard monitor
   Input type: Digital
  (Automatically selected)
 - Device: dev:/dev/i2c-2
   DDC/CI supported: No
   Monitor Name: VESA standard monitor
   Input type: Digital
Reading EDID and initializing DDC/CI at bus dev:/dev/i2c-4...

EDID readings:
	Plug and Play ID: HWP286A [VESA standard monitor]
	Input type: Digital
=============================== WARNING ===============================
There is no support for your monitor in the database, but ddccontrol is
using a basic generic profile. Many controls will not be supported, and
some controls may not work as expected.
Please update ddccontrol-db, or, if you are already using the latest
version, please send the output of the following command to
ddccontrol-users@lists.sourceforge.net:

LANG= LC_ALL= ddccontrol -p -c -d

Thank you.
=============================== WARNING ===============================

Capabilities:
Raw output: (prot(monitor)type(lcd)model(ZR24w)cmds(01 02 03 07 0C F3)vcp(02 04 05 08 0B 0C 10 12 14(04 05 08 0B) 16 18 1A 52 60(01 03 0F) 6C 6E 70 AC AE B2 B6 C0 C6 C8 C9 CA CC(01 02 03 04 05 06 08 0A 0D 14) D6(01 04 05) DF FA(00 01 02) FB FC FD FE(00 01 02 04))mswhql(1)mccs_ver(2.2)asset_eep(32)mpu(01))
Parsed output: 
	VCP: 02 04 05 08 0b 0c 10 12 14 16 18 1a 52 60 6c 6e 70 ac ae b2 b6 c0 c6 c8 c9 ca cc d6 df fa fb fc fd fe 
	Type: LCD

Controls (valid/current/max) [Description - Value name]:
Control 0x02: +/2/2 C [???]
Control 0x04: +/0/255 C [Restore Factory Defaults]
Control 0x05: +/0/1 C [Restore Brightness and Contrast]
Control 0x06: +/0/1   [???]
Control 0x08: +/0/1 C [Restore Factory Default Color]
Control 0x0b: +/100/100 C [???]
Control 0x0c: +/1/255 C [???]
Control 0x0e: +/50/100   [???]
Control 0x10: +/0/100 C [Brightness]
Control 0x12: +/80/100 C [Contrast]
Control 0x14: +/5/11 C [???]
Control 0x16: +/255/255 C [Red maximum level]
Control 0x18: +/255/255 C [Green maximum level]
Control 0x1a: +/255/255 C [Blue maximum level]
Control 0x1e: +/0/1   [???]
Control 0x1f: +/0/1   [???]
Control 0x20: +/65427/100   [???]
Control 0x30: +/31/100   [???]
Control 0x3e: +/0/100   [???]
Control 0x52: +/16/255 C [???]
Control 0x60: +/3/15 C [Input Source Select - Digital]
Control 0x62: +/90/100   [???]
Control 0x6c: +/128/255 C [Red minimum level]
Control 0x6e: +/128/255 C [Green minimum level]
Control 0x70: +/128/255 C [Blue minimum level]
Control 0x8d: +/1/2   [???]
Control 0xac: +/7380/65280 C [???]
Control 0xae: +/5980/65535 C [???]
Control 0xb2: +/1/8 C [???]
Control 0xb6: +/3/5 C [???]
Control 0xc0: +/8/65535 C [???]
Control 0xc6: +/90/255 C [???]
Control 0xc8: +/5/65302 C [???]
Control 0xc9: +/512/255 C [???]
Control 0xca: +/2/2 C [???]
Control 0xcc: +/2/20 C [???]
Control 0xd6: +/1/5 C [DPMS Control - On]
Control 0xdf: +/514/0 C [???]
Control 0xe0: +/0/0   [???]
Control 0xfa: +/0/65535 C [???]
Control 0xfb: +/5/255 C [???]
Control 0xfc: +/5/255 C [???]
Control 0xfd: +/5/255 C [???]
Control 0xfe: +/0/65535 C [???]
Control 0xff: +/0/65535   [???]
