ddccontrol version 0.4.2
Copyright 2004-2005 Oleg I. Vdovikin (oleg@cs.msu.su)
Copyright 2004-2006 Nicolas Boichat (nicolas@boichat.ch)
This program comes with ABSOLUTELY NO WARRANTY.
You may redistribute copies of this program under the terms of the GNU General Public License.

Probing for available monitors..I/O warning : failed to load external entity "/usr/share/ddccontrol-db/monitor/DELD014.xml"
Document not parsed successfully.
.I/O warning : failed to load external entity "/usr/share/ddccontrol-db/monitor/DELD014.xml"
Document not parsed successfully.

Detected monitors :
 - Device: pci:01:00.0-2
   DDC/CI supported: Yes
   Monitor Name: VESA standard monitor
   Input type: Analog
  (Automatically selected)
Reading EDID and initializing DDC/CI at bus pci:01:00.0-2...

EDID readings:
	Plug and Play ID: DELD014 [VESA standard monitor]
	Input type: Analog
=============================== WARNING ===============================
There is no support for your monitor in the database, but ddccontrol is
using a basic generic profile. Many controls will not be supported, and
some controls may not work as expected.
Please update ddccontrol-db, or, if you are already using the latest
version, please send the output of the following command to
ddccontrol-users@lists.sourceforge.net:

LANG= LC_ALL= ddccontrol -p -c -d

Thank you.
=============================== WARNING ===============================

Capabilities:
Raw output: vcp(02 04 05 06 08 0B 0C 0E 10 12 14(05 06 08 0B) 16 18 1A 1E 20 30 3E 52 6C 6E 70 AC AE B2 B6 C0 C6 C8 C9 CA D6 DF) type(LCD) mccs_ver(2.0) asset_eep(32) mswhql(1)
Parsed output: 
	VCP: 
	Type: Unknown

Controls (valid/current/max) [Description - Value name]:
Control 0x02: +/2/2   [???]
Control 0x04: +/0/65535   [???]
Control 0x05: +/0/65535   [???]
Control 0x06: +/0/65535   [???]
Control 0x08: +/0/65535   [???]
Control 0x0b: +/1000/65535   [???]
Control 0x0c: +/3/7   [???]
Control 0x0e: +/50/100   [???]
Control 0x10: +/75/100   [???]
Control 0x12: +/75/100   [???]
Control 0x14: +/5/11   [???]
Control 0x16: +/100/100   [???]
Control 0x18: +/100/100   [???]
Control 0x1a: +/100/100   [???]
Control 0x1e: +/0/65535   [???]
Control 0x20: +/50/100   [???]
Control 0x30: +/31/62   [???]
Control 0x3e: +/10/63   [???]
Control 0x52: +/0/65535   [???]
Control 0x60: +/1/3   [???]
Control 0x68: +/2/65535   [???]
Control 0x6c: +/10/100   [???]
Control 0x6e: +/10/100   [???]
Control 0x70: +/10/100   [???]
Control 0x9b: +/255/255   [???]
Control 0x9d: +/255/255   [???]
Control 0x9f: +/255/255   [???]
Control 0xac: +/65300/65280   [???]
Control 0xae: +/6000/65535   [???]
Control 0xb2: +/0/8   [???]
Control 0xb6: +/3/8   [???]
Control 0xc0: +/0/65535   [???]
Control 0xc6: +/65535/65535   [???]
Control 0xc8: +/2/87   [???]
Control 0xc9: +/258/65535   [???]
Control 0xca: +/2/2   [???]
Control 0xcc: +/10/16   [???]
Control 0xd6: +/256/65535   [???]
Control 0xdf: +/512/0   [???]
