# ddccontrol -p -c -d
ddccontrol version 0.4.2
Copyright 2004-2005 Oleg I. Vdovikin (oleg@...13...)
Copyright 2004-2006 Nicolas Boichat (nicolas@...3...)
This program comes with ABSOLUTELY NO WARRANTY.
You may redistribute copies of this program under the terms of the GNU General Public License.

Probing for available monitorsradeon_open: mmap failed: Invalid argument
....I/O warning : failed to load external entity "/usr/share/ddccontrol-db/monitor/DEL404E.xml"
Document not parsed successfully.
....
Detected monitors :
 - Device: dev:/dev/i2c-3
   DDC/CI supported: Yes
   Monitor Name: VESA standard monitor
   Input type: Digital
  (Automatically selected)
Reading EDID and initializing DDC/CI at bus dev:/dev/i2c-3...
I/O warning : failed to load external entity "/usr/share/ddccontrol-db/monitor/DEL404E.xml"
Document not parsed successfully.

EDID readings:
	Plug and Play ID: DEL404E [VESA standard monitor]
	Input type: Digital
=============================== WARNING ===============================
There is no support for your monitor in the database, but ddccontrol is
using a basic generic profile. Many controls will not be supported, and
some controls may not work as expected.
Please update ddccontrol-db, or, if you are already using the latest
version, please send the output of the following command to
ddccontrol-users@lists.sourceforge.net:

LANG= LC_ALL= ddccontrol -p -c -d

Thank you.
=============================== WARNING ===============================

Capabilities:
Raw output: (prot(monitor)type(LCD)model(DELLP2210)cmds(01 02 03 07 0C E3 F3)vcp(02 04 05 06 08 10 12 14(05 08 0B 0C) 16 18 1A 60(01 03 0F) AC AE B2 B6 C6 C8 D6(01 04 05) DC(00 02 03 04 05 06) DF FD FF)mswhql(1)asset_eep(40)mccs_ver(2.1))
Parsed output: 
	VCP: 02 04 05 06 08 10 12 14 16 18 1a 60 ac ae b2 b6 c6 c8 d6 dc df fd ff 
	Type: Unknown

Controls (valid/current/max) [Description - Value name]:
Control 0x02: +/2/2 C [???]
Control 0x04: +/0/1 C [Restore Factory Defaults]
Control 0x05: +/0/1 C [Restore Brightness and Contrast]
Control 0x06: +/0/1 C [Restore Factory Default Geometry]
Control 0x08: +/0/1 C [Restore Factory Default Color]
Control 0x0b: +/100/0   [???]
Control 0x0e: +/50/100   [???]
Control 0x10: +/100/100 C [Brightness]
Control 0x12: +/75/100 C [Contrast]
Control 0x14: +/5/12 C [???]
Control 0x16: +/100/100 C [Red maximum level]
Control 0x18: +/100/100 C [Green maximum level]
Control 0x1a: +/100/100 C [Blue maximum level]
Control 0x1e: +/0/1   [???]
Control 0x1f: +/1/1   [???]
Control 0x20: +/50/100   [???]
Control 0x30: +/50/100   [???]
Control 0x3e: +/50/100   [???]
Control 0x52: +/16/255   [???]
Control 0x60: +/3/3 C [Input Source Select - Digital]
Control 0x62: +/50/100   [???]
Control 0x6c: +/50/100   [???]
Control 0x6e: +/50/100   [???]
Control 0x70: +/50/100   [???]
Control 0xac: +/64700/0 C [???]
Control 0xae: +/5990/65535 C [???]
Control 0xb2: +/1/1 C [???]
Control 0xb6: +/3/5 C [???]
Control 0xc0: +/896/65535   [???]
Control 0xc6: +/17868/65535 C [???]
Control 0xc8: +/9/0 C [???]
Control 0xc9: +/5/65535   [???]
Control 0xca: +/1/2   [???]
Control 0xcc: +/2/11   [???]
Control 0xd6: +/1/5 C [DPMS Control - On]
Control 0xdc: +/0/6 C [???]
Control 0xdf: +/513/65535 C [???]
Control 0xfd: +/102/255 C [???]
